(knights-lab)SHOGUN/shogun/scripts/old/shogun_utree_functional.py:100: error: invalid syntax  [syntax]
(yutiansut)QUANTAXIS/QUANTAXIS/QASelector/multilevel.py:34: error: invalid syntax  [syntax]
(Troxid)vrep-api-python/pyrep/sensors.py:13: error: Syntax error in type annotation  [syntax]
(Troxid)vrep-api-python/pyrep/sensors.py:65: error: Syntax error in type annotation  [syntax]
(Troxid)vrep-api-python/pyrep/sensors.py:99: error: Syntax error in type annotation  [syntax]
(saisankargochhayat)algo_quest/heap_implementation.py:12: error: invalid syntax  [syntax]
(ZhukovAlexander)quic-py/quic/flowcontrol.py:125: error: invalid syntax  [syntax]
(pydanny)cookiecutter-django/{{cookiecutter.project_slug}}/{{cookiecutter.project_slug}}/conftest.py:5: error: invalid syntax  [syntax]
(astraw)stdeb/test_data/py2_only_pkg/py2_only_pkg/py2_module.py:4: error: invalid syntax  [syntax]
(GoogleCloudPlatform)professional-services/tools/site-verification-group-sync/sync-owners.py:86: error: Missing parentheses in call to 'print'. Did you mean print(result)?  [syntax]
(fclesio)learning-space/Python/machine-learning/apriori.py:120: error: invalid syntax  [syntax]
(tebeka)pythonwise/xmlrpc_file_server.py:49: error: invalid syntax  [syntax]
(infilect)ml-course1/week2/autoencoder/train.py:28: error: Missing parentheses in call to 'print'. Did you mean print("Dataset size:", dataset_size)?  [syntax]
(Maillol)cricri/cricri/inet/server.py:78: error: syntax error in type comment  [syntax]
(zancas)containenv/containment/types/environment.py:9: error: syntax error in type comment  [syntax]
(xpac1985)pyASA/pyASA/asa.py:272: error: Syntax error in type annotation  [syntax]
(yeonghoey)yeonghoey/content/statistics/with-mercy.py:47: error: invalid syntax  [syntax]
(Drowrin)Weeabot/cogs/moderation.py:22: error: Syntax error in type annotation  [syntax]
(thejoeejoee)VUT-FIT-IFJ-2017-toolkit/ifj2017/benchmark/uploader.py:101: error: misplaced type annotation  [syntax]
(Dentosal)rust_os/tools/logparser.py:40: error: Missing parentheses in call to 'print'. Did you mean print(x)?  [syntax]
(deepfabric)elasticell/vendor/github.com/antlr/antlr4/runtime/Swift/boot.py:179: error: Missing parentheses in call to 'print'. Did you mean print(GREEN + "[ANTLR] " + msg + RESET)?  [syntax]
(liushilive)HTMLReport/HTMLReport/Result.py:17: error: invalid syntax  [syntax]
(WiseDoge)plume/plume/perceptron.py:64: error: Syntax error in type annotation  [syntax]
(qgis)QGIS/scripts/widgets_tree.py:119: error: invalid syntax  [syntax]
(KrazySoft)Krazy-Cogs/mtgUtility/mtgUtility.py:36: error: unexpected EOF while parsing  [syntax]
(broadinstitute)gatk/scripts/funcotator/data_sources/sortClinvarHgmd.py:51: error: Missing parentheses in call to 'print'. Did you mean print('Reading input file:', RAW_FILE_NAME, "...", end=" ")?  [syntax]
(flyinactor91)AVWX-Engine/avwx/service.py:43: error: Syntax error in type annotation  [syntax]
(flyinactor91)AVWX-Engine/avwx/service.py:121: error: Syntax error in type annotation  [syntax]
(flyinactor91)AVWX-Engine/avwx/service.py:183: error: Syntax error in type annotation  [syntax]
(flyinactor91)AVWX-Engine/avwx/service.py:217: error: Syntax error in type annotation  [syntax]
(flyinactor91)AVWX-Engine/avwx/metar.py:12: error: Syntax error in type annotation  [syntax]
(flyinactor91)AVWX-Engine/avwx/metar.py:22: error: Syntax error in type annotation  [syntax]
(flyinactor91)AVWX-Engine/avwx/metar.py:46: error: Syntax error in type annotation  [syntax]
(facebook)buck/scripts/cache_misses.py:160: error: invalid syntax  [syntax]
(mesosphere)universe/converter/service/converter.py:149: error: Syntax error in type annotation  [syntax]
(mesosphere)universe/converter/service/converter.py:242: error: Syntax error in type annotation  [syntax]
(fluxcapacitor)pipeline/stream/jvm/src/main/java/io/pipeline/tensorflow/producer/src/online-tensorflow-producer.py:19: error: Missing parentheses in call to 'print'. Did you mean print(image_bytes)?  [syntax]
(makerdao)keeper/pymaker/proxy.py:117: error: Syntax error in type annotation  [syntax]
(dhlab-epfl)cadasters/src/process.py:55: error: Syntax error in type annotation  [syntax]
(dhlab-epfl)cadasters/src/process.py:98: error: Syntax error in type annotation  [syntax]
(xnth97)IconPy/iconpy.py:52: error: Syntax error in type annotation  [syntax]
(xnth97)IconPy/iconpy.py:87: error: Syntax error in type annotation  [syntax]
(ActiveState)code/recipes/Python/302498_RE_match_replace_through_operator/recipe-302498.py:32: error: Missing parentheses in call to 'print'. Did you mean print("a :", a)?  [syntax]
(Abjad)abjad/abjad/boilerplate/Maker.py:4: error: invalid syntax  [syntax]
(open-homeautomation)home-assistant/homeassistant/util/unit_system.py:108: error: misplaced type annotation  [syntax]
(UBCMarsColony)airlock-masters/Jacky's Pi Sys/pi-systems_control_logic.py:33: error: unexpected indent  [syntax]
(hhstore)learning-notes/python/src/exercise/py27/ex03_callable_usage.py:30: error: invalid syntax  [syntax]
(kyuridenamida)atcoder-tools/atcodertools/tools/templates/default_template.py:2: error: invalid syntax  [syntax]
(cuauv)software/cave/videobox.py:12: error: Missing parentheses in call to 'print'. Did you mean print("python-opencv is required for video access. Please install.")?  [syntax]
(dombold)MyHydroPi/Pool_Monitor/Hydropi_Website/python/restart.py:11: error: Missing parentheses in call to 'print'. Did you mean print(output)?  [syntax]
(JonDoNym)peinjector/pe-injector-interceptor/peinjector_interceptor.py:235: error: invalid syntax  [syntax]
(bastings)neuralmonkey/neuralmonkey/tf_manager.py:193: error: misplaced type annotation  [syntax]
(BoPeng)simuPOP/doc/tools/convert.py:161: error: Missing parentheses in call to 'print'. Did you mean print('Warning: Failed to find included file for filename "%s".' % file)?  [syntax]
(hsolbrig)shexypy/shexypy/utils/dict_compare.py:83: error: Syntax error in type annotation  [syntax]
(hsolbrig)shexypy/scripts/shex_parser.py:168: error: Syntax error in type annotation  [syntax]
(hsolbrig)shexypy/scripts/xml_to_json.py:89: error: Syntax error in type annotation  [syntax]
(mitdbg)aurum-datadiscovery/knowledgerepr/gindexekg.py:46: error: Syntax error in type annotation  [syntax]
(mitdbg)aurum-datadiscovery/knowledgerepr/EKGapi.py:59: error: Syntax error in type annotation  [syntax]
(schollii)pypubsub/docs/development/testpubsub.py:4: error: invalid syntax  [syntax]
(miniworld-project)miniworld_core/miniworld/util/CoreConfigFileParser.py:50: error: misplaced type annotation  [syntax]
(Vadman97)PicoSim/hardware_sim/seven_segment_display.py:12: error: syntax error in type comment  [syntax]
(inviwo)inviwo/modules/python3qt/templates/templateprocessor.py:5: error: invalid syntax  [syntax]
(semanticbits)survey_stats/src/survey_stats/etl/spss.py:24: error: Type signature has too few arguments  [syntax]
(szeged)servo/etc/memory_reports_over_time.py:72: error: invalid syntax  [syntax]
(olitheolix)azrael/demos/ship_boostercube.py:269: error: Syntax error in type annotation  [syntax]
(olitheolix)azrael/pyazrael/wsclient.py:55: error: Syntax error in type annotation  [syntax]
(olitheolix)azrael/azrael/test/test.py:198: error: Syntax error in type annotation  [syntax]
(olitheolix)azrael/azrael/test/test.py:199: error: Syntax error in type annotation  [syntax]
(olitheolix)azrael/azrael/test/test.py:200: error: Syntax error in type annotation  [syntax]
(olitheolix)azrael/azrael/test/test.py:201: error: Syntax error in type annotation  [syntax]
(olitheolix)azrael/azrael/test/test.py:202: error: Syntax error in type annotation  [syntax]
(olitheolix)azrael/azrael/test/test.py:203: error: Syntax error in type annotation  [syntax]
(olitheolix)azrael/azrael/test/test.py:204: error: Syntax error in type annotation  [syntax]
(olitheolix)azrael/azrael/test/test.py:205: error: Syntax error in type annotation  [syntax]
(olitheolix)azrael/azrael/test/test.py:206: error: Syntax error in type annotation  [syntax]
(olitheolix)azrael/azrael/test/test.py:207: error: Syntax error in type annotation  [syntax]
(olitheolix)azrael/azrael/test/test.py:209: error: Syntax error in type annotation  [syntax]
(olitheolix)azrael/azrael/test/test.py:210: error: Syntax error in type annotation  [syntax]
(spark)device-updater/src/app.py:169: error: invalid syntax  [syntax]
(facebookexperimental)eden/eden/integration/stale_test.py:23: error: Invalid "type: ignore" comment  [syntax]
(piannucci)blurt/exploring_l_infinity.py:133: error: Missing parentheses in call to 'print'. Did you mean print('can increase SNR by %.4f dB' % change_SNR)?  [syntax]
(slott56)NMEA-Tools/nmeatools/nmea_checksum.py:43: error: EOL while scanning string literal  [syntax]
(metamarcdw)nowallet/nowallet/__main__.py:58: error: misplaced type annotation  [syntax]
(HPENetworking)PYHPEIMC/archived/hppyimctest.py:5: error: invalid syntax  [syntax]
(simonsfoundation)CaImAn/use_cases/eLife_scripts/train_cnns/prepare_training_set.py:83: error: invalid syntax  [syntax]
(REGOVAR)Regovar/regovar/core/managers/imports/ped.py:27: error: invalid syntax  [syntax]
(pauloalves86)go_dino/dino_api.py:93: error: Syntax error in type annotation  [syntax]
(Nitrokey)nitrokey-start-firmware/tool/pageant_proxy_to_gpg.py:31: error: Missing parentheses in call to 'print'. Did you mean print("DEBUG: %s" % string)?  [syntax]
(jeffmahoney)crash-python/contrib/mods.py:27: error: invalid syntax  [syntax]
(Microsoft)PTVS/Python/Tests/TestData/Copy of SteppingTest4.py:3: error: Missing parentheses in call to 'print'. Did you mean print(i)?  [syntax]
(Nocturnal42)runmyrobot/hardware/pololu.py:5: error: unindent does not match any outer indentation level  [syntax]
(jrabbit)pyborg-1up/misc/pyborg-telnet.py:42: error: invalid syntax  [syntax]
(steven-zou)harbor/contrib/registryapi/cli.py:35: error: invalid syntax  [syntax]
(alex-ta)Fontinator/NeuralNet/Oli/libs/ProcessingPipeline.py:26: error: Syntax error in type annotation  [syntax]
(gjbex)training-material/DataStorage/Hdf5/PythonSamples/compute_avg.py:10: error: invalid syntax  [syntax]
(project-everest)vale/tools/scripts/collect-fstar-times.py:83: error: Missing parentheses in call to 'print'. Did you mean print("WARNING: Found existing pickled file %s.  No data written.  Consider moving or deleting it." % pickle_file)?  [syntax]
(seznam)fastrpc/python/example/client_example2.py:13: error: invalid syntax  [syntax]
(RasaHQ)rasa_nlu/rasa/nlu/model.py:140: error: misplaced type annotation  [syntax]
(manerfan)python-game-snake/src/search/tools.py:20: error: Syntax error in type annotation  [syntax]
(algorhythms)LeetCode/030 Next Permutation.py:52: error: invalid syntax  [syntax]
(nkmk)python-snippets/notebook/args.py:17: error: misplaced type annotation  [syntax]
(DXsmiley)mathbot/mathbot/update_logo.py:17: error: invalid syntax  [syntax]
(SergeySatskiy)cdm-flowparser/thirdparty/pycxx-7.1.3/Demo/Python2/test_simple.py:67: error: Missing parentheses in call to 'print'. Did you mean print('Error: did not raised RuntimeError')?  [syntax]
(Stewori)pytypes/tests/testhelpers/override_testhelper.py:151: error: Type signature has too few arguments  [syntax]
(Stewori)pytypes/tests/testhelpers/override_testhelper_py3.py:229: error: Type signature has too few arguments  [syntax]
(Stewori)pytypes/tests/testhelpers/modulewide_typecheck_testhelper.py:32: error: Function has duplicate type signatures  [syntax]
(Stewori)pytypes/tests/testhelpers/modulewide_typecheck_testhelper.py:36: error: Function has duplicate type signatures  [syntax]
(Stewori)pytypes/tests/testhelpers/modulewide_typecheck_testhelper.py:49: error: Function has duplicate type signatures  [syntax]
(Stewori)pytypes/tests/testhelpers/modulewide_typecheck_testhelper.py:98: error: Function has duplicate type signatures  [syntax]
(Stewori)pytypes/tests/testhelpers/modulewide_typecheck_testhelper.py:102: error: Function has duplicate type signatures  [syntax]
(Stewori)pytypes/tests/testhelpers/modulewide_typecheck_testhelper.py:131: error: Function has duplicate type signatures  [syntax]
(Stewori)pytypes/tests/testhelpers/modulewide_typecheck_testhelper.py:164: error: Function has duplicate type signatures  [syntax]
(Stewori)pytypes/tests/testhelpers/modulewide_typecheck_testhelper.py:168: error: Function has duplicate type signatures  [syntax]
(Stewori)pytypes/tests/testhelpers/modulewide_typecheck_testhelper.py:173: error: Function has duplicate type signatures  [syntax]
(Stewori)pytypes/tests/testhelpers/modulewide_typecheck_testhelper.py:216: error: Function has duplicate type signatures  [syntax]
(Stewori)pytypes/tests/testhelpers/modulewide_typecheck_testhelper.py:220: error: Function has duplicate type signatures  [syntax]
(Stewori)pytypes/tests/testhelpers/modulewide_typecheck_testhelper.py:230: error: Function has duplicate type signatures  [syntax]
(lgautier)mashing-pumpkins/src/sequence.py:6: error: Syntax error in type annotation  [syntax]
(leosac)leosac/scripts/remote_control.py:31: error: Missing parentheses in call to 'print'. Did you mean print("Non-handled command: ", cmd)?  [syntax]
(PetrPPetrov)beautiful-capi/source/BuiltinTypeGenerator.py:35: error: Syntax error in type annotation  [syntax]
(PetrPPetrov)beautiful-capi/source/BuiltinTypeGenerator.py:38: error: Syntax error in type annotation  [syntax]
(PetrPPetrov)beautiful-capi/source/BuiltinTypeGenerator.py:50: error: Syntax error in type annotation  [syntax]
(PetrPPetrov)beautiful-capi/source/BuiltinTypeGenerator.py:82: error: Syntax error in type annotation  [syntax]
(PetrPPetrov)beautiful-capi/source/BuiltinTypeGenerator.py:94: error: Syntax error in type annotation  [syntax]
(PetrPPetrov)beautiful-capi/source/BuiltinTypeGenerator.py:105: error: Syntax error in type annotation  [syntax]
(PetrPPetrov)beautiful-capi/source/BuiltinTypeGenerator.py:121: error: Syntax error in type annotation  [syntax]
(kervinck)gigatron-rom/Utils/BabelFish/tinyfont.py:52: error: Missing parentheses in call to 'print'. Did you mean print(' 0x%04x,' % word, end=" ")?  [syntax]
(secureosv)pythia/regtests/run-benchmarks.py:39: error: Missing parentheses in call to 'print'. Did you mean print(line)?  [syntax]
(sourcegraph)srclib-python/grapher/structures.py:245: error: Invalid "type: ignore" comment  [syntax]
(sourcegraph)srclib-python/grapher/structures.py:253: error: Invalid "type: ignore" comment  [syntax]
(sourcegraph)srclib-python/grapher/structures.py:255: error: Invalid "type: ignore" comment  [syntax]
(sourcegraph)srclib-python/grapher/structures.py:274: error: Invalid "type: ignore" comment  [syntax]
(Zwork101)backpack.py/tf2backpackpy/listings.py:111: error: Syntax error in type annotation  [syntax]
(mark-nicholson)python-editline/editline/editline.py:234: error: Syntax error in type annotation  [syntax]
(habedi)-myPython-LanguageCodes/codes/ca.py:130: error: Missing parentheses in call to 'print'. Did you mean print(Cells[mx, my].Lneigh)?  [syntax]
(sipb)homeworld/platform/spire/src/packages.py:95: error: Syntax error in type annotation  [syntax]
(sipb)homeworld/platform/spire/src/packages.py:133: error: Syntax error in type annotation  [syntax]
(BitLooter)htmlark/htmlark.py:44: error: Syntax error in type annotation  [syntax]
(Buchhold)QLever/misc/fix_nt_file.py:26: error: invalid syntax  [syntax]
(Parbhat)cookiecutter-django-foundation/{{cookiecutter.project_slug}}/{{cookiecutter.project_slug}}/users/tests/test_forms.py:3: error: invalid syntax  [syntax]
(BatedUrGonnaDie)salty_bot/salty_listener.py:111: error: Missing parentheses in call to 'print'. Did you mean print(address)?  [syntax]
(stanta)darfchain/darfchain/models/sale_order.py:73: error: Missing parentheses in call to 'print'. Did you mean print(hash_of_synchronaze)?  [syntax]
(awsdocs)aws-doc-sdk-examples/python/example_code/deeplens/deeplens_inference_lambda.py:143: error: unexpected indent  [syntax]
(bblfsh)python-driver/fixtures/bench_ethopian_multiplication.py:15: error: invalid syntax  [syntax]
(makerdao)maker.py/pymaker/proxy.py:129: error: Syntax error in type annotation  [syntax]
(d10genes)pollen/util/pollen_utils.py:23: error: Syntax error in type annotation  [syntax]
(d10genes)pollen/util/pollen_utils.py:33: error: Syntax error in type annotation  [syntax]
(codemirror)google-modes/test/py/grammar.py:3: error: invalid syntax  [syntax]
(gnachman)iTerm2/api/library/python/iterm2/docs/examples/launch_and_run.py:1: error: invalid syntax  [syntax]
(Shark-ML)Shark/doc/tools/replaceHeaders.py:54: error: Missing parentheses in call to 'print'. Did you mean print("\nShark header replacement tool v0.1\n\n")?  [syntax]
(Fahreeve)aiovk/aiovk/sessions.py:191: error: Syntax error in type annotation  [syntax]
(Fahreeve)aiovk/aiovk/sessions.py:222: error: Syntax error in type annotation  [syntax]
(Fahreeve)aiovk/aiovk/sessions.py:246: error: Syntax error in type annotation  [syntax]
(rusthon)Rusthon/regtests/run-benchmarks.py:100: error: Missing parentheses in call to 'print'. Did you mean print(name)?  [syntax]
(google)merge_pyi/testdata/packed_tuple.py:3: error: invalid syntax  [syntax]
(catmaid)CATMAID/scripts/remote/upload_swc.py:61: error: invalid syntax  [syntax]
(oilshell)oil/opy/callgraph.py:50: error: invalid syntax  [syntax]
(sics-sse)moped/server/misc/testmoped.py:13: error: Missing parentheses in call to 'print'. Did you mean print(t['installationState'])?  [syntax]
(PaulSonOfLars)tgbot/tg_bot/modules/helper_funcs/extraction.py:25: error: Syntax error in type annotation  [syntax]
(PaulSonOfLars)tgbot/tg_bot/modules/helper_funcs/string_handling.py:118: error: Syntax error in type annotation  [syntax]
(materialsproject)pymatgen/dev_scripts/profile_structure.py:16: error: invalid syntax  [syntax]
(Mirantis)disk_perf_test_tool/scripts/data.py:52: error: Missing parentheses in call to 'print'. Did you mean print(block)?  [syntax]
(rocky)python-uncompyle6/test/ok_lib2.7/bsddb/dbshelve.py:80: error: invalid token  [syntax]
(alvations)pywsd/merlin/utils.py:73: error: Missing parentheses in call to 'print'. Did you mean print("Error non existing normalization")?  [syntax]
(the-virtual-brain)tvb-hpc/phase_plane_interactive/template.py:1: error: invalid syntax  [syntax]
(CERT-BDF)Cortex-Analyzers/analyzers/DNSDB/dnsdb_query.py:216: error: invalid syntax  [syntax]
(cheevahagadog)barker/app/update_bookmarks.py:30: error: Syntax error in type annotation  [syntax]
(cheevahagadog)barker/app/create_newsletter.py:23: error: Syntax error in type annotation  [syntax]
(cheevahagadog)barker/app/create_newsletter.py:118: error: Syntax error in type annotation  [syntax]
(cheevahagadog)barker/app/create_newsletter.py:137: error: Syntax error in type annotation  [syntax]
(yotam180)xAI/nlib/python_demo/example_img.py:18: error: invalid syntax  [syntax]
(ArnaudPel)CamKifu/src/camkifu/stone/sf_clustering.py:77: error: Syntax error in type annotation  [syntax]
(Transkribus)TranskribusDU/TranskribusDU/tasks/make_exp.py:67: error: Missing parentheses in call to 'print'. Did you mean print(model_file)?  [syntax]
(andrealani)COOLFluiD/tools/scripts/deprecated/check-testcases.py:185: error: Missing parentheses in call to 'print'. Did you mean print("\nOutput written to file: "+CHECKLOG)?  [syntax]
(ybotkiller)ybotkiller/flask_detector/server.py:17: error: Missing parentheses in call to 'print'. Did you mean print(e)?  [syntax]
(Junnplus)leetcode/algorithms/medium/reverse-linked-list-ii.py:40: error: Missing parentheses in call to 'print'. Did you mean print(l)?  [syntax]
(GNOME)gnome-builder/src/plugins/meson-templates/resources/src/window.py:1: error: invalid syntax  [syntax]
(MissionCriticalCloud)cosmic/cosmic-marvin/marvin/dbConnection.py:65: error: invalid syntax  [syntax]
(samuroi)SamuROI/doc/examples/masks.py:27: error: invalid syntax  [syntax]
(NotSoSuper)NotSoBot/mods/Nsfw.py:106: error: invalid syntax  [syntax]
(benhoff)vexbot/vexbot/entity_extraction.py:70: error: Function has duplicate type signatures  [syntax]
(all-of-us)raw-data-repository/rdr_service/lib_fhir/fhirclient_3_0_0/fhirreference_tests.py:9: error: invalid syntax  [syntax]
(noisebridge)PythonClass/course/higher-order-functions/mult.py:51: error: Missing parentheses in call to 'print'. Did you mean print(my_functions)?  [syntax]
(googleapis)google-api-java-client-services/generator/ez_setup.py:92: error: invalid syntax  [syntax]
(ForceBru)PyVM/VM/FPU.py:161: error: Syntax error in type annotation  [syntax]
(ForceBru)PyVM/VM/FPU.py:184: error: Syntax error in type annotation  [syntax]
(cornell-cup)cs-minibot/minibot/scripts/SwarmTest.py:8: error: Missing parentheses in call to 'print'. Did you mean print("================== TESTING ==================")?  [syntax]
(geneontology)go-site/pipeline/util/paint_merge.py:51: error: Syntax error in type annotation  [syntax]
(aguai)TMDLang/try/findBar.py:1: error: invalid syntax  [syntax]
(Chibuzor-IN)python-paystack/python_paystack/managers.py:217: error: EOL while scanning string literal  [syntax]
(Enether)python_wow/classes.py:196: error: misplaced type annotation  [syntax]
(demisto)content/content_creator.py:75: error: invalid syntax  [syntax]
(BetaRavener)uPyLoader/flash.py:52: error: Missing parentheses in call to 'print'. Did you mean print("Done writing new firmware.")?  [syntax]
(xdlinux)xidian-scripts/Python/DEPRECATED/get_xidian_news.py:34: error: invalid syntax  [syntax]
(adnanaziz)epicode/cpp/gray-code-backtrack.py:43: error: Missing parentheses in call to 'print'. Did you mean print("code:")?  [syntax]
(ZoranPandovski)al-go-rithms/machine_learning/Regression_exmaple/LINEAR_REGRESSION.py:99: error: EOL while scanning string literal  [syntax]
(MarkdownForAcademia)markdown_for_academia/unit_test/helpers/functions_for_test.py:6: error: Syntax error in type annotation  [syntax]
(MarkdownForAcademia)markdown_for_academia/unit_test/helpers/functions_for_test.py:12: error: Syntax error in type annotation  [syntax]
(MarkdownForAcademia)markdown_for_academia/mdac/compilers/to_latex/refrence_compiler.py:9: error: Syntax error in type annotation  [syntax]
(MarkdownForAcademia)markdown_for_academia/mdac/compilers/to_latex/refrence_compiler.py:19: error: Syntax error in type annotation  [syntax]
(evgfilim1)spin_everyday_bot/core.py:186: error: Syntax error in type annotation  [syntax]
(hacktoberfest17)programming/numbers/triangular_pentagonal_hexagonal_number/triangular_pentagonal_hexagonal_number.py:112: error: invalid syntax  [syntax]
(GeosoftInc)gxapi/templates/gxpy/class_generated.py:2: error: invalid syntax  [syntax]
(rmst)chi/chi/rl/async_dqn.py:5: error: invalid syntax  [syntax]
(r-lyeh)scriptorium/scheme/s7/s7webserver/s7webserver_repl.py:17: error: Missing parentheses in call to 'print'. Did you mean print("<Unable to contact Radium>")?  [syntax]
(Logan1x)Python-Scripts/bin/locate-me.py:26: error: Missing parentheses in call to 'print'. Did you mean print("Your City : " + city)?  [syntax]
(PX4)Firmware/Tools/geotag_images_ulog.py:41: error: Missing parentheses in call to 'print'. Did you mean print("Usage: python geotag_images_ulog.py [logfile] [image dir]")?  [syntax]
(scanner-research)scanner/examples/how-tos/tensorflow/tensorflow_kernel.py:42: error: Missing parentheses in call to 'print'. Did you mean print('Execute')?  [syntax]
(lintyleo)seleniumpro/FramePySelemium/ranzhi_common.py:41: error: invalid syntax  [syntax]
(fabioz)Pydev/update_version.py:47: error: Missing parentheses in call to 'print'. Did you mean print(top)?  [syntax]
(phac-nml)bio_hansel/bio_hansel/main.py:217: error: misplaced type annotation  [syntax]
(linsalrob)EdwardsLab/perl/alignment/gapped_alignment.py:99: error: Missing parentheses in call to 'print'. Did you mean print('should not get here')?  [syntax]
(bmassman)fake_news/fake_news/article_db.py:83: error: Syntax error in type annotation  [syntax]
(bmassman)fake_news/fake_news/pipeline/db_transformer.py:21: error: Syntax error in type annotation  [syntax]
(bmassman)fake_news/fake_news/pipeline/db_transformer.py:46: error: Syntax error in type annotation  [syntax]
(bmassman)fake_news/fake_news/pipeline/db_transformer.py:194: error: Syntax error in type annotation  [syntax]
(parttimenerd)temci/temci/build/build_processor.py:17: error: misplaced type annotation  [syntax]
(1337)yesterday-i-learned/scripts/multiplicative_persistence.py:33: error: invalid syntax  [syntax]
(rosjat)python-scsi/tools/mtx.py:32: error: invalid syntax  [syntax]
(CloudBoltSoftware)cloudbolt-forge/actions/cloudbolt_plugins/load_balancers/f5_lb_pool_adddel_wrap.py:172: error: invalid syntax  [syntax]
(132nd-etcher)EMFT/emft/core/progress.py:76: error: Syntax error in type annotation  [syntax]
(WZQ1397)automatic-repo/python/shelve_EXAMPLE.py:23: error: invalid syntax  [syntax]
(flyinactor91)AVWX-API/avwx_api/validators.py:62: error: Syntax error in type annotation  [syntax]
(flyinactor91)AVWX-API/avwx_api/handle/__init__.py:38: error: Syntax error in type annotation  [syntax]
(flyinactor91)AVWX-API/avwx_api/handle/pirep.py:19: error: Syntax error in type annotation  [syntax]
(flyinactor91)AVWX-API/avwx_api/handle/pirep.py:35: error: Syntax error in type annotation  [syntax]
(flyinactor91)AVWX-API/avwx_api/handle/pirep.py:79: error: Syntax error in type annotation  [syntax]
(flyinactor91)AVWX-API/avwx_api/handle/pirep.py:95: error: Syntax error in type annotation  [syntax]
(flyinactor91)AVWX-API/avwx_api/handle/pirep.py:99: error: Syntax error in type annotation  [syntax]
(flyinactor91)AVWX-API/avwx_api/handle/metar.py:33: error: Syntax error in type annotation  [syntax]
(flyinactor91)AVWX-API/avwx_api/handle/metar.py:58: error: Syntax error in type annotation  [syntax]
(flyinactor91)AVWX-API/avwx_api/handle/metar.py:109: error: Syntax error in type annotation  [syntax]
(flyinactor91)AVWX-API/avwx_api/handle/metar.py:160: error: Syntax error in type annotation  [syntax]
(flyinactor91)AVWX-API/avwx_api/handle/metar.py:200: error: Syntax error in type annotation  [syntax]
(flyinactor91)AVWX-API/avwx_api/handle/metar.py:204: error: Syntax error in type annotation  [syntax]
(flyinactor91)AVWX-API/avwx_api/handle/taf.py:9: error: Syntax error in type annotation  [syntax]
(flyinactor91)AVWX-API/avwx_api/handle/taf.py:13: error: Syntax error in type annotation  [syntax]
(moddevices)mod-ui/bluetooth.py:21: error: Missing parentheses in call to 'print'. Did you mean print("Can't connect")?  [syntax]
(liweitianux)atoolbox/cli/dict.py:89: error: Missing parentheses in call to 'print'. Did you mean print(RED+BOLD+word+DEFAULT)?  [syntax]
(larbibaraka)Bitly_clone/bitly_clone/bitly__clone_app/models.py:43: error: syntax error in type comment  [syntax]
(hrsetyono)theme_pacific/sample/python.py:29: error: Missing parentheses in call to 'print'. Did you mean print(queens)?  [syntax]
(pfalcon)micropython/tests/micropython/viper_args.py:43: error: named arguments must follow bare *  [syntax]
(klieret)anki-template-tester/previewtemplate.py:115: error: Syntax error in type annotation  [syntax]
(xgouchet)AutoMergeTool/automergetool/amt_launcher.py:22: error: misplaced type annotation  [syntax]
(PythonJS)PythonJS/regtests/webclgl/gpu_sibling_class.py:16: error: invalid syntax  [syntax]
(winpython)winpython_afterdoc/docs/WASM_almar_klein_demo/play_python.py:8: error: invalid syntax  [syntax]
(ingokegel)intellij-community/python/testData/editing/firstParamSimple.after.py:2: error: unexpected EOF while parsing  [syntax]
(mapsme)omim/tools/download_statistics/aggregator.py:14: error: inconsistent use of tabs and spaces in indentation  [syntax]
(bogdanvuk)sydpy/tests/test_sata.py:18: error: invalid syntax  [syntax]
(Linaro)test-definitions/automated/linux/igt/print-test-result.py:10: error: Missing parentheses in call to 'print'. Did you mean print('<LAVA_SIGNAL_STARTTC %s>' % test)?  [syntax]
(YU6326)YU6326.github.io/code/Wpoint.py:1: error: invalid syntax  [syntax]
(ampotty)uip-pc3/Ejemplos/ejemplo38/src/test_calculadora.py:15: error: invalid syntax  [syntax]
(PlattsSEC)HackerRank/algorithms/rookierank2/knightl_on_a_chessboard/prithaj.py:52: error: invalid syntax  [syntax]
(honux77)practice/python/math_test.py:12: error: invalid syntax  [syntax]
(fastogt)fastonosql/tests/redis_test_json.py:20: error: invalid syntax  [syntax]
(felipecustodio)algorithms/math/pernicious_number/Python/pernicious.py:36: error: inconsistent use of tabs and spaces in indentation  [syntax]
(Neo23x0)sigma/contrib/sigma2elastalert.py:77: error: misplaced type annotation  [syntax]
(MRPT)mrpt/python/prepare_debian.py:24: error: invalid syntax  [syntax]
(petervaro)python/tests/Python3.py:34: error: invalid syntax  [syntax]
(ccubed)PyMoe/Pymoe/Anidb/api_http.py:7: error: invalid syntax  [syntax]
(albemala)almoviesrenamer/upload2google.py:187: error: Missing parentheses in call to 'print'. Did you mean print('Please enter your googlecode.com password.')?  [syntax]
(ric2b)Vivaldi-browser/scripts/rungn.py:162: error: invalid syntax  [syntax]
(kchawla-pi)united-states-of-browsers/utils/reconstructing_requirements_from_site_packages.py:56: error: unexpected EOF while parsing  [syntax]
(Ge0)okita-poc/okita-poc/detection.py:11: error: unexpected EOF while parsing  [syntax]
(samdroid-apps)something-for-reddit/redditisgtk/newmarkdown.py:95: error: Syntax error in type annotation  [syntax]
(henrymzhao)csss-minion/remindme.py:30: error: invalid syntax  [syntax]
(xjdr)xio/configuration-client/configurator/main.py:47: error: Missing parentheses in call to 'print'. Did you mean print('dry_run: add_ip', args.ip_address, args.rule_type)?  [syntax]
(jahan-addison)gridpaste/homepage/tests/test_backend.py:5: error: EOL while scanning string literal  [syntax]
(alehander42)pseudo-python/examples/lisp.py:9: error: invalid syntax  [syntax]
(hell03end)hse_ruz/ruz/utils.py:185: error: Syntax error in type annotation  [syntax]
(tensorflow)models/research/syntaxnet/syntaxnet/conll2tree.py:92: error: Missing parentheses in call to 'print'. Did you mean print('Input: %s' % sentence.text)?  [syntax]
(SergeyPirogov)testcontainers-python/testcontainers/general.py:21: error: inconsistent use of tabs and spaces in indentation  [syntax]
(apacha)MusicSymbolClassifier/ModelTrainer/datasets/DatasetSplitter.py:43: error: Syntax error in type annotation  [syntax]
(kaiterra)api/examples/restv1-hmac.py:49: error: Syntax error in type annotation  [syntax]
(eliben)code-for-blog/2009/py_rd_parser_example/rd_parser_infix_expr.py:132: error: invalid syntax  [syntax]
(domino14)Webolith/scripts/digoceanssh.py:26: error: Missing parentheses in call to 'print'. Did you mean print("************")?  [syntax]
(vrk-kpa)X-Road/src/systemtest/op-monitoring/zabbix_api/examples/zabbix/import_sample_host.py:117: error: invalid syntax  [syntax]
(ibarbech)learnbot/learnbot_dsl/Clients/EBO.py:19: error: invalid syntax  [syntax]
(zrzka)blackmamba/blackmamba/lib/flake8/utils.py:17: error: Type signature has too few arguments  [syntax]
(jzadeh)Aktaion/python/researchDev/Parse.py:3: error: (unicode error) 'unicodeescape' codec can't decode bytes in position 2-3: truncated \uXXXX escape  [syntax]
(Azure)azure-sdk-for-python/scripts/templates/_operations_mixin.py:14: error: invalid syntax  [syntax]
(kimjinyong)i2nsf-framework/Hackathon-104/stack/openstack_server.py:10: error: inconsistent use of tabs and spaces in indentation  [syntax]
(uthcode)learntosolveit/utils/bin/add_program.py:102: error: invalid syntax  [syntax]
(tuxxi)OpenBurn/openburn/application/propellant_db.py:19: error: syntax error in type comment  [syntax]
(eReuse)workbench/ereuse_workbench/computer.py:100: error: Syntax error in type annotation  [syntax]
(eReuse)workbench/tests/conftest.py:57: error: Syntax error in type annotation  [syntax]
(gilmarsquinelato)gulpy/gulpy/core/stream.py:120: error: Syntax error in type annotation  [syntax]
(gilmarsquinelato)gulpy/gulpy/core/stream.py:140: error: Syntax error in type annotation  [syntax]
(q2apro)graph-padowan/Help/Scripts/Create.py:15: error: Missing parentheses in call to 'print'. Did you mean print(Language + ":")?  [syntax]
(HuimingCheng)AutoGrading/learning/edge_detection_copy.py:265: error: invalid syntax  [syntax]
(chaicko)AlgorithmicToolbox/data_structures/binary_search_trees/rope.py:14: error: unexpected unindent  [syntax]
(subdownloader)subdownloader/scripts/distribution/windows_installer.py:153: error: (unicode error) 'unicodeescape' codec can't decode bytes in position 17-18: malformed \N character escape  [syntax]
(veltzer)openbook/scripts/wrapper_lilypond.py:62: error: misplaced type annotation  [syntax]
(phanrahan)magmathon/examples/uart/txmod.py:13: error: Syntax error in type annotation  [syntax]
(DonaldWhyte)deep-learning-with-rnns/talk_creation_helpers/initial_code/text.py:212: error: invalid syntax  [syntax]
(berylTechnologies)redcap/task_manager/models.py:72: error: Syntax error in type annotation  [syntax]
(berylTechnologies)redcap/task_manager/models.py:150: error: Syntax error in type annotation  [syntax]
(berylTechnologies)redcap/runner/execute_helpers.py:12: error: Syntax error in type annotation  [syntax]
(berylTechnologies)redcap/runner/execute_helpers.py:55: error: Syntax error in type annotation  [syntax]
(smeenka)esp32/lolin32/stub/machine.py:29: error: inconsistent use of tabs and spaces in indentation  [syntax]
(idobrusin)RocLang/RocDemo/roc_node/scripts/temp/inmoov_manipulator.py:26: error: inconsistent use of tabs and spaces in indentation  [syntax]
(DFO-Ocean-Navigator)Ocean-Data-Map-Project/scripts/drifter_process.py:44: error: invalid token  [syntax]
(the-c0d3r)pynmap/portscan.py:40: error: Missing parentheses in call to 'print'. Did you mean print(banner)?  [syntax]
(ms-iot)python/cpython/Tools/hg/hgtouch.py:18: error: invalid syntax  [syntax]
(parrt)AniML/dtreeviz/shadow.py:45: error: Syntax error in type annotation  [syntax]
(parrt)AniML/dtreeviz/shadow.py:235: error: Syntax error in type annotation  [syntax]
(parrt)AniML/dtreeviz/shadow.py:241: error: Syntax error in type annotation  [syntax]
(parrt)AniML/dtreeviz/shadow.py:281: error: Syntax error in type annotation  [syntax]
(parrt)AniML/dtreeviz/shadow.py:294: error: Syntax error in type annotation  [syntax]
(parrt)AniML/dtreeviz/shadow.py:305: error: Syntax error in type annotation  [syntax]
(cenkalti)kuyruk/tests/integration/forever.py:21: error: Missing parentheses in call to 'print'. Did you mean print("Done.")?  [syntax]
(dronecrew)ulog_tools/ulog_tools/_lqrofb.py:121: error: Type signature has too few arguments  [syntax]
(dronecrew)ulog_tools/ulog_tools/_sysid.py:80: error: Function has duplicate type signatures  [syntax]
(dronecrew)ulog_tools/ulog_tools/_sysid.py:168: error: Function has duplicate type signatures  [syntax]
(dronecrew)ulog_tools/ulog_tools/_sysid.py:168: error: Type signature has too few arguments  [syntax]
(scivision)piradar/reference/hf_analyze.py:133: error: Missing parentheses in call to 'print'. Did you mean print("Done processing. Sleeping 60 seconds")?  [syntax]
(seanegoodwin)PandaViewer/PandaViewer/utils.py:109: error: Syntax error in type annotation  [syntax]
(seanegoodwin)PandaViewer/PandaViewer/utils.py:134: error: Syntax error in type annotation  [syntax]
(tek)amino/templates/state.py:123: error: invalid syntax  [syntax]
(trustyou)meetups/python-c/time_quicksort.py:76: error: invalid syntax  [syntax]
(MikimotoH)DLink_Harvester/web_utils.py:47: error: Syntax error in type annotation  [syntax]
(MikimotoH)DLink_Harvester/netgear_cn_crawler.py:127: error: Syntax error in type annotation  [syntax]
(MikimotoH)DLink_Harvester/zyxel_us_crawler.py:135: error: Syntax error in type annotation  [syntax]
(conversationai)conversationai-models/data_preparation/preprocessing/preprocessing.py:69: error: invalid syntax  [syntax]
(KrusnikViers)Zordon/app/handlers/impl/broadcasts.py:33: error: Syntax error in type annotation  [syntax]
(KrusnikViers)Zordon/app/handlers/context.py:52: error: Syntax error in type annotation  [syntax]
(pablotcarreira)django-arangodb/arangodb_driver/compiler.py:19: error: Syntax error in type annotation  [syntax]
(googleapis)sample-tester/gen_manifest/gen_manifest.py:222: error: Syntax error in type annotation  [syntax]
(jacebrowning)doorstop/doorstop/server/main.py:24: error: Invalid "type: ignore" comment  [syntax]
(PyAndy)Py3NES/cpu.py:30: error: misplaced type annotation  [syntax]
(dashwav)nano-chan/cogs/rng.py:34: error: unexpected EOF while parsing  [syntax]
(Svolcano)python_exercise/WinLsLoad/SvrConfig.py:22: error: invalid syntax  [syntax]
