[RRepo](maas)python-libmaas
(maas)python-libmaas/maas/client/viscera/maas.py:11:1: error: No parent module -- cannot perform relative import  [misc]
Found 1 error in 1 file (checked 31 source files)

[RRepo](miyakogi)syncer
Success: no issues found in 3 source files

[RRepo](EnergieID)entsoe-py
(EnergieID)entsoe-py/entsoe/parsers.py:422: error: The return type of a generator function should be "Generator" or one of its supertypes  [misc]
(EnergieID)entsoe-py/tests.py:6:1: error: Module 'entsoe' has no attribute 'EntsoeRawClient'  [attr-defined]
(EnergieID)entsoe-py/tests.py:6:1: error: Module 'entsoe' has no attribute 'EntsoePandasClient'  [attr-defined]
Found 3 errors in 2 files (checked 3 source files)

[RRepo](beerfactory)hbmqtt
(beerfactory)hbmqtt/hbmqtt/codecs.py:58: error: The return type of a generator function should be "Generator" or one of its supertypes  [misc]
(beerfactory)hbmqtt/hbmqtt/codecs.py:77: error: The return type of a generator function should be "Generator" or one of its supertypes  [misc]
(beerfactory)hbmqtt/hbmqtt/codecs.py:101: error: The return type of a generator function should be "Generator" or one of its supertypes  [misc]
(beerfactory)hbmqtt/docs/conf.py:214:1: error: Need type annotation for 'latex_elements' (hint: "latex_elements: Dict[<type>, <type>] = ...")  [var-annotated]
(beerfactory)hbmqtt/hbmqtt/plugins/topic_checking.py:33:28: error: Incompatible return value type (got "bool", expected "AwaitableGenerator[Any, Any, Any, AwaitableGenerator[Any, Any, Any, Any]]")  [return-value]
(beerfactory)hbmqtt/hbmqtt/plugins/topic_checking.py:34:24: error: Incompatible return value type (got "bool", expected "AwaitableGenerator[Any, Any, Any, AwaitableGenerator[Any, Any, Any, Any]]")  [return-value]
(beerfactory)hbmqtt/hbmqtt/plugins/topic_checking.py:36:24: error: Incompatible return value type (got "bool", expected "AwaitableGenerator[Any, Any, Any, AwaitableGenerator[Any, Any, Any, Any]]")  [return-value]
(beerfactory)hbmqtt/hbmqtt/plugins/topic_checking.py:79:36: error: Incompatible return value type (got "bool", expected "AwaitableGenerator[Any, Any, Any, AwaitableGenerator[Any, Any, Any, Any]]")  [return-value]
(beerfactory)hbmqtt/hbmqtt/plugins/topic_checking.py:80:28: error: Incompatible return value type (got "bool", expected "AwaitableGenerator[Any, Any, Any, AwaitableGenerator[Any, Any, Any, Any]]")  [return-value]
(beerfactory)hbmqtt/hbmqtt/plugins/topic_checking.py:82:28: error: Incompatible return value type (got "bool", expected "AwaitableGenerator[Any, Any, Any, AwaitableGenerator[Any, Any, Any, Any]]")  [return-value]
(beerfactory)hbmqtt/hbmqtt/plugins/topic_checking.py:84:24: error: Incompatible return value type (got "bool", expected "AwaitableGenerator[Any, Any, Any, AwaitableGenerator[Any, Any, Any, Any]]")  [return-value]
(beerfactory)hbmqtt/hbmqtt/plugins/authentication.py:41:57: error: Module has no attribute "DEBUG"  [attr-defined]
(beerfactory)hbmqtt/hbmqtt/plugins/authentication.py:90:24: error: Incompatible return value type (got "None", expected "AwaitableGenerator[Any, Any, Any, AwaitableGenerator[Any, Any, Any, Any]]")  [return-value]
(beerfactory)hbmqtt/hbmqtt/mqtt/protocol/broker_handler.py:29:39: error: Need type annotation for '_pending_subscriptions'  [var-annotated]
(beerfactory)hbmqtt/hbmqtt/mqtt/protocol/broker_handler.py:30:41: error: Need type annotation for '_pending_unsubscriptions'  [var-annotated]
(beerfactory)hbmqtt/hbmqtt/mqtt/protocol/client_handler.py:25:32: error: Need type annotation for '_pingresp_queue'  [var-annotated]
(beerfactory)hbmqtt/hbmqtt/mqtt/protocol/client_handler.py:26:9: error: Need type annotation for '_subscriptions_waiter' (hint: "_subscriptions_waiter: Dict[<type>, <type>] = ...")  [var-annotated]
(beerfactory)hbmqtt/hbmqtt/mqtt/protocol/client_handler.py:27:9: error: Need type annotation for '_unsubscriptions_waiter' (hint: "_unsubscriptions_waiter: Dict[<type>, <type>] = ...")  [var-annotated]
(beerfactory)hbmqtt/hbmqtt/mqtt/protocol/client_handler.py:123:13: error: Item "None" of "Optional[Any]" has no attribute "set_result"  [union-attr]
(beerfactory)hbmqtt/hbmqtt/mqtt/protocol/client_handler.py:146:13: error: Item "None" of "Optional[Any]" has no attribute "set_result"  [union-attr]
(beerfactory)hbmqtt/hbmqtt/mqtt/publish.py:140:9: error: Item "None" of "Optional[PublishVariableHeader]" has no attribute "packet_id"  [union-attr]
(beerfactory)hbmqtt/hbmqtt/mqtt/publish.py:156:9: error: Item "None" of "Optional[PublishVariableHeader]" has no attribute "topic_name"  [union-attr]
(beerfactory)hbmqtt/hbmqtt/mqtt/puback.py:18:9: error: Item "None" of "Optional[Any]" has no attribute "packet_id"  [union-attr]
(beerfactory)hbmqtt/hbmqtt/mqtt/pubcomp.py:18:9: error: Item "None" of "Optional[Any]" has no attribute "packet_id"  [union-attr]
(beerfactory)hbmqtt/hbmqtt/mqtt/pubrec.py:18:9: error: Item "None" of "Optional[Any]" has no attribute "packet_id"  [union-attr]
(beerfactory)hbmqtt/hbmqtt/mqtt/pubrel.py:18:9: error: Item "None" of "Optional[Any]" has no attribute "packet_id"  [union-attr]
(beerfactory)hbmqtt/hbmqtt/mqtt/connect.py:229:9: error: Item "None" of "Optional[ConnectVariableHeader]" has no attribute "proto_name"  [union-attr]
(beerfactory)hbmqtt/hbmqtt/mqtt/connect.py:305:16: error: Item "None" of "Optional[ConnectPayload]" has no attribute "client_id_is_random"  [union-attr]
(beerfactory)hbmqtt/hbmqtt/mqtt/connect.py:309:9: error: Item "None" of "Optional[ConnectPayload]" has no attribute "client_id_is_random"  [union-attr]
(beerfactory)hbmqtt/samples/client_subscribe.py:14:10: error: Module has no attribute "getLogger"  [attr-defined]
(beerfactory)hbmqtt/samples/client_subscribe.py:41:5: error: Module has no attribute "basicConfig"  [attr-defined]
(beerfactory)hbmqtt/samples/client_subscribe.py:41:31: error: Module has no attribute "INFO"  [attr-defined]
(beerfactory)hbmqtt/samples/broker_start.py:6:10: error: Module has no attribute "getLogger"  [attr-defined]
(beerfactory)hbmqtt/samples/broker_start.py:46:5: error: Module has no attribute "basicConfig"  [attr-defined]
(beerfactory)hbmqtt/samples/broker_start.py:46:31: error: Module has no attribute "INFO"  [attr-defined]
(beerfactory)hbmqtt/samples/broker_acl.py:6:10: error: Module has no attribute "getLogger"  [attr-defined]
(beerfactory)hbmqtt/samples/broker_acl.py:52:5: error: Module has no attribute "basicConfig"  [attr-defined]
(beerfactory)hbmqtt/samples/broker_acl.py:52:31: error: Module has no attribute "INFO"  [attr-defined]
(beerfactory)hbmqtt/samples/client_publish_ssl.py:13:10: error: Module has no attribute "getLogger"  [attr-defined]
(beerfactory)hbmqtt/samples/client_publish_ssl.py:42:5: error: Module has no attribute "basicConfig"  [attr-defined]
(beerfactory)hbmqtt/samples/client_publish_ssl.py:42:31: error: Module has no attribute "DEBUG"  [attr-defined]
(beerfactory)hbmqtt/samples/client_publish_acl.py:12:10: error: Module has no attribute "getLogger"  [attr-defined]
(beerfactory)hbmqtt/samples/client_publish_acl.py:35:5: error: Module has no attribute "basicConfig"  [attr-defined]
(beerfactory)hbmqtt/samples/client_publish_acl.py:35:31: error: Module has no attribute "DEBUG"  [attr-defined]
(beerfactory)hbmqtt/samples/client_subscribe_acl.py:14:10: error: Module has no attribute "getLogger"  [attr-defined]
(beerfactory)hbmqtt/samples/client_subscribe_acl.py:45:5: error: Module has no attribute "basicConfig"  [attr-defined]
(beerfactory)hbmqtt/samples/client_subscribe_acl.py:45:31: error: Module has no attribute "INFO"  [attr-defined]
(beerfactory)hbmqtt/samples/client_keepalive.py:13:10: error: Module has no attribute "getLogger"  [attr-defined]
(beerfactory)hbmqtt/samples/client_keepalive.py:32:5: error: Module has no attribute "basicConfig"  [attr-defined]
(beerfactory)hbmqtt/samples/client_keepalive.py:32:31: error: Module has no attribute "DEBUG"  [attr-defined]
(beerfactory)hbmqtt/samples/client_publish.py:13:10: error: Module has no attribute "getLogger"  [attr-defined]
(beerfactory)hbmqtt/samples/client_publish.py:57:5: error: Module has no attribute "basicConfig"  [attr-defined]
(beerfactory)hbmqtt/samples/client_publish.py:57:31: error: Module has no attribute "DEBUG"  [attr-defined]
(beerfactory)hbmqtt/samples/broker_taboo.py:6:10: error: Module has no attribute "getLogger"  [attr-defined]
(beerfactory)hbmqtt/samples/broker_taboo.py:47:5: error: Module has no attribute "basicConfig"  [attr-defined]
(beerfactory)hbmqtt/samples/broker_taboo.py:47:31: error: Module has no attribute "INFO"  [attr-defined]
(beerfactory)hbmqtt/samples/client_publish_ws.py:13:10: error: Module has no attribute "getLogger"  [attr-defined]
(beerfactory)hbmqtt/samples/client_publish_ws.py:43:5: error: Module has no attribute "basicConfig"  [attr-defined]
(beerfactory)hbmqtt/samples/client_publish_ws.py:43:31: error: Module has no attribute "DEBUG"  [attr-defined]
(beerfactory)hbmqtt/scripts/broker_script.py:49:10: error: Module has no attribute "getLogger"  [attr-defined]
(beerfactory)hbmqtt/hbmqtt/plugins/manager.py:18:1: error: Need type annotation for 'plugins_manager' (hint: "plugins_manager: Dict[<type>, <type>] = ...")  [var-annotated]
(beerfactory)hbmqtt/hbmqtt/mqtt/packet.py:173:22: error: Too few arguments for "to_bytes" of "MQTTPayload"  [call-arg]
(beerfactory)hbmqtt/hbmqtt/mqtt/packet.py:204:28: error: Incompatible types in assignment (expression has type "datetime", variable has type "None")  [assignment]
(beerfactory)hbmqtt/hbmqtt/mqtt/packet.py:212:70: error: Argument 2 to "to_bytes" of "MQTTPayload" has incompatible type "Optional[MQTTVariableHeader]"; expected "MQTTVariableHeader"  [arg-type]
(beerfactory)hbmqtt/hbmqtt/mqtt/packet.py:242:32: error: Incompatible types in assignment (expression has type "datetime", variable has type "None")  [assignment]
(beerfactory)hbmqtt/scripts/sub_script.py:46:10: error: Module has no attribute "getLogger"  [attr-defined]
(beerfactory)hbmqtt/scripts/pub_script.py:48:10: error: Module has no attribute "getLogger"  [attr-defined]
(beerfactory)hbmqtt/tests/plugins/test_authentication.py:14:1: error: Module has no attribute "basicConfig"  [attr-defined]
(beerfactory)hbmqtt/tests/plugins/test_authentication.py:14:27: error: Module has no attribute "DEBUG"  [attr-defined]
(beerfactory)hbmqtt/tests/plugins/test_manager.py:10:1: error: Module has no attribute "basicConfig"  [attr-defined]
(beerfactory)hbmqtt/tests/plugins/test_manager.py:10:27: error: Module has no attribute "INFO"  [attr-defined]
(beerfactory)hbmqtt/tests/test_client.py:13:1: error: Module has no attribute "basicConfig"  [attr-defined]
(beerfactory)hbmqtt/tests/test_client.py:13:27: error: Module has no attribute "ERROR"  [attr-defined]
(beerfactory)hbmqtt/tests/test_client.py:14:7: error: Module has no attribute "getLogger"  [attr-defined]
(beerfactory)hbmqtt/tests/plugins/test_persistence.py:14:1: error: Module has no attribute "basicConfig"  [attr-defined]
(beerfactory)hbmqtt/tests/plugins/test_persistence.py:14:27: error: Module has no attribute "DEBUG"  [attr-defined]
(beerfactory)hbmqtt/hbmqtt/utils.py:9:10: error: Module has no attribute "getLogger"  [attr-defined]
(beerfactory)hbmqtt/hbmqtt/adapters.py:72: error: The return type of a generator function should be "Generator" or one of its supertypes  [misc]
(beerfactory)hbmqtt/hbmqtt/adapters.py:141: error: The return type of a generator function should be "Generator" or one of its supertypes  [misc]
(beerfactory)hbmqtt/hbmqtt/adapters.py:160:23: error: Module has no attribute "getLogger"  [attr-defined]
(beerfactory)hbmqtt/hbmqtt/adapters.py:192:16: error: Incompatible return value type (got "bytes", expected "AwaitableGenerator[Any, Any, Any, bytes]")  [return-value]
Found 81 errors in 33 files (checked 59 source files)

[RRepo](MycroftAI)mycroft-core
(MycroftAI)mycroft-core/test/unittests/messagebus/client/test_client.py:17:1: error: Module 'mycroft.messagebus.client' has no attribute 'MessageBusClient'  [attr-defined]
(MycroftAI)mycroft-core/mycroft/tts/espeak_tts.py:17:1: error: Module 'mycroft.tts' has no attribute 'TTS'  [attr-defined]
(MycroftAI)mycroft-core/mycroft/tts/espeak_tts.py:17:1: error: Module 'mycroft.tts' has no attribute 'TTSValidator'  [attr-defined]
(MycroftAI)mycroft-core/mycroft/tts/spdsay_tts.py:17:1: error: Module 'mycroft.tts' has no attribute 'TTS'  [attr-defined]
(MycroftAI)mycroft-core/mycroft/tts/spdsay_tts.py:17:1: error: Module 'mycroft.tts' has no attribute 'TTSValidator'  [attr-defined]
(MycroftAI)mycroft-core/mycroft/tts/google_tts.py:17:1: error: Module 'mycroft.tts' has no attribute 'TTS'  [attr-defined]
(MycroftAI)mycroft-core/mycroft/tts/google_tts.py:17:1: error: Module 'mycroft.tts' has no attribute 'TTSValidator'  [attr-defined]
(MycroftAI)mycroft-core/mycroft/skills/common_query_skill.py:27:23: error: IntEnum() expects a string, tuple, list or dict literal as the second argument  [misc]
(MycroftAI)mycroft-core/mycroft/configuration/config.py:179:5: error: Need type annotation for '__config' (hint: "__config: Dict[<type>, <type>] = ...")  [var-annotated]
(MycroftAI)mycroft-core/mycroft/configuration/config.py:180:5: error: Need type annotation for '__patch' (hint: "__patch: Dict[<type>, <type>] = ...")  [var-annotated]
(MycroftAI)mycroft-core/mycroft/util/download.py:22:1: error: Need type annotation for '_running_downloads' (hint: "_running_downloads: Dict[<type>, <type>] = ...")  [var-annotated]
(MycroftAI)mycroft-core/mycroft/client/speech/hotword_factory.py:16:1: error: Module 'time' has no attribute 'sleep'  [attr-defined]
(MycroftAI)mycroft-core/mycroft/tts/remote_tts.py:19:1: error: Module 'mycroft.tts' has no attribute 'TTS'  [attr-defined]
(MycroftAI)mycroft-core/mycroft/tts/remote_tts.py:20:1: error: Module 'mycroft.util' has no attribute 'remove_last_slash'  [attr-defined]
(MycroftAI)mycroft-core/mycroft/tts/remote_tts.py:20:1: error: Module 'mycroft.util' has no attribute 'play_wav'  [attr-defined]
(MycroftAI)mycroft-core/mycroft/enclosure/display_manager.py:40:1: error: Module 'mycroft.messagebus.client' has no attribute 'MessageBusClient'  [attr-defined]
(MycroftAI)mycroft-core/mycroft/enclosure/display_manager.py:41:1: error: Module 'mycroft.util' has no attribute 'get_ipc_directory'  [attr-defined]
(MycroftAI)mycroft-core/mycroft/dialog/__init__.py:21:1: error: Module 'mycroft.util' has no attribute 'resolve_resource_file'  [attr-defined]
(MycroftAI)mycroft-core/test/unittests/messagebus/client/test_threaded_event_emitter.py:15:1: error: Module 'time' has no attribute 'sleep'  [attr-defined]
(MycroftAI)mycroft-core/test/unittests/messagebus/client/test_threaded_event_emitter.py:17:1: error: Module 'mycroft' has no attribute 'Message'  [attr-defined]

[RRepo](valesi)CloudBot
(valesi)CloudBot/cloudbot/util/timeparse.py:56:17: error: Not all arguments converted during string formatting  [str-format]

[RRepo](mmathioudakis)geotopics
(mmathioudakis)geotopics/model/plotting.py:5:1: error: Module 'model' has no attribute 'Statistics'  [attr-defined]

[RRepo](gratefulfrog)ArduGuitar
(gratefulfrog)ArduGuitar/Ardu2/design/POC-3_MAX395/pyboard/DraftDevt/ps2.py:73:10: error: invalid syntax  [syntax]
Found 1 error in 1 file (checked 136 source files)

[RRepo](morefigs)pymba
Success: no issues found in 4 source files

[RRepo](OpenNetworkingFoundation)Snowmass-ONFOpenTransport
(OpenNetworkingFoundation)Snowmass-ONFOpenTransport/RI/flask_server/tapi_server/models/base_model_.py:14:5: error: Need type annotation for 'openapi_types' (hint: "openapi_types: Dict[<type>, <type>] = ...")  [var-annotated]
(OpenNetworkingFoundation)Snowmass-ONFOpenTransport/RI/flask_server/tapi_server/models/base_model_.py:18:5: error: Need type annotation for 'attribute_map' (hint: "attribute_map: Dict[<type>, <type>] = ...")  [var-annotated]
Found 2 errors in 1 file (checked 339 source files)

[RRepo](Scthe)MeshFromCurve_blender
(Scthe)MeshFromCurve_blender/meshFromCurve.py:258:15: error: Invalid type comment or annotation  [valid-type]
(Scthe)MeshFromCurve_blender/meshFromCurve.py:258:15: note: Suggestion: use IntProperty[...] instead of IntProperty(...)
(Scthe)MeshFromCurve_blender/meshFromCurve.py:265:13: error: Invalid type comment or annotation  [valid-type]
(Scthe)MeshFromCurve_blender/meshFromCurve.py:265:13: note: Suggestion: use BoolProperty[...] instead of BoolProperty(...)
Found 2 errors in 1 file (checked 1 source file)

[RRepo](kubeflow)code-intelligence
(kubeflow)code-intelligence/Notifications/tests/notifications_test.py:3:1: error: Module 'notifications' has no attribute 'notifications'  [attr-defined]
(kubeflow)code-intelligence/py/code_intelligence/inference.py:123:13: error: Name 'logging' is not defined  [name-defined]
(kubeflow)code-intelligence/py/code_intelligence/inference.py:198:9: error: Need type annotation for 'hidden_states_batched' (hint: "hidden_states_batched: List[<type>] = ...")  [var-annotated]
(kubeflow)code-intelligence/py/code_intelligence/inference.py:211:16: error: "List[Any]" has no attribute "shape"  [attr-defined]
(kubeflow)code-intelligence/py/code_intelligence/inference.py:240:26: error: No overload variant of "mean" of "Tensor" matches argument type "int"  [call-overload]
(kubeflow)code-intelligence/py/code_intelligence/inference.py:240:26: note: Possible overload variants:
(kubeflow)code-intelligence/py/code_intelligence/inference.py:240:26: note:     def mean(self, *, dtype: Optional[dtype] = ...) -> Tensor
(kubeflow)code-intelligence/py/code_intelligence/inference.py:240:26: note:     def mean(self, dim: Union[int, Union[Size, List[int], Tuple[int, ...]]], keepdim: bool = ..., *, dtype: Optional[dtype] = ...) -> Tensor
(kubeflow)code-intelligence/py/code_intelligence/inference.py:240:26: note:     def mean(self, dim: List[Optional[str]], keepdim: bool = ..., *, dtype: Optional[dtype] = ...) -> Tensor
(kubeflow)code-intelligence/py/code_intelligence/inference.py:240:44: error: No overload variant of "max" of "Tensor" matches argument type "int"  [call-overload]
(kubeflow)code-intelligence/py/code_intelligence/inference.py:240:44: note:     def max(self, dim: int, keepdim: bool = ...) -> Tuple[Tensor, Tensor]
(kubeflow)code-intelligence/py/code_intelligence/inference.py:240:44: note:     def max(self, dim: Optional[str], keepdim: bool = ...) -> Tuple[Tensor, Tensor]
(kubeflow)code-intelligence/py/code_intelligence/inference.py:240:44: note:     <2 more similar overloads not shown, out of 4 total overloads>
Found 6 errors in 2 files (checked 13 source files)

[RRepo](asphalt-framework)asphalt-web
(asphalt-framework)asphalt-web/asphalt/web/session/stores/mongodb.py:40:15: error: "str" has no attribute "create_index"  [attr-defined]
(asphalt-framework)asphalt-web/asphalt/web/session/stores/mongodb.py:43:26: error: "str" has no attribute "find_one"  [attr-defined]
(asphalt-framework)asphalt-web/asphalt/web/session/stores/mongodb.py:54:15: error: "str" has no attribute "save"  [attr-defined]
(asphalt-framework)asphalt-web/asphalt/web/session/stores/memory.py:37:39: error: Unsupported operand types for > ("datetime" and "int")  [operator]
(asphalt-framework)asphalt-web/asphalt/web/session/stores/sqlalchemy.py:5:1: error: Module 'sqlalchemy' has no attribute 'DateTime'  [attr-defined]
(asphalt-framework)asphalt-web/asphalt/web/session/stores/sqlalchemy.py:9:1: error: Module 'sqlalchemy' has no attribute 'Column'  [attr-defined]
(asphalt-framework)asphalt-web/asphalt/web/session/stores/sqlalchemy.py:9:1: error: Module 'sqlalchemy' has no attribute 'MetaData'  [attr-defined]
(asphalt-framework)asphalt-web/asphalt/web/session/stores/sqlalchemy.py:9:1: error: Module 'sqlalchemy' has no attribute 'Table'  [attr-defined]
(asphalt-framework)asphalt-web/asphalt/web/session/stores/sqlalchemy.py:9:1: error: Module 'sqlalchemy' has no attribute 'String'  [attr-defined]
(asphalt-framework)asphalt-web/asphalt/web/session/stores/sqlalchemy.py:9:1: error: Module 'sqlalchemy' has no attribute 'LargeBinary'  [attr-defined]
(asphalt-framework)asphalt-web/asphalt/web/session/stores/sqlalchemy.py:43:13: error: Item "str" of "Union[Any, str]" has no attribute "execute"  [union-attr]
(asphalt-framework)asphalt-web/asphalt/web/session/stores/sqlalchemy.py:59:15: error: Item "str" of "Union[Any, str]" has no attribute "execute"  [union-attr]
(asphalt-framework)asphalt-web/asphalt/web/rpc/jsonrpc.py:67:19: error: Invalid index type "Union[str, float, Dict[Any, Any], List[Any]]" for "Dict[str, object]"; expected type "str"  [index]
(asphalt-framework)asphalt-web/asphalt/web/rpc/jsonrpc.py:80:13: error: Attribute 'serializer' already defined on line 55  [no-redef]
(asphalt-framework)asphalt-web/asphalt/web/rpc/jsonrpc.py:99:60: error: Name 'parent_ctx' is not defined  [name-defined]
(asphalt-framework)asphalt-web/asphalt/web/rpc/jsonrpc.py:99:72: error: Name 'request' is not defined  [name-defined]
(asphalt-framework)asphalt-web/asphalt/web/rpc/jsonrpc.py:133:28: error: Incompatible types in assignment (expression has type "Tuple[]", variable has type "List[Any]")  [assignment]
(asphalt-framework)asphalt-web/asphalt/web/rpc/base.py:70:40: error: Argument 2 to "register_method" of "BaseRPCRouter" has incompatible type "Union[str, Callable[..., Any]]"; expected "Optional[str]"  [arg-type]
(asphalt-framework)asphalt-web/asphalt/web/rpc/base.py:77:20: error: "register_method" of "BaseRPCRouter" does not return a value  [func-returns-value]
(asphalt-framework)asphalt-web/asphalt/web/router.py:34:9: error: "Callable[[], _lru_cache_wrapper[_T]]" has no attribute "cache_clear"  [attr-defined]
(asphalt-framework)asphalt-web/asphalt/web/router.py:57:31: error: Incompatible types in assignment (expression has type "Set[str]", variable has type "List[str]")  [assignment]
(asphalt-framework)asphalt-web/asphalt/web/router.py:72:9: error: "Callable[[], _lru_cache_wrapper[_T]]" has no attribute "cache_clear"  [attr-defined]
(asphalt-framework)asphalt-web/asphalt/web/router.py:78:36: error: Please use "Callable[[<parameters>], <return type>]" or "Callable"  [misc]
(asphalt-framework)asphalt-web/asphalt/web/router.py:103:6: error: Argument 1 to "lru_cache" has incompatible type "Callable[[URLDispatchRouter, str], Any]"; expected "Optional[int]"  [arg-type]
(asphalt-framework)asphalt-web/asphalt/web/router.py:119:6: error: Argument 1 to "lru_cache" has incompatible type "Callable[[URLDispatchRouter, str, str], Optional[Any]]"; expected "Optional[int]"  [arg-type]
(asphalt-framework)asphalt-web/asphalt/web/utils.py:40:13: error: Need type annotation for 'cache'  [var-annotated]
(asphalt-framework)asphalt-web/asphalt/web/utils.py:46:15: error: Need type annotation for 'headers'  [var-annotated]
(asphalt-framework)asphalt-web/asphalt/web/utils.py:49:15: error: Incompatible types in assignment (expression has type "str", variable has type "bytes")  [assignment]
(asphalt-framework)asphalt-web/asphalt/web/utils.py:50:17: error: Incompatible types in assignment (expression has type "str", variable has type "bytes")  [assignment]
(asphalt-framework)asphalt-web/asphalt/web/utils.py:51:21: error: Argument 1 to "add" of "CIMultiDict" has incompatible type "bytes"; expected "Union[str, istr]"  [arg-type]
(asphalt-framework)asphalt-web/asphalt/web/utils.py:77:43: error: Argument 2 to "unquote" has incompatible type "Optional[str]"; expected "str"  [arg-type]
(asphalt-framework)asphalt-web/asphalt/web/utils.py:118:15: error: Incompatible types in assignment (expression has type "bytes", variable has type "str")  [assignment]
(asphalt-framework)asphalt-web/asphalt/web/utils.py:119:27: error: Unsupported operand types for + ("bytes" and "str")  [operator]
(asphalt-framework)asphalt-web/asphalt/web/utils.py:121:30: error: Argument 1 to "quote" has incompatible type "Union[str, datetime, Number]"; expected "str"  [arg-type]
(asphalt-framework)asphalt-web/asphalt/web/utils.py:124:28: error: Incompatible types in assignment (expression has type "bytes", variable has type "str")  [assignment]
(asphalt-framework)asphalt-web/asphalt/web/utils.py:132:52: error: Unsupported operand types for + ("bytes" and "str")  [operator]
(asphalt-framework)asphalt-web/asphalt/web/utils.py:135:39: error: Unsupported operand types for + ("bytes" and "str")  [operator]
(asphalt-framework)asphalt-web/asphalt/web/utils.py:135:52: error: Incompatible types in assignment (expression has type "bytes", variable has type "str")  [assignment]
(asphalt-framework)asphalt-web/asphalt/web/utils.py:137:30: error: Unsupported operand types for + ("bytes" and "str")  [operator]
(asphalt-framework)asphalt-web/asphalt/web/servers/http.py:42:28: error: Incompatible types in assignment (expression has type "Coroutine[Any, Any, AbstractServer]", variable has type "None")  [assignment]
(asphalt-framework)asphalt-web/asphalt/web/servers/http.py:45:28: error: Incompatible types in assignment (expression has type "Coroutine[Any, Any, AbstractServer]", variable has type "None")  [assignment]
(asphalt-framework)asphalt-web/asphalt/web/servers/http.py:51:9: error: "None" has no attribute "close"  [attr-defined]
(asphalt-framework)asphalt-web/asphalt/web/servers/http.py:52:15: error: "None" has no attribute "wait_closed"  [attr-defined]
(asphalt-framework)asphalt-web/asphalt/web/servers/http.py:62:16: error: Incompatible types in assignment (expression has type "None", variable has type "StreamReader")  [assignment]
(asphalt-framework)asphalt-web/asphalt/web/rpc/xmlrpc/serialization.py:14:1: error: Need type annotation for '_serializers'  [var-annotated]
(asphalt-framework)asphalt-web/asphalt/web/rpc/xmlrpc/serialization.py:15:1: error: Need type annotation for '_deserializers'  [var-annotated]
Found 46 errors in 9 files (checked 22 source files)

[RRepo](kolypto)py-mongosql
(kolypto)py-mongosql/tests/benchmarks/benchmark_v2_vs_v1.py:22:19: error: Name 'get_working_db_for_tests' is not defined  [name-defined]
(kolypto)py-mongosql/tests/benchmarks/benchmark_one_query.py:11:19: error: Name 'get_working_db_for_tests' is not defined  [name-defined]
(kolypto)py-mongosql/mongosql/handlers/sort.py:40:1: error: Relative import climbs too many namespaces  [misc]
(kolypto)py-mongosql/mongosql/handlers/sort.py:41:1: error: Relative import climbs too many namespaces  [misc]
(kolypto)py-mongosql/mongosql/handlers/limit.py:28:1: error: Relative import climbs too many namespaces  [misc]
(kolypto)py-mongosql/mongosql/handlers/limit.py:96:16: error: Parameterized generics cannot be used with class or instance checks  [misc]
(kolypto)py-mongosql/mongosql/handlers/limit.py:96:39: error: The type alias is invalid in runtime context  [misc]
(kolypto)py-mongosql/mongosql/handlers/limit.py:98:16: error: Parameterized generics cannot be used with class or instance checks  [misc]
(kolypto)py-mongosql/mongosql/handlers/limit.py:98:40: error: The type alias is invalid in runtime context  [misc]
(kolypto)py-mongosql/mongosql/handlers/count.py:26:1: error: Relative import climbs too many namespaces  [misc]
(kolypto)py-mongosql/mongosql/handlers/count.py:69:16: error: Parameterized generics cannot be used with class or instance checks  [misc]
(kolypto)py-mongosql/mongosql/handlers/count.py:69:46: error: The type alias is invalid in runtime context  [misc]
(kolypto)py-mongosql/mongosql/handlers/base.py:1:1: error: Relative import climbs too many namespaces  [misc]
(kolypto)py-mongosql/mongosql/handlers/base.py:2:1: error: Relative import climbs too many namespaces  [misc]
(kolypto)py-mongosql/mongosql/util/mongoquery_settings_handler.py:7:1: error: Relative import climbs too many namespaces  [misc]
(kolypto)py-mongosql/mongosql/util/mongoquery_settings_handler.py:37:9: error: Need type annotation for '_handler_names' (hint: "_handler_names: Set[<type>] = ...")  [var-annotated]
(kolypto)py-mongosql/mongosql/util/mongoquery_settings_handler.py:40:9: error: Need type annotation for '_handler_kwargs_names' (hint: "_handler_kwargs_names: Dict[<type>, <type>] = ...")  [var-annotated]
(kolypto)py-mongosql/mongosql/util/mongoquery_settings_handler.py:43:9: error: Need type annotation for '_all_known_kwargs_names' (hint: "_all_known_kwargs_names: Set[<type>] = ...")  [var-annotated]
(kolypto)py-mongosql/mongosql/util/mongoquery_settings_handler.py:46:9: error: Need type annotation for '_disabled_handlers' (hint: "_disabled_handlers: Set[<type>] = ...")  [var-annotated]
(kolypto)py-mongosql/mongosql/util/mongoquery_settings_handler.py:95:61: error: Cannot access "__init__" directly  [misc]
(kolypto)py-mongosql/mongosql/util/mongoquery_settings_handler.py:197:16: error: Incompatible return value type (got "Optional[Dict[Any, Any]]", expected "Dict[Any, Any]")  [return-value]
(kolypto)py-mongosql/mongosql/util/selectinquery.py:164:2: error: Name 'selectinquery' already defined on line 137  [no-redef]
(kolypto)py-mongosql/mongosql/util/raiseload_col.py:21:2: error: Name 'raiseload_col' already defined on line 6  [no-redef]
(kolypto)py-mongosql/tests/benchmarks/benchmark_utils.py:1:1: error: Module 'time' has no attribute 'time_ns'  [attr-defined]
(kolypto)py-mongosql/mongosql/util/inspect.py:10:15: error: Module has no attribute "getfullargspec"  [attr-defined]
(kolypto)py-mongosql/mongosql/sa.py:30:5: error: Need type annotation for '__mongoquery_per_class_cache' (hint: "__mongoquery_per_class_cache: Dict[<type>, <type>] = ...")  [var-annotated]
(kolypto)py-mongosql/mongosql/sa.py:64:9: error: "Type[MongoSqlBase]" has no attribute "__cached_mongoquery"  [attr-defined]
Found 27 errors in 12 files (checked 25 source files)

[RRepo](slackapi)python-slackclient
(slackapi)python-slackclient/slack/web/classes/__init__.py:81:9: error: "Callable[..., Any]" has no attribute "validator"  [attr-defined]
(slackapi)python-slackclient/slack/web/classes/__init__.py:108:13: error: List comprehension has incompatible type List[Union[Any, str]]; expected List[Dict[Any, Any]]  [misc]
(slackapi)python-slackclient/slack/web/classes/__init__.py:109:25: error: Item "JsonObject" of "Union[JsonObject, List[JsonObject], str]" has no attribute "__iter__" (not iterable)  [union-attr]
(slackapi)python-slackclient/slack/web/classes/__init__.py:113:13: error: Incompatible return value type (got "Union[Dict[Any, Any], List[JsonObject], str]", expected "Union[Dict[Any, Any], List[Dict[Any, Any]], str]")  [return-value]
(slackapi)python-slackclient/setup.py:24:5: error: Need type annotation for 'user_options' (hint: "user_options: List[<type>] = ...")  [var-annotated]

[RRepo](IlyaGusev)PoetryCorpus
(IlyaGusev)PoetryCorpus/poetry/apps/corpus/spiders/themes.py:17:5: error: Need type annotation for 'custom_settings' (hint: "custom_settings: Dict[<type>, <type>] = ...")  [var-annotated]
(IlyaGusev)PoetryCorpus/poetry/apps/corpus/spiders/rupoem.py:11:5: error: Need type annotation for 'custom_settings' (hint: "custom_settings: Dict[<type>, <type>] = ...")  [var-annotated]
(IlyaGusev)PoetryCorpus/poetry/apps/corpus/spiders/strofa.py:8:5: error: Need type annotation for 'custom_settings' (hint: "custom_settings: Dict[<type>, <type>] = ...")  [var-annotated]
(IlyaGusev)PoetryCorpus/poetry/apps/corpus/spiders/klassika.py:8:5: error: Need type annotation for 'custom_settings' (hint: "custom_settings: Dict[<type>, <type>] = ...")  [var-annotated]
Found 4 errors in 4 files (checked 27 source files)

[RRepo](mbouchenoire)discloud
(mbouchenoire)discloud/discloud/message_factory.py:21:47: error: Argument 1 to "update" of "dict" has incompatible type "Dict[str, float]"; expected "Mapping[str, int]"  [arg-type]
(mbouchenoire)discloud/discloud/message_factory.py:48:5: error: Missing return statement  [return]
(mbouchenoire)discloud/discloud/__init__.py:116:77: error: Argument 2 to "__read_env_variable__" of "ConfigurationFactory" has incompatible type "None"; expected "str"  [arg-type]
(mbouchenoire)discloud/discloud/__init__.py:117:91: error: Argument 2 to "__read_env_variable__" of "ConfigurationFactory" has incompatible type "None"; expected "str"  [arg-type]
(mbouchenoire)discloud/discloud/__init__.py:132:71: error: Argument 2 to "__read_env_variable__" of "ConfigurationFactory" has incompatible type "None"; expected "str"  [arg-type]
(mbouchenoire)discloud/discloud/weather.py:65:9: error: Need type annotation for '_past_requests' (hint: "_past_requests: List[<type>] = ...")  [var-annotated]
(mbouchenoire)discloud/discloud/weather.py:86:16: error: Incompatible return value type (got "str", expected "int")  [return-value]
(mbouchenoire)discloud/discloud/weather.py:221:26: error: Incompatible types in assignment (expression has type "float", variable has type "int")  [assignment]
Found 8 errors in 3 files (checked 5 source files)

[RRepo](ssola)python-flask-microservice
(ssola)python-flask-microservice/services/elasticsearch.py:1:1: error: Module 'elasticsearch' has no attribute 'Elasticsearch'; maybe "ElasticSearchIndex"?  [attr-defined]
(ssola)python-flask-microservice/services/elasticsearch.py:41:20: error: "None" has no attribute "indices"  [attr-defined]
(ssola)python-flask-microservice/services/elasticsearch.py:42:17: error: "None" has no attribute "indices"  [attr-defined]

[RRepo](chwarr)bond
(chwarr)bond/tools/ci-scripts/linux/image-cleanup/collect_images.py:84:15: error: Not all arguments converted during string formatting  [str-format]
Found 1 error in 1 file (checked 7 source files)

[RRepo](firetools)blenderfds
(firetools)blenderfds/blender-py-examples/uilist of files.py:94:77: error: invalid syntax  [syntax]
Found 1 error in 1 file (checked 25 source files)

[RRepo](ibis-project)ibis
(ibis-project)ibis/ibis/impala/metadata.py:233:5: error: Need type annotation for '_storage_param_cleaners' (hint: "_storage_param_cleaners: Dict[<type>, <type>] = ...")  [var-annotated]

[RRepo](linsalrob)EdwardsLab
(linsalrob)EdwardsLab/perl/alignment/gapped_alignment.py:99:40: error: Missing parentheses in call to 'print'. Did you mean print('should not get here')?  [syntax]
Found 1 error in 1 file (checked 136 source files)

[RRepo](kprestel)PyInvestment
(kprestel)PyInvestment/pytech/utils/exceptions.py:35:11: error: Incompatible types in assignment (expression has type "str", base class "PyInvestmentError" defined the type as "None")  [assignment]
(kprestel)PyInvestment/pytech/utils/exceptions.py:43:11: error: Incompatible types in assignment (expression has type "str", base class "PyInvestmentError" defined the type as "None")  [assignment]
(kprestel)PyInvestment/pytech/utils/exceptions.py:51:12: error: Incompatible types in assignment (expression has type "str", base class "PyInvestmentError" defined the type as "None")  [assignment]
(kprestel)PyInvestment/pytech/utils/exceptions.py:60:12: error: Incompatible types in assignment (expression has type "str", base class "PyInvestmentError" defined the type as "None")  [assignment]
(kprestel)PyInvestment/pytech/utils/exceptions.py:69:11: error: Incompatible types in assignment (expression has type "str", base class "PyInvestmentError" defined the type as "None")  [assignment]
(kprestel)PyInvestment/pytech/utils/exceptions.py:74:11: error: Incompatible types in assignment (expression has type "str", base class "PyInvestmentError" defined the type as "None")  [assignment]
(kprestel)PyInvestment/pytech/utils/exceptions.py:82:11: error: Incompatible types in assignment (expression has type "str", base class "PyInvestmentError" defined the type as "None")  [assignment]
(kprestel)PyInvestment/pytech/utils/exceptions.py:87:12: error: Incompatible types in assignment (expression has type "str", base class "PyInvestmentError" defined the type as "None")  [assignment]
(kprestel)PyInvestment/pytech/utils/exceptions.py:94:12: error: Incompatible types in assignment (expression has type "str", base class "PyInvestmentError" defined the type as "None")  [assignment]
(kprestel)PyInvestment/pytech/utils/exceptions.py:103:11: error: Incompatible types in assignment (expression has type "str", base class "PyInvestmentError" defined the type as "None")  [assignment]
(kprestel)PyInvestment/pytech/utils/exceptions.py:108:12: error: Incompatible types in assignment (expression has type "str", base class "PyInvestmentError" defined the type as "None")  [assignment]
(kprestel)PyInvestment/pytech/utils/exceptions.py:117:11: error: Incompatible types in assignment (expression has type "str", base class "PyInvestmentError" defined the type as "None")  [assignment]
(kprestel)PyInvestment/pytech/utils/exceptions.py:125:11: error: Incompatible types in assignment (expression has type "str", base class "PyInvestmentError" defined the type as "None")  [assignment]
(kprestel)PyInvestment/pytech/utils/exceptions.py:129:11: error: Incompatible types in assignment (expression has type "str", base class "PyInvestmentError" defined the type as "None")  [assignment]
(kprestel)PyInvestment/pytech/utils/exceptions.py:133:12: error: Incompatible types in assignment (expression has type "str", base class "PyInvestmentError" defined the type as "None")  [assignment]
(kprestel)PyInvestment/pytech/utils/exceptions.py:139:12: error: Incompatible types in assignment (expression has type "str", base class "PyInvestmentError" defined the type as "None")  [assignment]
(kprestel)PyInvestment/pytech/utils/exceptions.py:145:11: error: Incompatible types in assignment (expression has type "str", base class "PyInvestmentError" defined the type as "None")  [assignment]
(kprestel)PyInvestment/pytech/utils/exceptions.py:149:12: error: Incompatible types in assignment (expression has type "str", base class "PyInvestmentError" defined the type as "None")  [assignment]
(kprestel)PyInvestment/pytech/utils/exceptions.py:154:11: error: Incompatible types in assignment (expression has type "str", base class "PyInvestmentError" defined the type as "None")  [assignment]
(kprestel)PyInvestment/pytech/data/reader.py:85:70: error: Argument 3 to "_single_get_data" of "BarReader" has incompatible type "Optional[datetime]"; expected "datetime"  [arg-type]
(kprestel)PyInvestment/pytech/data/reader.py:86:53: error: Argument 4 to "_single_get_data" of "BarReader" has incompatible type "Optional[datetime]"; expected "datetime"  [arg-type]
(kprestel)PyInvestment/pytech/data/reader.py:96:69: error: Argument 3 to "_mult_tickers_get_data" of "BarReader" has incompatible type "Optional[datetime]"; expected "datetime"  [arg-type]
(kprestel)PyInvestment/pytech/data/reader.py:96:76: error: Argument 4 to "_mult_tickers_get_data" of "BarReader" has incompatible type "Optional[datetime]"; expected "datetime"  [arg-type]
(kprestel)PyInvestment/pytech/trading/controls.py:155:23: error: Unsupported operand types for * ("int" and "None")  [operator]
(kprestel)PyInvestment/pytech/trading/controls.py:155:23: note: Right operand is of type "Optional[float]"
(kprestel)PyInvestment/pytech/fin/analysis/portfolio.py:77:16: error: Incompatible return value type (got "List[List[Any]]", expected "List[float]")  [return-value]
(kprestel)PyInvestment/pytech/fin/balancer.py:104:39: error: Syntax error in type annotation  [syntax]
(kprestel)PyInvestment/pytech/fin/balancer.py:104:39: note: Suggestion: Use Tuple[T1, ..., Tn] instead of (T1, ..., Tn)
(kprestel)PyInvestment/pytech/utils/common_utils.py:41:5: error: Need type annotation for '_shared_state' (hint: "_shared_state: Dict[<type>, <type>] = ...")  [var-annotated]
(kprestel)PyInvestment/pytech/mongo/portfolio_store.py:30:21: error: Invalid type comment or annotation  [valid-type]
(kprestel)PyInvestment/pytech/mongo/portfolio_store.py:33:31: error: Invalid type comment or annotation  [valid-type]
(kprestel)PyInvestment/pytech/mongo/portfolio_store.py:64:30: error: Invalid type comment or annotation  [valid-type]
(kprestel)PyInvestment/pytech/mongo/portfolio_store.py:65:35: error: Invalid type comment or annotation  [valid-type]
(kprestel)PyInvestment/pytech/mongo/barstore.py:27:27: error: Invalid type comment or annotation  [valid-type]
(kprestel)PyInvestment/pytech/mongo/barstore.py:29:27: error: Invalid type comment or annotation  [valid-type]
(kprestel)PyInvestment/pytech/mongo/barstore.py:50:21: error: Invalid type comment or annotation  [valid-type]
(kprestel)PyInvestment/pytech/mongo/barstore.py:80:29: error: Invalid type comment or annotation  [valid-type]
(kprestel)PyInvestment/pytech/mongo/barstore.py:93:22: error: Invalid type comment or annotation  [valid-type]
(kprestel)PyInvestment/pytech/mongo/barstore.py:125:22: error: Invalid type comment or annotation  [valid-type]
(kprestel)PyInvestment/pytech/backtest/event.py:28:16: error: Too many arguments for "Event"  [call-arg]
(kprestel)PyInvestment/pytech/backtest/event.py:146:31: error: Invalid type comment or annotation  [valid-type]
(kprestel)PyInvestment/pytech/backtest/event.py:184:22: error: Invalid type comment or annotation  [valid-type]
(kprestel)PyInvestment/pytech/backtest/event.py:206:22: error: Invalid type comment or annotation  [valid-type]
(kprestel)PyInvestment/pytech/utils/dt_utils.py:93:38: error: Item "date" of "Union[date, datetime]" has no attribute "date"  [union-attr]
Found 42 errors in 10 files (checked 42 source files)

[RRepo](ERA-URBAN)wrfpy
Success: no issues found in 26 source files

[RRepo](DatapuntAmsterdam)handelsregister
(DatapuntAmsterdam)handelsregister/web/handelsregister/geo_views/migrate.py:4:1: error: Need type annotation for 'view_history' (hint: "view_history: Dict[<type>, <type>] = ...")  [var-annotated]
(DatapuntAmsterdam)handelsregister/web/handelsregister/datasets/sbicodes/views.py:7:1: error: Module 'datasets.sbicodes' has no attribute 'serializers'  [attr-defined]
(DatapuntAmsterdam)handelsregister/web/handelsregister/search/documents.py:9:1: error: Module 'search' has no attribute 'analyzers'  [attr-defined]
(DatapuntAmsterdam)handelsregister/web/handelsregister/search/index.py:24:5: error: Need type annotation for 'doc_types' (hint: "doc_types: List[<type>] = ...")  [var-annotated]
(DatapuntAmsterdam)handelsregister/web/handelsregister/datasets/hr/tests/test_import_comm.py:11:1: error: Module 'datasets.kvkdump' has no attribute 'models'  [attr-defined]
(DatapuntAmsterdam)handelsregister/web/handelsregister/datasets/hr/tests/test_import_act.py:10:1: error: Module 'datasets.kvkdump' has no attribute 'models'  [attr-defined]

[RRepo](hasadna)knesset-data-pipelines
(hasadna)knesset-data-pipelines/datapackage_pipelines_knesset/committees/processors/committee_meetings_metadata.py:5:8: error: Need type annotation for 'aggs'  [var-annotated]
(hasadna)knesset-data-pipelines/datapackage_pipelines_knesset/committees/processors/committee_meetings_metadata.py:8:22: error: Need type annotation for 'meetings_topics' (hint: "meetings_topics: Dict[<type>, <type>] = ...")  [var-annotated]
(hasadna)knesset-data-pipelines/datapackage_pipelines_knesset/committees/processors/committee_meetings_metadata.py:32:1: error: Value of type "Optional[Any]" is not indexable  [index]
(hasadna)knesset-data-pipelines/committees/dist/render_meetings.py:22:34: error: Argument 1 to "update" of "_Hash" has incompatible type "str"; expected "Union[bytes, bytearray, memoryview]"  [arg-type]
(hasadna)knesset-data-pipelines/committees/dist/render_meetings.py:32:1: error: Need type annotation for 'meeting_stats' (hint: "meeting_stats: Dict[<type>, <type>] = ...")  [var-annotated]
(hasadna)knesset-data-pipelines/web_ui/flow.py:23:5: error: Need type annotation for 'load_stats'  [var-annotated]
(hasadna)knesset-data-pipelines/datapackage_pipelines_knesset/common/processors/dump_to_html.py:48:1: error: Need type annotation for 'stats' (hint: "stats: Dict[<type>, <type>] = ...")  [var-annotated]
(hasadna)knesset-data-pipelines/committees/dist/attendance.py:6:16: error: Need type annotation for 'aggregations'  [var-annotated]
(hasadna)knesset-data-pipelines/committees/dist/render_committees.py:119:1: error: Need type annotation for 'knesset_num_committees' (hint: "knesset_num_committees: Dict[<type>, <type>] = ...")  [var-annotated]
(hasadna)knesset-data-pipelines/committees/meetings_datapackage_zip.py:12:19: error: Incompatible types in assignment (expression has type "int", variable has type "Optional[str]")  [assignment]
(hasadna)knesset-data-pipelines/committees/gcs_list_files.py:29:1: error: Need type annotation for 'all_blobs' (hint: "all_blobs: Dict[<type>, <type>] = ...")  [var-annotated]
(hasadna)knesset-data-pipelines/members/read_presence.py:7:16: error: Need type annotation for 'aggregations'  [var-annotated]
Found 12 errors in 9 files (checked 73 source files)

[RRepo](decathorpe)kentauros
(decathorpe)kentauros/kentauros/modules/module.py:3:1: error: Module 'kentauros.context' has no attribute 'KtrContext'  [attr-defined]
(decathorpe)kentauros/kentauros/modules/module.py:4:1: error: Module 'kentauros.package' has no attribute 'KtrPackage'  [attr-defined]
(decathorpe)kentauros/kentauros/context/test_context.py:5:1: error: Module 'kentauros.config' has no attribute 'KtrRealConfig'  [attr-defined]
(decathorpe)kentauros/kentauros/context/test_context.py:6:1: error: Module 'kentauros.state' has no attribute 'KtrTestState'  [attr-defined]
(decathorpe)kentauros/kentauros/context/test_context.py:55:16: error: Incompatible return value type (got "Union[bool, str]", expected "bool")  [return-value]
(decathorpe)kentauros/kentauros/context/meta_context.py:3:1: error: Module 'kentauros.config' has no attribute 'KtrConfig'  [attr-defined]
(decathorpe)kentauros/kentauros/context/meta_context.py:4:1: error: Module 'kentauros.state' has no attribute 'KtrState'  [attr-defined]
(decathorpe)kentauros/kentauros/package/real_package.py:1:1: error: Module 'kentauros.config' has no attribute 'KtrRealConfig'  [attr-defined]
(decathorpe)kentauros/kentauros/package/real_package.py:2:1: error: Module 'kentauros.context' has no attribute 'KtrContext'  [attr-defined]
(decathorpe)kentauros/kentauros/package/test_package.py:1:1: error: Module 'kentauros.config' has no attribute 'KtrConfig'  [attr-defined]
(decathorpe)kentauros/kentauros/package/test_package.py:2:1: error: Module 'kentauros.context' has no attribute 'KtrContext'  [attr-defined]
(decathorpe)kentauros/kentauros/modules/constructor/rpm/spec_version_out.py:1:1: error: Module 'kentauros.package' has no attribute 'KtrPackage'  [attr-defined]
(decathorpe)kentauros/kentauros/modules/constructor/rpm/spec_source_out.py:3:1: error: Module 'kentauros.package' has no attribute 'KtrPackage'  [attr-defined]
(decathorpe)kentauros/kentauros/modules/constructor/rpm/spec_preamble_out.py:3:1: error: Module 'kentauros.package' has no attribute 'KtrPackage'  [attr-defined]
(decathorpe)kentauros/kentauros/modules/constructor/rpm/spec_preamble_out.py:30:5: error: Need type annotation for 'preamble'  [var-annotated]
(decathorpe)kentauros/kentauros/modules/constructor/rpm/spec_preamble_out.py:36:5: error: Need type annotation for 'preamble'  [var-annotated]

[RRepo](metacontainer)metac
(metacontainer)metac/py/metac/desktop.py:5:23: error: Name 'List' is not defined  [name-defined]
(metacontainer)metac/py/metac/desktop.py:5:23: note: Did you forget to import it from "typing"? (Suggestion: "from typing import List")
(metacontainer)metac/py/metac/desktop.py:7:18: error: Name 'Ref' is not defined  [name-defined]
(metacontainer)metac/py/metac/desktop.py:7:23: error: Name 'GetMixin' is not defined  [name-defined]
(metacontainer)metac/py/metac/desktop.py:11:11: error: Name 'Metadata' is not defined  [name-defined]
(metacontainer)metac/py/metac/desktop.py:16:21: error: Name 'Ref' is not defined  [name-defined]
(metacontainer)metac/py/metac/desktop.py:16:26: error: Name 'GetMixin' is not defined  [name-defined]
(metacontainer)metac/py/metac/desktop.py:16:45: error: Name 'UpdateMixin' is not defined  [name-defined]
(metacontainer)metac/py/metac/desktop.py:19:28: error: Name 'Ref' is not defined  [name-defined]
(metacontainer)metac/py/metac/desktop.py:19:33: error: Name 'CollectionMixin' is not defined  [name-defined]
(metacontainer)metac/py/metac/fs.py:6:15: error: Name 'Ref' is not defined  [name-defined]
(metacontainer)metac/py/metac/fs.py:9:21: error: Name 'Ref' is not defined  [name-defined]
(metacontainer)metac/py/metac/fs.py:24:16: error: Name 'Ref' is not defined  [name-defined]
(metacontainer)metac/py/metac/fs.py:24:21: error: Name 'GetMixin' is not defined  [name-defined]
(metacontainer)metac/py/metac/fs.py:24:38: error: Name 'UpdateMixin' is not defined  [name-defined]
(metacontainer)metac/py/metac/fs.py:24:58: error: Name 'DeleteMixin' is not defined  [name-defined]
(metacontainer)metac/py/metac/fs.py:27:23: error: Name 'Ref' is not defined  [name-defined]
(metacontainer)metac/py/metac/fs.py:27:28: error: Name 'CollectionMixin' is not defined  [name-defined]
(metacontainer)metac/py/metac/fs.py:31:30: error: Name 'Ref' is not defined  [name-defined]
(metacontainer)metac/py/metac/vm.py:15:13: error: Name 'Ref' is not defined  [name-defined]
(metacontainer)metac/py/metac/vm.py:17:22: error: Name 'Ref' is not defined  [name-defined]
(metacontainer)metac/py/metac/vm.py:41:11: error: Name 'Metadata' is not defined  [name-defined]
(metacontainer)metac/py/metac/vm.py:48:13: error: Name 'List' is not defined  [name-defined]
(metacontainer)metac/py/metac/vm.py:48:13: note: Did you forget to import it from "typing"? (Suggestion: "from typing import List")
(metacontainer)metac/py/metac/vm.py:49:18: error: Name 'List' is not defined  [name-defined]
(metacontainer)metac/py/metac/vm.py:49:18: note: Did you forget to import it from "typing"? (Suggestion: "from typing import List")
(metacontainer)metac/py/metac/vm.py:51:18: error: Name 'List' is not defined  [name-defined]
(metacontainer)metac/py/metac/vm.py:51:18: note: Did you forget to import it from "typing"? (Suggestion: "from typing import List")
(metacontainer)metac/py/metac/vm.py:53:13: error: Name 'Ref' is not defined  [name-defined]
(metacontainer)metac/py/metac/vm.py:53:18: error: Name 'GetMixin' is not defined  [name-defined]
(metacontainer)metac/py/metac/vm.py:53:32: error: Name 'DeleteMixin' is not defined  [name-defined]
(metacontainer)metac/py/metac/vm.py:56:20: error: Name 'Ref' is not defined  [name-defined]
(metacontainer)metac/py/metac/vm.py:56:25: error: Name 'CollectionMixin' is not defined  [name-defined]
(metacontainer)metac/py/metac/vm.py:66:14: error: Name 'Metadata' is not defined  [name-defined]
(metacontainer)metac/py/metac/unix_http.py:8:1: error: Module 'requests.compat' has no attribute 'urlparse'  [attr-defined]
(metacontainer)metac/py/metac/unix_http.py:8:1: error: Module 'requests.compat' has no attribute 'unquote'  [attr-defined]
(metacontainer)metac/py/metac/unix_http.py:13:5: error: Name 'httplib' already defined (by an import)  [no-redef]
(metacontainer)metac/py/metac/unix_http.py:18:5: error: Name 'urllib3' already defined (by an import)  [no-redef]
Found 34 errors in 4 files (checked 4 source files)

[RRepo](ekiro)chaps
(ekiro)chaps/haps/scopes/singleton.py:12:5: error: Need type annotation for '_objects' (hint: "_objects: Dict[<type>, <type>] = ...")  [var-annotated]
(ekiro)chaps/samples/autodiscover/services/bases.py:1:1: error: Module 'haps' has no attribute 'base'  [attr-defined]
(ekiro)chaps/haps/config.py:36:34: error: Incompatible types in assignment (expression has type "None", variable has type "Configuration")  [assignment]
(ekiro)chaps/haps/config.py:47:24: error: "Configuration" has no attribute "resolvers"; maybe "resolver", "env_resolver", or "_resolve_var"?  [attr-defined]
(ekiro)chaps/haps/config.py:48:20: error: "Configuration" has no attribute "resolvers"; maybe "resolver", "env_resolver", or "_resolve_var"?  [attr-defined]
(ekiro)chaps/haps/config.py:64:20: error: "Configuration" has no attribute "cache"  [attr-defined]
(ekiro)chaps/haps/config.py:77:17: error: "Configuration" has no attribute "cache"  [attr-defined]
(ekiro)chaps/haps/config.py:100:16: error: Incompatible return value type (got "Callable[[Any], Any]", expected "FunctionType")  [return-value]
(ekiro)chaps/haps/config.py:135:32: error: "Configuration" has no attribute "cache"  [attr-defined]
(ekiro)chaps/haps/config.py:136:17: error: "Configuration" has no attribute "cache"  [attr-defined]
(ekiro)chaps/haps/config.py:169:39: error: Argument 1 to "get_var" of "Configuration" has incompatible type "Optional[str]"; expected "str"  [arg-type]
(ekiro)chaps/haps/config.py:170:27: error: Argument 2 to "setattr" has incompatible type "Optional[str]"; expected "str"  [arg-type]
(ekiro)chaps/haps/config.py:174:22: error: Incompatible types in assignment (expression has type "str", variable has type "None")  [assignment]

[RRepo](Celeo)Preston
(Celeo)Preston/preston/cache.py:39: error: Name 'requests' is not defined  [name-defined]
(Celeo)Preston/preston/cache.py:67:20: error: Incompatible types in assignment (expression has type "None", variable has type "SavedEndpoint")  [assignment]
(Celeo)Preston/preston/preston.py:120:37: error: Unsupported left operand type for + ("None")  [operator]
(Celeo)Preston/preston/preston.py:120:54: note: Left operand is of type "Optional[str]"
(Celeo)Preston/preston/preston.py:120:58: error: Unsupported operand types for + ("str" and "None")  [operator]
(Celeo)Preston/preston/preston.py:120:58: note: Both left and right operands are unions
(Celeo)Preston/preston/preston.py:141:61: error: Incompatible types in assignment (expression has type "float", variable has type "Optional[str]")  [assignment]
(Celeo)Preston/preston/preston.py:142:42: error: Unsupported operand types for + ("float" and "str")  [operator]
(Celeo)Preston/preston/preston.py:142:42: error: Unsupported operand types for + ("float" and "None")  [operator]
(Celeo)Preston/preston/preston.py:142:42: note: Right operand is of type "Optional[str]"
(Celeo)Preston/preston/preston.py:142:42: error: Incompatible types in assignment (expression has type "float", variable has type "Optional[str]")  [assignment]
(Celeo)Preston/preston/preston.py:153:16: error: Unsupported operand types for > ("float" and "str")  [operator]
(Celeo)Preston/preston/preston.py:153:16: error: Unsupported operand types for > ("float" and "None")  [operator]
(Celeo)Preston/preston/preston.py:153:16: note: Right operand is of type "Optional[str]"
(Celeo)Preston/preston/preston.py:199:43: error: Incompatible types in assignment (expression has type "float", target has type "str")  [assignment]
(Celeo)Preston/preston/preston.py:234:16: error: Incompatible return value type (got "None", expected "Dict[Any, Any]")  [return-value]
(Celeo)Preston/preston/preston.py:307:20: error: Incompatible return value type (got "Dict[Any, Any]", expected "Tuple[Dict[Any, Any], Dict[Any, Any]]")  [return-value]
(Celeo)Preston/preston/preston.py:328:16: error: Incompatible return value type (got "Tuple[Dict[Any, Any], Dict[Any, Any]]", expected "Dict[Any, Any]")  [return-value]
(Celeo)Preston/preston/preston.py:328:30: error: Argument 1 to "get_path" of "Preston" has incompatible type "Optional[str]"; expected "str"  [arg-type]
(Celeo)Preston/preston/preston.py:362:31: error: Argument 1 to "post_path" of "Preston" has incompatible type "Optional[str]"; expected "str"  [arg-type]
Found 16 errors in 2 files (checked 4 source files)

[RRepo](amcat)amcat
(amcat)amcat/amcat/models/amcat.py: error: Duplicate module named 'amcat' (also at '/home/bew/archive/typed_project/(amcat)amcat/amcat/__init__.py')  [misc]
(amcat)amcat/amcat/models/amcat.py: error: Are you missing an __init__.py?  [misc]
Found 2 errors in 1 file (checked 229 source files)

[RRepo](ChrisTimperley)roshammer
(ChrisTimperley)roshammer/roshammer/bag.py:149:49: error: Cannot determine type of 'msg'  [has-type]

[RRepo](mulonemartin)kaira
(mulonemartin)kaira/kaira/templates.py:17:5: error: Need type annotation for 'settings' (hint: "settings: Dict[<type>, <type>] = ...")  [var-annotated]
(mulonemartin)kaira/kaira/templates.py:18:5: error: Need type annotation for 'defaults' (hint: "defaults: Dict[<type>, <type>] = ...")  [var-annotated]

[RRepo](aio-libs)aiopg
(aio-libs)aiopg/aiopg/sa/transaction.py:1:1: error: Module 'aiopg.sa' has no attribute 'exc'  [attr-defined]
(aio-libs)aiopg/aiopg/sa/result.py:6:1: error: Module 'aiopg.sa' has no attribute 'exc'  [attr-defined]
(aio-libs)aiopg/aiopg/sa/result.py:62:16: error: Incompatible types in assignment (expression has type "None", base class "object" defined the type as "Callable[[object], int]")  [assignment]
(aio-libs)aiopg/docs/conf.py:218:1: error: Need type annotation for 'latex_elements' (hint: "latex_elements: Dict[<type>, <type>] = ...")  [var-annotated]
(aio-libs)aiopg/examples/sa.py:2:1: error: Module 'aiopg.sa' has no attribute 'create_engine'  [attr-defined]
(aio-libs)aiopg/examples/simple_sa_oldstyle.py:2:1: error: Module 'aiopg.sa' has no attribute 'create_engine'  [attr-defined]
(aio-libs)aiopg/examples/sa_oldstyle.py:2:1: error: Module 'aiopg.sa' has no attribute 'create_engine'  [attr-defined]
(aio-libs)aiopg/examples/simple_sa.py:2:1: error: Module 'aiopg.sa' has no attribute 'create_engine'  [attr-defined]
(aio-libs)aiopg/aiopg/sa/connection.py:5:1: error: Module 'aiopg.sa' has no attribute 'exc'  [attr-defined]
(aio-libs)aiopg/tests/pep492/test_async_await.py:8:1: error: Module 'aiopg.sa' has no attribute 'SAConnection'  [attr-defined]
(aio-libs)aiopg/aiopg/sa/engine.py:8:1: error: Relative import climbs too many namespaces  [misc]
(aio-libs)aiopg/aiopg/sa/engine.py:9:1: error: Relative import climbs too many namespaces  [misc]
Found 12 errors in 10 files (checked 33 source files)

[RRepo](foursquare)fsqio
(foursquare)fsqio/src/jvm/io/fsq/twofishes/scripts/parse.py:51:31: error: Missing parentheses in call to 'print'. Did you mean print("outputting index to %s" % basepath)?  [syntax]
Found 1 error in 1 file (checked 70 source files)

[RRepo](arghblargh)feh-inheritance-tool
Success: no issues found in 1 source file

[RRepo](bmassman)fake_news
(bmassman)fake_news/fake_news/LdaAnalysis.py:54:16: error: Name 'dataset' is not defined  [name-defined]
(bmassman)fake_news/fake_news/article_db.py:83:31: error: Syntax error in type annotation  [syntax]
(bmassman)fake_news/fake_news/article_db.py:83:31: note: Suggestion: Use Tuple[T1, ..., Tn] instead of (T1, ..., Tn)
(bmassman)fake_news/fake_news/article_db.py:133:19: error: Incompatible types in assignment (expression has type "Sequence[int]", variable has type "None")  [assignment]
(bmassman)fake_news/fake_news/article_db.py:145:21: error: Value of type "None" is not indexable  [index]
(bmassman)fake_news/fake_news/article_db.py:146:17: error: Value of type "None" is not indexable  [index]
(bmassman)fake_news/fake_news/article_db.py:147:17: error: Value of type "None" is not indexable  [index]
(bmassman)fake_news/fake_news/article_db.py:148:18: error: "None" has no attribute "loc"  [attr-defined]
(bmassman)fake_news/fake_news/article_db.py:149:21: error: Value of type "None" is not indexable  [index]
(bmassman)fake_news/fake_news/article_db.py:150:17: error: Value of type "None" is not indexable  [index]
(bmassman)fake_news/fake_news/article_db.py:151:17: error: Value of type "None" is not indexable  [index]
(bmassman)fake_news/fake_news/article_db.py:152:18: error: Value of type "None" is not indexable  [index]
(bmassman)fake_news/fake_news/article_db.py:185:30: error: Incompatible types in assignment (expression has type "Dict[<nothing>, <nothing>]", variable has type "None")  [assignment]
(bmassman)fake_news/fake_news/article_db.py:187:29: error: "None" has no attribute "items"  [attr-defined]
(bmassman)fake_news/fake_news/article_db.py:190:17: error: Unsupported target for indexed assignment  [index]
(bmassman)fake_news/fake_news/article_db.py:191:27: error: "None" has no attribute "getcol"  [attr-defined]
(bmassman)fake_news/fake_news/article_db.py:209:20: error: "None" has no attribute "values"  [attr-defined]
(bmassman)fake_news/fake_news/pipeline/sentiment/sentiment.py:128:12: error: Incompatible return value type (got "List[float]", expected "Dict[str, float]")  [return-value]
(bmassman)fake_news/fake_news/pipeline/db_transformer.py:21:39: error: Syntax error in type annotation  [syntax]
(bmassman)fake_news/fake_news/pipeline/db_transformer.py:21:39: note: Suggestion: Use Tuple[T1, ..., Tn] instead of (T1, ..., Tn)
(bmassman)fake_news/fake_news/pipeline/db_transformer.py:33:5: error: Need type annotation for 'dummy_col'  [var-annotated]
(bmassman)fake_news/fake_news/pipeline/db_transformer.py:46:46: error: Syntax error in type annotation  [syntax]
(bmassman)fake_news/fake_news/pipeline/db_transformer.py:46:46: note: Suggestion: Use Tuple[T1, ..., Tn] instead of (T1, ..., Tn)
(bmassman)fake_news/fake_news/pipeline/db_transformer.py:51:18: error: Incompatible types in assignment (expression has type "Optional[str]", variable has type "bool")  [assignment]
(bmassman)fake_news/fake_news/pipeline/db_transformer.py:75:5: error: Need type annotation for 'url_labels'  [var-annotated]
(bmassman)fake_news/fake_news/pipeline/db_transformer.py:80:21: error: Incompatible types in assignment (expression has type "float", variable has type "str")  [assignment]
(bmassman)fake_news/fake_news/pipeline/db_transformer.py:94:12: error: Item "None" of "Optional[Match[str]]" has no attribute "group"  [union-attr]
(bmassman)fake_news/fake_news/pipeline/db_transformer.py:126:13: error: Incompatible types in assignment (expression has type "Iterator[str]", variable has type "List[str]")  [assignment]
(bmassman)fake_news/fake_news/pipeline/db_transformer.py:194:42: error: Syntax error in type annotation  [syntax]
(bmassman)fake_news/fake_news/pipeline/db_transformer.py:194:42: note: Suggestion: Use Tuple[T1, ..., Tn] instead of (T1, ..., Tn)
(bmassman)fake_news/fake_news/results/text_to_csv.py:62:35: error: Cannot determine type of 'class_type'  [has-type]
(bmassman)fake_news/fake_news/results/text_to_csv.py:62:47: error: Cannot determine type of 'class_param'  [has-type]
(bmassman)fake_news/fake_news/results/text_to_csv.py:62:60: error: Argument 3 to "parse_learner_run" has incompatible type "List[str]"; expected "List[bool]"  [arg-type]
(bmassman)fake_news/fake_news/results/text_to_csv.py:67:31: error: Item "None" of "Optional[Match[str]]" has no attribute "group"  [union-attr]
(bmassman)fake_news/fake_news/article_learner.py:170:49: error: Argument 3 to "train_model" has incompatible type "object"; expected "Dict[Any, Any]"  [arg-type]
(bmassman)fake_news/fake_news/scraper/news_scraper.py:71:13: error: Incompatible types in assignment (expression has type "Tuple[Any, str, Any, Any, Any, str, Any]", variable has type "Tuple[Any, str, Any, Any, Any, str]")  [assignment]
Found 32 errors in 7 files (checked 14 source files)

[RRepo](sloria)sir
(sloria)sir/api/cache.py:32:26: error: Argument 1 to "append" of "list" has incompatible type "object"; expected "str"  [arg-type]
(sloria)sir/api/cache.py:33:33: error: Argument 1 to "sorted" has incompatible type "ItemsView[Any, Any]"; expected "Iterable[str]"  [arg-type]

[RRepo](DeflatedPickle)Colony
(DeflatedPickle)Colony/colony/item.py:5:1: error: Module 'colony.entities' has no attribute 'Entity'  [attr-defined]

[RRepo](manly-man)moodle-destroyer-tools
(manly-man)moodle-destroyer-tools/frontend/commands.py: error: Duplicate module named 'commands' (also at '/home/bew/archive/typed_project/(manly-man)moodle-destroyer-tools/commands/__init__.py')  [misc]
Found 1 error in 1 file (checked 21 source files)

[RRepo](weka-io)easypy
(weka-io)easypy/easypy/tokens.py:51:5: error: Need type annotation for '_all' (hint: "_all: Dict[<type>, <type>] = ...")  [var-annotated]
(weka-io)easypy/easypy/tokens.py:130:5: error: Need type annotation for '__path__' (hint: "__path__: List[<type>] = ...")  [var-annotated]

[RRepo](michaelkuty)mbot
(michaelkuty)mbot/mbot/middleware.py:12:5: error: Need type annotation for 'permissions' (hint: "permissions: List[<type>] = ...")  [var-annotated]

[RRepo](parttimenerd)temci
(parttimenerd)temci/temci/build/build_processor.py:17:43: error: misplaced type annotation  [syntax]
Found 1 error in 1 file (checked 24 source files)

[RRepo](mynlp)jigg
(mynlp)jigg/src/main/resources/python/bene_par.py:20:10: error: Module has no attribute "Parser"  [attr-defined]
(mynlp)jigg/src/main/resources/python/bene_par.py:32:14: error: Incompatible types in assignment (expression has type "List[str]", variable has type "str")  [assignment]
(mynlp)jigg/src/main/resources/python/bene_par.py:33:12: error: Incompatible types in assignment (expression has type "List[str]", variable has type "str")  [assignment]
Found 3 errors in 1 file (checked 16 source files)

[RRepo](lk-geimfari)mimesis
(lk-geimfari)mimesis/mimesis/random.py:21:14: error: Cannot resolve attribute "Random" (possible cyclic definition)  [misc]
(lk-geimfari)mimesis/mimesis/random.py:21:14: error: Cannot resolve name "random_module.Random" (possible cyclic definition)  [misc]
(lk-geimfari)mimesis/mimesis/random.py:51:16: error: Too many arguments for "urandom"  [call-arg]
(lk-geimfari)mimesis/mimesis/random.py:112:12: error: Module has no attribute "choice"  [attr-defined]
(lk-geimfari)mimesis/mimesis/builtins/base.py:5:1: error: Module 'mimesis.providers' has no attribute 'BaseDataProvider'  [attr-defined]

[RRepo](MagicStack)asyncpg
(MagicStack)asyncpg/asyncpg/exceptions/_base.py:25:5: error: Need type annotation for '_message_map' (hint: "_message_map: Dict[<type>, <type>] = ...")  [var-annotated]
(MagicStack)asyncpg/setup.py:57:1: error: Need type annotation for 'LDFLAGS' (hint: "LDFLAGS: List[<type>] = ...")  [var-annotated]
(MagicStack)asyncpg/setup.py:137:17: error: Name 'distutils_build_ext.build_ext' is not defined  [name-defined]
(MagicStack)asyncpg/setup.py:139:20: error: "object" has no attribute "build_ext"  [attr-defined]
(MagicStack)asyncpg/asyncpg/_testbase/fuzzer.py:13:1: error: Module 'asyncpg' has no attribute 'cluster'  [attr-defined]
(MagicStack)asyncpg/asyncpg/_testbase/fuzzer.py:34:9: error: Need type annotation for 'connections' (hint: "connections: Dict[<type>, <type>] = ...")  [var-annotated]

[RRepo](MrLeeh)pdftools
(MrLeeh)pdftools/pdftools/parseutil.py:2:1: error: Module 'pdftools' has no attribute '__version__'  [attr-defined]
(MrLeeh)pdftools/pdftools/parseutil.py:23:5: error: Need type annotation for 'pageset' (hint: "pageset: Set[<type>] = ...")  [var-annotated]
(MrLeeh)pdftools/pdftools/pdftools.py:16: error: Bracketed expression "[...]" is not valid as a type  [misc]
(MrLeeh)pdftools/pdftools/pdftools.py:16: note: Did you mean "List[...]"?
(MrLeeh)pdftools/pdftools/pdftools.py:57: error: Bracketed expression "[...]" is not valid as a type  [misc]
(MrLeeh)pdftools/pdftools/pdftools.py:57: note: Did you mean "List[...]"?
(MrLeeh)pdftools/pdftools/pdftools.py:111: error: Bracketed expression "[...]" is not valid as a type  [misc]
(MrLeeh)pdftools/pdftools/pdftools.py:111: note: Did you mean "List[...]"?
(MrLeeh)pdftools/pdftools/pdftools.py:142: error: Bracketed expression "[...]" is not valid as a type  [misc]
(MrLeeh)pdftools/pdftools/pdftools.py:142: note: Did you mean "List[...]"?
(MrLeeh)pdftools/pdftools/pdftools.py:170:21: error: Item "None" of "Optional[BinaryIO]" has no attribute "close"  [union-attr]
(MrLeeh)pdftools/pdftools/pdftools.py:189:16: error: Item "None" of "Optional[BinaryIO]" has no attribute "closed"  [union-attr]
(MrLeeh)pdftools/pdftools/pdftools.py:191:13: error: Item "None" of "Optional[BinaryIO]" has no attribute "close"  [union-attr]
(MrLeeh)pdftools/pdftools/pdftools.py:249: error: Bracketed expression "[...]" is not valid as a type  [misc]
(MrLeeh)pdftools/pdftools/pdftools.py:249: note: Did you mean "List[...]"?
(MrLeeh)pdftools/pdftools/pdftools.py:282:19: error: Unsupported operand types for - ("None" and "int")  [operator]
(MrLeeh)pdftools/pdftools/pdftools.py:282:27: note: Left operand is of type "Optional[int]"
(MrLeeh)pdftools/pdftools/pdftools.py:315: error: Bracketed expression "[...]" is not valid as a type  [misc]
(MrLeeh)pdftools/pdftools/pdftools.py:315: note: Did you mean "List[...]"?
(MrLeeh)pdftools/pdftools/pdftools.py:354:23: error: Argument 1 to "remove" has incompatible type "IO[bytes]"; expected "Union[bytes, str, _PathLike[Any]]"  [arg-type]
(MrLeeh)pdftools/pdftools/pdftools.py:357: error: Bracketed expression "[...]" is not valid as a type  [misc]
(MrLeeh)pdftools/pdftools/pdftools.py:357: note: Did you mean "List[...]"?

[RRepo](Egregors)django-cbrf
(Egregors)django-cbrf/django_cbrf/management/commands/load_rates.py:11:1: error: Relative import climbs too many namespaces  [misc]
(Egregors)django-cbrf/django_cbrf/abstract_models.py:106:48: error: Invalid type comment or annotation  [valid-type]
Found 2 errors in 2 files (checked 5 source files)

[RRepo](1337)yesterday-i-learned
(1337)yesterday-i-learned/scripts/multiplicative_persistence.py:33:2: error: invalid syntax  [syntax]
Found 1 error in 1 file (checked 44 source files)

[RRepo](rosjat)python-scsi
(rosjat)python-scsi/tools/mtx.py:32:64: error: invalid syntax  [syntax]
Found 1 error in 1 file (checked 77 source files)

[RRepo](AlertaDengue)AlertaDengue
(AlertaDengue)AlertaDengue/AlertaDengue/load.py:3:1: error: Module 'dados.models' has no attribute 'Dengue_2010'  [attr-defined]
(AlertaDengue)AlertaDengue/AlertaDengue/load.py:3:1: error: Module 'dados.models' has no attribute 'dengue_2010_mapping'  [attr-defined]
(AlertaDengue)AlertaDengue/AlertaDengue/load.py:3:1: error: Module 'dados.models' has no attribute 'Dengue_2011'  [attr-defined]
(AlertaDengue)AlertaDengue/AlertaDengue/load.py:3:1: error: Module 'dados.models' has no attribute 'dengue_2011_mapping'  [attr-defined]
(AlertaDengue)AlertaDengue/AlertaDengue/load.py:3:1: error: Module 'dados.models' has no attribute 'Dengue_2012'  [attr-defined]
(AlertaDengue)AlertaDengue/AlertaDengue/load.py:3:1: error: Module 'dados.models' has no attribute 'dengue_2012_mapping'  [attr-defined]
(AlertaDengue)AlertaDengue/AlertaDengue/load.py:3:1: error: Module 'dados.models' has no attribute 'Dengue_2013'  [attr-defined]
(AlertaDengue)AlertaDengue/AlertaDengue/load.py:3:1: error: Module 'dados.models' has no attribute 'dengue_2013_mapping'  [attr-defined]
(AlertaDengue)AlertaDengue/AlertaDengue/load.py:3:1: error: Module 'dados.models' has no attribute 'DengueConfirmados_2013'  [attr-defined]
(AlertaDengue)AlertaDengue/AlertaDengue/load.py:3:1: error: Module 'dados.models' has no attribute 'dengueconfirmados_2013_mapping'  [attr-defined]
(AlertaDengue)AlertaDengue/AlertaDengue/gis/management/commands/sync_geofiles.py:6:1: error: Relative import climbs too many namespaces  [misc]
(AlertaDengue)AlertaDengue/AlertaDengue/gis/mapfile.py:74:5: error: Need type annotation for 'layers' (hint: "layers: List[<type>] = ...")  [var-annotated]
(AlertaDengue)AlertaDengue/AlertaDengue/gis/mapfile.py:75:5: error: Need type annotation for 'map_config' (hint: "map_config: Dict[<type>, <type>] = ...")  [var-annotated]
(AlertaDengue)AlertaDengue/AlertaDengue/gis/mapfile.py:76:5: error: Need type annotation for 'path' (hint: "path: Dict[<type>, <type>] = ...")  [var-annotated]
(AlertaDengue)AlertaDengue/AlertaDengue/gis/mapfile.py:77:5: error: Need type annotation for 'templates' (hint: "templates: Dict[<type>, <type>] = ...")  [var-annotated]
(AlertaDengue)AlertaDengue/AlertaDengue/dados/templatetags/series.py:5:1: error: Relative import climbs too many namespaces  [misc]
(AlertaDengue)AlertaDengue/AlertaDengue/dbf/tests/test_validation.py:8:1: error: Relative import climbs too many namespaces  [misc]
(AlertaDengue)AlertaDengue/AlertaDengue/dbf/tests/test_validation.py:9:1: error: Relative import climbs too many namespaces  [misc]
(AlertaDengue)AlertaDengue/AlertaDengue/dbf/tests/test_views.py:14:1: error: Relative import climbs too many namespaces  [misc]
(AlertaDengue)AlertaDengue/AlertaDengue/dbf/tests/test_views.py:15:1: error: Relative import climbs too many namespaces  [misc]
(AlertaDengue)AlertaDengue/AlertaDengue/dbf/tests/test_models.py:9:1: error: Relative import climbs too many namespaces  [misc]
(AlertaDengue)AlertaDengue/AlertaDengue/dados/tests/test_view.py:62:6: error: Argument 1 to "skip" has incompatible type "Callable[[TestAlertaPageView], Any]"; expected "str"  [arg-type]
(AlertaDengue)AlertaDengue/AlertaDengue/dados/tests/test_view.py:80:6: error: Argument 1 to "skip" has incompatible type "Callable[[TestAlertaPageView], Any]"; expected "str"  [arg-type]
(AlertaDengue)AlertaDengue/AlertaDengue/dados/tests/test_view.py:97:6: error: Argument 1 to "skip" has incompatible type "Callable[[TestAlertaPageView], Any]"; expected "str"  [arg-type]
(AlertaDengue)AlertaDengue/AlertaDengue/dados/tests/test_view.py:102:6: error: Argument 1 to "skip" has incompatible type "Callable[[TestAlertaPageView], Any]"; expected "str"  [arg-type]
(AlertaDengue)AlertaDengue/AlertaDengue/dados/tests/test_view.py:118:6: error: Argument 1 to "skip" has incompatible type "Callable[[TestAlertaPageView], Any]"; expected "str"  [arg-type]
(AlertaDengue)AlertaDengue/AlertaDengue/dados/tests/test_view.py:123:6: error: Argument 1 to "skip" has incompatible type "Callable[[TestAlertaPageView], Any]"; expected "str"  [arg-type]
(AlertaDengue)AlertaDengue/AlertaDengue/dados/tests/test_view.py:128:6: error: Argument 1 to "skip" has incompatible type "Callable[[TestAlertaPageView], Any]"; expected "str"  [arg-type]
(AlertaDengue)AlertaDengue/AlertaDengue/dados/tests/test_view.py:133:6: error: Argument 1 to "skip" has incompatible type "Callable[[TestAlertaPageView], Any]"; expected "str"  [arg-type]
(AlertaDengue)AlertaDengue/AlertaDengue/dados/tests/test_view.py:138:6: error: Argument 1 to "skip" has incompatible type "Callable[[TestAlertaPageView], Any]"; expected "str"  [arg-type]
(AlertaDengue)AlertaDengue/AlertaDengue/dados/tests/test_view.py:143:6: error: Argument 1 to "skip" has incompatible type "Callable[[TestAlertaPageView], Any]"; expected "str"  [arg-type]
(AlertaDengue)AlertaDengue/AlertaDengue/setup.py:73:1: error: Need type annotation for 'test_requirements' (hint: "test_requirements: List[<type>] = ...")  [var-annotated]
Found 32 errors in 9 files (checked 28 source files)

[RRepo](pantsbuild)pants
(pantsbuild)pants/tests/python/pants_test/option/util/fakes.py:4:1: error: Module 'collections' has no attribute 'defaultdict'  [attr-defined]
(pantsbuild)pants/tests/python/pants_test/backend/jvm/tasks/coverage/test_cobertura.py:5:1: error: Module 'collections' has no attribute 'defaultdict'  [attr-defined]
(pantsbuild)pants/tests/python/pants_test/backend/jvm/tasks/test_classpath_util.py:5:1: error: Module 'collections' has no attribute 'OrderedDict'  [attr-defined]
(pantsbuild)pants/tests/python/pants_test/backend/python/tasks/native/test_ctypes.py:4:1: error: Module 'collections' has no attribute 'OrderedDict'  [attr-defined]
(pantsbuild)pants/tests/python/pants_test/util/test_meta.py:52:3: error: Method must have at least one argument  [misc]
(pantsbuild)pants/src/python/pants/option/option_tracker.py:4:1: error: Module 'collections' has no attribute 'defaultdict'  [attr-defined]
(pantsbuild)pants/src/python/pants/option/option_tracker.py:4:1: error: Module 'collections' has no attribute 'namedtuple'  [attr-defined]
(pantsbuild)pants/src/python/pants/option/scope.py:13:13: error: Unsupported dynamic base class "datatype"  [misc]
(pantsbuild)pants/src/python/pants/option/scope.py:17:17: error: Unsupported dynamic base class "datatype"  [misc]
(pantsbuild)pants/src/python/pants/option/scope.py:57:21: error: Unsupported dynamic base class "datatype"  [misc]
(pantsbuild)pants/src/python/pants/option/arg_splitter.py:7:1: error: Module 'collections' has no attribute 'namedtuple'  [attr-defined]
(pantsbuild)pants/src/python/pants/option/arg_splitter.py:23:17: error: Unsupported dynamic base class "namedtuple"  [misc]
(pantsbuild)pants/src/python/pants/help/help_info_extracter.py:4:1: error: Module 'collections' has no attribute 'namedtuple'  [attr-defined]
(pantsbuild)pants/src/python/pants/help/help_info_extracter.py:10:22: error: Unsupported dynamic base class "namedtuple"  [misc]
(pantsbuild)pants/src/python/pants/help/help_info_extracter.py:37:27: error: Unsupported dynamic base class "namedtuple"  [misc]
(pantsbuild)pants/src/python/pants/task/mutex_task_mixin.py:5:1: error: Module 'collections' has no attribute 'defaultdict'  [attr-defined]
(pantsbuild)pants/src/python/pants/pantsd/watchman_client.py:4:1: error: Module 'collections' has no attribute 'deque'  [attr-defined]
(pantsbuild)pants/src/python/pants/scm/subsystems/changed.py:8:22: error: Unsupported dynamic base class "datatype"  [misc]
(pantsbuild)pants/src/python/pants/engine/legacy/options_parsing.py:12:16: error: Unsupported dynamic base class "datatype"  [misc]
(pantsbuild)pants/src/python/pants/engine/selectors.py:12:11: error: Unsupported dynamic base class "datatype"  [misc]
(pantsbuild)pants/src/python/pants/engine/selectors.py:94:14: error: Unsupported dynamic base class "datatype"  [misc]
(pantsbuild)pants/src/python/pants/engine/fs.py:14:19: error: Unsupported dynamic base class "datatype"  [misc]
(pantsbuild)pants/src/python/pants/engine/fs.py:24:17: error: Unsupported dynamic base class "datatype"  [misc]
(pantsbuild)pants/src/python/pants/engine/fs.py:57:14: error: Unsupported dynamic base class "datatype"  [misc]
(pantsbuild)pants/src/python/pants/engine/fs.py:112:24: error: Unsupported dynamic base class "datatype"  [misc]
(pantsbuild)pants/src/python/pants/engine/fs.py:129:16: error: Unsupported dynamic base class "datatype"  [misc]
(pantsbuild)pants/src/python/pants/engine/fs.py:142:26: error: Unsupported dynamic base class "datatype"  [misc]
(pantsbuild)pants/src/python/pants/engine/fs.py:146:34: error: Unsupported dynamic base class "datatype"  [misc]
(pantsbuild)pants/src/python/pants/engine/fs.py:150:30: error: Unsupported dynamic base class "datatype"  [misc]
(pantsbuild)pants/src/python/pants/engine/fs.py:155:18: error: Unsupported dynamic base class "datatype"  [misc]
(pantsbuild)pants/src/python/pants/engine/round_manager.py:4:1: error: Module 'collections' has no attribute 'defaultdict'  [attr-defined]
(pantsbuild)pants/src/python/pants/engine/round_manager.py:4:1: error: Module 'collections' has no attribute 'namedtuple'  [attr-defined]
(pantsbuild)pants/src/python/pants/engine/round_manager.py:9:20: error: Unsupported dynamic base class "namedtuple"  [misc]
(pantsbuild)pants/src/python/pants/engine/round_engine.py:5:1: error: Module 'collections' has no attribute 'OrderedDict'  [attr-defined]
(pantsbuild)pants/src/python/pants/engine/round_engine.py:5:1: error: Module 'collections' has no attribute 'namedtuple'  [attr-defined]
(pantsbuild)pants/src/python/pants/engine/parser.py:13:19: error: Unsupported dynamic base class "datatype"  [misc]
(pantsbuild)pants/src/python/pants/engine/parser.py:19:22: error: Unsupported dynamic base class "datatype"  [misc]
(pantsbuild)pants/src/python/pants/backend/jvm/subsystems/scala_platform.py:4:1: error: Module 'collections' has no attribute 'namedtuple'  [attr-defined]
(pantsbuild)pants/src/python/pants/backend/jvm/targets/jvm_prep_command.py:37:10: error: Need type annotation for '_goals'  [var-annotated]
(pantsbuild)pants/src/python/pants/backend/jvm/tasks/coverage/engine.py:29:26: error: Unsupported dynamic base class "datatype"  [misc]
(pantsbuild)pants/src/python/pants/backend/jvm/tasks/jvm_dependency_check.py:5:1: error: Module 'collections' has no attribute 'defaultdict'  [attr-defined]
(pantsbuild)pants/src/python/pants/backend/jvm/tasks/consolidate_classpath.py:5:1: error: Module 'collections' has no attribute 'defaultdict'  [attr-defined]
(pantsbuild)pants/src/python/pants/backend/jvm/tasks/bundle_create.py:54:13: error: Unsupported dynamic base class "datatype"  [misc]
(pantsbuild)pants/src/python/pants/backend/jvm/tasks/classpath_util.py:5:1: error: Module 'collections' has no attribute 'OrderedDict'  [attr-defined]
(pantsbuild)pants/src/python/pants/backend/jvm/tasks/nailgun_task.py:25:27: error: Unsupported dynamic base class "enum"  [misc]
(pantsbuild)pants/src/python/pants/backend/jvm/tasks/jar_import_products.py:4:1: error: Module 'collections' has no attribute 'defaultdict'  [attr-defined]
(pantsbuild)pants/src/python/pants/backend/jvm/tasks/jar_import_products.py:4:1: error: Module 'collections' has no attribute 'namedtuple'  [attr-defined]
(pantsbuild)pants/src/python/pants/backend/jvm/tasks/scalafix.py:130:3: error: Need type annotation for 'additional_args' (hint: "additional_args: List[<type>] = ...")  [var-annotated]
(pantsbuild)pants/src/python/pants/backend/jvm/tasks/jvm_dependency_analyzer.py:5:1: error: Module 'collections' has no attribute 'defaultdict'  [attr-defined]
(pantsbuild)pants/src/python/pants/backend/jvm/tasks/run_jvm_prep_command.py:101:10: error: Incompatible types in assignment (expression has type "str", base class "RunJvmPrepCommandBase" defined the type as "None")  [assignment]
(pantsbuild)pants/src/python/pants/backend/jvm/tasks/run_jvm_prep_command.py:106:10: error: Incompatible types in assignment (expression has type "str", base class "RunJvmPrepCommandBase" defined the type as "None")  [assignment]
(pantsbuild)pants/src/python/pants/backend/jvm/tasks/run_jvm_prep_command.py:111:10: error: Incompatible types in assignment (expression has type "str", base class "RunJvmPrepCommandBase" defined the type as "None")  [assignment]
(pantsbuild)pants/src/python/pants/backend/graph_info/tasks/paths.py:4:1: error: Module 'collections' has no attribute 'deque'  [attr-defined]
(pantsbuild)pants/src/python/pants/backend/python/subsystems/python_tool_base.py:14:3: error: Need type annotation for 'default_interpreter_constraints' (hint: "default_interpreter_constraints: List[<type>] = ...")  [var-annotated]
(pantsbuild)pants/src/python/pants/backend/python/subsystems/subprocess_environment.py:29:37: error: Unsupported dynamic base class "datatype"  [misc]
(pantsbuild)pants/src/python/pants/backend/python/rules/create_requirements_pex.py:15:30: error: Unsupported dynamic base class "datatype"  [misc]
(pantsbuild)pants/src/python/pants/backend/python/rules/create_requirements_pex.py:24:23: error: Unsupported dynamic base class "datatype"  [misc]
(pantsbuild)pants/src/python/pants/backend/python/rules/download_pex_bin.py:10:24: error: Unsupported dynamic base class "datatype"  [misc]
(pantsbuild)pants/src/python/pants/backend/python/rules/inject_init.py:13:26: error: Unsupported dynamic base class "datatype"  [misc]
(pantsbuild)pants/src/python/pants/backend/python/tasks/python_execution_task_base.py:66:19: error: Unsupported dynamic base class "datatype"  [misc]
(pantsbuild)pants/src/python/pants/backend/native/subsystems/native_build_step.py:14:24: error: Unsupported dynamic base class "enum"  [misc]
(pantsbuild)pants/src/python/pants/backend/native/subsystems/native_toolchain.py:65:19: error: Unsupported dynamic base class "datatype"  [misc]
(pantsbuild)pants/src/python/pants/backend/native/subsystems/native_toolchain.py:79:17: error: Unsupported dynamic base class "datatype"  [misc]
(pantsbuild)pants/src/python/pants/backend/native/subsystems/native_toolchain.py:82:18: error: Unsupported dynamic base class "datatype"  [misc]
(pantsbuild)pants/src/python/pants/backend/native/subsystems/native_toolchain.py:85:21: error: Unsupported dynamic base class "datatype"  [misc]
(pantsbuild)pants/src/python/pants/backend/native/subsystems/native_toolchain.py:88:23: error: Unsupported dynamic base class "datatype"  [misc]
(pantsbuild)pants/src/python/pants/backend/native/subsystems/native_toolchain.py:91:22: error: Unsupported dynamic base class "datatype"  [misc]
(pantsbuild)pants/src/python/pants/backend/native/subsystems/native_toolchain.py:94:24: error: Unsupported dynamic base class "datatype"  [misc]
(pantsbuild)pants/src/python/pants/backend/native/subsystems/native_toolchain.py:116:18: error: Unsupported dynamic base class "datatype"  [misc]
(pantsbuild)pants/src/python/pants/backend/native/subsystems/native_toolchain.py:149:33: error: Unsupported dynamic base class "datatype"  [misc]
(pantsbuild)pants/src/python/pants/backend/native/subsystems/native_toolchain.py:294:31: error: Unsupported dynamic base class "datatype"  [misc]
(pantsbuild)pants/src/python/pants/backend/native/config/environment.py:14:16: error: Unsupported dynamic base class "enum"  [misc]
(pantsbuild)pants/src/python/pants/backend/native/config/environment.py:180:17: error: Unsupported dynamic base class "datatype"  [misc]
(pantsbuild)pants/src/python/pants/backend/native/config/environment.py:223:14: error: Unsupported dynamic base class "datatype"  [misc]
(pantsbuild)pants/src/python/pants/backend/native/config/environment.py:253:17: error: Unsupported dynamic base class "datatype"  [misc]
(pantsbuild)pants/src/python/pants/backend/native/config/environment.py:271:19: error: Unsupported dynamic base class "datatype"  [misc]
(pantsbuild)pants/src/python/pants/backend/native/config/environment.py:288:18: error: Unsupported dynamic base class "datatype"  [misc]
(pantsbuild)pants/src/python/pants/backend/native/config/environment.py:291:20: error: Unsupported dynamic base class "datatype"  [misc]
(pantsbuild)pants/src/python/pants/backend/native/config/environment.py:296:19: error: Unsupported dynamic base class "datatype"  [misc]
(pantsbuild)pants/src/python/pants/goal/products.py:5:1: error: Module 'collections' has no attribute 'defaultdict'  [attr-defined]
(pantsbuild)pants/src/python/pants/goal/aggregated_timings.py:5:1: error: Module 'collections' has no attribute 'defaultdict'  [attr-defined]
(pantsbuild)pants/src/python/pants/goal/artifact_cache_stats.py:5:1: error: Module 'collections' has no attribute 'defaultdict'  [attr-defined]
(pantsbuild)pants/src/python/pants/goal/artifact_cache_stats.py:5:1: error: Module 'collections' has no attribute 'namedtuple'  [attr-defined]
(pantsbuild)pants/src/python/pants/goal/goal.py:39:3: error: Need type annotation for '_goal_by_name' (hint: "_goal_by_name: Dict[<type>, <type>] = ...")  [var-annotated]
(pantsbuild)pants/src/python/pants/subsystem/subsystem_client_mixin.py:16:27: error: Unsupported dynamic base class "datatype"  [misc]
(pantsbuild)pants/src/python/pants/reporting/quiet_reporter.py:5:1: error: Module 'collections' has no attribute 'namedtuple'  [attr-defined]
(pantsbuild)pants/src/python/pants/reporting/plaintext_reporter.py:4:1: error: Module 'collections' has no attribute 'namedtuple'  [attr-defined]
(pantsbuild)pants/src/python/pants/reporting/reporter.py:4:1: error: Module 'collections' has no attribute 'namedtuple'  [attr-defined]
(pantsbuild)pants/src/python/pants/reporting/invalidation_report.py:4:1: error: Module 'collections' has no attribute 'namedtuple'  [attr-defined]
(pantsbuild)pants/src/python/pants/reporting/invalidation_report.py:14:21: error: Unsupported dynamic base class "namedtuple"  [misc]
(pantsbuild)pants/src/python/pants/binaries/executable_pex_tool.py:17:3: error: Need type annotation for 'base_requirements' (hint: "base_requirements: List[<type>] = ...")  [var-annotated]
(pantsbuild)pants/src/python/pants/build_graph/aliased_target.py:25:39: error: Not all arguments converted during string formatting  [str-format]
(pantsbuild)pants/src/python/pants/build_graph/prep_command.py:25:10: error: Need type annotation for '_goals'  [var-annotated]
(pantsbuild)pants/src/python/pants/build_graph/mirrored_target_option_mixin.py:10:39: error: Unsupported dynamic base class "datatype"  [misc]
(pantsbuild)pants/src/python/pants/build_graph/address.py:5:1: error: Module 'collections' has no attribute 'namedtuple'  [attr-defined]
(pantsbuild)pants/src/python/pants/build_graph/address.py:84:17: error: Unsupported dynamic base class "namedtuple"  [misc]
(pantsbuild)pants/src/python/pants/util/s3_log_aggregator.py:6:1: error: Module 'collections' has no attribute 'defaultdict'  [attr-defined]
(pantsbuild)pants/src/python/pants/util/netrc.py:5:1: error: Module 'collections' has no attribute 'defaultdict'  [attr-defined]
(pantsbuild)pants/src/python/pants/util/netrc.py:6:1: error: Module 'netrc' has no attribute 'NetrcParseError'  [attr-defined]
(pantsbuild)pants/src/python/pants/util/netrc.py:7:1: error: Module 'netrc' has no attribute 'netrc'; maybe "Netrc"?  [attr-defined]
(pantsbuild)pants/contrib/node/tests/python/pants_test/contrib/node/tasks/test_node_bundle.py:5:1: error: Module 'collections' has no attribute 'defaultdict'  [attr-defined]
(pantsbuild)pants/contrib/node/src/python/pants/contrib/node/tasks/node_build.py:5:1: error: Module 'collections' has no attribute 'defaultdict'  [attr-defined]
(pantsbuild)pants/contrib/node/src/python/pants/contrib/node/tasks/node_install.py:35:32: error: Not all arguments converted during string formatting  [str-format]
(pantsbuild)pants/contrib/scalajs/src/python/pants/contrib/scalajs/tasks/scala_js_link.py:5:1: error: Module 'collections' has no attribute 'defaultdict'  [attr-defined]
(pantsbuild)pants/tests/python/pants_test/testutils/process_test_util.py:50:31: error: Unsupported dynamic base class "datatype"  [misc]
(pantsbuild)pants/tests/python/pants_test/backend/jvm/tasks/jvm_compile/java/test_java_compile_settings_partitioning.py:4:1: error: Module 'collections' has no attribute 'defaultdict'  [attr-defined]
(pantsbuild)pants/tests/python/pants_test/backend/jvm/tasks/jvm_compile/base_compile_integration_test.py:5:1: error: Module 'collections' has no attribute 'defaultdict'  [attr-defined]
(pantsbuild)pants/tests/python/pants_test/backend/jvm/tasks/jvm_compile/base_compile_integration_test.py:17:3: error: Need type annotation for '_EXTRA_TASK_ARGS' (hint: "_EXTRA_TASK_ARGS: List[<type>] = ...")  [var-annotated]
(pantsbuild)pants/tests/python/pants_test/backend/python/tasks/test_isort_run.py:7:1: error: Module 'pytest' has no attribute 'fail'  [attr-defined]
(pantsbuild)pants/tests/python/pants_test/goal/test_products.py:5:1: error: Module 'collections' has no attribute 'defaultdict'  [attr-defined]
(pantsbuild)pants/tests/python/pants_test/build_graph/test_build_file_parser.py:5:1: error: Module 'collections' has no attribute 'namedtuple'  [attr-defined]
(pantsbuild)pants/tests/python/pants_test/task_test_base.py:329:30: error: Unsupported dynamic base class "datatype"  [misc]
(pantsbuild)pants/src/python/pants/fs/archive.py:8:1: error: Module 'collections' has no attribute 'OrderedDict'  [attr-defined]
(pantsbuild)pants/src/python/pants/option/config.py:184:20: error: Unsupported dynamic base class "datatype"  [misc]
(pantsbuild)pants/src/python/pants/option/config.py:254:22: error: Unsupported dynamic base class "datatype"  [misc]
(pantsbuild)pants/src/python/pants/ivy/ivy.py:62:4: error: Decorated property not supported  [misc]
(pantsbuild)pants/src/python/pants/java/jar/jar_dependency.py:68:21: error: Unsupported dynamic base class "datatype"  [misc]
(pantsbuild)pants/src/python/pants/java/junit/junit_xml_parser.py:6:1: error: Module 'collections' has no attribute 'defaultdict'  [attr-defined]
(pantsbuild)pants/src/python/pants/java/junit/junit_xml_parser.py:15:12: error: Unsupported dynamic base class "datatype"  [misc]
(pantsbuild)pants/src/python/pants/invalidation/build_invalidator.py:8:1: error: Module 'collections' has no attribute 'namedtuple'  [attr-defined]
(pantsbuild)pants/src/python/pants/invalidation/build_invalidator.py:23:16: error: Unsupported dynamic base class "namedtuple"  [misc]
(pantsbuild)pants/src/python/pants/pantsd/service/pants_service.py:11:21: error: Unsupported dynamic base class "datatype"  [misc]
(pantsbuild)pants/src/python/pants/backend/jvm/subsystems/jvm_tool_mixin.py:4:1: error: Module 'collections' has no attribute 'namedtuple'  [attr-defined]
(pantsbuild)pants/src/python/pants/backend/jvm/subsystems/jvm_tool_mixin.py:22:17: error: Unsupported dynamic base class "namedtuple"  [misc]
(pantsbuild)pants/src/python/pants/backend/jvm/subsystems/jvm_tool_mixin.py:49:3: error: Need type annotation for '_jvm_tools' (hint: "_jvm_tools: List[<type>] = ...")  [var-annotated]
(pantsbuild)pants/src/python/pants/backend/jvm/tasks/coverage/cobertura.py:7:1: error: Module 'collections' has no attribute 'defaultdict'  [attr-defined]
(pantsbuild)pants/src/python/pants/backend/codegen/protobuf/java/protobuf_gen.py:6:1: error: Module 'collections' has no attribute 'OrderedDict'  [attr-defined]
(pantsbuild)pants/src/python/pants/backend/native/targets/native_artifact.py:10:22: error: Unsupported dynamic base class "datatype"  [misc]
(pantsbuild)pants/src/python/pants/backend/native/tasks/link_shared_libraries.py:19:21: error: Unsupported dynamic base class "datatype"  [misc]
(pantsbuild)pants/src/python/pants/backend/native/tasks/link_shared_libraries.py:22:32: error: Unsupported dynamic base class "datatype"  [misc]
(pantsbuild)pants/src/python/pants/backend/native/tasks/native_compile.py:7:1: error: Module 'collections' has no attribute 'defaultdict'  [attr-defined]
(pantsbuild)pants/src/python/pants/backend/native/tasks/native_compile.py:18:28: error: Unsupported dynamic base class "datatype"  [misc]
(pantsbuild)pants/src/python/pants/backend/native/tasks/native_compile.py:30:19: error: Unsupported dynamic base class "datatype"  [misc]
(pantsbuild)pants/src/python/pants/backend/native/tasks/native_compile.py:91:29: error: Unsupported dynamic base class "datatype"  [misc]
(pantsbuild)pants/src/python/pants/core_tasks/run_prep_command.py:6:1: error: Module 'collections' has no attribute 'namedtuple'  [attr-defined]
(pantsbuild)pants/src/python/pants/core_tasks/run_prep_command.py:98:10: error: Incompatible types in assignment (expression has type "str", base class "RunPrepCommandBase" defined the type as "None")  [assignment]
(pantsbuild)pants/src/python/pants/core_tasks/run_prep_command.py:103:10: error: Incompatible types in assignment (expression has type "str", base class "RunPrepCommandBase" defined the type as "None")  [assignment]
(pantsbuild)pants/src/python/pants/core_tasks/run_prep_command.py:108:10: error: Incompatible types in assignment (expression has type "str", base class "RunPrepCommandBase" defined the type as "None")  [assignment]
(pantsbuild)pants/src/python/pants/reporting/json_reporter.py:4:1: error: Module 'collections' has no attribute 'defaultdict'  [attr-defined]
(pantsbuild)pants/src/python/pants/reporting/json_reporter.py:4:1: error: Module 'collections' has no attribute 'namedtuple'  [attr-defined]
(pantsbuild)pants/src/python/pants/build_graph/app_base.py:5:1: error: Module 'collections' has no attribute 'OrderedDict'  [attr-defined]
(pantsbuild)pants/src/python/pants/build_graph/app_base.py:5:1: error: Module 'collections' has no attribute 'namedtuple'  [attr-defined]
(pantsbuild)pants/src/python/pants/build_graph/app_base.py:64:19: error: Unsupported dynamic base class "namedtuple"  [misc]
(pantsbuild)pants/src/python/pants/util/desktop.py:15:3: error: Module has no attribute "call"  [attr-defined]
(pantsbuild)pants/src/python/pants/util/desktop.py:24:5: error: Module has no attribute "call"  [attr-defined]
(pantsbuild)pants/src/python/pants/util/desktop.py:29:10: error: Module has no attribute "call"  [attr-defined]
(pantsbuild)pants/src/python/pants/util/desktop.py:30:50: error: Module has no attribute "PIPE"  [attr-defined]
(pantsbuild)pants/src/python/pants/util/debug.py:6:1: error: Module 'collections' has no attribute 'namedtuple'  [attr-defined]
(pantsbuild)pants/src/python/pants/util/debug.py:18:19: error: Unsupported dynamic base class "namedtuple"  [misc]
(pantsbuild)pants/src/python/pants/cache/cache_setup.py:6:1: error: Module 'collections' has no attribute 'namedtuple'  [attr-defined]
(pantsbuild)pants/build-support/bin/mypy.py:9:3: error: Module has no attribute "run"  [attr-defined]
(pantsbuild)pants/contrib/mypy/src/python/pants/contrib/mypy/tasks/mypy_task.py:125:5: error: Need type annotation for 'sources' (hint: "sources: Set[<type>] = ...")  [var-annotated]
(pantsbuild)pants/contrib/avro/tests/python/pants_test/contrib/avro/tasks/test_avro_gen.py:14:3: error: Need type annotation for '_test_cmd_log' (hint: "_test_cmd_log: List[<type>] = ...")  [var-annotated]
(pantsbuild)pants/contrib/scrooge/tests/python/pants_test/contrib/scrooge/tasks/test_thrift_linter_integration.py:50:4: error: Argument 1 to "rename_build_file" has incompatible type "Callable[[ThriftLinterTest], Any]"; expected "ThriftLinterTest"  [arg-type]
(pantsbuild)pants/contrib/scrooge/tests/python/pants_test/contrib/scrooge/tasks/test_thrift_linter_integration.py:58:4: error: Argument 1 to "rename_build_file" has incompatible type "Callable[[ThriftLinterTest], Any]"; expected "ThriftLinterTest"  [arg-type]
(pantsbuild)pants/contrib/scrooge/tests/python/pants_test/contrib/scrooge/tasks/test_thrift_linter_integration.py:66:4: error: Argument 1 to "rename_build_file" has incompatible type "Callable[[ThriftLinterTest], Any]"; expected "ThriftLinterTest"  [arg-type]
(pantsbuild)pants/contrib/scrooge/tests/python/pants_test/contrib/scrooge/tasks/test_thrift_linter_integration.py:74:4: error: Argument 1 to "rename_build_file" has incompatible type "Callable[[ThriftLinterTest], Any]"; expected "ThriftLinterTest"  [arg-type]
(pantsbuild)pants/contrib/scrooge/tests/python/pants_test/contrib/scrooge/tasks/test_thrift_linter_integration.py:82:4: error: Argument 1 to "rename_build_file" has incompatible type "Callable[[ThriftLinterTest], Any]"; expected "ThriftLinterTest"  [arg-type]
(pantsbuild)pants/contrib/scrooge/tests/python/pants_test/contrib/scrooge/tasks/test_thrift_linter_integration.py:90:4: error: Argument 1 to "rename_build_file" has incompatible type "Callable[[ThriftLinterTest], Any]"; expected "ThriftLinterTest"  [arg-type]
(pantsbuild)pants/contrib/scrooge/tests/python/pants_test/contrib/scrooge/tasks/test_thrift_linter_integration.py:108:4: error: Argument 1 to "rename_build_file" has incompatible type "Callable[[ThriftLinterTest], Any]"; expected "ThriftLinterTest"  [arg-type]
(pantsbuild)pants/contrib/scrooge/tests/python/pants_test/contrib/scrooge/tasks/test_thrift_linter_integration.py:116:4: error: Argument 1 to "rename_build_file" has incompatible type "Callable[[ThriftLinterTest], Any]"; expected "ThriftLinterTest"  [arg-type]
(pantsbuild)pants/contrib/scrooge/tests/python/pants_test/contrib/scrooge/tasks/test_thrift_linter_integration.py:124:4: error: Argument 1 to "rename_build_file" has incompatible type "Callable[[ThriftLinterTest], Any]"; expected "ThriftLinterTest"  [arg-type]
(pantsbuild)pants/contrib/scrooge/tests/python/pants_test/contrib/scrooge/tasks/test_thrift_linter_integration.py:133:4: error: Argument 1 to "rename_build_file" has incompatible type "Callable[[ThriftLinterTest], Any]"; expected "ThriftLinterTest"  [arg-type]
(pantsbuild)pants/contrib/go/tests/python/pants_test/contrib/go/tasks/test_go_fetch.py:6:1: error: Module 'collections' has no attribute 'defaultdict'  [attr-defined]
(pantsbuild)pants/contrib/go/tests/python/pants_test/contrib/go/tasks/test_go_workspace_task.py:6:1: error: Module 'collections' has no attribute 'defaultdict'  [attr-defined]
(pantsbuild)pants/contrib/go/src/python/pants/contrib/go/subsystems/go_distribution.py:6:1: error: Module 'collections' has no attribute 'OrderedDict'  [attr-defined]
(pantsbuild)pants/contrib/go/src/python/pants/contrib/go/subsystems/go_distribution.py:6:1: error: Module 'collections' has no attribute 'namedtuple'  [attr-defined]
(pantsbuild)pants/contrib/go/src/python/pants/contrib/go/subsystems/go_distribution.py:59:19: error: Unsupported dynamic base class "namedtuple"  [misc]
(pantsbuild)pants/contrib/go/src/python/pants/contrib/go/tasks/go_test.py:47:27: error: Unsupported dynamic base class "datatype"  [misc]
(pantsbuild)pants/contrib/go/src/python/pants/contrib/go/tasks/go_fetch.py:6:1: error: Module 'collections' has no attribute 'defaultdict'  [attr-defined]
(pantsbuild)pants/contrib/node/src/python/pants/contrib/node/tasks/node_resolve.py:67:3: error: Need type annotation for '_resolver_by_type' (hint: "_resolver_by_type: Dict[<type>, <type>] = ...")  [var-annotated]
(pantsbuild)pants/tests/python/pants_test/testutils/git_util.py:19:12: error: Module has no attribute "run"  [attr-defined]
(pantsbuild)pants/tests/python/pants_test/testutils/git_util.py:20:34: error: Module has no attribute "PIPE"  [attr-defined]
(pantsbuild)pants/tests/python/pants_test/testutils/git_util.py:49:5: error: Module has no attribute "run"  [attr-defined]
(pantsbuild)pants/tests/python/pants_test/testutils/git_util.py:50:5: error: Module has no attribute "run"  [attr-defined]
(pantsbuild)pants/tests/python/pants_test/testutils/git_util.py:54:5: error: Module has no attribute "run"  [attr-defined]
(pantsbuild)pants/tests/python/pants_test/testutils/git_util.py:55:5: error: Module has no attribute "run"  [attr-defined]
(pantsbuild)pants/tests/python/pants_test/testutils/git_util.py:56:5: error: Module has no attribute "run"  [attr-defined]
(pantsbuild)pants/tests/python/pants_test/testutils/git_util.py:57:5: error: Module has no attribute "run"  [attr-defined]
(pantsbuild)pants/tests/python/pants_test/backend/jvm/tasks/jvm_compile/java/jvm_platform_integration_mixin.py:6:1: error: Module 'subprocess' has no attribute 'PIPE'  [attr-defined]
(pantsbuild)pants/tests/python/pants_test/backend/jvm/tasks/jvm_compile/java/jvm_platform_integration_mixin.py:6:1: error: Module 'subprocess' has no attribute 'Popen'  [attr-defined]
(pantsbuild)pants/tests/python/pants_test/backend/jvm/tasks/jvm_compile/java/test_cache_compile_integration.py:6:1: error: Module 'collections' has no attribute 'namedtuple'  [attr-defined]
(pantsbuild)pants/tests/python/pants_test/backend/jvm/tasks/jvm_compile/java/test_cache_compile_integration.py:15:15: error: Unsupported dynamic base class "namedtuple"  [misc]
(pantsbuild)pants/tests/python/pants_test/backend/jvm/tasks/test_scope_runtime_integration.py:6:1: error: Module 'subprocess' has no attribute 'PIPE'  [attr-defined]
(pantsbuild)pants/tests/python/pants_test/backend/jvm/tasks/test_scope_runtime_integration.py:6:1: error: Module 'subprocess' has no attribute 'Popen'  [attr-defined]
(pantsbuild)pants/tests/python/pants_test/backend/codegen/antlr/java/test_antlr_java_gen.py:20:28: error: Unsupported dynamic base class "datatype"  [misc]
(pantsbuild)pants/tests/python/pants_test/backend/python/tasks/util/build_local_dists_test_base.py:99:30: error: Unsupported dynamic base class "enum"  [misc]
(pantsbuild)pants/tests/python/pants_test/backend/python/tasks/test_build_local_python_distributions.py:5:1: error: Module 'collections' has no attribute 'OrderedDict'  [attr-defined]
(pantsbuild)pants/src/python/pants/base/workunit.py:8:1: error: Module 'collections' has no attribute 'namedtuple'  [attr-defined]
(pantsbuild)pants/src/python/pants/base/specs.py:80:21: error: Unsupported dynamic base class "datatype"  [misc]
(pantsbuild)pants/src/python/pants/base/specs.py:123:24: error: Unsupported dynamic base class "datatype"  [misc]
(pantsbuild)pants/src/python/pants/base/specs.py:139:27: error: Unsupported dynamic base class "datatype"  [misc]
(pantsbuild)pants/src/python/pants/base/specs.py:161:26: error: Unsupported dynamic base class "datatype"  [misc]
(pantsbuild)pants/src/python/pants/base/specs.py:184:20: error: Unsupported dynamic base class "datatype"  [misc]
(pantsbuild)pants/src/python/pants/base/specs.py:225:13: error: Unsupported dynamic base class "datatype"  [misc]
(pantsbuild)pants/src/python/pants/base/run_info.py:9:1: error: Module 'collections' has no attribute 'OrderedDict'  [attr-defined]
(pantsbuild)pants/src/python/pants/option/custom_types.py:321:32: error: Unsupported dynamic base class "enum"  [misc]
(pantsbuild)pants/src/python/pants/help/build_dictionary_info_extracter.py:7:1: error: Module 'collections' has no attribute 'OrderedDict'  [attr-defined]
(pantsbuild)pants/src/python/pants/help/build_dictionary_info_extracter.py:7:1: error: Module 'collections' has no attribute 'namedtuple'  [attr-defined]
(pantsbuild)pants/src/python/pants/help/build_dictionary_info_extracter.py:14:19: error: Unsupported dynamic base class "namedtuple"  [misc]
(pantsbuild)pants/src/python/pants/help/build_dictionary_info_extracter.py:19:23: error: Unsupported dynamic base class "namedtuple"  [misc]
(pantsbuild)pants/src/python/pants/bin/daemon_pants_runner.py:34: error: The return type of a generator function should be "Generator" or one of its supertypes  [misc]
(pantsbuild)pants/src/python/pants/bin/daemon_pants_runner.py:34:4: error: Argument 1 to "contextmanager" has incompatible type "Callable[[Type[DaemonExiter], Any, Callable[[], None]], None]"; expected "Callable[..., Iterator[<nothing>]]"  [arg-type]
(pantsbuild)pants/src/python/pants/engine/mapper.py:5:1: error: Module 'collections' has no attribute 'OrderedDict'  [attr-defined]
(pantsbuild)pants/src/python/pants/engine/mapper.py:25:18: error: Unsupported dynamic base class "datatype"  [misc]
(pantsbuild)pants/src/python/pants/engine/mapper.py:74:21: error: Unsupported dynamic base class "datatype"  [misc]
(pantsbuild)pants/src/python/pants/engine/mapper.py:150:21: error: Unsupported dynamic base class "datatype"  [misc]
(pantsbuild)pants/src/python/pants/engine/objects.py:7:1: error: Module 'collections' has no attribute 'namedtuple'  [attr-defined]
(pantsbuild)pants/src/python/pants/engine/objects.py:45:26: error: Unsupported dynamic base class "namedtuple"  [misc]
(pantsbuild)pants/src/python/pants/backend/jvm/tasks/jvm_compile/missing_dependency_finder.py:5:1: error: Module 'collections' has no attribute 'namedtuple'  [attr-defined]
(pantsbuild)pants/src/python/pants/backend/jvm/tasks/jvm_compile/missing_dependency_finder.py:19:26: error: Unsupported dynamic base class "namedtuple"  [misc]
(pantsbuild)pants/src/python/pants/backend/jvm/tasks/jvm_compile/execution_graph.py:8:1: error: Module 'collections' has no attribute 'defaultdict'  [attr-defined]
(pantsbuild)pants/src/python/pants/backend/jvm/tasks/jvm_compile/execution_graph.py:8:1: error: Module 'collections' has no attribute 'deque'  [attr-defined]
(pantsbuild)pants/src/python/pants/backend/jvm/tasks/properties.py:5:1: error: Module 'collections' has no attribute 'OrderedDict'  [attr-defined]
(pantsbuild)pants/src/python/pants/backend/jvm/tasks/detect_duplicates.py:6:1: error: Module 'collections' has no attribute 'defaultdict'  [attr-defined]
(pantsbuild)pants/src/python/pants/backend/codegen/thrift/python/py_thrift_namespace_clash_check.py:6:1: error: Module 'collections' has no attribute 'OrderedDict'  [attr-defined]
(pantsbuild)pants/src/python/pants/backend/codegen/thrift/python/py_thrift_namespace_clash_check.py:6:1: error: Module 'collections' has no attribute 'defaultdict'  [attr-defined]
(pantsbuild)pants/src/python/pants/backend/project_info/rules/source_file_validator.py:20:19: error: Unsupported dynamic base class "enum"  [misc]
(pantsbuild)pants/src/python/pants/backend/project_info/rules/source_file_validator.py:83:24: error: Unsupported dynamic base class "datatype"  [misc]
(pantsbuild)pants/src/python/pants/backend/graph_info/tasks/dependees.py:5:1: error: Module 'collections' has no attribute 'defaultdict'  [attr-defined]
(pantsbuild)pants/src/python/pants/backend/python/tasks/pytest/plugin.py:36:4: error: Module has no attribute "hookimpl"  [attr-defined]
(pantsbuild)pants/src/python/pants/backend/native/targets/external_native_library.py:22:24: error: Unsupported dynamic base class "datatype"  [misc]
(pantsbuild)pants/src/python/pants/core_tasks/bash_completion.py:5:1: error: Module 'collections' has no attribute 'defaultdict'  [attr-defined]
(pantsbuild)pants/src/python/pants/subsystem/subsystem.py:81:3: error: Need type annotation for '_scoped_instances' (hint: "_scoped_instances: Dict[<type>, <type>] = ...")  [var-annotated]
(pantsbuild)pants/src/python/pants/build_graph/build_file_aliases.py:6:1: error: Module 'collections' has no attribute 'defaultdict'  [attr-defined]
(pantsbuild)pants/build-support/bin/shellcheck.py:36:5: error: Module has no attribute "run"  [attr-defined]
(pantsbuild)pants/build-support/bin/shellcheck.py:37:10: error: Module has no attribute "CalledProcessError"  [attr-defined]
(pantsbuild)pants/build-support/bin/deploy_to_s3.py:20:3: error: Module has no attribute "run"  [attr-defined]
(pantsbuild)pants/build-support/bin/deploy_to_s3.py:35:3: error: Module has no attribute "run"  [attr-defined]
(pantsbuild)pants/contrib/scrooge/src/python/pants/contrib/scrooge/tasks/scrooge_gen.py:7:1: error: Module 'collections' has no attribute 'defaultdict'  [attr-defined]
(pantsbuild)pants/contrib/scrooge/src/python/pants/contrib/scrooge/tasks/scrooge_gen.py:7:1: error: Module 'collections' has no attribute 'namedtuple'  [attr-defined]
(pantsbuild)pants/contrib/go/src/python/pants/contrib/go/tasks/go_task.py:7:1: error: Module 'collections' has no attribute 'namedtuple'  [attr-defined]
(pantsbuild)pants/contrib/go/src/python/pants/contrib/go/tasks/go_task.py:120:23: error: Unsupported dynamic base class "namedtuple"  [misc]
(pantsbuild)pants/src/python/pants/init/logging.py:9:1: error: Module 'collections' has no attribute 'namedtuple'  [attr-defined]
(pantsbuild)pants/src/python/pants/init/logging.py:11:1: error: Module 'logging' has no attribute 'StreamHandler'  [attr-defined]
(pantsbuild)pants/src/python/pants/init/logging.py:24:1: error: Module has no attribute "addLevelName"  [attr-defined]
(pantsbuild)pants/src/python/pants/init/logging.py:24:22: error: Module has no attribute "WARNING"  [attr-defined]
(pantsbuild)pants/src/python/pants/init/logging.py:25:1: error: Module has no attribute "addLevelName"  [attr-defined]
(pantsbuild)pants/src/python/pants/init/logging.py:28:26: error: Unsupported dynamic base class "namedtuple"  [misc]
(pantsbuild)pants/tests/python/pants_test/base/context_utils.py:61:20: error: Unsupported dynamic base class "logging.getLoggerClass"  [misc]
(pantsbuild)pants/tests/python/pants_test/backend/jvm/tasks/test_scalastyle.py:20:10: error: Module has no attribute "getLogger"  [attr-defined]
(pantsbuild)pants/tests/python/pants_test/util/test_osutil.py:25:34: error: Module has no attribute "WARNING"  [attr-defined]
(pantsbuild)pants/tests/python/pants_test/util/test_osutil.py:32:32: error: Module has no attribute "WARNING"  [attr-defined]
(pantsbuild)pants/src/python/pants/base/fingerprint_strategy.py:8:10: error: Module has no attribute "getLogger"  [attr-defined]
(pantsbuild)pants/src/python/pants/base/build_file.py:15:10: error: Module has no attribute "getLogger"  [attr-defined]
(pantsbuild)pants/src/python/pants/base/build_file.py:34:3: error: Need type annotation for '_cache' (hint: "_cache: Dict[<type>, <type>] = ...")  [var-annotated]
(pantsbuild)pants/src/python/pants/base/project_tree.py:15:10: error: Module has no attribute "getLogger"  [attr-defined]
(pantsbuild)pants/src/python/pants/base/project_tree.py:209:12: error: Unsupported dynamic base class "datatype"  [misc]
(pantsbuild)pants/src/python/pants/base/project_tree.py:216:11: error: Unsupported dynamic base class "datatype"  [misc]
(pantsbuild)pants/src/python/pants/base/project_tree.py:223:12: error: Unsupported dynamic base class "datatype"  [misc]
(pantsbuild)pants/src/python/pants/base/exiter.py:11:10: error: Module has no attribute "getLogger"  [attr-defined]
(pantsbuild)pants/src/python/pants/base/build_environment.py:12:10: error: Module has no attribute "getLogger"  [attr-defined]
(pantsbuild)pants/src/python/pants/base/hash_utils.py:7:1: error: Module 'collections' has no attribute 'OrderedDict'  [attr-defined]
(pantsbuild)pants/src/python/pants/base/hash_utils.py:16:10: error: Module has no attribute "getLogger"  [attr-defined]
(pantsbuild)pants/src/python/pants/option/options_bootstrapper.py:22:10: error: Module has no attribute "getLogger"  [attr-defined]
(pantsbuild)pants/src/python/pants/option/options_bootstrapper.py:25:27: error: Unsupported dynamic base class "datatype"  [misc]
(pantsbuild)pants/src/python/pants/option/compiler_option_sets_mixin.py:9:10: error: Module has no attribute "getLogger"  [attr-defined]
(pantsbuild)pants/src/python/pants/ivy/bootstrapper.py:17:10: error: Module has no attribute "getLogger"  [attr-defined]
(pantsbuild)pants/src/python/pants/releases/packages.py:9:1: error: Module 'collections' has no attribute 'defaultdict'  [attr-defined]
(pantsbuild)pants/src/python/pants/java/executor.py:16:10: error: Module has no attribute "getLogger"  [attr-defined]
(pantsbuild)pants/src/python/pants/java/nailgun_executor.py:23:10: error: Module has no attribute "getLogger"  [attr-defined]
(pantsbuild)pants/src/python/pants/init/target_roots_calculator.py:18:10: error: Module has no attribute "getLogger"  [attr-defined]
(pantsbuild)pants/src/python/pants/init/repro.py:14:10: error: Module has no attribute "getLogger"  [attr-defined]
(pantsbuild)pants/src/python/pants/init/options_initializer.py:19:10: error: Module has no attribute "getLogger"  [attr-defined]
(pantsbuild)pants/src/python/pants/init/plugin_resolver.py:25:10: error: Module has no attribute "getLogger"  [attr-defined]
(pantsbuild)pants/src/python/pants/task/unpack_remote_sources_base.py:18:10: error: Module has no attribute "getLogger"  [attr-defined]
(pantsbuild)pants/src/python/pants/task/unpack_remote_sources_base.py:21:24: error: Unsupported dynamic base class "datatype"  [misc]
(pantsbuild)pants/src/python/pants/pantsd/watchman.py:8:1: error: Module 'collections' has no attribute 'namedtuple'  [attr-defined]
(pantsbuild)pants/src/python/pants/rules/core/test.py:18:10: error: Module has no attribute "getLogger"  [attr-defined]
(pantsbuild)pants/src/python/pants/bin/goal_runner.py:20:10: error: Module has no attribute "getLogger"  [attr-defined]
(pantsbuild)pants/src/python/pants/bin/remote_pants_runner.py:18:10: error: Module has no attribute "getLogger"  [attr-defined]
(pantsbuild)pants/src/python/pants/bin/local_pants_runner.py:25:10: error: Module has no attribute "getLogger"  [attr-defined]
(pantsbuild)pants/src/python/pants/bin/pants_runner.py:15:10: error: Module has no attribute "getLogger"  [attr-defined]
(pantsbuild)pants/src/python/pants/engine/legacy/structs.py:21:10: error: Module has no attribute "getLogger"  [attr-defined]
(pantsbuild)pants/src/python/pants/engine/legacy/structs.py:129:3: error: Unsupported dynamic base class "datatype"  [misc]
(pantsbuild)pants/src/python/pants/engine/legacy/structs.py:181:20: error: Unsupported dynamic base class "datatype"  [misc]
(pantsbuild)pants/src/python/pants/engine/legacy/structs.py:419:28: error: Unsupported dynamic base class "datatype"  [misc]
(pantsbuild)pants/src/python/pants/engine/build_files.py:25:10: error: Module has no attribute "getLogger"  [attr-defined]
(pantsbuild)pants/src/python/pants/engine/nodes.py:10:10: error: Module has no attribute "getLogger"  [attr-defined]
(pantsbuild)pants/src/python/pants/engine/nodes.py:38:14: error: Unsupported dynamic base class "datatype"  [misc]
(pantsbuild)pants/src/python/pants/engine/nodes.py:49:13: error: Unsupported dynamic base class "datatype"  [misc]
(pantsbuild)pants/src/python/pants/engine/nodes.py:53:16: error: Unsupported dynamic base class "datatype"  [misc]
(pantsbuild)pants/src/python/pants/engine/isolated_process.py:11:10: error: Module has no attribute "getLogger"  [attr-defined]
(pantsbuild)pants/src/python/pants/engine/isolated_process.py:16:29: error: Unsupported dynamic base class "datatype"  [misc]
(pantsbuild)pants/src/python/pants/engine/isolated_process.py:63:28: error: Unsupported dynamic base class "datatype"  [misc]
(pantsbuild)pants/src/python/pants/engine/isolated_process.py:72:36: error: Unsupported dynamic base class "datatype"  [misc]
(pantsbuild)pants/src/python/pants/backend/jvm/subsystems/jvm_platform.py:14:10: error: Module has no attribute "getLogger"  [attr-defined]
(pantsbuild)pants/src/python/pants/backend/jvm/subsystems/jvm.py:10:10: error: Module has no attribute "getLogger"  [attr-defined]
(pantsbuild)pants/src/python/pants/backend/jvm/subsystems/resolve_subsystem.py:9:10: error: Module has no attribute "getLogger"  [attr-defined]
(pantsbuild)pants/src/python/pants/backend/jvm/subsystems/scoverage_platform.py:15:10: error: Module has no attribute "getLogger"  [attr-defined]
(pantsbuild)pants/src/python/pants/backend/jvm/targets/unpacked_jars.py:12:10: error: Module has no attribute "getLogger"  [attr-defined]
(pantsbuild)pants/src/python/pants/backend/jvm/tasks/reports/junit_html_report.py:10:1: error: Module 'collections' has no attribute 'defaultdict'  [attr-defined]
(pantsbuild)pants/src/python/pants/backend/jvm/tasks/reports/junit_html_report.py:19:11: error: Module has no attribute "getLogger"  [attr-defined]
(pantsbuild)pants/src/python/pants/backend/jvm/tasks/reports/junit_html_report.py:143:22: error: Unsupported dynamic base class "datatype"  [misc]
(pantsbuild)pants/src/python/pants/backend/jvm/tasks/coursier/coursier_subsystem.py:15:10: error: Module has no attribute "getLogger"  [attr-defined]
(pantsbuild)pants/src/python/pants/backend/jvm/tasks/coverage/manager.py:18:10: error: Module has no attribute "getLogger"  [attr-defined]
(pantsbuild)pants/src/python/pants/backend/jvm/tasks/jvm_compile/javac/javac_compile.py:22:10: error: Module has no attribute "getLogger"  [attr-defined]
(pantsbuild)pants/src/python/pants/backend/jvm/tasks/ivy_task_mixin.py:20:10: error: Module has no attribute "getLogger"  [attr-defined]
(pantsbuild)pants/src/python/pants/backend/jvm/tasks/jvm_run.py:18:10: error: Module has no attribute "getLogger"  [attr-defined]
(pantsbuild)pants/src/python/pants/backend/jvm/argfile.py:12:10: error: Module has no attribute "getLogger"  [attr-defined]
(pantsbuild)pants/src/python/pants/backend/codegen/wire/java/wire_gen.py:21:10: error: Module has no attribute "getLogger"  [attr-defined]
(pantsbuild)pants/src/python/pants/backend/codegen/antlr/java/antlr_java_gen.py:18:10: error: Module has no attribute "getLogger"  [attr-defined]
(pantsbuild)pants/src/python/pants/backend/codegen/antlr/python/antlr_py_gen.py:18:10: error: Module has no attribute "getLogger"  [attr-defined]
(pantsbuild)pants/src/python/pants/backend/python/subsystems/python_setup.py:15:10: error: Module has no attribute "getLogger"  [attr-defined]
(pantsbuild)pants/src/python/pants/backend/python/subsystems/python_repos.py:13:10: error: Module has no attribute "getLogger"  [attr-defined]
(pantsbuild)pants/src/python/pants/backend/python/subsystems/python_native_code.py:23:10: error: Module has no attribute "getLogger"  [attr-defined]
(pantsbuild)pants/src/python/pants/backend/python/subsystems/python_native_code.py:145:27: error: Unsupported dynamic base class "datatype"  [misc]
(pantsbuild)pants/src/python/pants/backend/python/targets/unpacked_whls.py:14:10: error: Module has no attribute "getLogger"  [attr-defined]
(pantsbuild)pants/src/python/pants/backend/python/interpreter_cache.py:7:1: error: Module 'collections' has no attribute 'defaultdict'  [attr-defined]
(pantsbuild)pants/src/python/pants/backend/python/interpreter_cache.py:21:10: error: Module has no attribute "getLogger"  [attr-defined]
(pantsbuild)pants/src/python/pants/backend/native/subsystems/utils/parse_search_dirs.py:17:10: error: Module has no attribute "getLogger"  [attr-defined]
(pantsbuild)pants/src/python/pants/core_tasks/deferred_sources_mapper.py:17:10: error: Module has no attribute "getLogger"  [attr-defined]
(pantsbuild)pants/src/python/pants/core_tasks/reporting_server_run.py:12:10: error: Module has no attribute "getLogger"  [attr-defined]
(pantsbuild)pants/src/python/pants/core_tasks/reporting_server_kill.py:10:10: error: Module has no attribute "getLogger"  [attr-defined]
(pantsbuild)pants/src/python/pants/core_tasks/clean.py:12:10: error: Module has no attribute "getLogger"  [attr-defined]
(pantsbuild)pants/src/python/pants/binaries/binary_tool.py:15:10: error: Module has no attribute "getLogger"  [attr-defined]
(pantsbuild)pants/src/python/pants/binaries/binary_tool.py:210:24: error: Incompatible types in assignment (expression has type "bool", base class "BinaryToolBase" defined the type as "None")  [assignment]
(pantsbuild)pants/src/python/pants/binaries/binary_tool.py:218:24: error: Incompatible types in assignment (expression has type "bool", base class "BinaryToolBase" defined the type as "None")  [assignment]
(pantsbuild)pants/src/python/pants/binaries/binary_tool.py:223:21: error: Incompatible types in assignment (expression has type "str", base class "BinaryToolBase" defined the type as "None")  [assignment]
(pantsbuild)pants/src/python/pants/binaries/binary_tool.py:224:18: error: Incompatible types in assignment (expression has type "str", base class "BinaryToolBase" defined the type as "None")  [assignment]
(pantsbuild)pants/src/python/pants/process/lock.py:15:10: error: Module has no attribute "getLogger"  [attr-defined]
(pantsbuild)pants/src/python/pants/build_graph/build_configuration.py:5:1: error: Module 'collections' has no attribute 'OrderedDict'  [attr-defined]
(pantsbuild)pants/src/python/pants/build_graph/build_configuration.py:5:1: error: Module 'collections' has no attribute 'namedtuple'  [attr-defined]
(pantsbuild)pants/src/python/pants/build_graph/build_configuration.py:19:10: error: Module has no attribute "getLogger"  [attr-defined]
(pantsbuild)pants/src/python/pants/build_graph/build_configuration.py:25:20: error: Unsupported dynamic base class "namedtuple"  [misc]
(pantsbuild)pants/src/python/pants/build_graph/address_mapper.py:11:10: error: Module has no attribute "getLogger"  [attr-defined]
(pantsbuild)pants/src/python/pants/build_graph/target_addressable.py:28:12: error: Module has no attribute "getLogger"  [attr-defined]
(pantsbuild)pants/src/python/pants/build_graph/build_file_parser.py:10:10: error: Module has no attribute "getLogger"  [attr-defined]
(pantsbuild)pants/src/python/pants/build_graph/target_filter_subsystem.py:9:10: error: Module has no attribute "getLogger"  [attr-defined]
(pantsbuild)pants/src/python/pants/util/retry.py:8:10: error: Module has no attribute "getLogger"  [attr-defined]
(pantsbuild)pants/src/python/pants/util/osutil.py:12:10: error: Module has no attribute "getLogger"  [attr-defined]
(pantsbuild)pants/src/python/pants/cache/artifact_cache.py:13:10: error: Module has no attribute "getLogger"  [attr-defined]
(pantsbuild)pants/src/python/pants/cache/local_artifact_cache.py:15:10: error: Module has no attribute "getLogger"  [attr-defined]
(pantsbuild)pants/src/python/pants/console/stty_utils.py:10:10: error: Module has no attribute "getLogger"  [attr-defined]
(pantsbuild)pants/contrib/confluence/src/python/pants/contrib/confluence/util/confluence_util.py:14:7: error: Module has no attribute "getLogger"  [attr-defined]
(pantsbuild)pants/contrib/jax_ws/src/python/pants/contrib/jax_ws/tasks/jax_ws_gen.py:18:10: error: Module has no attribute "getLogger"  [attr-defined]
(pantsbuild)pants/contrib/go/src/python/pants/contrib/go/subsystems/fetcher_factory.py:16:10: error: Module has no attribute "getLogger"  [attr-defined]
(pantsbuild)pants/contrib/go/src/python/pants/contrib/go/subsystems/protoc_gen_go.py:17:10: error: Module has no attribute "getLogger"  [attr-defined]
(pantsbuild)pants/contrib/buildrefactor/src/python/pants/contrib/buildrefactor/buildozer_binary.py:12:10: error: Module has no attribute "getLogger"  [attr-defined]
(pantsbuild)pants/contrib/buildrefactor/src/python/pants/contrib/buildrefactor/meta_rename.py:5:1: error: Module 'collections' has no attribute 'defaultdict'  [attr-defined]
(pantsbuild)pants/contrib/buildrefactor/src/python/pants/contrib/buildrefactor/meta_rename.py:15:10: error: Module has no attribute "getLogger"  [attr-defined]
(pantsbuild)pants/contrib/buildrefactor/src/python/pants/contrib/buildrefactor/buildozer.py:14:10: error: Module has no attribute "getLogger"  [attr-defined]
(pantsbuild)pants/contrib/node/src/python/pants/contrib/node/subsystems/yarnpkg_distribution.py:10:10: error: Module has no attribute "getLogger"  [attr-defined]
(pantsbuild)pants/contrib/node/src/python/pants/contrib/node/subsystems/command.py:7:1: error: Module 'collections' has no attribute 'namedtuple'  [attr-defined]
(pantsbuild)pants/contrib/node/src/python/pants/contrib/node/subsystems/command.py:12:10: error: Module has no attribute "getLogger"  [attr-defined]
(pantsbuild)pants/contrib/node/src/python/pants/contrib/node/subsystems/command.py:16:15: error: Unsupported dynamic base class "namedtuple"  [misc]
(pantsbuild)pants/contrib/node/src/python/pants/contrib/node/subsystems/package_managers.py:9:7: error: Module has no attribute "getLogger"  [attr-defined]
(pantsbuild)pants/contrib/node/src/python/pants/contrib/node/subsystems/node_distribution.py:26:10: error: Module has no attribute "getLogger"  [attr-defined]
(pantsbuild)pants/contrib/node/src/python/pants/contrib/node/targets/node_module.py:13:10: error: Module has no attribute "getLogger"  [attr-defined]
(pantsbuild)pants/contrib/python/tests/python/pants_test/contrib/python/checks/checker/test_file_excluder.py:12:10: error: Module has no attribute "getLogger"  [attr-defined]
(pantsbuild)pants/tests/python/pants_test/base/test_hash_utils.py:9:1: error: Module 'collections' has no attribute 'OrderedDict'  [attr-defined]
(pantsbuild)pants/tests/python/pants_test/init/test_extension_loader.py:81:16: error: Unsupported dynamic base class "datatype"  [misc]
(pantsbuild)pants/tests/python/pants_test/init/test_extension_loader.py:85:19: error: Unsupported dynamic base class "datatype"  [misc]
(pantsbuild)pants/tests/python/pants_test/pantsd/test_pants_daemon.py:19:20: error: Module has no attribute "INFO"  [attr-defined]
(pantsbuild)pants/tests/python/pants_test/engine/test_engine.py:40:11: error: Unsupported dynamic base class "datatype"  [misc]
(pantsbuild)pants/tests/python/pants_test/engine/test_engine.py:51:13: error: Unsupported dynamic base class "datatype"  [misc]
(pantsbuild)pants/tests/python/pants_test/engine/test_engine.py:54:15: error: Unsupported dynamic base class "datatype"  [misc]
(pantsbuild)pants/tests/python/pants_test/engine/test_scheduler.py:50:9: error: Unsupported dynamic base class "datatype"  [misc]
(pantsbuild)pants/tests/python/pants_test/engine/test_scheduler.py:141:22: error: Unsupported dynamic base class "datatype"  [misc]
(pantsbuild)pants/tests/python/pants_test/engine/test_isolated_process.py:19:17: error: Unsupported dynamic base class "datatype"  [misc]
(pantsbuild)pants/tests/python/pants_test/engine/test_isolated_process.py:22:22: error: Unsupported dynamic base class "datatype"  [misc]
(pantsbuild)pants/tests/python/pants_test/engine/test_isolated_process.py:36:16: error: Unsupported dynamic base class "datatype"  [misc]
(pantsbuild)pants/tests/python/pants_test/engine/test_isolated_process.py:63:27: error: Unsupported dynamic base class "datatype"  [misc]
(pantsbuild)pants/tests/python/pants_test/engine/test_isolated_process.py:86:36: error: Unsupported dynamic base class "datatype"  [misc]
(pantsbuild)pants/tests/python/pants_test/engine/test_isolated_process.py:98:26: error: Unsupported dynamic base class "datatype"  [misc]
(pantsbuild)pants/tests/python/pants_test/engine/test_isolated_process.py:114:20: error: Unsupported dynamic base class "datatype"  [misc]
(pantsbuild)pants/tests/python/pants_test/engine/test_isolated_process.py:125:27: error: Unsupported dynamic base class "datatype"  [misc]
(pantsbuild)pants/tests/python/pants_test/engine/test_isolated_process.py:138:26: error: Unsupported dynamic base class "datatype"  [misc]
(pantsbuild)pants/tests/python/pants_test/backend/jvm/subsystems/test_jar_dependency_management_integration.py:5:1: error: Module 'collections' has no attribute 'namedtuple'  [attr-defined]
(pantsbuild)pants/tests/python/pants_test/backend/jvm/subsystems/test_shader.py:144:41: error: Not all arguments converted during string formatting  [str-format]
(pantsbuild)pants/tests/python/pants_test/backend/jvm/tasks/test_properties.py:5:1: error: Module 'collections' has no attribute 'OrderedDict'  [attr-defined]
(pantsbuild)pants/tests/python/pants_test/tasks/test_execution_graph.py:6:1: error: Module 'collections' has no attribute 'defaultdict'  [attr-defined]
(pantsbuild)pants/tests/python/pants_test/reporting/test_reporting_integration.py:8:1: error: Module 'collections' has no attribute 'defaultdict'  [attr-defined]
(pantsbuild)pants/src/python/pants/backend/jvm/tasks/jvmdoc_gen.py:9:1: error: Module 'collections' has no attribute 'namedtuple'  [attr-defined]
(pantsbuild)pants/contrib/python/tests/python/pants_test/contrib/python/checks/checker/test_print_statements.py:32:4: error: Argument 1 to "skip" has incompatible type "Callable[[PrintStatementsTest], Any]"; expected "str"  [arg-type]
(pantsbuild)pants/src/python/pants/reporting/zipkin_reporter.py:16:10: error: Module has no attribute "getLogger"  [attr-defined]
(pantsbuild)pants/src/python/pants/auth/basic_auth.py:4:1: error: Module 'collections' has no attribute 'namedtuple'  [attr-defined]
(pantsbuild)pants/src/python/pants/cache/pinger.py:4:1: error: Module 'collections' has no attribute 'Counter'  [attr-defined]
(pantsbuild)pants/src/python/pants/cache/pinger.py:4:1: error: Module 'collections' has no attribute 'deque'  [attr-defined]
(pantsbuild)pants/src/python/pants/cache/resolver.py:13:10: error: Module has no attribute "getLogger"  [attr-defined]
(pantsbuild)pants/src/python/pants/cache/restful_artifact_cache.py:15:10: error: Module has no attribute "getLogger"  [attr-defined]
(pantsbuild)pants/src/python/pants/cache/restful_artifact_cache.py:19:1: error: Module has no attribute "getLogger"  [attr-defined]
(pantsbuild)pants/src/python/pants/cache/restful_artifact_cache.py:19:40: error: Module has no attribute "WARNING"  [attr-defined]
(pantsbuild)pants/contrib/go/src/python/pants/contrib/go/subsystems/archive_retriever.py:18:10: error: Module has no attribute "getLogger"  [attr-defined]
Found 384 errors in 227 files (checked 993 source files)

[RRepo](ajbouh)tfi
(ajbouh)tfi/src/tfi/driver/tf/asset.py: error: Duplicate module named 'asset' (also at '/home/bew/archive/typed_project/(ajbouh)tfi/src/tfi/asset/__init__.py')  [misc]
(ajbouh)tfi/src/tfi/driver/tf/asset.py: error: Are you missing an __init__.py?  [misc]
Found 2 errors in 1 file (checked 61 source files)

[RRepo](Moe-Team)MysteryOnline
Success: no issues found in 34 source files

[RRepo](precedenceguo)mxnet
(precedenceguo)mxnet/python/mxnet/gluon/model_zoo/vision/alexnet.py:27:1: error: No parent module -- cannot perform relative import  [misc]
Found 1 error in 1 file (checked 95 source files)

[RRepo](facebook)FBSimulatorControl
(facebook)FBSimulatorControl/idb/common/types.py:9:1: error: Module 'typing' has no attribute 'NamedTuple'  [attr-defined]
(facebook)FBSimulatorControl/idb/common/types.py:9:1: error: Module 'typing' has no attribute 'Union'  [attr-defined]
(facebook)FBSimulatorControl/idb/common/types.py:9:1: error: Module 'typing' has no attribute 'Tuple'  [attr-defined]
(facebook)FBSimulatorControl/idb/common/types.py:9:1: error: Module 'typing' has no attribute 'AsyncIterator'  [attr-defined]
(facebook)FBSimulatorControl/idb/common/types.py:9:1: error: Module 'typing' has no attribute 'Any'  [attr-defined]
(facebook)FBSimulatorControl/idb/common/types.py:39:20: error: "set" expects no type arguments, but 1 given  [type-arg]
(facebook)FBSimulatorControl/idb/common/types.py:86:14: error: "list" expects no type arguments, but 1 given  [type-arg]
(facebook)FBSimulatorControl/idb/common/types.py:142:11: error: "list" expects no type arguments, but 1 given  [type-arg]
(facebook)FBSimulatorControl/idb/common/types.py:146:28: error: "list" expects no type arguments, but 1 given  [type-arg]
(facebook)FBSimulatorControl/idb/common/types.py:153:29: error: "set" expects no type arguments, but 1 given  [type-arg]
(facebook)FBSimulatorControl/idb/common/types.py:9:1: error: Module 'typing' has no attribute 'NamedTuple'  [attr-defined]
(facebook)FBSimulatorControl/idb/common/types.py:9:1: error: Module 'typing' has no attribute 'Union'  [attr-defined]
(facebook)FBSimulatorControl/idb/common/types.py:9:1: error: Module 'typing' has no attribute 'Tuple'  [attr-defined]
(facebook)FBSimulatorControl/idb/common/types.py:9:1: error: Module 'typing' has no attribute 'AsyncIterator'  [attr-defined]
(facebook)FBSimulatorControl/idb/common/types.py:9:1: error: Module 'typing' has no attribute 'Any'  [attr-defined]
(facebook)FBSimulatorControl/idb/common/types.py:39:20: error: "set" expects no type arguments, but 1 given  [type-arg]
(facebook)FBSimulatorControl/idb/common/types.py:86:14: error: "list" expects no type arguments, but 1 given  [type-arg]
(facebook)FBSimulatorControl/idb/common/types.py:142:11: error: "list" expects no type arguments, but 1 given  [type-arg]
(facebook)FBSimulatorControl/idb/common/types.py:146:28: error: "list" expects no type arguments, but 1 given  [type-arg]
(facebook)FBSimulatorControl/idb/common/types.py:153:29: error: "set" expects no type arguments, but 1 given  [type-arg]
(facebook)FBSimulatorControl/idb/common/types.py:9:1: error: Module 'typing' has no attribute 'NamedTuple'  [attr-defined]
(facebook)FBSimulatorControl/idb/common/types.py:9:1: error: Module 'typing' has no attribute 'Union'  [attr-defined]
(facebook)FBSimulatorControl/idb/common/types.py:9:1: error: Module 'typing' has no attribute 'Tuple'  [attr-defined]
(facebook)FBSimulatorControl/idb/common/types.py:9:1: error: Module 'typing' has no attribute 'AsyncIterator'  [attr-defined]
(facebook)FBSimulatorControl/idb/common/types.py:9:1: error: Module 'typing' has no attribute 'Any'  [attr-defined]
(facebook)FBSimulatorControl/idb/common/types.py:146:28: error: "list" expects no type arguments, but 1 given  [type-arg]
(facebook)FBSimulatorControl/idb/common/types.py:153:29: error: "set" expects no type arguments, but 1 given  [type-arg]
(facebook)FBSimulatorControl/idb/common/types.py:9:1: error: Module 'typing' has no attribute 'NamedTuple'  [attr-defined]
(facebook)FBSimulatorControl/idb/common/types.py:9:1: error: Module 'typing' has no attribute 'Union'  [attr-defined]
(facebook)FBSimulatorControl/idb/common/types.py:9:1: error: Module 'typing' has no attribute 'Tuple'  [attr-defined]
(facebook)FBSimulatorControl/idb/common/types.py:9:1: error: Module 'typing' has no attribute 'AsyncIterator'  [attr-defined]
(facebook)FBSimulatorControl/idb/common/types.py:9:1: error: Module 'typing' has no attribute 'Any'  [attr-defined]
(facebook)FBSimulatorControl/idb/common/types.py:146:28: error: "list" expects no type arguments, but 1 given  [type-arg]
(facebook)FBSimulatorControl/idb/common/types.py:153:29: error: "set" expects no type arguments, but 1 given  [type-arg]
(facebook)FBSimulatorControl/idb/common/types.py:9:1: error: Module 'typing' has no attribute 'NamedTuple'  [attr-defined]
(facebook)FBSimulatorControl/idb/common/types.py:9:1: error: Module 'typing' has no attribute 'Union'  [attr-defined]
(facebook)FBSimulatorControl/idb/common/types.py:9:1: error: Module 'typing' has no attribute 'Tuple'  [attr-defined]
(facebook)FBSimulatorControl/idb/common/types.py:9:1: error: Module 'typing' has no attribute 'AsyncIterator'  [attr-defined]
(facebook)FBSimulatorControl/idb/common/types.py:9:1: error: Module 'typing' has no attribute 'Any'  [attr-defined]
(facebook)FBSimulatorControl/idb/common/types.py:146:28: error: "list" expects no type arguments, but 1 given  [type-arg]
(facebook)FBSimulatorControl/idb/common/types.py:153:29: error: "set" expects no type arguments, but 1 given  [type-arg]
(facebook)FBSimulatorControl/idb/common/types.py:9:1: error: Module 'typing' has no attribute 'NamedTuple'  [attr-defined]
(facebook)FBSimulatorControl/idb/common/types.py:9:1: error: Module 'typing' has no attribute 'Union'  [attr-defined]
(facebook)FBSimulatorControl/idb/common/types.py:9:1: error: Module 'typing' has no attribute 'Tuple'  [attr-defined]
(facebook)FBSimulatorControl/idb/common/types.py:9:1: error: Module 'typing' has no attribute 'AsyncIterator'  [attr-defined]
(facebook)FBSimulatorControl/idb/common/types.py:9:1: error: Module 'typing' has no attribute 'Any'  [attr-defined]
(facebook)FBSimulatorControl/idb/common/types.py:146:28: error: "list" expects no type arguments, but 1 given  [type-arg]
(facebook)FBSimulatorControl/idb/common/types.py:153:29: error: "set" expects no type arguments, but 1 given  [type-arg]
(facebook)FBSimulatorControl/idb/common/types.py:9:1: error: Module 'typing' has no attribute 'NamedTuple'  [attr-defined]
(facebook)FBSimulatorControl/idb/common/types.py:9:1: error: Module 'typing' has no attribute 'Union'  [attr-defined]
(facebook)FBSimulatorControl/idb/common/types.py:9:1: error: Module 'typing' has no attribute 'Tuple'  [attr-defined]
(facebook)FBSimulatorControl/idb/common/types.py:9:1: error: Module 'typing' has no attribute 'AsyncIterator'  [attr-defined]
(facebook)FBSimulatorControl/idb/common/types.py:9:1: error: Module 'typing' has no attribute 'Any'  [attr-defined]
(facebook)FBSimulatorControl/idb/common/types.py:146:28: error: "list" expects no type arguments, but 1 given  [type-arg]
(facebook)FBSimulatorControl/idb/common/types.py:153:29: error: "set" expects no type arguments, but 1 given  [type-arg]
(facebook)FBSimulatorControl/idb/common/types.py:9:1: error: Module 'typing' has no attribute 'NamedTuple'  [attr-defined]
(facebook)FBSimulatorControl/idb/common/types.py:9:1: error: Module 'typing' has no attribute 'Union'  [attr-defined]
(facebook)FBSimulatorControl/idb/common/types.py:9:1: error: Module 'typing' has no attribute 'Tuple'  [attr-defined]
(facebook)FBSimulatorControl/idb/common/types.py:9:1: error: Module 'typing' has no attribute 'AsyncIterator'  [attr-defined]
(facebook)FBSimulatorControl/idb/common/types.py:9:1: error: Module 'typing' has no attribute 'Any'  [attr-defined]
(facebook)FBSimulatorControl/idb/common/types.py:146:28: error: "list" expects no type arguments, but 1 given  [type-arg]
(facebook)FBSimulatorControl/idb/common/types.py:153:29: error: "set" expects no type arguments, but 1 given  [type-arg]
(facebook)FBSimulatorControl/idb/common/types.py:9:1: error: Module 'typing' has no attribute 'NamedTuple'  [attr-defined]
(facebook)FBSimulatorControl/idb/common/types.py:9:1: error: Module 'typing' has no attribute 'Union'  [attr-defined]
(facebook)FBSimulatorControl/idb/common/types.py:9:1: error: Module 'typing' has no attribute 'Tuple'  [attr-defined]
(facebook)FBSimulatorControl/idb/common/types.py:9:1: error: Module 'typing' has no attribute 'AsyncIterator'  [attr-defined]
(facebook)FBSimulatorControl/idb/common/types.py:9:1: error: Module 'typing' has no attribute 'Any'  [attr-defined]
(facebook)FBSimulatorControl/idb/common/types.py:21:1: error: Cannot resolve name "LoggingMetadata" (possible cyclic definition)  [misc]
(facebook)FBSimulatorControl/idb/common/types.py:21:19: error: "dict" expects no type arguments, but 2 given  [type-arg]
(facebook)FBSimulatorControl/idb/common/types.py:146:28: error: "list" expects no type arguments, but 1 given  [type-arg]
(facebook)FBSimulatorControl/idb/common/types.py:153:29: error: "set" expects no type arguments, but 1 given  [type-arg]
(facebook)FBSimulatorControl/idb/common/types.py:9:1: error: Module 'typing' has no attribute 'NamedTuple'  [attr-defined]
(facebook)FBSimulatorControl/idb/common/types.py:9:1: error: Module 'typing' has no attribute 'Union'  [attr-defined]
(facebook)FBSimulatorControl/idb/common/types.py:9:1: error: Module 'typing' has no attribute 'Tuple'  [attr-defined]
(facebook)FBSimulatorControl/idb/common/types.py:9:1: error: Module 'typing' has no attribute 'AsyncIterator'  [attr-defined]
(facebook)FBSimulatorControl/idb/common/types.py:9:1: error: Module 'typing' has no attribute 'Any'  [attr-defined]
(facebook)FBSimulatorControl/idb/common/types.py:21:1: error: Cannot resolve name "LoggingMetadata" (possible cyclic definition)  [misc]
(facebook)FBSimulatorControl/idb/common/types.py:21:19: error: "dict" expects no type arguments, but 2 given  [type-arg]
(facebook)FBSimulatorControl/idb/common/types.py:146:28: error: "list" expects no type arguments, but 1 given  [type-arg]
(facebook)FBSimulatorControl/idb/common/types.py:153:29: error: "set" expects no type arguments, but 1 given  [type-arg]
(facebook)FBSimulatorControl/idb/common/types.py:163:23: error: "dict" expects no type arguments, but 2 given  [type-arg]
(facebook)FBSimulatorControl/idb/common/types.py:164:24: error: "list" expects no type arguments, but 1 given  [type-arg]
(facebook)FBSimulatorControl/idb/common/socket.py:4:1: error: Module 'socket' has no attribute 'AF_INET'; maybe "AF_INET6"?  [attr-defined]
(facebook)FBSimulatorControl/idb/common/socket.py:4:1: error: Module 'socket' has no attribute 'AF_INET6'; maybe "AF_INET"?  [attr-defined]
(facebook)FBSimulatorControl/idb/common/socket.py:4:1: error: Module 'socket' has no attribute 'AddressFamily'  [attr-defined]
(facebook)FBSimulatorControl/idb/common/socket.py:4:1: error: Module 'socket' has no attribute 'socket'  [attr-defined]
(facebook)FBSimulatorControl/idb/common/socket.py:5:1: error: Module 'typing' has no attribute 'Tuple'  [attr-defined]
(facebook)FBSimulatorControl/idb/common/logging.py:8:1: error: Module 'types' has no attribute 'TracebackType'  [attr-defined]
(facebook)FBSimulatorControl/idb/common/logging.py:9:1: error: Module 'typing' has no attribute 'Any'  [attr-defined]
(facebook)FBSimulatorControl/idb/common/logging.py:9:1: error: Module 'typing' has no attribute 'AsyncContextManager'  [attr-defined]
(facebook)FBSimulatorControl/idb/common/logging.py:9:1: error: Module 'typing' has no attribute 'Tuple'  [attr-defined]
(facebook)FBSimulatorControl/idb/common/logging.py:9:1: error: Module 'typing' has no attribute 'Type'  [attr-defined]
(facebook)FBSimulatorControl/idb/common/plugin.py:7:1: error: Module 'logging' has no attribute 'Logger'; maybe "logger"?  [attr-defined]
(facebook)FBSimulatorControl/idb/common/plugin.py:8:1: error: Module 'typing' has no attribute 'Any'  [attr-defined]
(facebook)FBSimulatorControl/idb/common/plugin.py:21:10: error: "list" expects no type arguments, but 1 given  [type-arg]
(facebook)FBSimulatorControl/idb/utils/typing.py:4:1: error: Module 'typing' has no attribute 'Optional'  [attr-defined]
(facebook)FBSimulatorControl/idb/utils/typing.py:4:1: error: Module 'typing' has no attribute 'TypeVar'  [attr-defined]
(facebook)FBSimulatorControl/idb/utils/typing.py:7:1: error: Cannot redefine 'T' as a type variable  [misc]

[RRepo](CloudBoltSoftware)cloudbolt-forge
(CloudBoltSoftware)cloudbolt-forge/actions/cloudbolt_plugins/load_balancers/f5_lb_pool_adddel_wrap.py:172:26: error: invalid syntax  [syntax]
Found 1 error in 1 file (checked 97 source files)

[RRepo](catb0t)mouse16
(catb0t)mouse16/mouseStack.py:61:9: error: Need type annotation for '__stack__' (hint: "__stack__: List[<type>] = ...")  [var-annotated]
Found 1 error in 1 file (checked 3 source files)

[RRepo](roosemberth)dotfiles
Success: no issues found in 2 source files

[RRepo](atbentley)aiohttp-rest
(atbentley)aiohttp-rest/aiohttp_rest.py:5:1: error: Module 'aiohttp' has no attribute 'HttpMethodNotAllowed'  [attr-defined]
(atbentley)aiohttp-rest/aiohttp_rest.py:5:1: error: Module 'aiohttp' has no attribute 'HttpBadRequest'  [attr-defined]
(atbentley)aiohttp-rest/tests/test_collection_endpoint.py:5:1: error: Module 'aiohttp' has no attribute 'HttpBadRequest'  [attr-defined]
(atbentley)aiohttp-rest/tests/test_collection_endpoint.py:27:23: error: Item "Payload" of "Union[bytes, Payload, None]" has no attribute "decode"  [union-attr]
(atbentley)aiohttp-rest/tests/test_collection_endpoint.py:27:23: error: Item "None" of "Union[bytes, Payload, None]" has no attribute "decode"  [union-attr]
(atbentley)aiohttp-rest/tests/test_collection_endpoint.py:36:25: error: Item "Payload" of "Union[bytes, Payload, None]" has no attribute "decode"  [union-attr]
(atbentley)aiohttp-rest/tests/test_collection_endpoint.py:36:25: error: Item "None" of "Union[bytes, Payload, None]" has no attribute "decode"  [union-attr]
(atbentley)aiohttp-rest/tests/test_endpoint.py:4:1: error: Module 'aiohttp' has no attribute 'HttpBadRequest'  [attr-defined]
(atbentley)aiohttp-rest/tests/test_endpoint.py:4:1: error: Module 'aiohttp' has no attribute 'HttpMethodNotAllowed'  [attr-defined]
(atbentley)aiohttp-rest/example.py:12:1: error: Need type annotation for 'people' (hint: "people: Dict[<type>, <type>] = ...")  [var-annotated]
Found 10 errors in 4 files (checked 8 source files)

[RRepo](dr-leo)pandaSDMX
(dr-leo)pandaSDMX/pandasdmx/util.py:2:1: error: Module 'typing' has no attribute 'KT'; maybe "_KT"?  [attr-defined]
(dr-leo)pandaSDMX/pandasdmx/util.py:2:1: error: Module 'typing' has no attribute 'VT'; maybe "_VT"?  [attr-defined]
(dr-leo)pandaSDMX/pandasdmx/util.py:10:5: error: Module 'typing' has no attribute 'OrderedDict'  [attr-defined]
(dr-leo)pandaSDMX/pandasdmx/util.py:15:5: error: Module 'typing' has no attribute '_alias'  [attr-defined]
(dr-leo)pandaSDMX/pandasdmx/util.py:89:9: error: Need type annotation for 'validate_assignment_exclude' (hint: "validate_assignment_exclude: List[<type>] = ...")  [var-annotated]
(dr-leo)pandaSDMX/pandasdmx/experimental.py:33:13: error: "DictLike" expects no type arguments, but 2 given  [type-arg]
(dr-leo)pandaSDMX/pandasdmx/experimental.py:34:24: error: Incompatible types in assignment (expression has type "None", variable has type "str")  [assignment]
(dr-leo)pandaSDMX/tests/excluded_test_structspec_dataset.py:8:37: error: Argument 1 to "getfile" has incompatible type "Optional[FrameType]"; expected "Union[Module, Type[Any], MethodType, FunctionType, TracebackType, FrameType, CodeType, Callable[..., Any]]"  [arg-type]
(dr-leo)pandaSDMX/tests/__init__.py:14:1: error: Need type annotation for '_test_files' (hint: "_test_files: List[<type>] = ...")  [var-annotated]
(dr-leo)pandaSDMX/pandasdmx/message.py:41:19: error: Incompatible types in assignment (expression has type "None", variable has type "str")  [assignment]
(dr-leo)pandaSDMX/pandasdmx/message.py:42:16: error: Incompatible types in assignment (expression has type "None", variable has type "str")  [assignment]
(dr-leo)pandaSDMX/pandasdmx/message.py:43:22: error: Incompatible types in assignment (expression has type "None", variable has type "str")  [assignment]
(dr-leo)pandaSDMX/pandasdmx/message.py:44:22: error: Incompatible types in assignment (expression has type "None", variable has type "str")  [assignment]
(dr-leo)pandaSDMX/pandasdmx/message.py:71:22: error: Incompatible types in assignment (expression has type "None", variable has type "Footer")  [assignment]
(dr-leo)pandaSDMX/pandasdmx/message.py:73:26: error: Incompatible types in assignment (expression has type "None", variable has type "Response")  [assignment]
(dr-leo)pandaSDMX/pandasdmx/message.py:93:22: error: "DictLike" expects no type arguments, but 2 given  [type-arg]
(dr-leo)pandaSDMX/pandasdmx/message.py:94:15: error: "DictLike" expects no type arguments, but 2 given  [type-arg]
(dr-leo)pandaSDMX/pandasdmx/message.py:95:21: error: "DictLike" expects no type arguments, but 2 given  [type-arg]
(dr-leo)pandaSDMX/pandasdmx/message.py:96:17: error: "DictLike" expects no type arguments, but 2 given  [type-arg]
(dr-leo)pandaSDMX/pandasdmx/message.py:97:15: error: "DictLike" expects no type arguments, but 2 given  [type-arg]
(dr-leo)pandaSDMX/pandasdmx/message.py:98:16: error: "DictLike" expects no type arguments, but 2 given  [type-arg]
(dr-leo)pandaSDMX/pandasdmx/message.py:99:26: error: "DictLike" expects no type arguments, but 2 given  [type-arg]
(dr-leo)pandaSDMX/pandasdmx/message.py:100:25: error: "DictLike" expects no type arguments, but 2 given  [type-arg]
Found 23 errors in 5 files (checked 17 source files)

[RRepo](ClearcodeHQ)mirakuru
(ClearcodeHQ)mirakuru/src/mirakuru/base_env.py:85:17: error: Incompatible types in assignment (expression has type "List[bytes]", variable has type "str")  [assignment]
Found 1 error in 1 file (checked 19 source files)

[RRepo](coq)coq
(coq)coq/doc/tools/coqrst/notations/TacticNotationsLexer.py:41:28: error: Name 'Lexer' is not defined  [name-defined]
(coq)coq/doc/tools/coqrst/notations/TacticNotationsLexer.py:43:11: error: Name 'ATNDeserializer' is not defined  [name-defined]
(coq)coq/doc/tools/coqrst/notations/TacticNotationsLexer.py:45:24: error: Name 'DFA' is not defined  [name-defined]
(coq)coq/doc/tools/coqrst/notations/TacticNotationsLexer.py:77:24: error: Name 'LexerATNSimulator' is not defined  [name-defined]
(coq)coq/doc/tools/coqrst/notations/TacticNotationsLexer.py:77:79: error: Name 'PredictionContextCache' is not defined  [name-defined]
(coq)coq/doc/tools/coqrst/notations/TacticNotationsVisitor.py:10:30: error: Name 'ParseTreeVisitor' is not defined  [name-defined]
(coq)coq/doc/tools/coqrst/repl/coqtop.py:44:5: error: The return type of "__init__" must be None  [misc]
(coq)coq/doc/tools/coqrst/repl/coqtop.py:44:5: error: Missing return statement  [return]
(coq)coq/doc/tools/coqrst/regen_readme.py:7:1: error: Module 'os' has no attribute 'sys'  [attr-defined]
Found 9 errors in 4 files (checked 14 source files)

[RRepo](laanwj)bitcoin
(laanwj)bitcoin/test/functional/p2p_leak.py:23:17: error: Name 'P2PInterface' is not defined  [name-defined]
(laanwj)bitcoin/test/functional/feature_maxuploadtarget.py:20:19: error: Name 'P2PInterface' is not defined  [name-defined]
(laanwj)bitcoin/test/functional/p2p_timeouts.py:30:19: error: Name 'P2PInterface' is not defined  [name-defined]
(laanwj)bitcoin/test/functional/p2p_feefilter.py:25:19: error: Name 'P2PInterface' is not defined  [name-defined]
(laanwj)bitcoin/contrib/linearize/linearize-data.py:22:1: error: Need type annotation for 'settings' (hint: "settings: Dict[<type>, <type>] = ...")  [var-annotated]
(laanwj)bitcoin/contrib/linearize/linearize-data.py:293:32: error: Incompatible types in assignment (expression has type "int", target has type "str")  [assignment]
(laanwj)bitcoin/contrib/linearize/linearize-data.py:295:33: error: Incompatible types in assignment (expression has type "int", target has type "str")  [assignment]
(laanwj)bitcoin/contrib/linearize/linearize-data.py:297:40: error: Incompatible types in assignment (expression has type "int", target has type "str")  [assignment]
(laanwj)bitcoin/contrib/linearize/linearize-data.py:299:50: error: Incompatible types in assignment (expression has type "int", target has type "str")  [assignment]
(laanwj)bitcoin/contrib/linearize/linearize-data.py:303:27: error: Incompatible types in assignment (expression has type "int", target has type "str")  [assignment]
(laanwj)bitcoin/contrib/linearize/linearize-data.py:304:32: error: Incompatible types in assignment (expression has type "int", target has type "str")  [assignment]
(laanwj)bitcoin/contrib/linearize/linearize-data.py:305:31: error: Incompatible types in assignment (expression has type "int", target has type "str")  [assignment]
(laanwj)bitcoin/contrib/linearize/linearize-data.py:306:25: error: Incompatible types in assignment (expression has type "bytes", target has type "str")  [assignment]
(laanwj)bitcoin/contrib/linearize/linearize-data.py:307:38: error: Incompatible types in assignment (expression has type "int", target has type "str")  [assignment]
(laanwj)bitcoin/contrib/linearize/linearize-hashes.py:14:5: error: Name 'httplib' already defined (by an import)  [no-redef]
(laanwj)bitcoin/contrib/linearize/linearize-hashes.py:22:1: error: Need type annotation for 'settings' (hint: "settings: Dict[<type>, <type>] = ...")  [var-annotated]
(laanwj)bitcoin/contrib/devtools/github-merge.py:29:5: error: Name 'Request' already defined (possibly by an import)  [no-redef]
(laanwj)bitcoin/contrib/devtools/github-merge.py:29:5: error: Name 'urlopen' already defined (possibly by an import)  [no-redef]
Found 18 errors in 7 files (checked 54 source files)

[RRepo](AVSystem)avs_commons
(AVSystem)avs_commons/gdb/print-avs-rbtree.py:21:26: error: Name 'gdb.Command' is not defined  [name-defined]
(AVSystem)avs_commons/gdb/print-avs-list.py:21:20: error: Name 'gdb.Command' is not defined  [name-defined]
(AVSystem)avs_commons/tools/check-license-headers.py:43:28: error: Argument 1 to "map" has incompatible type overloaded function; expected "Callable[[str], Pattern[AnyStr]]"  [arg-type]
Found 3 errors in 3 files (checked 6 source files)

[RRepo](instantshare)instantshare
(instantshare)instantshare/src/storage/owncloud.py:18:9: error: Return value expected  [return-value]
(instantshare)instantshare/src/storage/googledrive.py:27:20: error: Incompatible return value type (got "None", expected "str")  [return-value]
(instantshare)instantshare/src/storage/googledrive.py:54:20: error: Incompatible return value type (got "None", expected "str")  [return-value]
(instantshare)instantshare/src/storage/googledrive.py:84:16: error: Incompatible return value type (got "None", expected "str")  [return-value]
(instantshare)instantshare/src/storage/imgur.py:19:20: error: Incompatible return value type (got "None", expected "str")  [return-value]
(instantshare)instantshare/src/storage/imgur.py:33:24: error: Incompatible return value type (got "None", expected "str")  [return-value]
(instantshare)instantshare/src/storage/dropbox.py:21:20: error: Incompatible return value type (got "None", expected "str")  [return-value]
(instantshare)instantshare/src/storage/dropbox.py:39:16: error: Incompatible return value type (got "None", expected "str")  [return-value]
(instantshare)instantshare/src/storage/dropbox.py:45:16: error: Incompatible return value type (got "None", expected "str")  [return-value]
(instantshare)instantshare/src/storage/__init__.py:88:5: error: Module has no attribute "kvstore"  [attr-defined]
Found 10 errors in 5 files (checked 31 source files)

[RRepo](mrachinskiy)jewelcraft

[RRepo](nonemaw)Flask_nonemaw
(nonemaw)Flask_nonemaw/crawler_core/workers.py:22:70: error: Syntax error in type annotation  [syntax]
(nonemaw)Flask_nonemaw/crawler_core/workers.py:22:70: note: Suggestion: Use Tuple[T1, ..., Tn] instead of (T1, ..., Tn)
(nonemaw)Flask_nonemaw/crawler_core/workers.py:51:38: error: Syntax error in type annotation  [syntax]
(nonemaw)Flask_nonemaw/crawler_core/workers.py:51:38: note: Suggestion: Use Tuple[T1, ..., Tn] instead of (T1, ..., Tn)
(nonemaw)Flask_nonemaw/crawler_core/workers.py:67:43: error: Syntax error in type annotation  [syntax]
(nonemaw)Flask_nonemaw/crawler_core/workers.py:67:43: note: Suggestion: Use Tuple[T1, ..., Tn] instead of (T1, ..., Tn)
(nonemaw)Flask_nonemaw/crawler_core/workers.py:94:92: error: Syntax error in type annotation  [syntax]
(nonemaw)Flask_nonemaw/crawler_core/workers.py:94:92: note: Suggestion: Use Tuple[T1, ..., Tn] instead of (T1, ..., Tn)
(nonemaw)Flask_nonemaw/crawler_core/workers.py:104:25: error: 'builtins.object' object is not iterable  [misc]
(nonemaw)Flask_nonemaw/crawler_core/workers.py:110:36: error: Cannot determine type of 'html_text'  [has-type]
(nonemaw)Flask_nonemaw/crawler_core/workers.py:117:27: error: Cannot determine type of 'html_text'  [has-type]
(nonemaw)Flask_nonemaw/crawler_core/workers.py:130:58: error: Syntax error in type annotation  [syntax]
(nonemaw)Flask_nonemaw/crawler_core/workers.py:130:58: note: Suggestion: Use Tuple[T1, ..., Tn] instead of (T1, ..., Tn)
(nonemaw)Flask_nonemaw/crawler_core/workers.py:152:59: error: Syntax error in type annotation  [syntax]
(nonemaw)Flask_nonemaw/crawler_core/workers.py:152:59: note: Suggestion: Use Tuple[T1, ..., Tn] instead of (T1, ..., Tn)
(nonemaw)Flask_nonemaw/crawler_core/workers.py:162:23: error: No overload variant of "__add__" of "tuple" matches argument type "str"  [operator]
(nonemaw)Flask_nonemaw/crawler_core/workers.py:162:23: note: Possible overload variants:
(nonemaw)Flask_nonemaw/crawler_core/workers.py:162:23: note:     def __add__(self, Tuple[Any, ...]) -> Tuple[Any, ...]
(nonemaw)Flask_nonemaw/crawler_core/workers.py:162:23: error: Argument 1 to "open" has incompatible type "Union[str, List[Any], Any]"; expected "Union[str, bytes, int, _PathLike[Any]]"  [arg-type]
(nonemaw)Flask_nonemaw/crawler_core/workers.py:162:35: error: Unsupported operand types for + ("List[Any]" and "str")  [operator]
(nonemaw)Flask_nonemaw/crawler_core/workers.py:162:35: note: Left operand is of type "Union[str, List[Any], Tuple[Any, ...]]"
Found 12 errors in 1 file (checked 10 source files)

[RRepo](dpnova)pynerstat
(dpnova)pynerstat/minerstat/miners/base.py:16:5: error: Method must have at least one argument  [misc]
(dpnova)pynerstat/minerstat/miners/base.py:39:16: error: No overload variant of "join" matches argument types "Callable[[], str]", "Any"  [call-overload]
(dpnova)pynerstat/minerstat/miners/base.py:39:16: note: Possible overload variants:
(dpnova)pynerstat/minerstat/miners/base.py:39:16: note:     def join(a: Union[str, _PathLike[str]], *paths: Union[str, _PathLike[str]]) -> str
(dpnova)pynerstat/minerstat/miners/base.py:39:16: note:     def join(a: Union[bytes, _PathLike[bytes]], *paths: Union[bytes, _PathLike[bytes]]) -> bytes

[RRepo](un-def)polypie
(un-def)polypie/polypie.py:13:1: error: Need type annotation for '_registry' (hint: "_registry: Dict[<type>, <type>] = ...")  [var-annotated]
(un-def)polypie/tests/samples/specialattrs.py:9:5: error: Self argument missing for a non-static method (or an invalid type for self)  [misc]
(un-def)polypie/tests/samples/specialattrs.py:12:5: error: "Callable[[int], Any]" has no attribute "attr1"  [attr-defined]
(un-def)polypie/tests/samples/specialattrs.py:20:5: error: Name 'check_special_attrs' already defined on line 9  [no-redef]
(un-def)polypie/tests/samples/specialattrs.py:20:5: error: Self argument missing for a non-static method (or an invalid type for self)  [misc]
(un-def)polypie/tests/samples/specialattrs.py:23:5: error: "Callable[[int], Any]" has no attribute "attr2"  [attr-defined]

[RRepo](ErikBjare)dotfiles
(ErikBjare)dotfiles/home/.config/i3status/wrapper.py:40:9: error: No overload variant of "run" matches argument types "str", "bool"  [call-overload]
(ErikBjare)dotfiles/home/.config/i3status/wrapper.py:40:9: note: Possible overload variants:
(ErikBjare)dotfiles/home/.config/i3status/wrapper.py:40:9: note:     def run(args: Union[Union[bytes, str], Sequence[Union[bytes, str, _PathLike[Any]]]], bufsize: int = ..., executable: Union[bytes, str, _PathLike[Any]] = ..., stdin: Union[None, int, IO[Any]] = ..., stdout: Union[None, int, IO[Any]] = ..., stderr: Union[None, int, IO[Any]] = ..., preexec_fn: Callable[[], Any] = ..., close_fds: bool = ..., shell: bool = ..., cwd: Union[bytes, str, _PathLike[Any], None] = ..., env: Union[Mapping[bytes, Union[bytes, str]], Mapping[str, Union[bytes, str]], None] = ..., universal_newlines: bool = ..., startupinfo: Any = ..., creationflags: int = ..., restore_signals: bool = ..., start_new_session: bool = ..., pass_fds: Any = ..., *, check: bool = ..., encoding: str, errors: Optional[str] = ..., input: Optional[str] = ..., timeout: Optional[float] = ...) -> CompletedProcess[str]
(ErikBjare)dotfiles/home/.config/i3status/wrapper.py:40:9: note:     def run(args: Union[Union[bytes, str], Sequence[Union[bytes, str, _PathLike[Any]]]], bufsize: int = ..., executable: Union[bytes, str, _PathLike[Any]] = ..., stdin: Union[None, int, IO[Any]] = ..., stdout: Union[None, int, IO[Any]] = ..., stderr: Union[None, int, IO[Any]] = ..., preexec_fn: Callable[[], Any] = ..., close_fds: bool = ..., shell: bool = ..., cwd: Union[bytes, str, _PathLike[Any], None] = ..., env: Union[Mapping[bytes, Union[bytes, str]], Mapping[str, Union[bytes, str]], None] = ..., universal_newlines: bool = ..., startupinfo: Any = ..., creationflags: int = ..., restore_signals: bool = ..., start_new_session: bool = ..., pass_fds: Any = ..., *, check: bool = ..., encoding: Optional[str] = ..., errors: str, input: Optional[str] = ..., timeout: Optional[float] = ...) -> CompletedProcess[str]
(ErikBjare)dotfiles/home/.config/i3status/wrapper.py:40:9: note:     <3 more similar overloads not shown, out of 5 total overloads>
Found 1 error in 1 file (checked 1 source file)

[RRepo](132nd-etcher)EMFT
(132nd-etcher)EMFT/emft/core/properties/watched_property.py:30:30: error: Function "builtins.callable" is not valid as a type  [valid-type]
(132nd-etcher)EMFT/emft/core/properties/watched_property.py:30:30: note: Perhaps you need "Callable[...]" or a callback protocol?
(132nd-etcher)EMFT/emft/core/properties/watched_property.py:39:9: error: Need type annotation for '_watchers' (hint: "_watchers: List[<type>] = ...")  [var-annotated]
(132nd-etcher)EMFT/emft/core/properties/watched_property.py:42:26: error: callable? has no attribute "__name__"  [attr-defined]
(132nd-etcher)EMFT/emft/core/properties/watched_property.py:45:24: error: callable? has no attribute "__doc__"  [attr-defined]
(132nd-etcher)EMFT/emft/core/properties/watched_property.py:47:33: error: Function "builtins.callable" is not valid as a type  [valid-type]
(132nd-etcher)EMFT/emft/core/properties/watched_property.py:47:33: note: Perhaps you need "Callable[...]" or a callback protocol?
(132nd-etcher)EMFT/emft/core/properties/watched_property.py:55:36: error: Function "builtins.callable" is not valid as a type  [valid-type]
(132nd-etcher)EMFT/emft/core/properties/watched_property.py:55:36: note: Perhaps you need "Callable[...]" or a callback protocol?
(132nd-etcher)EMFT/emft/core/properties/watched_property.py:130:30: error: Function "builtins.callable" is not valid as a type  [valid-type]
(132nd-etcher)EMFT/emft/core/properties/watched_property.py:130:30: note: Perhaps you need "Callable[...]" or a callback protocol?
(132nd-etcher)EMFT/emft/core/properties/typed_property.py:18:30: error: Function "builtins.callable" is not valid as a type  [valid-type]
(132nd-etcher)EMFT/emft/core/properties/typed_property.py:18:30: note: Perhaps you need "Callable[...]" or a callback protocol?
(132nd-etcher)EMFT/emft/core/properties/typed_property.py:27:36: error: callable? has no attribute "__name__"  [attr-defined]
(132nd-etcher)EMFT/emft/core/properties/typed_property.py:28:24: error: callable? has no attribute "__doc__"  [attr-defined]
(132nd-etcher)EMFT/emft/core/properties/typed_property.py:102:30: error: Function "builtins.callable" is not valid as a type  [valid-type]
(132nd-etcher)EMFT/emft/core/properties/typed_property.py:102:30: note: Perhaps you need "Callable[...]" or a callback protocol?
(132nd-etcher)EMFT/emft/gui/main_ui_msgbox_adapter.py:7:41: error: Function "builtins.callable" is not valid as a type  [valid-type]
(132nd-etcher)EMFT/emft/gui/main_ui_msgbox_adapter.py:7:41: note: Perhaps you need "Callable[...]" or a callback protocol?
(132nd-etcher)EMFT/emft/gui/main_ui_msgbox_adapter.py:11:43: error: Function "builtins.callable" is not valid as a type  [valid-type]
(132nd-etcher)EMFT/emft/gui/main_ui_msgbox_adapter.py:11:43: note: Perhaps you need "Callable[...]" or a callback protocol?
(132nd-etcher)EMFT/emft/gui/main_ui_msgbox_adapter.py:20:31: error: Function "builtins.callable" is not valid as a type  [valid-type]
(132nd-etcher)EMFT/emft/gui/main_ui_msgbox_adapter.py:20:31: note: Perhaps you need "Callable[...]" or a callback protocol?
(132nd-etcher)EMFT/emft/gui/main_ui_msgbox_adapter.py:21:30: error: Function "builtins.callable" is not valid as a type  [valid-type]
(132nd-etcher)EMFT/emft/gui/main_ui_msgbox_adapter.py:21:30: note: Perhaps you need "Callable[...]" or a callback protocol?
(132nd-etcher)EMFT/emft/core/singleton.py:10:5: error: Need type annotation for '_instances' (hint: "_instances: Dict[<type>, <type>] = ...")  [var-annotated]
(132nd-etcher)EMFT/emft/core/progress.py:33:5: error: Need type annotation for 'adapters' (hint: "adapters: List[<type>] = ...")  [var-annotated]
(132nd-etcher)EMFT/emft/core/progress.py:76:27: error: Syntax error in type annotation  [syntax]
(132nd-etcher)EMFT/emft/core/progress.py:76:27: note: Suggestion: Use Tuple[T1, ..., Tn] instead of (T1, ..., Tn)
(132nd-etcher)EMFT/emft/core/progress.py:83:26: error: Incompatible types in assignment (expression has type "float", variable has type "int")  [assignment]

[RRepo](junjihashimoto)mathflow
(junjihashimoto)mathflow/util/gen_function_list.py:94:20: error: Incompatible return value type (got "bool", expected "str")  [return-value]
(junjihashimoto)mathflow/util/gen_function_list.py:95:12: error: Incompatible return value type (got "bool", expected "str")  [return-value]
Found 2 errors in 1 file (checked 1 source file)

[RRepo](WZQ1397)automatic-repo
(WZQ1397)automatic-repo/python/shelve_EXAMPLE.py:23:16: error: invalid syntax  [syntax]
Found 1 error in 1 file (checked 175 source files)

[RRepo](jfcherng)Sublime-ASS
(jfcherng)Sublime-ASS/functions.py:217:16: error: Incompatible types in assignment (expression has type "int", variable has type "str")  [assignment]
Found 1 error in 1 file (checked 4 source files)

[RRepo](ento)elm-doc
(ento)elm-doc/src/elm_doc/elm_parser/lines.py:274:30: error: Incompatible types in assignment (expression has type "List[Type[ParsingState]]", variable has type "List[Type[NothingSpecial]]")  [assignment]
(ento)elm-doc/src/elm_doc/elm_parser/lines.py:274:67: error: Argument 2 to "on_source_line" of "NothingSpecial" has incompatible type "List[Type[NothingSpecial]]"; expected "List[Type[ParsingState]]"  [arg-type]
(ento)elm-doc/src/elm_doc/elm_parser/lines.py:274:67: note: "List" is invariant -- see http://mypy.readthedocs.io/en/latest/common_issues.html#variance
(ento)elm-doc/src/elm_doc/elm_parser/lines.py:274:67: note: Consider using "Sequence" instead, which is covariant
(ento)elm-doc/src/elm_doc/project_tasks.py:35:9: error: Item "None" of "Optional[Path]" has no attribute "mkdir"  [union-attr]
(ento)elm-doc/src/elm_doc/project_tasks.py:41:27: error: Unsupported left operand type for / ("None")  [operator]
(ento)elm-doc/src/elm_doc/project_tasks.py:41:40: note: Left operand is of type "Optional[Path]"
(ento)elm-doc/src/elm_doc/package_tasks.py:127:75: error: Argument 1 to "relative_to" of "PurePath" has incompatible type "Optional[Path]"; expected "Union[str, _PathLike[str]]"  [arg-type]
(ento)elm-doc/src/elm_doc/package_tasks.py:149:12: error: Unsupported left operand type for / ("None")  [operator]
(ento)elm-doc/src/elm_doc/package_tasks.py:149:26: note: Left operand is of type "Optional[Path]"
(ento)elm-doc/dodo.py:44:5: error: "str" has no attribute "parent"  [attr-defined]
(ento)elm-doc/dodo.py:65:30: error: Argument 1 to "_create_tarball" has incompatible type "str"; expected "Path"  [arg-type]
(ento)elm-doc/dodo.py:126:24: error: Item "None" of "Optional[IO[bytes]]" has no attribute "read"  [union-attr]
(ento)elm-doc/src/elm_doc/elm_project.py:30:28: error: "ElmProject" has no attribute "DESCRIPTION_FILENAME"  [attr-defined]
(ento)elm-doc/src/elm_doc/elm_project.py:55:13: error: Return value expected  [return-value]
(ento)elm-doc/src/elm_doc/elm_project.py:59:13: error: Return value expected  [return-value]
(ento)elm-doc/src/elm_doc/elm_project.py:127:13: error: Return value expected  [return-value]
(ento)elm-doc/src/elm_doc/elm_project.py:131:13: error: Return value expected  [return-value]
(ento)elm-doc/src/elm_doc/elm_project.py:197:13: error: Incompatible types in "yield" (actual type "ElmProject", expected type "ElmPackage")  [misc]
(ento)elm-doc/src/elm_doc/elm_project.py:220:19: error: "type" has no attribute "from_path"  [attr-defined]
(ento)elm-doc/src/elm_doc/elm_project.py:256:35: error: No overload variant of "normpath" matches argument type "_T"  [call-overload]
(ento)elm-doc/src/elm_doc/elm_project.py:256:35: note: Possible overload variants:
(ento)elm-doc/src/elm_doc/elm_project.py:256:35: note:     def [AnyStr in (str, bytes)] normpath(path: _PathLike[AnyStr]) -> AnyStr
(ento)elm-doc/src/elm_doc/elm_project.py:256:35: note:     def [AnyStr in (str, bytes)] normpath(path: AnyStr) -> AnyStr
(ento)elm-doc/src/elm_doc/elm_project.py:257:28: error: "ElmProject" has no attribute "source_directories"  [attr-defined]
(ento)elm-doc/src/elm_doc/elm_project.py:267:81: error: Argument 2 to "_matches_include_path" has incompatible type "_T"; expected "Path"  [arg-type]
(ento)elm-doc/src/elm_doc/elm_project.py:278:39: error: Value of type variable "AnyStr" of "fnmatch" cannot be "object"  [type-var]
Found 20 errors in 5 files (checked 26 source files)

[RRepo](flyinactor91)AVWX-API
(flyinactor91)AVWX-API/avwx_api/validators.py:24: error: Bracketed expression "[...]" is not valid as a type  [misc]
(flyinactor91)AVWX-API/avwx_api/validators.py:24: note: Did you mean "List[...]"?
(flyinactor91)AVWX-API/avwx_api/validators.py:28:11: error: Incompatible types in assignment (expression has type "List[str]", variable has type "str")  [assignment]
(flyinactor91)AVWX-API/avwx_api/validators.py:45: error: Bracketed expression "[...]" is not valid as a type  [misc]
(flyinactor91)AVWX-API/avwx_api/validators.py:45: note: Did you mean "List[...]"?
(flyinactor91)AVWX-API/avwx_api/validators.py:49:16: error: Incompatible types in assignment (expression has type "List[str]", variable has type "str")  [assignment]
(flyinactor91)AVWX-API/avwx_api/validators.py:62:22: error: Syntax error in type annotation  [syntax]
(flyinactor91)AVWX-API/avwx_api/validators.py:62:22: note: Suggestion: Is there a spurious trailing comma?
(flyinactor91)AVWX-API/avwx_api/validators.py:69:20: error: Incompatible return value type (got "List[<nothing>]", expected "str")  [return-value]
(flyinactor91)AVWX-API/avwx_api/validators.py:74:16: error: Incompatible return value type (got "List[str]", expected "str")  [return-value]
(flyinactor91)AVWX-API/avwx_api/handle/__init__.py:37:39: error: Name 'stringable' is not defined  [name-defined]
(flyinactor91)AVWX-API/avwx_api/handle/__init__.py:38:7: error: Syntax error in type annotation  [syntax]
(flyinactor91)AVWX-API/avwx_api/handle/__init__.py:38:7: note: Suggestion: Use Tuple[T1, ..., Tn] instead of (T1, ..., Tn)
(flyinactor91)AVWX-API/avwx_api/handle/pirep.py:19:52: error: Syntax error in type annotation  [syntax]
(flyinactor91)AVWX-API/avwx_api/handle/pirep.py:19:52: note: Suggestion: Use Tuple[T1, ..., Tn] instead of (T1, ..., Tn)
(flyinactor91)AVWX-API/avwx_api/handle/pirep.py:34: error: Bracketed expression "[...]" is not valid as a type  [misc]
(flyinactor91)AVWX-API/avwx_api/handle/pirep.py:34: note: Did you mean "List[...]"?
(flyinactor91)AVWX-API/avwx_api/handle/pirep.py:35:7: error: Syntax error in type annotation  [syntax]
(flyinactor91)AVWX-API/avwx_api/handle/pirep.py:35:7: note: Suggestion: Use Tuple[T1, ..., Tn] instead of (T1, ..., Tn)
(flyinactor91)AVWX-API/avwx_api/handle/pirep.py:60:45: error: Argument 2 to "get" has incompatible type "Optional[Any]"; expected "str"  [arg-type]
(flyinactor91)AVWX-API/avwx_api/handle/pirep.py:62:29: error: Incompatible types in assignment (expression has type "str", target has type "Dict[str, datetime]")  [assignment]
(flyinactor91)AVWX-API/avwx_api/handle/pirep.py:68:17: error: Dict entry 1 has incompatible type "str": "str"; expected "str": "datetime"  [dict-item]
(flyinactor91)AVWX-API/avwx_api/handle/pirep.py:79: error: Bracketed expression "[...]" is not valid as a type  [misc]
(flyinactor91)AVWX-API/avwx_api/handle/pirep.py:79: note: Did you mean "List[...]"?
(flyinactor91)AVWX-API/avwx_api/handle/pirep.py:79:60: error: Syntax error in type annotation  [syntax]
(flyinactor91)AVWX-API/avwx_api/handle/pirep.py:79:60: note: Suggestion: Use Tuple[T1, ..., Tn] instead of (T1, ..., Tn)
(flyinactor91)AVWX-API/avwx_api/handle/pirep.py:95: error: Bracketed expression "[...]" is not valid as a type  [misc]
(flyinactor91)AVWX-API/avwx_api/handle/pirep.py:95: note: Did you mean "List[...]"?
(flyinactor91)AVWX-API/avwx_api/handle/pirep.py:95:76: error: Syntax error in type annotation  [syntax]
(flyinactor91)AVWX-API/avwx_api/handle/pirep.py:95:76: note: Suggestion: Use Tuple[T1, ..., Tn] instead of (T1, ..., Tn)
(flyinactor91)AVWX-API/avwx_api/handle/pirep.py:99: error: Bracketed expression "[...]" is not valid as a type  [misc]
(flyinactor91)AVWX-API/avwx_api/handle/pirep.py:99: note: Did you mean "List[...]"?
(flyinactor91)AVWX-API/avwx_api/handle/pirep.py:99:47: error: Syntax error in type annotation  [syntax]
(flyinactor91)AVWX-API/avwx_api/handle/pirep.py:99:47: note: Suggestion: Use Tuple[T1, ..., Tn] instead of (T1, ..., Tn)
(flyinactor91)AVWX-API/avwx_api/handle/metar.py:33:55: error: Syntax error in type annotation  [syntax]
(flyinactor91)AVWX-API/avwx_api/handle/metar.py:33:55: note: Suggestion: Use Tuple[T1, ..., Tn] instead of (T1, ..., Tn)
(flyinactor91)AVWX-API/avwx_api/handle/metar.py:58:65: error: Syntax error in type annotation  [syntax]
(flyinactor91)AVWX-API/avwx_api/handle/metar.py:58:65: note: Suggestion: Use Tuple[T1, ..., Tn] instead of (T1, ..., Tn)
(flyinactor91)AVWX-API/avwx_api/handle/metar.py:92: error: Bracketed expression "[...]" is not valid as a type  [misc]
(flyinactor91)AVWX-API/avwx_api/handle/metar.py:92: note: Did you mean "List[...]"?
(flyinactor91)AVWX-API/avwx_api/handle/metar.py:92:37: error: Invalid type comment or annotation  [valid-type]
(flyinactor91)AVWX-API/avwx_api/handle/metar.py:108: error: Bracketed expression "[...]" is not valid as a type  [misc]
(flyinactor91)AVWX-API/avwx_api/handle/metar.py:108: note: Did you mean "List[...]"?
(flyinactor91)AVWX-API/avwx_api/handle/metar.py:109:7: error: Syntax error in type annotation  [syntax]
(flyinactor91)AVWX-API/avwx_api/handle/metar.py:109:7: note: Suggestion: Use Tuple[T1, ..., Tn] instead of (T1, ..., Tn)
(flyinactor91)AVWX-API/avwx_api/handle/metar.py:140:33: error: Incompatible types in assignment (expression has type "str", target has type "Dict[str, datetime]")  [assignment]
(flyinactor91)AVWX-API/avwx_api/handle/metar.py:146:21: error: Dict entry 1 has incompatible type "str": "str"; expected "str": "datetime"  [dict-item]
(flyinactor91)AVWX-API/avwx_api/handle/metar.py:160: error: Bracketed expression "[...]" is not valid as a type  [misc]
(flyinactor91)AVWX-API/avwx_api/handle/metar.py:160: note: Did you mean "List[...]"?
(flyinactor91)AVWX-API/avwx_api/handle/metar.py:160:60: error: Syntax error in type annotation  [syntax]
(flyinactor91)AVWX-API/avwx_api/handle/metar.py:160:60: note: Suggestion: Use Tuple[T1, ..., Tn] instead of (T1, ..., Tn)
(flyinactor91)AVWX-API/avwx_api/handle/metar.py:200: error: Bracketed expression "[...]" is not valid as a type  [misc]
(flyinactor91)AVWX-API/avwx_api/handle/metar.py:200: note: Did you mean "List[...]"?
(flyinactor91)AVWX-API/avwx_api/handle/metar.py:200:76: error: Syntax error in type annotation  [syntax]
(flyinactor91)AVWX-API/avwx_api/handle/metar.py:200:76: note: Suggestion: Use Tuple[T1, ..., Tn] instead of (T1, ..., Tn)
(flyinactor91)AVWX-API/avwx_api/handle/metar.py:204: error: Bracketed expression "[...]" is not valid as a type  [misc]
(flyinactor91)AVWX-API/avwx_api/handle/metar.py:204: note: Did you mean "List[...]"?
(flyinactor91)AVWX-API/avwx_api/handle/metar.py:204:47: error: Syntax error in type annotation  [syntax]
(flyinactor91)AVWX-API/avwx_api/handle/metar.py:204:47: note: Suggestion: Use Tuple[T1, ..., Tn] instead of (T1, ..., Tn)
(flyinactor91)AVWX-API/avwx_api/cache.py:54:61: error: Invalid type comment or annotation  [valid-type]
(flyinactor91)AVWX-API/avwx_api/cache.py:68:60: error: Argument 1 to "has_expired" has incompatible type "Optional[Any]"; expected "datetime"  [arg-type]
(flyinactor91)AVWX-API/avwx_api/cache.py:77:46: error: Invalid type comment or annotation  [valid-type]
(flyinactor91)AVWX-API/avwx_api/api/__init__.py:21:1: error: Module 'avwx_api' has no attribute 'structs'  [attr-defined]
(flyinactor91)AVWX-API/avwx_api/api/__init__.py:68:24: error: Incompatible types in assignment (expression has type "None", variable has type "str")  [assignment]
(flyinactor91)AVWX-API/avwx_api/api/__init__.py:69:17: error: Incompatible types in assignment (expression has type "None", variable has type "str")  [assignment]
(flyinactor91)AVWX-API/avwx_api/api/__init__.py:73:20: error: Incompatible types in assignment (expression has type "None", variable has type "str")  [assignment]
(flyinactor91)AVWX-API/avwx_api/api/__init__.py:76:23: error: Incompatible types in assignment (expression has type "None", variable has type "Dict[Any, Any]")  [assignment]
(flyinactor91)AVWX-API/avwx_api/api/__init__.py:78:16: error: Bracketed expression "[...]" is not valid as a type  [misc]
(flyinactor91)AVWX-API/avwx_api/api/__init__.py:78:16: note: Did you mean "List[...]"?
(flyinactor91)AVWX-API/avwx_api/api/__init__.py:85:5: error: Missing return statement  [return]
(flyinactor91)AVWX-API/avwx_api/api/__init__.py:92:13: error: Return value expected  [return-value]
(flyinactor91)AVWX-API/avwx_api/api/__init__.py:304:47: error: Name 'err' is not defined  [name-defined]
(flyinactor91)AVWX-API/avwx_api/handle/taf.py:9: error: Bracketed expression "[...]" is not valid as a type  [misc]
(flyinactor91)AVWX-API/avwx_api/handle/taf.py:9: note: Did you mean "List[...]"?
(flyinactor91)AVWX-API/avwx_api/handle/taf.py:9:76: error: Syntax error in type annotation  [syntax]
(flyinactor91)AVWX-API/avwx_api/handle/taf.py:9:76: note: Suggestion: Use Tuple[T1, ..., Tn] instead of (T1, ..., Tn)
(flyinactor91)AVWX-API/avwx_api/handle/taf.py:13: error: Bracketed expression "[...]" is not valid as a type  [misc]
(flyinactor91)AVWX-API/avwx_api/handle/taf.py:13: note: Did you mean "List[...]"?
(flyinactor91)AVWX-API/avwx_api/handle/taf.py:13:47: error: Syntax error in type annotation  [syntax]
(flyinactor91)AVWX-API/avwx_api/handle/taf.py:13:47: note: Suggestion: Use Tuple[T1, ..., Tn] instead of (T1, ..., Tn)
(flyinactor91)AVWX-API/tests/test_metar_taf.py:18:74: error: Name 'Response' is not defined  [name-defined]
Found 52 errors in 8 files (checked 14 source files)

[RRepo](bieberg0n)bjdns
(bieberg0n)bjdns/cache.py:15:44: error: Function "builtins.map" is not valid as a type  [valid-type]
(bieberg0n)bjdns/cache.py:15:44: note: Perhaps you need "Callable[...]" or a callback protocol?
(bieberg0n)bjdns/cache.py:19:24: error: map? has no attribute "get"  [attr-defined]
(bieberg0n)bjdns/cache.py:27:45: error: Function "builtins.map" is not valid as a type  [valid-type]
(bieberg0n)bjdns/cache.py:27:45: note: Perhaps you need "Callable[...]" or a callback protocol?
(bieberg0n)bjdns/cache.py:28:26: error: map? has no attribute "get"  [attr-defined]
(bieberg0n)bjdns/cache.py:49:26: error: Value of type map? is not indexable  [index]
Found 5 errors in 1 file (checked 6 source files)

[RRepo](GoogleCloudPlatform)cloud-opensource-python
(GoogleCloudPlatform)cloud-opensource-python/compatibility_lib/compatibility_lib/dependency_highlighter_stub.py:18:1: error: Module 'compatibility_lib' has no attribute 'dependency_highlighter'  [attr-defined]
(GoogleCloudPlatform)cloud-opensource-python/compatibility_lib/compatibility_lib/fake_compatibility_store.py:21:1: error: Module 'compatibility_lib' has no attribute 'package'; maybe "__package__"?  [attr-defined]
(GoogleCloudPlatform)cloud-opensource-python/compatibility_lib/compatibility_lib/fake_compatibility_store.py:22:1: error: Module 'compatibility_lib' has no attribute 'compatibility_store'  [attr-defined]
(GoogleCloudPlatform)cloud-opensource-python/compatibility_lib/compatibility_lib/fake_compatibility_store.py:23:1: error: Module 'compatibility_lib' has no attribute 'configs'  [attr-defined]
(GoogleCloudPlatform)cloud-opensource-python/compatibility_lib/compatibility_lib/fake_compatibility_store.py:124:54: error: Argument 1 to "get_pair_compatibility" of "CompatibilityStore" has incompatible type "FrozenSet[Any]"; expected "List[Any]"  [arg-type]
(GoogleCloudPlatform)cloud-opensource-python/compatibility_lib/compatibility_lib/fake_compatibility_store.py:126:51: error: Argument 1 to "get_pair_compatibility" of "CompatibilityStore" has incompatible type "FrozenSet[Any]"; expected "List[Any]"  [arg-type]
(GoogleCloudPlatform)cloud-opensource-python/compatibility_lib/compatibility_lib/fake_compatibility_store.py:127:16: error: Incompatible return value type (got "Dict[FrozenSet[Any], Iterable[Any]]", expected "Mapping[FrozenSet[Any], List[Any]]")  [return-value]
(GoogleCloudPlatform)cloud-opensource-python/compatibility_lib/compatibility_lib/fake_compatibility_store.py:148:38: error: Value expression in dictionary comprehension has incompatible type "Iterable[Any]"; expected type "List[Any]"  [misc]
(GoogleCloudPlatform)cloud-opensource-python/nox.py:26:2: error: Module has no attribute "session"  [attr-defined]
(GoogleCloudPlatform)cloud-opensource-python/nox.py:40:2: error: Module has no attribute "session"  [attr-defined]
(GoogleCloudPlatform)cloud-opensource-python/nox.py:41:2: error: Module has no attribute "parametrize"  [attr-defined]
(GoogleCloudPlatform)cloud-opensource-python/nox.py:64:2: error: Module has no attribute "session"  [attr-defined]
(GoogleCloudPlatform)cloud-opensource-python/nox.py:65:2: error: Module has no attribute "parametrize"  [attr-defined]
(GoogleCloudPlatform)cloud-opensource-python/nox.py:97:2: error: Module has no attribute "session"  [attr-defined]
(GoogleCloudPlatform)cloud-opensource-python/compatibility_lib/compatibility_lib/get_compatibility_data.py:27:1: error: Module 'compatibility_lib' has no attribute 'compatibility_checker'  [attr-defined]
(GoogleCloudPlatform)cloud-opensource-python/compatibility_lib/compatibility_lib/get_compatibility_data.py:28:1: error: Module 'compatibility_lib' has no attribute 'compatibility_store'  [attr-defined]
(GoogleCloudPlatform)cloud-opensource-python/compatibility_lib/compatibility_lib/get_compatibility_data.py:29:1: error: Module 'compatibility_lib' has no attribute 'configs'  [attr-defined]
(GoogleCloudPlatform)cloud-opensource-python/compatibility_lib/compatibility_lib/get_compatibility_data.py:30:1: error: Module 'compatibility_lib' has no attribute 'package'; maybe "__package__"?  [attr-defined]
(GoogleCloudPlatform)cloud-opensource-python/compatibility_lib/compatibility_lib/test_fake_compatibility_store.py:21:1: error: Module 'compatibility_lib' has no attribute 'compatibility_store'  [attr-defined]
(GoogleCloudPlatform)cloud-opensource-python/compatibility_lib/compatibility_lib/test_fake_compatibility_store.py:22:1: error: Module 'compatibility_lib' has no attribute 'fake_compatibility_store'  [attr-defined]
(GoogleCloudPlatform)cloud-opensource-python/compatibility_lib/compatibility_lib/test_fake_compatibility_store.py:23:1: error: Module 'compatibility_lib' has no attribute 'package'; maybe "__package__"?  [attr-defined]
(GoogleCloudPlatform)cloud-opensource-python/compatibility_lib/compatibility_lib/test_deprecated_dep_finder.py:19:1: error: Module 'compatibility_lib' has no attribute 'deprecated_dep_finder'  [attr-defined]
(GoogleCloudPlatform)cloud-opensource-python/compatibility_lib/compatibility_lib/test_deprecated_dep_finder.py:20:1: error: Module 'compatibility_lib' has no attribute 'compatibility_store'  [attr-defined]
(GoogleCloudPlatform)cloud-opensource-python/compatibility_lib/compatibility_lib/test_deprecated_dep_finder.py:21:1: error: Module 'compatibility_lib' has no attribute 'fake_compatibility_store'  [attr-defined]
(GoogleCloudPlatform)cloud-opensource-python/compatibility_lib/compatibility_lib/test_deprecated_dep_finder.py:22:1: error: Module 'compatibility_lib' has no attribute 'package'; maybe "__package__"?  [attr-defined]
(GoogleCloudPlatform)cloud-opensource-python/compatibility_lib/compatibility_lib/test_get_compatibility_data.py:18:1: error: Module 'compatibility_lib' has no attribute 'fake_compatibility_store'  [attr-defined]
(GoogleCloudPlatform)cloud-opensource-python/compatibility_lib/compatibility_lib/test_get_compatibility_data.py:19:1: error: Module 'compatibility_lib' has no attribute 'package'; maybe "__package__"?  [attr-defined]
(GoogleCloudPlatform)cloud-opensource-python/compatibility_lib/compatibility_lib/test_get_compatibility_data.py:20:1: error: Module 'compatibility_lib' has no attribute 'compatibility_store'  [attr-defined]
(GoogleCloudPlatform)cloud-opensource-python/compatibility_lib/compatibility_lib/test_dependency_highlighter.py:20:1: error: Module 'compatibility_lib' has no attribute 'dependency_highlighter'  [attr-defined]
(GoogleCloudPlatform)cloud-opensource-python/compatibility_lib/compatibility_lib/test_dependency_highlighter.py:21:1: error: Module 'compatibility_lib' has no attribute 'utils'  [attr-defined]
(GoogleCloudPlatform)cloud-opensource-python/compatibility_lib/compatibility_lib/test_compatibility_checker.py:19:1: error: Module 'compatibility_lib' has no attribute 'compatibility_checker'  [attr-defined]
(GoogleCloudPlatform)cloud-opensource-python/compatibility_lib/compatibility_lib/test_utils.py:18:1: error: Module 'compatibility_lib' has no attribute 'fake_compatibility_store'  [attr-defined]
(GoogleCloudPlatform)cloud-opensource-python/compatibility_lib/compatibility_lib/test_utils.py:19:1: error: Module 'compatibility_lib' has no attribute 'utils'  [attr-defined]
(GoogleCloudPlatform)cloud-opensource-python/compatibility_lib/compatibility_lib/dependency_highlighter.py:20:1: error: Module 'compatibility_lib' has no attribute 'compatibility_checker'  [attr-defined]
(GoogleCloudPlatform)cloud-opensource-python/compatibility_lib/compatibility_lib/dependency_highlighter.py:21:1: error: Module 'compatibility_lib' has no attribute 'configs'  [attr-defined]
(GoogleCloudPlatform)cloud-opensource-python/compatibility_lib/compatibility_lib/dependency_highlighter.py:22:1: error: Module 'compatibility_lib' has no attribute 'utils'  [attr-defined]
(GoogleCloudPlatform)cloud-opensource-python/compatibility_lib/compatibility_lib/deprecated_dep_finder.py:18:1: error: Module 'compatibility_lib' has no attribute 'compatibility_checker'  [attr-defined]
(GoogleCloudPlatform)cloud-opensource-python/compatibility_lib/compatibility_lib/deprecated_dep_finder.py:19:1: error: Module 'compatibility_lib' has no attribute 'configs'  [attr-defined]
(GoogleCloudPlatform)cloud-opensource-python/compatibility_lib/compatibility_lib/deprecated_dep_finder.py:20:1: error: Module 'compatibility_lib' has no attribute 'utils'  [attr-defined]
(GoogleCloudPlatform)cloud-opensource-python/badge_server/utils.py:27:1: error: Module 'compatibility_lib' has no attribute 'compatibility_checker'  [attr-defined]
(GoogleCloudPlatform)cloud-opensource-python/badge_server/utils.py:28:1: error: Module 'compatibility_lib' has no attribute 'compatibility_store'  [attr-defined]
(GoogleCloudPlatform)cloud-opensource-python/badge_server/utils.py:29:1: error: Module 'compatibility_lib' has no attribute 'configs'  [attr-defined]
(GoogleCloudPlatform)cloud-opensource-python/badge_server/utils.py:30:1: error: Module 'compatibility_lib' has no attribute 'dependency_highlighter'  [attr-defined]
(GoogleCloudPlatform)cloud-opensource-python/badge_server/utils.py:31:1: error: Module 'compatibility_lib' has no attribute 'deprecated_dep_finder'  [attr-defined]
(GoogleCloudPlatform)cloud-opensource-python/badge_server/utils.py:81:18: error: Optional[...] must have exactly one type argument  [misc]
(GoogleCloudPlatform)cloud-opensource-python/compatibility_lib/compatibility_lib/compatibility_checker.py:25:1: error: Module 'compatibility_lib' has no attribute 'configs'  [attr-defined]
(GoogleCloudPlatform)cloud-opensource-python/compatibility_lib/compatibility_lib/compatibility_checker.py:26:1: error: Module 'compatibility_lib' has no attribute 'utils'  [attr-defined]
(GoogleCloudPlatform)cloud-opensource-python/compatibility_server/compatibility_checker_server.py:96:1: error: Module 'google' has no attribute 'auth'  [attr-defined]
(GoogleCloudPlatform)cloud-opensource-python/compatibility_server/compatibility_checker_server.py:174:13: error: Not all arguments converted during string formatting  [str-format]
Found 49 errors in 15 files (checked 34 source files)

[RRepo](OpenMined)PySyft
(OpenMined)PySyft/syft/grid.py:16:23: error: Need type annotation for 'tag_counter'  [var-annotated]
(OpenMined)PySyft/syft/grid.py:22:30: error: Need type annotation for 'worker_tag_ctr'  [var-annotated]
(OpenMined)PySyft/syft/grid.py:56:20: error: Incompatible return value type (got "Dict[Any, Any]", expected "Tuple[Dict[Any, Any], Counter[Any]]")  [return-value]
(OpenMined)PySyft/syft/frameworks/torch/torch_attributes.py:36:33: error: Module has no attribute "functional"  [attr-defined]
(OpenMined)PySyft/syft/frameworks/torch/torch_attributes.py:37:36: error: Module has no attribute "nn"  [attr-defined]
(OpenMined)PySyft/syft/frameworks/torch/torch_attributes.py:111:30: error: Module has no attribute "Tensor"  [attr-defined]
(OpenMined)PySyft/syft/frameworks/torch/torch_attributes.py:123:28: error: Module has no attribute "FloatTensor"  [attr-defined]
(OpenMined)PySyft/syft/frameworks/torch/torch_attributes.py:124:29: error: Module has no attribute "DoubleTensor"  [attr-defined]
(OpenMined)PySyft/syft/frameworks/torch/torch_attributes.py:125:27: error: Module has no attribute "HalfTensor"  [attr-defined]
(OpenMined)PySyft/syft/frameworks/torch/torch_attributes.py:126:27: error: Module has no attribute "ByteTensor"  [attr-defined]
(OpenMined)PySyft/syft/frameworks/torch/torch_attributes.py:127:27: error: Module has no attribute "CharTensor"  [attr-defined]
(OpenMined)PySyft/syft/frameworks/torch/torch_attributes.py:128:28: error: Module has no attribute "ShortTensor"  [attr-defined]
(OpenMined)PySyft/syft/frameworks/torch/torch_attributes.py:129:26: error: Module has no attribute "IntTensor"  [attr-defined]
(OpenMined)PySyft/syft/frameworks/torch/torch_attributes.py:130:27: error: Module has no attribute "LongTensor"  [attr-defined]
(OpenMined)PySyft/syft/frameworks/torch/torch_attributes.py:131:26: error: Module has no attribute "nn"  [attr-defined]
(OpenMined)PySyft/syft/frameworks/torch/torch_attributes.py:154:9: error: Need type annotation for 'inplace_methods' (hint: "inplace_methods: Dict[<type>, <type>] = ...")  [var-annotated]
(OpenMined)PySyft/syft/frameworks/torch/torch_attributes.py:209:32: error: "TorchAttributes" has no attribute "torch_exclude"  [attr-defined]

[RRepo](guillemborrell)pyledger
(guillemborrell)pyledger/examples/currency/server.py: error: Duplicate module named 'server' (also at '/home/bew/archive/typed_project/(guillemborrell)pyledger/pyledger/server/__init__.py')  [misc]
Found 1 error in 1 file (checked 21 source files)

[RRepo](sloria)environs
(sloria)environs/environs.py:94:25: error: Incompatible types in assignment (expression has type "Type[Meta]", target has type "Field")  [assignment]
(sloria)environs/environs.py:99:42: error: Invalid index type "Union[Type[Any], Callable[..., Any]]" for "Dict[type, Type[Field]]"; expected type "type"  [index]
(sloria)environs/environs.py:115:54: error: Item "Mapping[str, T]" of "Union[str, Mapping[str, T]]" has no attribute "split"  [union-attr]
(sloria)environs/environs.py:151:5: error: Signature of "deserialize" incompatible with supertype "Field"  [override]
(sloria)environs/environs.py:230:42: error: Item "None" of "Optional[FrameType]" has no attribute "f_code"  [union-attr]
Found 5 errors in 1 file (checked 4 source files)

[RRepo](AdrianP-)gym_trading
(AdrianP-)gym_trading/run.py:108:23: error: Not all arguments converted during string formatting  [str-format]
Found 1 error in 1 file (checked 7 source files)

[RRepo](mesonbuild)wrapweb
(mesonbuild)wrapweb/mesonwrap/tempfile.py:16:34: error: Name 'TemporaryDirectory' is not defined  [name-defined]

[RRepo](JasonMWhite)python_template
Success: no issues found in 5 source files

[RRepo](adamcaudill)yawast
(adamcaudill)yawast/yawast/_version.py:21:1: error: Need type annotation for '__all__' (hint: "__all__: List[<type>] = ...")  [var-annotated]

[RRepo](hl037)torefl
(hl037)torefl/setup.py:22:1: error: Need type annotation for 'EXTRAS' (hint: "EXTRAS: Dict[<type>, <type>] = ...")  [var-annotated]
Found 1 error in 1 file (checked 12 source files)

[RRepo](coala)coala-bears
(coala)coala-bears/bears/hypertext/HTTPoliceLintBear.py:29:49: error: Invalid type comment or annotation  [valid-type]
(coala)coala-bears/bears/hypertext/HTTPoliceLintBear.py:29:49: note: Suggestion: use typed_list[...] instead of typed_list(...)
(coala)coala-bears/bears/hypertext/HTTPoliceLintBear.py:39:13: error: Incompatible types in assignment (expression has type "Tuple[Any, ...]", variable has type "Tuple[str, str, Any]")  [assignment]
(coala)coala-bears/bears/scala/ScalaLintBear.py:43:25: error: "Type[ScalaLintBear]" has no attribute "jar"  [attr-defined]
(coala)coala-bears/bears/c_languages/CPPCheckBear.py:32:34: error: Invalid type comment or annotation  [valid-type]
(coala)coala-bears/bears/c_languages/CPPCheckBear.py:32:34: note: Suggestion: use typed_list[...] instead of typed_list(...)
(coala)coala-bears/bears/c_languages/CPPCheckBear.py:42:23: error: "CPPCheckBear" has no attribute "file_dict"  [attr-defined]
(coala)coala-bears/bears/c_languages/CPPCheckBear.py:45:13: error: Incompatible types in assignment (expression has type "Tuple[str, str]", variable has type "Tuple[str]")  [assignment]
(coala)coala-bears/bears/c_languages/CPPCleanBear.py:29:41: error: Invalid type comment or annotation  [valid-type]
(coala)coala-bears/bears/c_languages/CPPCleanBear.py:29:41: note: Suggestion: use typed_list[...] instead of typed_list(...)
(coala)coala-bears/bears/php/PHPMessDetectorBear.py:44:42: error: Invalid type comment or annotation  [valid-type]
(coala)coala-bears/bears/php/PHPMessDetectorBear.py:44:42: note: Suggestion: use typed_list[...] instead of typed_list(...)
(coala)coala-bears/bears/java/CheckstyleBear.py:67:33: error: Function "bears.java.CheckstyleBear.known_checkstyle_or_path" is not valid as a type  [valid-type]
(coala)coala-bears/bears/java/CheckstyleBear.py:67:33: note: Perhaps you need "Callable[...]" or a callback protocol?
(coala)coala-bears/bears/java/CheckstyleBear.py:98:34: error: "CheckstyleBear" has no attribute "download_cached_file"  [attr-defined]
(coala)coala-bears/bears/java/CheckstyleBear.py:100:17: error: Unsupported left operand type for + (known_checkstyle_or_path?)  [operator]
(coala)coala-bears/bears/java/CheckstyleBear.py:102:25: error: "CheckstyleBear" has no attribute "checkstyle_jar_file"  [attr-defined]
(coala)coala-bears/bears/go/GofmtBear.py:34:13: error: Incompatible types in assignment (expression has type "Tuple[str]", variable has type "Tuple[]")  [assignment]
(coala)coala-bears/bears/js/HappinessLintBear.py:29:43: error: "Type[HappinessLintBear]" has no attribute "name"  [attr-defined]
(coala)coala-bears/bears/python/PyDocStyleBear.py:23:45: error: Invalid type comment or annotation  [valid-type]
(coala)coala-bears/bears/python/PyDocStyleBear.py:23:45: note: Suggestion: use typed_list[...] instead of typed_list(...)
(coala)coala-bears/bears/python/PyDocStyleBear.py:24:45: error: Invalid type comment or annotation  [valid-type]
(coala)coala-bears/bears/python/PyDocStyleBear.py:24:45: note: Suggestion: use typed_list[...] instead of typed_list(...)
(coala)coala-bears/bears/python/PyDocStyleBear.py:25:49: error: Invalid type comment or annotation  [valid-type]
(coala)coala-bears/bears/python/PyDocStyleBear.py:25:49: note: Suggestion: use typed_list[...] instead of typed_list(...)
(coala)coala-bears/bears/python/PyDocStyleBear.py:26:49: error: Invalid type comment or annotation  [valid-type]
(coala)coala-bears/bears/python/PyDocStyleBear.py:26:49: note: Suggestion: use typed_list[...] instead of typed_list(...)
(coala)coala-bears/bears/python/PyDocStyleBear.py:45:13: error: "PyDocStyleBear" has no attribute "err"  [attr-defined]
(coala)coala-bears/bears/python/PyDocStyleBear.py:50:13: error: Incompatible types in assignment (expression has type "Tuple[Any, str]", variable has type "Tuple[Any]")  [assignment]
(coala)coala-bears/bears/python/PyDocStyleBear.py:53:13: error: Incompatible types in assignment (expression has type "Tuple[Any, str]", variable has type "Tuple[Any]")  [assignment]
(coala)coala-bears/bears/python/PyDocStyleBear.py:57:13: error: Incompatible types in assignment (expression has type "Tuple[Any, str]", variable has type "Tuple[Any]")  [assignment]
(coala)coala-bears/bears/python/PyDocStyleBear.py:61:13: error: Incompatible types in assignment (expression has type "Tuple[Any, str]", variable has type "Tuple[Any]")  [assignment]
(coala)coala-bears/bears/python/PyImportSortBear.py:103:38: error: Invalid type comment or annotation  [valid-type]
(coala)coala-bears/bears/python/PyImportSortBear.py:103:38: note: Suggestion: use typed_list[...] instead of typed_list(...)
(coala)coala-bears/bears/python/PyImportSortBear.py:105:40: error: Invalid type comment or annotation  [valid-type]
(coala)coala-bears/bears/python/PyImportSortBear.py:105:40: note: Suggestion: use typed_list[...] instead of typed_list(...)
(coala)coala-bears/bears/python/PyImportSortBear.py:106:40: error: Invalid type comment or annotation  [valid-type]
(coala)coala-bears/bears/python/PyImportSortBear.py:106:40: note: Suggestion: use typed_list[...] instead of typed_list(...)
(coala)coala-bears/bears/python/PyImportSortBear.py:107:45: error: Invalid type comment or annotation  [valid-type]
(coala)coala-bears/bears/python/PyImportSortBear.py:107:45: note: Suggestion: use typed_list[...] instead of typed_list(...)
(coala)coala-bears/bears/python/PyImportSortBear.py:109:36: error: Invalid type comment or annotation  [valid-type]
(coala)coala-bears/bears/python/PyImportSortBear.py:109:36: note: Suggestion: use typed_list[...] instead of typed_list(...)
(coala)coala-bears/bears/python/PyUnusedCodeBear.py:15:1: error: Unexpected keyword argument "aspects" for "__init_subclass__" of "object"  [call-arg]
(coala)coala-bears/bears/python/PyUnusedCodeBear.py:15:1: error: Unexpected keyword argument "languages" for "__init_subclass__" of "object"  [call-arg]
(coala)coala-bears/bears/python/PEP8Bear.py:26:25: error: Invalid type comment or annotation  [valid-type]
(coala)coala-bears/bears/python/PEP8Bear.py:26:25: note: Suggestion: use typed_list[...] instead of typed_list(...)
(coala)coala-bears/bears/python/PEP8Bear.py:27:25: error: Invalid type comment or annotation  [valid-type]
(coala)coala-bears/bears/python/PEP8Bear.py:27:25: note: Suggestion: use typed_list[...] instead of typed_list(...)
(coala)coala-bears/bears/general/AnnotationBear.py:61:19: error: Incompatible types in assignment (expression has type "Dict[str, Tuple[]]", variable has type "str")  [assignment]
(coala)coala-bears/bears/shell/ShellCheckBear.py:44:13: error: Incompatible types in assignment (expression has type "Tuple[str, str, str, str, Any, str, str]", variable has type "Tuple[str, str, str, str, Any]")  [assignment]
(coala)coala-bears/bears/shell/BashateBear.py:24:42: error: Invalid type comment or annotation  [valid-type]
(coala)coala-bears/bears/shell/BashateBear.py:24:42: note: Suggestion: use typed_list[...] instead of typed_list(...)
(coala)coala-bears/bears/shell/BashateBear.py:30:13: error: Incompatible types in assignment (expression has type "Tuple[Any, str, str]", variable has type "Tuple[Any]")  [assignment]
(coala)coala-bears/bears/hypertext/BootLintBear.py:30:43: error: Invalid type comment or annotation  [valid-type]
(coala)coala-bears/bears/hypertext/BootLintBear.py:30:43: note: Suggestion: use typed_list[...] instead of typed_list(...)

[RRepo](fyookball)electrum
(fyookball)electrum/plugins/labels/kivy.py: error: Duplicate module named 'kivy' (also at '/home/bew/archive/typed_project/(fyookball)electrum/gui/kivy/__init__.py')  [misc]
Found 1 error in 1 file (checked 77 source files)

[RRepo](J-CPelletier)webcomix
(J-CPelletier)webcomix/webcomix/scrapy/request_factory.py:1:1: error: Module 'scrapy' has no attribute 'Request'  [attr-defined]

[RRepo](Paulius-Maruska)python-isign
Success: no issues found in 34 source files

[RRepo](salsita)shishito
(salsita)shishito/shishito/runtime/environment/appium.py:3:1: error: Module 'appium' has no attribute 'webdriver'  [attr-defined]
(salsita)shishito/shishito/ui/selenium_support.py:282:13: error: Incompatible types in assignment (expression has type "Union[float, Any]", variable has type "Optional[int]")  [assignment]

[RRepo](uyamazak)oceanus
(uyamazak)oceanus/table-manager/app/common/utils.py:12:1: error: Need type annotation for 'loggers' (hint: "loggers: Dict[<type>, <type>] = ...")  [var-annotated]

[RRepo](moddevices)mod-ui
(moddevices)mod-ui/bluetooth.py:21:26: error: Missing parentheses in call to 'print'. Did you mean print("Can't connect")?  [syntax]
Found 1 error in 1 file (checked 20 source files)

[RRepo](mesosphere)dcos-commons
(mesosphere)dcos-commons/testing/sdk_metrics.py:119:52: error: Invalid type comment or annotation  [valid-type]
(mesosphere)dcos-commons/tools/kdc/kdc.py:96:8: error: "Dict[Any, Any]" has no attribute "principals_file"  [attr-defined]
(mesosphere)dcos-commons/tools/kdc/kdc.py:107:35: error: "Dict[Any, Any]" has no attribute "principals_file"  [attr-defined]
(mesosphere)dcos-commons/tools/kdc/kdc.py:110:8: error: "Dict[Any, Any]" has no attribute "secret_name"  [attr-defined]
(mesosphere)dcos-commons/tools/kdc/kdc.py:111:34: error: "Dict[Any, Any]" has no attribute "secret_name"  [attr-defined]
(mesosphere)dcos-commons/tools/kdc/kdc.py:111:52: error: "Dict[Any, Any]" has no attribute "binary_secret"  [attr-defined]
(mesosphere)dcos-commons/tools/kdc/kdc.py:124:8: error: "Dict[Any, Any]" has no attribute "binary_secret"  [attr-defined]
(mesosphere)dcos-commons/tools/kdc/kdc.py:125:36: error: "Dict[Any, Any]" has no attribute "secret_name"  [attr-defined]
(mesosphere)dcos-commons/tools/kdc/kdc.py:127:63: error: "Dict[Any, Any]" has no attribute "secret_name"  [attr-defined]
(mesosphere)dcos-commons/tools/standardize_config_json.py:29:1: error: Missing return statement  [return]
(mesosphere)dcos-commons/frameworks/cassandra/tests/test_backup_and_restore.py:147:23: error: Incompatible types in assignment (expression has type "Dict[str, Dict[str, str]]", variable has type "str")  [assignment]
(mesosphere)dcos-commons/frameworks/cassandra/tests/test_backup_and_restore.py:198:43: error: Incompatible types in assignment (expression has type "Optional[str]", target has type "str")  [assignment]
(mesosphere)dcos-commons/frameworks/cassandra/tests/test_backup_and_restore.py:199:47: error: Incompatible types in assignment (expression has type "Optional[str]", target has type "str")  [assignment]
(mesosphere)dcos-commons/frameworks/helloworld/tests/scale/threading_utils.py:7:1: error: Need type annotation for 'TIMINGS' (hint: "TIMINGS: Dict[<type>, <type>] = ...")  [var-annotated]
(mesosphere)dcos-commons/frameworks/helloworld/tests/scale/threading_utils.py:43:28: error: Incompatible types in assignment (expression has type "bool", variable has type "None")  [assignment]
(mesosphere)dcos-commons/frameworks/helloworld/tests/scale/threading_utils.py:45:28: error: Incompatible types in assignment (expression has type "bool", variable has type "None")  [assignment]
(mesosphere)dcos-commons/frameworks/helloworld/tests/scale/threading_utils.py:112:40: error: Argument 1 to "wait_on_threads" has incompatible type "List[ResultThread]"; expected "List[Thread]"  [arg-type]
(mesosphere)dcos-commons/frameworks/helloworld/tests/scale/threading_utils.py:112:40: note: "List" is invariant -- see http://mypy.readthedocs.io/en/latest/common_issues.html#variance
(mesosphere)dcos-commons/frameworks/helloworld/tests/scale/threading_utils.py:112:40: note: Consider using "Sequence" instead, which is covariant
(mesosphere)dcos-commons/frameworks/helloworld/tests/scale/threading_utils.py:128:35: error: Unsupported operand types for + ("List[Thread]" and "List[ResultThread]")  [operator]
(mesosphere)dcos-commons/conftest.py:136:22: error: Incompatible types in assignment (expression has type "float", variable has type "int")  [assignment]
(mesosphere)dcos-commons/frameworks/helloworld/tests/scale/test_scale.py:109:21: error: "_create_service_account" does not return a value  [func-returns-value]
Found 20 errors in 7 files (checked 59 source files)

[RRepo](pgjones)flake8-sql
(pgjones)flake8-sql/flake8_sql/parser.py:64:9: error: Name 'Tuple' is not defined  [name-defined]
(pgjones)flake8-sql/flake8_sql/parser.py:64:9: note: Did you forget to import it from "typing"? (Suggestion: "from typing import Tuple")
(pgjones)flake8-sql/flake8_sql/linter.py:24:5: error: Need type annotation for 'excepted_names' (hint: "excepted_names: List[<type>] = ...")  [var-annotated]
(pgjones)flake8-sql/flake8_sql/linter.py:117:9: error: Need type annotation for 'roots' (hint: "roots: List[<type>] = ...")  [var-annotated]
Found 3 errors in 2 files (checked 7 source files)

[RRepo](JulyJ)MindBot
(JulyJ)MindBot/mindbot/command/help/commands.py:9:1: error: Relative import climbs too many namespaces  [misc]
(JulyJ)MindBot/mindbot/command/remember/searchtag.py:11:1: error: Relative import climbs too many namespaces  [misc]
(JulyJ)MindBot/mindbot/command/search/wiki.py:18:1: error: Relative import climbs too many namespaces  [misc]
(JulyJ)MindBot/mindbot/command/weather/weather.py:4:1: error: Relative import climbs too many namespaces  [misc]
(JulyJ)MindBot/mindbot/command/weather/forecast.py:4:1: error: Relative import climbs too many namespaces  [misc]
(JulyJ)MindBot/mindbot/command/tools/qrgenerator.py:13:1: error: Relative import climbs too many namespaces  [misc]
(JulyJ)MindBot/mindbot/command/search/google.py:10:1: error: Relative import climbs too many namespaces  [misc]
(JulyJ)MindBot/mindbot/command/remember/db.py:37:15: error: Variable "mindbot.command.remember.db.Base" is not valid as a type  [valid-type]
(JulyJ)MindBot/mindbot/command/remember/db.py:37:15: note: See https://mypy.readthedocs.io/en/latest/common_issues.html#variables-vs-type-aliases
(JulyJ)MindBot/mindbot/command/remember/db.py:37:15: error: Invalid base class "Base"  [misc]
(JulyJ)MindBot/mindbot/command/remember/db.py:50:11: error: Variable "mindbot.command.remember.db.Base" is not valid as a type  [valid-type]
(JulyJ)MindBot/mindbot/command/remember/db.py:50:11: note: See https://mypy.readthedocs.io/en/latest/common_issues.html#variables-vs-type-aliases
(JulyJ)MindBot/mindbot/command/remember/db.py:50:11: error: Invalid base class "Base"  [misc]
(JulyJ)MindBot/mindbot/command/remember/db.py:91:9: error: "None" has no attribute "add"  [attr-defined]
(JulyJ)MindBot/mindbot/command/remember/db.py:92:9: error: "None" has no attribute "commit"  [attr-defined]

[RRepo](rigetticomputing)grove
(rigetticomputing)grove/grove/bernstein_vazirani/bernstein_vazirani.py:119:29: error: Need type annotation for 'index_mapping_dct'  [var-annotated]
(rigetticomputing)grove/grove/bernstein_vazirani/bernstein_vazirani.py:131:16: error: Incompatible return value type (got "Tuple[Any, defaultdict[Any, Dict[Any, Any]]]", expected "Tuple[Any, Dict[str, str]]")  [return-value]
(rigetticomputing)grove/grove/ising/ising_qaoa.py:31:13: error: Incompatible types in assignment (expression has type "float", variable has type "int")  [assignment]
(rigetticomputing)grove/grove/ising/ising_qaoa.py:33:9: error: Incompatible types in assignment (expression has type "float", variable has type "int")  [assignment]
(rigetticomputing)grove/grove/ising/ising_qaoa.py:109:23: error: Dict entry 0 has incompatible type "str": "Callable[[VarArg(object), DefaultNamedArg(Optional[str], 'sep'), DefaultNamedArg(Optional[str], 'end'), DefaultNamedArg(Optional[_Writer], 'file'), DefaultNamedArg(bool, 'flush')], None]"; expected "str": "int"  [dict-item]
(rigetticomputing)grove/grove/ising/ising_qaoa.py:110:23: error: Dict entry 2 has incompatible type "str": "Optional[int]"; expected "str": "int"  [dict-item]
(rigetticomputing)grove/grove/ising/ising_qaoa.py:113:30: error: Incompatible types in assignment (expression has type "None", target has type "Union[bool, int]")  [assignment]
(rigetticomputing)grove/grove/ising/ising_qaoa.py:128:33: error: Argument 1 to "energy_value" has incompatible type "List[int]"; expected "List[Union[int, float]]"  [arg-type]
(rigetticomputing)grove/grove/ising/ising_qaoa.py:128:33: note: "List" is invariant -- see http://mypy.readthedocs.io/en/latest/common_issues.html#variance
(rigetticomputing)grove/grove/ising/ising_qaoa.py:128:33: note: Consider using "Sequence" instead, which is covariant
(rigetticomputing)grove/grove/ising/ising_qaoa.py:128:36: error: Argument 2 to "energy_value" has incompatible type "Dict[Tuple[int, int], int]"; expected "Dict[Tuple[int, int], Union[int, float]]"  [arg-type]
(rigetticomputing)grove/grove/ising/ising_qaoa.py:128:36: note: "Dict" is invariant -- see http://mypy.readthedocs.io/en/latest/common_issues.html#variance
(rigetticomputing)grove/grove/ising/ising_qaoa.py:128:36: note: Consider using "Mapping" instead, which is covariant in the value type
(rigetticomputing)grove/grove/pyvqe/vqe.py:38:19: error: Incompatible types in assignment (expression has type "Callable[[Dict[_KT, _VT], _KT, _VT], None]", base class "object" defined the type as "Callable[[object, str, Any], None]")  [assignment]
(rigetticomputing)grove/grove/pyvqe/vqe.py:39:19: error: Incompatible types in assignment (expression has type "Callable[[Dict[_KT, _VT], _KT], None]", base class "object" defined the type as "Callable[[object, str], None]")  [assignment]
(rigetticomputing)grove/grove/pyvqe/vqe.py:329:13: error: Incompatible types in assignment (expression has type "float", variable has type "int")  [assignment]
(rigetticomputing)grove/grove/pyvqe/vqe.py:331:13: error: Incompatible types in assignment (expression has type "float", variable has type "int")  [assignment]

[RRepo](Mondanzo)vlt-Music
(Mondanzo)vlt-Music/log.py:15:6: error: Name 'get_time' already defined on line 7  [no-redef]
Found 1 error in 1 file (checked 4 source files)

[RRepo](drhagen)parsita
(drhagen)parsita/examples/expressions.py:4:25: error: Name 'TextParsers' is not defined  [name-defined]
(drhagen)parsita/examples/expressions.py:5:14: error: Name 'reg' is not defined  [name-defined]
(drhagen)parsita/examples/expressions.py:7:19: error: Name 'expr' is not defined  [name-defined]
(drhagen)parsita/examples/expressions.py:9:21: error: Name 'opt' is not defined  [name-defined]
(drhagen)parsita/examples/expressions.py:20:21: error: Name 'rep' is not defined  [name-defined]
(drhagen)parsita/examples/expressions.py:20:25: error: Name 'lit' is not defined  [name-defined]
(drhagen)parsita/examples/expressions.py:31:19: error: Name 'rep' is not defined  [name-defined]
(drhagen)parsita/examples/expressions.py:31:23: error: Name 'lit' is not defined  [name-defined]
(drhagen)parsita/src/parsita/util.py:3:1: error: String argument 1 'Input' to TypeVar(...) does not match variable name 'A'  [misc]
(drhagen)parsita/src/parsita/util.py:3:5: error: "object" not callable  [operator]
(drhagen)parsita/src/parsita/util.py:6:17: error: Variable "util.A" is not valid as a type  [valid-type]
(drhagen)parsita/src/parsita/util.py:6:17: note: See https://mypy.readthedocs.io/en/latest/common_issues.html#variables-vs-type-aliases
(drhagen)parsita/src/parsita/util.py:22:28: error: Variable "util.A" is not valid as a type  [valid-type]
(drhagen)parsita/src/parsita/util.py:22:28: note: See https://mypy.readthedocs.io/en/latest/common_issues.html#variables-vs-type-aliases
(drhagen)parsita/src/parsita/util.py:47:37: error: Variable "util.A" is not valid as a type  [valid-type]
(drhagen)parsita/src/parsita/util.py:47:37: note: See https://mypy.readthedocs.io/en/latest/common_issues.html#variables-vs-type-aliases
(drhagen)parsita/examples/positioned.py:16:21: error: Free type variable expected in Generic[...]  [misc]
(drhagen)parsita/examples/positioned.py:42:24: error: Free type variable expected in Generic[...]  [misc]
(drhagen)parsita/src/parsita/state.py:95:5: error: Signature of "first" incompatible with supertype "Reader"  [override]
(drhagen)parsita/src/parsita/state.py:99:5: error: Signature of "rest" incompatible with supertype "Reader"  [override]
(drhagen)parsita/src/parsita/state.py:99:23: error: "SequenceReader" expects no type arguments, but 1 given  [type-arg]
(drhagen)parsita/src/parsita/state.py:103:5: error: Signature of "finished" incompatible with supertype "Reader"  [override]
(drhagen)parsita/src/parsita/state.py:125:5: error: Signature of "first" incompatible with supertype "Reader"  [override]
(drhagen)parsita/src/parsita/state.py:129:5: error: Signature of "rest" incompatible with supertype "Reader"  [override]
(drhagen)parsita/src/parsita/state.py:129:23: error: "StringReader" expects no type arguments, but 1 given  [type-arg]
(drhagen)parsita/src/parsita/state.py:133:5: error: Signature of "finished" incompatible with supertype "Reader"  [override]
(drhagen)parsita/src/parsita/state.py:136:35: error: "StringReader" expects no type arguments, but 1 given  [type-arg]
(drhagen)parsita/src/parsita/state.py:143:28: error: Item "None" of "Optional[Match[str]]" has no attribute "start"  [union-attr]
(drhagen)parsita/src/parsita/state.py:143:42: error: Item "None" of "Optional[Match[str]]" has no attribute "end"  [union-attr]
(drhagen)parsita/src/parsita/state.py:296:16: error: Incompatible types in assignment (expression has type "Tuple[]", variable has type "Tuple[Callable[[], str]]")  [assignment]
(drhagen)parsita/src/parsita/state.py:328:29: error: Incompatible types in assignment (expression has type "Tuple[Callable[[], str], Callable[[], str]]", variable has type "Tuple[Callable[[], str]]")  [assignment]
Found 28 errors in 4 files (checked 9 source files)

