[RRepo](dahlia)wikidata
(dahlia)wikidata/tests/mock.py:46:17: error: Item "None" of "Optional[str]" has no attribute "lower"  [union-attr]
Found 1 error in 1 file (checked 14 source files)

[RRepo](ocadotechnology)aimmo
(ocadotechnology)aimmo/aimmo/avatar_examples/winner_avatar.py:35:62: error: Name 'avatar_state' is not defined  [name-defined]
(ocadotechnology)aimmo/aimmo/avatar_examples/health_seeker_avatar.py:35:62: error: Name 'avatar_state' is not defined  [name-defined]
(ocadotechnology)aimmo/aimmo_runner/shell_api.py:8:1: error: Module 'urllib' has no attribute 'urlretrieve'  [attr-defined]
(ocadotechnology)aimmo/aimmo_runner/shell_api.py:8:1: error: Module 'urllib' has no attribute 'urlopen'  [attr-defined]
(ocadotechnology)aimmo/aimmo/tests/test_migration_game_status.py:6:23: error: Incompatible types in assignment (expression has type "str", base class "MigrationTestCase" defined the type as "None")  [assignment]
(ocadotechnology)aimmo/aimmo/tests/test_migration_game_status.py:7:22: error: Incompatible types in assignment (expression has type "str", base class "MigrationTestCase" defined the type as "None")  [assignment]
(ocadotechnology)aimmo/aimmo/tests/test_migration_alter_game_token.py:6:23: error: Incompatible types in assignment (expression has type "str", base class "MigrationTestCase" defined the type as "None")  [assignment]
(ocadotechnology)aimmo/aimmo/tests/test_migration_alter_game_token.py:7:22: error: Incompatible types in assignment (expression has type "str", base class "MigrationTestCase" defined the type as "None")  [assignment]
(ocadotechnology)aimmo/aimmo/models.py:10:46: error: Name 'xrange' is not defined  [name-defined]

[RRepo](cjdrake)pyeda
(cjdrake)pyeda/pyeda/parsing/lex.py:46:13: error: Need type annotation for 'RULES'  [var-annotated]
Found 1 error in 1 file (checked 23 source files)

[RRepo](jlafon)PynamoDB
(jlafon)PynamoDB/pynamodb/settings.py:21:1: error: Need type annotation for 'override_settings' (hint: "override_settings: Dict[<type>, <type>] = ...")  [var-annotated]
(jlafon)PynamoDB/pynamodb/settings.py:23:25: error: Incompatible types in assignment (expression has type Module, variable has type "Dict[Any, Any]")  [assignment]
(jlafon)PynamoDB/pynamodb/pagination.py:3:1: error: Module 'pynamodb.constants' has no attribute 'SCANNED_COUNT'  [attr-defined]
(jlafon)PynamoDB/pynamodb/indexes.py:193:23: error: Incompatible types in assignment (expression has type "str", base class "Projection" defined the type as "None")  [assignment]
(jlafon)PynamoDB/pynamodb/indexes.py:200:23: error: Incompatible types in assignment (expression has type "str", base class "Projection" defined the type as "None")  [assignment]
(jlafon)PynamoDB/pynamodb/indexes.py:212:23: error: Incompatible types in assignment (expression has type "str", base class "Projection" defined the type as "None")  [assignment]
(jlafon)PynamoDB/pynamodb/expressions/operand.py:117:23: error: Incompatible types in assignment (expression has type "str", base class "_Operand" defined the type as "None")  [assignment]
(jlafon)PynamoDB/pynamodb/expressions/operand.py:135:23: error: Incompatible types in assignment (expression has type "str", base class "_Operand" defined the type as "None")  [assignment]
(jlafon)PynamoDB/pynamodb/expressions/operand.py:148:23: error: Incompatible types in assignment (expression has type "str", base class "_Operand" defined the type as "None")  [assignment]
(jlafon)PynamoDB/pynamodb/expressions/operand.py:161:23: error: Incompatible types in assignment (expression has type "str", base class "_Operand" defined the type as "None")  [assignment]

[RRepo](spambusters)instascrape
Success: no issues found in 5 source files

[RRepo](adbpy)wire-protocol
(adbpy)wire-protocol/adbwp/payload.py:7:1: error: Module 'adbwp' has no attribute 'consts'  [attr-defined]
(adbpy)wire-protocol/adbwp/payload.py:7:1: error: Module 'adbwp' has no attribute 'hints'  [attr-defined]
(adbpy)wire-protocol/adbwp/header.py:10:1: error: Module 'adbwp' has no attribute 'consts'  [attr-defined]
(adbpy)wire-protocol/adbwp/header.py:10:1: error: Module 'adbwp' has no attribute 'exceptions'  [attr-defined]
(adbpy)wire-protocol/adbwp/header.py:10:1: error: Module 'adbwp' has no attribute 'hints'  [attr-defined]
(adbpy)wire-protocol/tests/test_payload.py:9:1: error: Module 'adbwp' has no attribute 'consts'  [attr-defined]
(adbpy)wire-protocol/tests/conftest.py:14:1: error: Module 'adbwp' has no attribute 'consts'  [attr-defined]
(adbpy)wire-protocol/tests/conftest.py:189:2: error: Name 'random_signature' already defined on line 181  [no-redef]
(adbpy)wire-protocol/tests/test_header.py:11:1: error: Module 'adbwp' has no attribute 'consts'  [attr-defined]
(adbpy)wire-protocol/tests/test_header.py:11:1: error: Module 'adbwp' has no attribute 'exceptions'  [attr-defined]
Found 10 errors in 5 files (checked 6 source files)

[RRepo](MToyokura)GomiPy.accounting
(MToyokura)GomiPy.accounting/source/relation_proxy_model.py:248:5: error: Need type annotation for 'value_row_pair' (hint: "value_row_pair: Dict[<type>, <type>] = ...")  [var-annotated]
Found 1 error in 1 file (checked 7 source files)

[RRepo](feluxe)very_hungry_pi
(feluxe)very_hungry_pi/vhpi/constants.py:30:9: error: Name 'version' already defined on line 26  [no-redef]
(feluxe)very_hungry_pi/vhpi/__init__.py:41:13: error: Argument 1 to "_ensure_dir" has incompatible type "None"; expected "str"  [arg-type]
(feluxe)very_hungry_pi/vhpi/__init__.py:44:23: error: Argument 1 to "isfile" has incompatible type "None"; expected "Union[bytes, str, _PathLike[Any]]"  [arg-type]
(feluxe)very_hungry_pi/vhpi/api/logging.py:47:1: error: Missing return statement  [return]
(feluxe)very_hungry_pi/vhpi/api/logging.py:59:21: error: Incompatible types in assignment (expression has type "str", variable has type "int")  [assignment]
(feluxe)very_hungry_pi/vhpi/api/logging.py:95:9: error: Name 'output' already defined on line 91  [no-redef]
(feluxe)very_hungry_pi/vhpi/api/logging.py:103:13: error: Name 'output' already defined on line 91  [no-redef]
(feluxe)very_hungry_pi/vhpi/api/logging.py:106:13: error: Name 'output' already defined on line 91  [no-redef]
(feluxe)very_hungry_pi/vhpi/api/logging.py:109:13: error: Name 'output' already defined on line 91  [no-redef]
(feluxe)very_hungry_pi/vhpi/api/logging.py:112:9: error: Name 'output' already defined on line 91  [no-redef]
(feluxe)very_hungry_pi/vhpi/api/logging.py:117:1: error: Missing return statement  [return]
(feluxe)very_hungry_pi/vhpi/api/logging.py:128:5: error: Name 'due_jobs' already defined on line 117  [no-redef]
(feluxe)very_hungry_pi/vhpi/api/logging.py:228:28: error: Module has no attribute "FileHandler"  [attr-defined]
(feluxe)very_hungry_pi/vhpi/api/logging.py:232:29: error: Module has no attribute "StreamHandler"  [attr-defined]
(feluxe)very_hungry_pi/vhpi/api/logging.py:236:36: error: Module has no attribute "DEBUG"  [attr-defined]
(feluxe)very_hungry_pi/vhpi/api/logging.py:237:35: error: Module has no attribute "INFO"  [attr-defined]
(feluxe)very_hungry_pi/vhpi/api/logging.py:238:36: error: Module has no attribute "DEBUG"  [attr-defined]
(feluxe)very_hungry_pi/vhpi/api/logging.py:240:14: error: Module has no attribute "getLogger"  [attr-defined]
(feluxe)very_hungry_pi/vhpi/api/logging.py:241:21: error: Module has no attribute "DEBUG"  [attr-defined]
(feluxe)very_hungry_pi/vhpi/api/logging.py:254:10: error: Module has no attribute "getLogger"  [attr-defined]

[RRepo](ttssdev)appflow
(ttssdev)appflow/appflow.py:25:19: error: Unsupported left operand type for + ("None")  [operator]
(ttssdev)appflow/appflow.py:25:39: note: Left operand is of type "Optional[str]"
(ttssdev)appflow/appflow.py:246:42: error: Argument 3 to "provision" has incompatible type "Optional[str]"; expected "str"  [arg-type]
(ttssdev)appflow/appflow.py:246:49: error: Argument 4 to "provision" has incompatible type "Optional[str]"; expected "str"  [arg-type]
(ttssdev)appflow/appflow.py:247:29: error: Argument 5 to "provision" has incompatible type "Optional[str]"; expected "str"  [arg-type]
Found 4 errors in 1 file (checked 6 source files)

[RRepo](skftn)waveDIM
(skftn)waveDIM/waveDIM/controllers/shoutcast.py:9:1: error: Need type annotation for 'METADATA' (hint: "METADATA: Dict[<type>, <type>] = ...")  [var-annotated]
(skftn)waveDIM/waveDIM/controllers/wishlist.py:15:16: error: Incompatible types in assignment (expression has type "datetime", variable has type "int")  [assignment]
Found 2 errors in 2 files (checked 6 source files)

[RRepo](PyCQA)astroid
(PyCQA)astroid/setup.py:27:6: error: Incompatible types in assignment (expression has type "TextIO", variable has type "BinaryIO")  [assignment]
(PyCQA)astroid/astroid/_ast.py:9:5: error: Name '_ast_py3' already defined on line 7  [no-redef]
(PyCQA)astroid/astroid/_ast.py:10:5: error: Name '_ast_py2' already defined on line 7  [no-redef]
(PyCQA)astroid/astroid/_ast.py:48:17: error: Module has no attribute "parse"  [attr-defined]
(PyCQA)astroid/astroid/interpreter/_import/util.py:6:21: error: Incompatible types in assignment (expression has type "None", variable has type Module)  [assignment]
(PyCQA)astroid/astroid/interpreter/_import/spec.py:28:5: error: Name 'lru_cache' already defined (possibly by an import)  [no-redef]
(PyCQA)astroid/astroid/interpreter/_import/spec.py:232:5: error: Incompatible types in assignment (expression has type "Tuple[Type[ImpFinder], Type[ZipFinder], Type[PathSpecFinder]]", variable has type "Tuple[Type[ImpFinder], Type[ZipFinder]]")  [assignment]
(PyCQA)astroid/astroid/interpreter/_import/spec.py:233:1: error: Incompatible types in assignment (expression has type "Tuple[Type[ImpFinder], Type[ZipFinder], Type[ExplicitNamespacePackageFinder]]", variable has type "Tuple[Type[ImpFinder], Type[ZipFinder]]")  [assignment]
(PyCQA)astroid/astroid/manager.py:25:1: error: Module 'astroid' has no attribute 'modutils'  [attr-defined]
(PyCQA)astroid/astroid/manager.py:47:5: error: Need type annotation for 'brain' (hint: "brain: Dict[<type>, <type>] = ...")  [var-annotated]
(PyCQA)astroid/astroid/__init__.py:66:1: error: Module 'astroid' has no attribute 'inference'; maybe "inference_tip"?  [attr-defined]
(PyCQA)astroid/astroid/tests/resources.py:21:30: error: Module has no attribute "__path__"  [attr-defined]


[RRepo](stefanlaheij)ha-buderus
Success: no issues found in 3 source files

[RRepo](DamourYouKnow)HAHA-NO-UR
(DamourYouKnow)HAHA-NO-UR/core/argument_parser.py:83:19: error: Need type annotation for 'parsed_args'  [var-annotated]

[RRepo](seekheart)coder_api
(seekheart)coder_api/app.py:13:17: error: Module has no attribute "CoderEngine"  [attr-defined]
(seekheart)coder_api/app.py:14:20: error: Module has no attribute "LanguageEngine"  [attr-defined]
(seekheart)coder_api/app.py:28:2: error: Module has no attribute "authenticate"  [attr-defined]
(seekheart)coder_api/app.py:50:2: error: Module has no attribute "authenticate"  [attr-defined]
(seekheart)coder_api/app.py:94:2: error: Module has no attribute "authenticate"  [attr-defined]
(seekheart)coder_api/app.py:116:2: error: Module has no attribute "authenticate"  [attr-defined]
(seekheart)coder_api/app.py:144:2: error: Module has no attribute "authenticate"  [attr-defined]
(seekheart)coder_api/app.py:198:2: error: Module has no attribute "authenticate"  [attr-defined]
(seekheart)coder_api/app.py:221:2: error: Module has no attribute "authenticate"  [attr-defined]
(seekheart)coder_api/app.py:251:2: error: Module has no attribute "authenticate"  [attr-defined]
(seekheart)coder_api/app.py:268:2: error: Module has no attribute "authenticate"  [attr-defined]
(seekheart)coder_api/app.py:287:2: error: Module has no attribute "authenticate"  [attr-defined]
Found 12 errors in 1 file (checked 8 source files)

[RRepo](flapjax)FlapJack-Cogs
(flapjax)FlapJack-Cogs/wordcloud/wordcloud.py:14:1: error: Module 'wordcloud' has no attribute 'ImageColorGenerator'  [attr-defined]
Found 1 error in 1 file (checked 12 source files)

[RRepo](grimpunch)CardsAgainstOnline
(grimpunch)CardsAgainstOnline/CardsAgainstGame/GameHandler.py:150:20: error: Incompatible return value type (got "None", expected "CAHPlayer")  [return-value]
Found 1 error in 1 file (checked 7 source files)

[RRepo](Drowrin)Weeabot
(Drowrin)Weeabot/utils.py:182:24: error: Item "None" of "Optional[Match[str]]" has no attribute "group"  [union-attr]
(Drowrin)Weeabot/cogs/anilist.py:38:42: error: Argument 1 to "parse" has incompatible type "datetime"; expected "Union[bytes, str, IO[str], IO[Any]]"  [arg-type]
(Drowrin)Weeabot/cogs/moderation.py:20:9: error: Need type annotation for 'jail_events' (hint: "jail_events: Dict[<type>, <type>] = ...")  [var-annotated]
(Drowrin)Weeabot/cogs/moderation.py:22:58: error: Syntax error in type annotation  [syntax]
(Drowrin)Weeabot/cogs/moderation.py:22:58: note: Suggestion: Use Tuple[T1, ..., Tn] instead of (T1, ..., Tn)
(Drowrin)Weeabot/cogs/moderation.py:118:21: error: "str" has no attribute "id"  [attr-defined]
(Drowrin)Weeabot/cogs/ffxiv.py:197:5: error: Need type annotation for 'cache' (hint: "cache: Dict[<type>, <type>] = ...")  [var-annotated]
(Drowrin)Weeabot/cogs/ffxiv.py:245:19: error: Item "None" of "Optional[Match[str]]" has no attribute "group"  [union-attr]
(Drowrin)Weeabot/cogs/mywaifulist.py:76:21: error: "WaifuData" has no attribute "likes"  [attr-defined]
(Drowrin)Weeabot/cogs/mywaifulist.py:76:48: error: "WaifuData" has no attribute "trash"  [attr-defined]
(Drowrin)Weeabot/cogs/mywaifulist.py:85:12: error: "WaifuData" has no attribute "likes"  [attr-defined]
(Drowrin)Weeabot/cogs/mywaifulist.py:85:28: error: "WaifuData" has no attribute "trash"  [attr-defined]
(Drowrin)Weeabot/cogs/mywaifulist.py:87:14: error: "WaifuData" has no attribute "trash"  [attr-defined]
(Drowrin)Weeabot/cogs/mywaifulist.py:87:30: error: "WaifuData" has no attribute "likes"  [attr-defined]
(Drowrin)Weeabot/cogs/mywaifulist.py:95:17: error: "WaifuData" has no attribute "likes"  [attr-defined]
(Drowrin)Weeabot/cogs/mywaifulist.py:95:17: error: "WaifuData" has no attribute "trash"  [attr-defined]
(Drowrin)Weeabot/cogs/mywaifulist.py:96:21: error: "WaifuData" has no attribute "series"  [attr-defined]
(Drowrin)Weeabot/cogs/mywaifulist.py:97:25: error: "WaifuData" has no attribute "description"  [attr-defined]
(Drowrin)Weeabot/cogs/mywaifulist.py:97:60: error: "WaifuData" has no attribute "slug"  [attr-defined]
(Drowrin)Weeabot/cogs/mywaifulist.py:98:106: error: "WaifuData" has no attribute "tags"  [attr-defined]
(Drowrin)Weeabot/cogs/mywaifulist.py:99:20: error: "WaifuData" has no attribute "tags"  [attr-defined]
(Drowrin)Weeabot/cogs/mywaifulist.py:101:17: error: "WaifuData" has no attribute "slug"  [attr-defined]
(Drowrin)Weeabot/cogs/mywaifulist.py:102:48: error: "WaifuData" has no attribute "created_at"  [attr-defined]
(Drowrin)Weeabot/cogs/mywaifulist.py:105:17: error: "WaifuData" has no attribute "display_picture"  [attr-defined]
(Drowrin)Weeabot/cogs/mywaifulist.py:107:18: error: "WaifuData" has no attribute "slug"  [attr-defined]
(Drowrin)Weeabot/cogs/mal.py:170:83: error: "str" has no attribute "display_name"  [attr-defined]
(Drowrin)Weeabot/cogs/mal.py:191:55: error: "str" has no attribute "mention"  [attr-defined]
(Drowrin)Weeabot/cogs/pointless.py:19:9: error: Need type annotation for 'do_messages' (hint: "do_messages: Dict[<type>, <type>] = ...")  [var-annotated]
(Drowrin)Weeabot/cogs/pointless.py:33:5: error: Missing return statement  [return]
(Drowrin)Weeabot/cogs/twitter.py:10:1: error: Module 'twitter' has no attribute 'Api'  [attr-defined]
(Drowrin)Weeabot/Weeabot.py:383:28: error: "str" has no attribute "server"  [attr-defined]
(Drowrin)Weeabot/Weeabot.py:383:62: error: "str" has no attribute "id"  [attr-defined]
(Drowrin)Weeabot/Weeabot.py:385:71: error: "str" has no attribute "name"  [attr-defined]
(Drowrin)Weeabot/cogs/profiles.py:63:5: error: Need type annotation for 'verbose_formatters' (hint: "verbose_formatters: Dict[<type>, <type>] = ...")  [var-annotated]
(Drowrin)Weeabot/cogs/profiles.py:145:17: error: Assignment to variable 'e' outside except: block  [misc]
(Drowrin)Weeabot/cogs/profiles.py:150:13: error: Trying to read deleted variable 'e'  [misc]
(Drowrin)Weeabot/cogs/profiles.py:151:13: error: Trying to read deleted variable 'e'  [misc]
(Drowrin)Weeabot/cogs/profiles.py:152:13: error: Trying to read deleted variable 'e'  [misc]
(Drowrin)Weeabot/cogs/profiles.py:176:21: error: Trying to read deleted variable 'e'  [misc]
(Drowrin)Weeabot/cogs/profiles.py:233:13: error: Need type annotation for 'f' (hint: "f: List[<type>] = ...")  [var-annotated]
(Drowrin)Weeabot/cogs/twitch.py:40:9: error: Need type annotation for 'listeners' (hint: "listeners: List[<type>] = ...")  [var-annotated]
(Drowrin)Weeabot/cogs/twitch.py:41:9: error: Need type annotation for 'tasks' (hint: "tasks: List[<type>] = ...")  [var-annotated]
Found 41 errors in 11 files (checked 19 source files)

[RRepo](varapp)varapp-backend-py
(varapp)varapp-backend-py/tests_functional/test_2_filters.py:11:19: error: Name 'SeleniumTest' is not defined  [name-defined]
(varapp)varapp-backend-py/tests_functional/test_5_bookmarks.py:9:21: error: Name 'SeleniumTest' is not defined  [name-defined]
(varapp)varapp-backend-py/tests_functional/test_3_samples_selection.py:10:28: error: Name 'SeleniumTest' is not defined  [name-defined]
(varapp)varapp-backend-py/tests_functional/test_8_user_account.py:10:28: error: Name 'SeleniumTest' is not defined  [name-defined]
(varapp)varapp-backend-py/tests_functional/test_8_user_account.py:38:6: error: Name 'unittest' is not defined  [name-defined]
(varapp)varapp-backend-py/tests_functional/test_6_columns_selection.py:9:28: error: Name 'SeleniumTest' is not defined  [name-defined]
(varapp)varapp-backend-py/tests_functional/test_9_lookup.py:10:18: error: Name 'SeleniumTest' is not defined  [name-defined]
(varapp)varapp-backend-py/tests_functional/test_7_export.py:9:2: error: Name 'unittest' is not defined  [name-defined]
(varapp)varapp-backend-py/tests_functional/test_7_export.py:10:19: error: Name 'SeleniumTest' is not defined  [name-defined]
(varapp)varapp-backend-py/tests_functional/test_1_navigation.py:8:22: error: Name 'SeleniumTest' is not defined  [name-defined]
(varapp)varapp-backend-py/tests_functional/test_4_change_db.py:10:28: error: Name 'SeleniumTest' is not defined  [name-defined]
(varapp)varapp-backend-py/varapp/data_models/variants.py:15:16: error: List or tuple literal expected as the second argument to namedtuple()  [misc]
(varapp)varapp-backend-py/varapp/data_models/variants.py:18:21: error: List or tuple literal expected as the second argument to namedtuple()  [misc]
(varapp)varapp-backend-py/varapp/common/cache/locmem_cache.py:33:1: error: Need type annotation for '_caches' (hint: "_caches: Dict[<type>, <type>] = ...")  [var-annotated]
(varapp)varapp-backend-py/varapp/common/cache/locmem_cache.py:34:1: error: Need type annotation for '_expire_info' (hint: "_expire_info: Dict[<type>, <type>] = ...")  [var-annotated]
(varapp)varapp-backend-py/varapp/common/cache/locmem_cache.py:35:1: error: Need type annotation for '_locks' (hint: "_locks: Dict[<type>, <type>] = ...")  [var-annotated]
(varapp)varapp-backend-py/varapp/filters/variant_filters.py:100:20: error: Name 'FILTER_CLASS_LOCATION' is not defined  [name-defined]
(varapp)varapp-backend-py/varapp/filters/variant_filters.py:200:20: error: Name 'FILTER_CLASS_QUALITY' is not defined  [name-defined]
(varapp)varapp-backend-py/varapp/filters/variant_filters.py:205:20: error: Name 'FILTER_CLASS_QUALITY' is not defined  [name-defined]
(varapp)varapp-backend-py/varapp/filters/variant_filters.py:214:20: error: Name 'FILTER_CLASS_QUALITY' is not defined  [name-defined]
(varapp)varapp-backend-py/varapp/filters/variant_filters.py:219:20: error: Name 'FILTER_CLASS_QUALITY' is not defined  [name-defined]
(varapp)varapp-backend-py/varapp/filters/variant_filters.py:224:20: error: Name 'FILTER_CLASS_QUALITY' is not defined  [name-defined]
(varapp)varapp-backend-py/varapp/filters/variant_filters.py:228:20: error: Name 'FILTER_CLASS_QUALITY' is not defined  [name-defined]
(varapp)varapp-backend-py/varapp/filters/variant_filters.py:232:20: error: Name 'FILTER_CLASS_QUALITY' is not defined  [name-defined]
(varapp)varapp-backend-py/varapp/filters/variant_filters.py:236:20: error: Name 'FILTER_CLASS_QUALITY' is not defined  [name-defined]
(varapp)varapp-backend-py/varapp/filters/variant_filters.py:240:20: error: Name 'FILTER_CLASS_QUALITY' is not defined  [name-defined]
(varapp)varapp-backend-py/varapp/filters/variant_filters.py:248:20: error: Name 'FILTER_CLASS_LOCATION' is not defined  [name-defined]
(varapp)varapp-backend-py/varapp/filters/variant_filters.py:253:20: error: Name 'FILTER_CLASS_LOCATION' is not defined  [name-defined]
(varapp)varapp-backend-py/varapp/filters/variant_filters.py:261:20: error: Name 'FILTER_CLASS_FREQUENCY' is not defined  [name-defined]
(varapp)varapp-backend-py/varapp/filters/variant_filters.py:266:20: error: Name 'FILTER_CLASS_FREQUENCY' is not defined  [name-defined]
(varapp)varapp-backend-py/varapp/filters/variant_filters.py:271:20: error: Name 'FILTER_CLASS_FREQUENCY' is not defined  [name-defined]
(varapp)varapp-backend-py/varapp/filters/variant_filters.py:276:20: error: Name 'FILTER_CLASS_FREQUENCY' is not defined  [name-defined]
(varapp)varapp-backend-py/varapp/filters/variant_filters.py:311:20: error: Name 'FILTER_CLASS_IMPACT' is not defined  [name-defined]
(varapp)varapp-backend-py/varapp/filters/variant_filters.py:316:20: error: Name 'FILTER_CLASS_IMPACT' is not defined  [name-defined]
(varapp)varapp-backend-py/varapp/filters/variant_filters.py:321:20: error: Name 'FILTER_CLASS_IMPACT' is not defined  [name-defined]
(varapp)varapp-backend-py/varapp/filters/variant_filters.py:326:20: error: Name 'FILTER_CLASS_IMPACT' is not defined  [name-defined]
(varapp)varapp-backend-py/varapp/filters/variant_filters.py:331:20: error: Name 'FILTER_CLASS_IMPACT' is not defined  [name-defined]
(varapp)varapp-backend-py/varapp/filters/variant_filters.py:336:20: error: Name 'FILTER_CLASS_IMPACT' is not defined  [name-defined]
(varapp)varapp-backend-py/varapp/filters/variant_filters.py:342:20: error: Name 'FILTER_CLASS_IMPACT' is not defined  [name-defined]
(varapp)varapp-backend-py/varapp/filters/variant_filters.py:347:20: error: Name 'FILTER_CLASS_IMPACT' is not defined  [name-defined]
(varapp)varapp-backend-py/varapp/filters/variant_filters.py:356:20: error: Name 'FILTER_CLASS_PATHOGENICITY' is not defined  [name-defined]
(varapp)varapp-backend-py/varapp/filters/variant_filters.py:361:20: error: Name 'FILTER_CLASS_PATHOGENICITY' is not defined  [name-defined]
(varapp)varapp-backend-py/varapp/filters/variant_filters.py:366:20: error: Name 'FILTER_CLASS_PATHOGENICITY' is not defined  [name-defined]
(varapp)varapp-backend-py/varapp/filters/variant_filters.py:371:20: error: Name 'FILTER_CLASS_PATHOGENICITY' is not defined  [name-defined]
(varapp)varapp-backend-py/varapp/filters/variant_filters.py:376:19: error: Name 'FILTER_CLASS_PATHOGENICITY' is not defined  [name-defined]
(varapp)varapp-backend-py/varapp/filters/variant_filters.py:381:19: error: Name 'FILTER_CLASS_PATHOGENICITY' is not defined  [name-defined]
(varapp)varapp-backend-py/varapp/filters/variant_filters.py:386:19: error: Name 'FILTER_CLASS_PATHOGENICITY' is not defined  [name-defined]
(varapp)varapp-backend-py/varapp/filters/variant_filters.py:391:19: error: Name 'FILTER_CLASS_PATHOGENICITY' is not defined  [name-defined]
(varapp)varapp-backend-py/tests_functional/test_0_login.py:6:17: error: Name 'SeleniumTest' is not defined  [name-defined]
(varapp)varapp-backend-py/varapp/common/manage_dbs.py:115:5: error: Name 'remove_db' is not defined  [name-defined]
(varapp)varapp-backend-py/varapp/filters/filters_factory.py:14:19: error: Name 'VariantIDFilter' is not defined  [name-defined]
(varapp)varapp-backend-py/varapp/filters/filters_factory.py:16:16: error: Name 'QualityFilter' is not defined  [name-defined]
(varapp)varapp-backend-py/varapp/filters/filters_factory.py:17:20: error: Name 'PassFilter' is not defined  [name-defined]
(varapp)varapp-backend-py/varapp/filters/filters_factory.py:18:19: error: Name 'QualDepthFilter' is not defined  [name-defined]
(varapp)varapp-backend-py/varapp/filters/filters_factory.py:19:27: error: Name 'StrandBiasFilter' is not defined  [name-defined]
(varapp)varapp-backend-py/varapp/filters/filters_factory.py:20:31: error: Name 'SorFilter' is not defined  [name-defined]
(varapp)varapp-backend-py/varapp/filters/filters_factory.py:21:21: error: Name 'RmsMapQualFilter' is not defined  [name-defined]
(varapp)varapp-backend-py/varapp/filters/filters_factory.py:22:27: error: Name 'BaseQualRankSumFilter' is not defined  [name-defined]
(varapp)varapp-backend-py/varapp/filters/filters_factory.py:23:26: error: Name 'MapQualRankSumFilter' is not defined  [name-defined]
(varapp)varapp-backend-py/varapp/filters/filters_factory.py:24:26: error: Name 'ReadPosRankSumFilter' is not defined  [name-defined]
(varapp)varapp-backend-py/varapp/filters/filters_factory.py:26:20: error: Name 'GeneFilter' is not defined  [name-defined]
(varapp)varapp-backend-py/varapp/filters/filters_factory.py:27:19: error: Name 'TranscriptFilter' is not defined  [name-defined]
(varapp)varapp-backend-py/varapp/filters/filters_factory.py:28:17: error: Name 'LocationFilter' is not defined  [name-defined]
(varapp)varapp-backend-py/varapp/filters/filters_factory.py:30:17: error: Name 'DbsnpFilter' is not defined  [name-defined]
(varapp)varapp-backend-py/varapp/filters/filters_factory.py:31:15: error: Name 'ThousandGenomesFilter' is not defined  [name-defined]
(varapp)varapp-backend-py/varapp/filters/filters_factory.py:32:15: error: Name 'ESPFilter' is not defined  [name-defined]
(varapp)varapp-backend-py/varapp/filters/filters_factory.py:33:16: error: Name 'EXACFilter' is not defined  [name-defined]
(varapp)varapp-backend-py/varapp/filters/filters_factory.py:35:13: error: Name 'TypeFilter' is not defined  [name-defined]
(varapp)varapp-backend-py/varapp/filters/filters_factory.py:36:18: error: Name 'IsExonicFilter' is not defined  [name-defined]
(varapp)varapp-backend-py/varapp/filters/filters_factory.py:37:18: error: Name 'IsCodingFilter' is not defined  [name-defined]
(varapp)varapp-backend-py/varapp/filters/filters_factory.py:38:15: error: Name 'IsLofFilter' is not defined  [name-defined]
(varapp)varapp-backend-py/varapp/filters/filters_factory.py:39:15: error: Name 'ImpactFilter' is not defined  [name-defined]
(varapp)varapp-backend-py/varapp/filters/filters_factory.py:40:18: error: Name 'ImpactSoFilter' is not defined  [name-defined]
(varapp)varapp-backend-py/varapp/filters/filters_factory.py:41:24: error: Name 'ImpactSeverityFilter' is not defined  [name-defined]
(varapp)varapp-backend-py/varapp/filters/filters_factory.py:43:17: error: Name 'CaddRawFilter' is not defined  [name-defined]
(varapp)varapp-backend-py/varapp/filters/filters_factory.py:44:20: error: Name 'CaddScaledFilter' is not defined  [name-defined]
(varapp)varapp-backend-py/varapp/filters/filters_factory.py:45:22: error: Name 'GERPScoreFilter' is not defined  [name-defined]
(varapp)varapp-backend-py/varapp/filters/filters_factory.py:47:22: error: Name 'PolyphenPredFilter' is not defined  [name-defined]
(varapp)varapp-backend-py/varapp/filters/filters_factory.py:48:23: error: Name 'PolyphenScoreFilter' is not defined  [name-defined]
(varapp)varapp-backend-py/varapp/filters/filters_factory.py:49:18: error: Name 'SiftPredFilter' is not defined  [name-defined]
(varapp)varapp-backend-py/varapp/filters/filters_factory.py:50:19: error: Name 'SiftScoreFilter' is not defined  [name-defined]
(varapp)varapp-backend-py/varapp/filters/filters_factory.py:52:15: error: Name 'FrequencyFilter' is not defined  [name-defined]
(varapp)varapp-backend-py/varapp/filters/filters_factory.py:53:16: error: Name 'FrequencyFilter' is not defined  [name-defined]
(varapp)varapp-backend-py/varapp/filters/filters_factory.py:54:63: error: Name 'FrequencyFilter' is not defined  [name-defined]
(varapp)varapp-backend-py/varapp/filters/filters_factory.py:57:16: error: Name 'GenotypesFilterDoNothing' is not defined  [name-defined]
(varapp)varapp-backend-py/varapp/filters/filters_factory.py:58:15: error: Name 'GenotypesFilterActive' is not defined  [name-defined]
(varapp)varapp-backend-py/varapp/filters/filters_factory.py:59:17: error: Name 'GenotypesFilterDominant' is not defined  [name-defined]
(varapp)varapp-backend-py/varapp/filters/filters_factory.py:60:18: error: Name 'GenotypesFilterRecessive' is not defined  [name-defined]
(varapp)varapp-backend-py/varapp/filters/filters_factory.py:61:16: error: Name 'GenotypesFilterDeNovo' is not defined  [name-defined]
(varapp)varapp-backend-py/varapp/filters/filters_factory.py:62:21: error: Name 'GenotypesFilterCompoundHeterozygous' is not defined  [name-defined]
(varapp)varapp-backend-py/varapp/filters/filters_factory.py:63:17: error: Name 'GenotypesFilterXLinked' is not defined  [name-defined]
(varapp)varapp-backend-py/varapp/variants/genotypes_service.py:26:8: error: Name 'GENOTYPE_BIT_NON_CARRIER' is not defined  [name-defined]
(varapp)varapp-backend-py/varapp/variants/genotypes_service.py:27:8: error: Name 'GENOTYPE_BIT_CARRIER_HET' is not defined  [name-defined]
(varapp)varapp-backend-py/varapp/variants/genotypes_service.py:28:8: error: Name 'GENOTYPE_BIT_NON_CARRIER' is not defined  [name-defined]
(varapp)varapp-backend-py/varapp/variants/genotypes_service.py:29:8: error: Name 'GENOTYPE_BIT_CARRIER_HOM' is not defined  [name-defined]
(varapp)varapp-backend-py/tests/filters/test_filters.py:12:21: error: Name 'VariantFilter' is not defined  [name-defined]
(varapp)varapp-backend-py/tests_functional/test_11_igv.py:11:19: error: Name 'SeleniumTest' is not defined  [name-defined]
Found 97 errors in 18 files (checked 74 source files)

[RRepo](sritterbusch)ospac
(sritterbusch)ospac/create_tab_completion.py:255:29: error: "object" has no attribute "replace"  [attr-defined]
(sritterbusch)ospac/create_tab_completion.py:256:28: error: Unsupported operand types for + ("str" and "object")  [operator]
(sritterbusch)ospac/create_tab_completion.py:261:56: error: "object" has no attribute "__iter__"; maybe "__str__" or "__dir__"? (not iterable)  [attr-defined]
(sritterbusch)ospac/create_tab_completion.py:263:24: error: Unsupported operand types for + ("str" and "object")  [operator]
(sritterbusch)ospac/create_tab_completion.py:283:43: error: Value of type "object" is not indexable  [index]
(sritterbusch)ospac/create_tab_completion.py:283:90: error: "object" has no attribute "__iter__"; maybe "__str__" or "__dir__"? (not iterable)  [attr-defined]
(sritterbusch)ospac/create_tab_completion.py:306:43: error: Value of type "object" is not indexable  [index]
(sritterbusch)ospac/create_tab_completion.py:306:90: error: "object" has no attribute "__iter__"; maybe "__str__" or "__dir__"? (not iterable)  [attr-defined]
Found 8 errors in 1 file (checked 1 source file)

[RRepo](albertyw)git-reviewers
(albertyw)git-reviewers/git_reviewers/reviewers.py:56:9: error: Item "None" of "Optional[IO[bytes]]" has no attribute "write"  [union-attr]
Found 1 error in 1 file (checked 2 source files)

[RRepo](DiCarloLab-Delft)PycQED_py3
(DiCarloLab-Delft)PycQED_py3/pycqed/measurement/gate_set_tomography/pygsti_helpers.py:6:25: error: Module has no attribute "__path__"  [attr-defined]
(DiCarloLab-Delft)PycQED_py3/pycqed/tests/analysis/test_analysis_toolbox.py:6:24: error: Module has no attribute "__path__"  [attr-defined]
(DiCarloLab-Delft)PycQED_py3/pycqed/tests/test_chevron_sim.py:3:1: error: Module 'pycqed.simulations' has no attribute 'chevron_sim'  [attr-defined]
(DiCarloLab-Delft)PycQED_py3/pycqed/tests/test_detectors.py:4:1: error: Module 'pycqed.measurement' has no attribute 'measurement_control'  [attr-defined]
(DiCarloLab-Delft)PycQED_py3/pycqed/tests/test_butterfly_analysis.py:4:1: error: Module 'pycqed.analysis' has no attribute 'measurement_analysis'  [attr-defined]
(DiCarloLab-Delft)PycQED_py3/pycqed/tests/test_amsterdam_waveforms.py:2:1: error: Module 'pycqed.measurement.waveform_control_CC' has no attribute 'amsterdam_waveforms'  [attr-defined]

[RRepo](thejoeejoee)VUT-FIT-IFJ-2017-toolkit
(thejoeejoee)VUT-FIT-IFJ-2017-toolkit/ifj2017/benchmark/uploader.py:101:70: error: misplaced type annotation  [syntax]
Found 1 error in 1 file (checked 24 source files)

[RRepo](patrick-brian-mooney)LibidoMechanica
(patrick-brian-mooney)LibidoMechanica/check_corpus.py:54:5: error: Need type annotation for 'ret' (hint: "ret: Set[<type>] = ...")  [var-annotated]
(patrick-brian-mooney)LibidoMechanica/check_corpus.py:60:15: error: Incompatible types in assignment (expression has type "Set[str]", variable has type "FrozenSet[str]")  [assignment]
(patrick-brian-mooney)LibidoMechanica/check_corpus.py:63:12: error: Incompatible return value type (got "Set[Any]", expected "List[str]")  [return-value]
(patrick-brian-mooney)LibidoMechanica/check_corpus.py:76: error: The return type of a generator function should be "Generator" or one of its supertypes  [misc]
(patrick-brian-mooney)LibidoMechanica/check_corpus.py:76:2: error: Argument 1 to "contextmanager" has incompatible type "Callable[[], None]"; expected "Callable[..., Iterator[<nothing>]]"  [arg-type]
(patrick-brian-mooney)LibidoMechanica/check_corpus.py:199:44: error: Name 'strip_trailing_whitespace' is not defined  [name-defined]
(patrick-brian-mooney)LibidoMechanica/check_corpus.py:201:39: error: Name 'strip_trailing_whitespace' is not defined  [name-defined]
(patrick-brian-mooney)LibidoMechanica/check_corpus.py:205:44: error: Name 'decapitalize_line_beginnings' is not defined  [name-defined]
(patrick-brian-mooney)LibidoMechanica/check_corpus.py:207:39: error: Name 'decapitalize_line_beginnings' is not defined  [name-defined]
(patrick-brian-mooney)LibidoMechanica/check_corpus.py:212:16: error: Incompatible types in assignment (expression has type "str", variable has type "List[str]")  [assignment]
(patrick-brian-mooney)LibidoMechanica/check_corpus.py:214:44: error: Name 'no_dumb_quotes' is not defined  [name-defined]
(patrick-brian-mooney)LibidoMechanica/check_corpus.py:221:39: error: Name 'no_dumb_quotes' is not defined  [name-defined]
(patrick-brian-mooney)LibidoMechanica/check_corpus.py:225:44: error: Name 'two_newlines_at_end' is not defined  [name-defined]
(patrick-brian-mooney)LibidoMechanica/check_corpus.py:226:19: error: "List[str]" has no attribute "endswith"  [attr-defined]
(patrick-brian-mooney)LibidoMechanica/check_corpus.py:228:15: error: "List[str]" has no attribute "endswith"  [attr-defined]
(patrick-brian-mooney)LibidoMechanica/check_corpus.py:230:39: error: Name 'two_newlines_at_end' is not defined  [name-defined]
(patrick-brian-mooney)LibidoMechanica/check_corpus.py:238:28: error: Argument 1 to "write" of "IO" has incompatible type "List[str]"; expected "str"  [arg-type]
(patrick-brian-mooney)LibidoMechanica/check_corpus.py:244:10: error: Need type annotation for '_'  [var-annotated]
(patrick-brian-mooney)LibidoMechanica/scrapers/poets.org.py:69:5: error: "print" does not return a value  [func-returns-value]
Found 19 errors in 2 files (checked 4 source files)

[RRepo](Dentosal)rust_os
(Dentosal)rust_os/tools/logparser.py:40:20: error: Missing parentheses in call to 'print'. Did you mean print(x)?  [syntax]
Found 1 error in 1 file (checked 3 source files)

[RRepo](roguelike2d)TekkenBot
(roguelike2d)TekkenBot/MemoryAddressEnum.py:179:5: error: Incompatible types in assignment (expression has type "GameDataAddress", variable has type "MemoryAddressOffsets")  [assignment]
(roguelike2d)TekkenBot/MemoryAddressEnum.py:183:5: error: Incompatible types in assignment (expression has type "PlayerDataAddress", variable has type "MemoryAddressOffsets")  [assignment]
(roguelike2d)TekkenBot/MemoryAddressEnum.py:190:5: error: Incompatible types in assignment (expression has type "EndBlockPlayerDataAddress", variable has type "MemoryAddressOffsets")  [assignment]
(roguelike2d)TekkenBot/ConfigReader.py:10:5: error: Need type annotation for 'values' (hint: "values: Dict[<type>, <type>] = ...")  [var-annotated]
(roguelike2d)TekkenBot/SoundPlayer.py:12:5: error: Method must have at least one argument  [misc]
(roguelike2d)TekkenBot/SoundPlayer.py:19:5: error: Method must have at least one argument  [misc]
(roguelike2d)TekkenBot/ArtificialKeyboard.py:9:13: error: Module has no attribute "windll"  [attr-defined]
(roguelike2d)TekkenBot/CharacterData.py:15:9: error: Need type annotation for 'move_index' (hint: "move_index: Dict[<type>, <type>] = ...")  [var-annotated]
(roguelike2d)TekkenBot/BotData.py:38:13: error: "BotBehaviors" has no attribute "botCommands"  [attr-defined]
(roguelike2d)TekkenBot/PIDSearcher.py:3:9: error: Module has no attribute "WinDLL"  [attr-defined]
(roguelike2d)TekkenBot/PIDSearcher.py:9:12: error: Module has no attribute "WinDLL"  [attr-defined]
(roguelike2d)TekkenBot/GUI_Overlay.py:9:1: error: Incompatible import of "Button" (imported name has type "Type[tkinter.ttk.Button]", local name has type "Type[tkinter.Button]")  [misc]
(roguelike2d)TekkenBot/GUI_Overlay.py:9:1: error: Incompatible import of "Checkbutton" (imported name has type "Type[tkinter.ttk.Checkbutton]", local name has type "Type[tkinter.Checkbutton]")  [misc]
(roguelike2d)TekkenBot/GUI_Overlay.py:9:1: error: Incompatible import of "Entry" (imported name has type "Type[tkinter.ttk.Entry]", local name has type "Type[tkinter.Entry]")  [misc]
(roguelike2d)TekkenBot/GUI_Overlay.py:9:1: error: Incompatible import of "Frame" (imported name has type "Type[tkinter.ttk.Frame]", local name has type "Type[tkinter.Frame]")  [misc]
(roguelike2d)TekkenBot/GUI_Overlay.py:9:1: error: Incompatible import of "Label" (imported name has type "Type[tkinter.ttk.Label]", local name has type "Type[tkinter.Label]")  [misc]
(roguelike2d)TekkenBot/GUI_Overlay.py:9:1: error: Incompatible import of "Menubutton" (imported name has type "Type[tkinter.ttk.Menubutton]", local name has type "Type[tkinter.Menubutton]")  [misc]
(roguelike2d)TekkenBot/GUI_Overlay.py:9:1: error: Incompatible import of "OptionMenu" (imported name has type "Type[tkinter.ttk.OptionMenu]", local name has type "Type[tkinter.OptionMenu]")  [misc]
(roguelike2d)TekkenBot/GUI_Overlay.py:9:1: error: Incompatible import of "Radiobutton" (imported name has type "Type[tkinter.ttk.Radiobutton]", local name has type "Type[tkinter.Radiobutton]")  [misc]
(roguelike2d)TekkenBot/GUI_Overlay.py:9:1: error: Incompatible import of "Scale" (imported name has type "Type[tkinter.ttk.Scale]", local name has type "Type[tkinter.Scale]")  [misc]
(roguelike2d)TekkenBot/GUI_Overlay.py:9:1: error: Incompatible import of "Scrollbar" (imported name has type "Type[tkinter.ttk.Scrollbar]", local name has type "Type[tkinter.Scrollbar]")  [misc]
(roguelike2d)TekkenBot/GUI_Overlay.py:9:1: error: Incompatible import of "Widget" (imported name has type "Type[tkinter.ttk.Widget]", local name has type "Type[tkinter.Widget]")  [misc]
(roguelike2d)TekkenBot/GUI_Overlay.py:18:5: error: Method must have at least one argument  [misc]
(roguelike2d)TekkenBot/GUI_FrameDataOverlay.py:7:1: error: Incompatible import of "Button" (imported name has type "Type[tkinter.ttk.Button]", local name has type "Type[tkinter.Button]")  [misc]
(roguelike2d)TekkenBot/GUI_FrameDataOverlay.py:7:1: error: Incompatible import of "Checkbutton" (imported name has type "Type[tkinter.ttk.Checkbutton]", local name has type "Type[tkinter.Checkbutton]")  [misc]
(roguelike2d)TekkenBot/GUI_FrameDataOverlay.py:7:1: error: Incompatible import of "Entry" (imported name has type "Type[tkinter.ttk.Entry]", local name has type "Type[tkinter.Entry]")  [misc]
(roguelike2d)TekkenBot/GUI_FrameDataOverlay.py:7:1: error: Incompatible import of "Frame" (imported name has type "Type[tkinter.ttk.Frame]", local name has type "Type[tkinter.Frame]")  [misc]
(roguelike2d)TekkenBot/GUI_FrameDataOverlay.py:7:1: error: Incompatible import of "Label" (imported name has type "Type[tkinter.ttk.Label]", local name has type "Type[tkinter.Label]")  [misc]
(roguelike2d)TekkenBot/GUI_FrameDataOverlay.py:7:1: error: Incompatible import of "Menubutton" (imported name has type "Type[tkinter.ttk.Menubutton]", local name has type "Type[tkinter.Menubutton]")  [misc]
(roguelike2d)TekkenBot/GUI_FrameDataOverlay.py:7:1: error: Incompatible import of "OptionMenu" (imported name has type "Type[tkinter.ttk.OptionMenu]", local name has type "Type[tkinter.OptionMenu]")  [misc]
(roguelike2d)TekkenBot/GUI_FrameDataOverlay.py:7:1: error: Incompatible import of "Radiobutton" (imported name has type "Type[tkinter.ttk.Radiobutton]", local name has type "Type[tkinter.Radiobutton]")  [misc]
(roguelike2d)TekkenBot/GUI_FrameDataOverlay.py:7:1: error: Incompatible import of "Scale" (imported name has type "Type[tkinter.ttk.Scale]", local name has type "Type[tkinter.Scale]")  [misc]
(roguelike2d)TekkenBot/GUI_FrameDataOverlay.py:7:1: error: Incompatible import of "Scrollbar" (imported name has type "Type[tkinter.ttk.Scrollbar]", local name has type "Type[tkinter.Scrollbar]")  [misc]
(roguelike2d)TekkenBot/GUI_FrameDataOverlay.py:7:1: error: Incompatible import of "Widget" (imported name has type "Type[tkinter.ttk.Widget]", local name has type "Type[tkinter.Widget]")  [misc]
(roguelike2d)TekkenBot/GUI_FrameDataOverlay.py:17:12: error: Incompatible types in assignment (expression has type "int", base class "Enum" defined the type as "str")  [assignment]
(roguelike2d)TekkenBot/GUI_FrameDataOverlay.py:30:5: error: Method must have at least one argument  [misc]
(roguelike2d)TekkenBot/GUI_TimelineOverlay.py:3:1: error: Incompatible import of "Button" (imported name has type "Type[tkinter.ttk.Button]", local name has type "Type[tkinter.Button]")  [misc]
(roguelike2d)TekkenBot/GUI_TimelineOverlay.py:3:1: error: Incompatible import of "Checkbutton" (imported name has type "Type[tkinter.ttk.Checkbutton]", local name has type "Type[tkinter.Checkbutton]")  [misc]
(roguelike2d)TekkenBot/GUI_TimelineOverlay.py:3:1: error: Incompatible import of "Entry" (imported name has type "Type[tkinter.ttk.Entry]", local name has type "Type[tkinter.Entry]")  [misc]
(roguelike2d)TekkenBot/GUI_TimelineOverlay.py:3:1: error: Incompatible import of "Frame" (imported name has type "Type[tkinter.ttk.Frame]", local name has type "Type[tkinter.Frame]")  [misc]
(roguelike2d)TekkenBot/GUI_TimelineOverlay.py:3:1: error: Incompatible import of "Label" (imported name has type "Type[tkinter.ttk.Label]", local name has type "Type[tkinter.Label]")  [misc]
(roguelike2d)TekkenBot/GUI_TimelineOverlay.py:3:1: error: Incompatible import of "Menubutton" (imported name has type "Type[tkinter.ttk.Menubutton]", local name has type "Type[tkinter.Menubutton]")  [misc]
(roguelike2d)TekkenBot/GUI_TimelineOverlay.py:3:1: error: Incompatible import of "OptionMenu" (imported name has type "Type[tkinter.ttk.OptionMenu]", local name has type "Type[tkinter.OptionMenu]")  [misc]
(roguelike2d)TekkenBot/GUI_TimelineOverlay.py:3:1: error: Incompatible import of "Radiobutton" (imported name has type "Type[tkinter.ttk.Radiobutton]", local name has type "Type[tkinter.Radiobutton]")  [misc]
(roguelike2d)TekkenBot/GUI_TimelineOverlay.py:3:1: error: Incompatible import of "Scale" (imported name has type "Type[tkinter.ttk.Scale]", local name has type "Type[tkinter.Scale]")  [misc]
(roguelike2d)TekkenBot/GUI_TimelineOverlay.py:3:1: error: Incompatible import of "Scrollbar" (imported name has type "Type[tkinter.ttk.Scrollbar]", local name has type "Type[tkinter.Scrollbar]")  [misc]
(roguelike2d)TekkenBot/GUI_TimelineOverlay.py:3:1: error: Incompatible import of "Widget" (imported name has type "Type[tkinter.ttk.Widget]", local name has type "Type[tkinter.Widget]")  [misc]
(roguelike2d)TekkenBot/BotPunisher.py:45:42: error: Argument 1 to "int" has incompatible type "Optional[Any]"; expected "Union[str, bytes, SupportsInt, _SupportsIndex]"  [arg-type]
(roguelike2d)TekkenBot/BotPunisher.py:50:24: error: Unsupported operand types for <= ("int" and "None")  [operator]
(roguelike2d)TekkenBot/BotPunisher.py:50:42: note: Left operand is of type "Optional[int]"
(roguelike2d)TekkenBot/BotRecorder.py:2:1: error: Incompatible import of "Button" (imported name has type "Type[tkinter.ttk.Button]", local name has type "Type[tkinter.Button]")  [misc]
(roguelike2d)TekkenBot/BotRecorder.py:2:1: error: Incompatible import of "Checkbutton" (imported name has type "Type[tkinter.ttk.Checkbutton]", local name has type "Type[tkinter.Checkbutton]")  [misc]
(roguelike2d)TekkenBot/BotRecorder.py:2:1: error: Incompatible import of "Entry" (imported name has type "Type[tkinter.ttk.Entry]", local name has type "Type[tkinter.Entry]")  [misc]
(roguelike2d)TekkenBot/BotRecorder.py:2:1: error: Incompatible import of "Frame" (imported name has type "Type[tkinter.ttk.Frame]", local name has type "Type[tkinter.Frame]")  [misc]
(roguelike2d)TekkenBot/BotRecorder.py:2:1: error: Incompatible import of "Label" (imported name has type "Type[tkinter.ttk.Label]", local name has type "Type[tkinter.Label]")  [misc]
(roguelike2d)TekkenBot/BotRecorder.py:2:1: error: Incompatible import of "Menubutton" (imported name has type "Type[tkinter.ttk.Menubutton]", local name has type "Type[tkinter.Menubutton]")  [misc]
(roguelike2d)TekkenBot/BotRecorder.py:2:1: error: Incompatible import of "OptionMenu" (imported name has type "Type[tkinter.ttk.OptionMenu]", local name has type "Type[tkinter.OptionMenu]")  [misc]
(roguelike2d)TekkenBot/BotRecorder.py:2:1: error: Incompatible import of "Radiobutton" (imported name has type "Type[tkinter.ttk.Radiobutton]", local name has type "Type[tkinter.Radiobutton]")  [misc]
(roguelike2d)TekkenBot/BotRecorder.py:2:1: error: Incompatible import of "Scale" (imported name has type "Type[tkinter.ttk.Scale]", local name has type "Type[tkinter.Scale]")  [misc]
(roguelike2d)TekkenBot/BotRecorder.py:2:1: error: Incompatible import of "Scrollbar" (imported name has type "Type[tkinter.ttk.Scrollbar]", local name has type "Type[tkinter.Scrollbar]")  [misc]
(roguelike2d)TekkenBot/BotRecorder.py:2:1: error: Incompatible import of "Widget" (imported name has type "Type[tkinter.ttk.Widget]", local name has type "Type[tkinter.Widget]")  [misc]
(roguelike2d)TekkenBot/GUI_DebugInfoOverlay.py:3:1: error: Incompatible import of "Button" (imported name has type "Type[tkinter.ttk.Button]", local name has type "Type[tkinter.Button]")  [misc]
(roguelike2d)TekkenBot/GUI_DebugInfoOverlay.py:3:1: error: Incompatible import of "Checkbutton" (imported name has type "Type[tkinter.ttk.Checkbutton]", local name has type "Type[tkinter.Checkbutton]")  [misc]
(roguelike2d)TekkenBot/GUI_DebugInfoOverlay.py:3:1: error: Incompatible import of "Entry" (imported name has type "Type[tkinter.ttk.Entry]", local name has type "Type[tkinter.Entry]")  [misc]
(roguelike2d)TekkenBot/GUI_DebugInfoOverlay.py:3:1: error: Incompatible import of "Frame" (imported name has type "Type[tkinter.ttk.Frame]", local name has type "Type[tkinter.Frame]")  [misc]
(roguelike2d)TekkenBot/GUI_DebugInfoOverlay.py:3:1: error: Incompatible import of "Label" (imported name has type "Type[tkinter.ttk.Label]", local name has type "Type[tkinter.Label]")  [misc]
(roguelike2d)TekkenBot/GUI_DebugInfoOverlay.py:3:1: error: Incompatible import of "Menubutton" (imported name has type "Type[tkinter.ttk.Menubutton]", local name has type "Type[tkinter.Menubutton]")  [misc]
(roguelike2d)TekkenBot/GUI_DebugInfoOverlay.py:3:1: error: Incompatible import of "OptionMenu" (imported name has type "Type[tkinter.ttk.OptionMenu]", local name has type "Type[tkinter.OptionMenu]")  [misc]
(roguelike2d)TekkenBot/GUI_DebugInfoOverlay.py:3:1: error: Incompatible import of "Radiobutton" (imported name has type "Type[tkinter.ttk.Radiobutton]", local name has type "Type[tkinter.Radiobutton]")  [misc]
(roguelike2d)TekkenBot/GUI_DebugInfoOverlay.py:3:1: error: Incompatible import of "Scale" (imported name has type "Type[tkinter.ttk.Scale]", local name has type "Type[tkinter.Scale]")  [misc]
(roguelike2d)TekkenBot/GUI_DebugInfoOverlay.py:3:1: error: Incompatible import of "Scrollbar" (imported name has type "Type[tkinter.ttk.Scrollbar]", local name has type "Type[tkinter.Scrollbar]")  [misc]
(roguelike2d)TekkenBot/GUI_DebugInfoOverlay.py:3:1: error: Incompatible import of "Widget" (imported name has type "Type[tkinter.ttk.Widget]", local name has type "Type[tkinter.Widget]")  [misc]
(roguelike2d)TekkenBot/GUI_MatchStatOverlay.py:3:1: error: Incompatible import of "Button" (imported name has type "Type[tkinter.ttk.Button]", local name has type "Type[tkinter.Button]")  [misc]
(roguelike2d)TekkenBot/GUI_MatchStatOverlay.py:3:1: error: Incompatible import of "Checkbutton" (imported name has type "Type[tkinter.ttk.Checkbutton]", local name has type "Type[tkinter.Checkbutton]")  [misc]
(roguelike2d)TekkenBot/GUI_MatchStatOverlay.py:3:1: error: Incompatible import of "Entry" (imported name has type "Type[tkinter.ttk.Entry]", local name has type "Type[tkinter.Entry]")  [misc]
(roguelike2d)TekkenBot/GUI_MatchStatOverlay.py:3:1: error: Incompatible import of "Frame" (imported name has type "Type[tkinter.ttk.Frame]", local name has type "Type[tkinter.Frame]")  [misc]
(roguelike2d)TekkenBot/GUI_MatchStatOverlay.py:3:1: error: Incompatible import of "Label" (imported name has type "Type[tkinter.ttk.Label]", local name has type "Type[tkinter.Label]")  [misc]
(roguelike2d)TekkenBot/GUI_MatchStatOverlay.py:3:1: error: Incompatible import of "Menubutton" (imported name has type "Type[tkinter.ttk.Menubutton]", local name has type "Type[tkinter.Menubutton]")  [misc]
(roguelike2d)TekkenBot/GUI_MatchStatOverlay.py:3:1: error: Incompatible import of "OptionMenu" (imported name has type "Type[tkinter.ttk.OptionMenu]", local name has type "Type[tkinter.OptionMenu]")  [misc]
(roguelike2d)TekkenBot/GUI_MatchStatOverlay.py:3:1: error: Incompatible import of "Radiobutton" (imported name has type "Type[tkinter.ttk.Radiobutton]", local name has type "Type[tkinter.Radiobutton]")  [misc]
(roguelike2d)TekkenBot/GUI_MatchStatOverlay.py:3:1: error: Incompatible import of "Scale" (imported name has type "Type[tkinter.ttk.Scale]", local name has type "Type[tkinter.Scale]")  [misc]
(roguelike2d)TekkenBot/GUI_MatchStatOverlay.py:3:1: error: Incompatible import of "Scrollbar" (imported name has type "Type[tkinter.ttk.Scrollbar]", local name has type "Type[tkinter.Scrollbar]")  [misc]
(roguelike2d)TekkenBot/GUI_MatchStatOverlay.py:3:1: error: Incompatible import of "Widget" (imported name has type "Type[tkinter.ttk.Widget]", local name has type "Type[tkinter.Widget]")  [misc]
(roguelike2d)TekkenBot/GUI_CommandInputOverlay.py:3:1: error: Incompatible import of "Button" (imported name has type "Type[tkinter.ttk.Button]", local name has type "Type[tkinter.Button]")  [misc]
(roguelike2d)TekkenBot/GUI_CommandInputOverlay.py:3:1: error: Incompatible import of "Checkbutton" (imported name has type "Type[tkinter.ttk.Checkbutton]", local name has type "Type[tkinter.Checkbutton]")  [misc]
(roguelike2d)TekkenBot/GUI_CommandInputOverlay.py:3:1: error: Incompatible import of "Entry" (imported name has type "Type[tkinter.ttk.Entry]", local name has type "Type[tkinter.Entry]")  [misc]
(roguelike2d)TekkenBot/GUI_CommandInputOverlay.py:3:1: error: Incompatible import of "Frame" (imported name has type "Type[tkinter.ttk.Frame]", local name has type "Type[tkinter.Frame]")  [misc]
(roguelike2d)TekkenBot/GUI_CommandInputOverlay.py:3:1: error: Incompatible import of "Label" (imported name has type "Type[tkinter.ttk.Label]", local name has type "Type[tkinter.Label]")  [misc]
(roguelike2d)TekkenBot/GUI_CommandInputOverlay.py:3:1: error: Incompatible import of "Menubutton" (imported name has type "Type[tkinter.ttk.Menubutton]", local name has type "Type[tkinter.Menubutton]")  [misc]
(roguelike2d)TekkenBot/GUI_CommandInputOverlay.py:3:1: error: Incompatible import of "OptionMenu" (imported name has type "Type[tkinter.ttk.OptionMenu]", local name has type "Type[tkinter.OptionMenu]")  [misc]
(roguelike2d)TekkenBot/GUI_CommandInputOverlay.py:3:1: error: Incompatible import of "Radiobutton" (imported name has type "Type[tkinter.ttk.Radiobutton]", local name has type "Type[tkinter.Radiobutton]")  [misc]
(roguelike2d)TekkenBot/GUI_CommandInputOverlay.py:3:1: error: Incompatible import of "Scale" (imported name has type "Type[tkinter.ttk.Scale]", local name has type "Type[tkinter.Scale]")  [misc]
(roguelike2d)TekkenBot/GUI_CommandInputOverlay.py:3:1: error: Incompatible import of "Scrollbar" (imported name has type "Type[tkinter.ttk.Scrollbar]", local name has type "Type[tkinter.Scrollbar]")  [misc]
(roguelike2d)TekkenBot/GUI_CommandInputOverlay.py:3:1: error: Incompatible import of "Widget" (imported name has type "Type[tkinter.ttk.Widget]", local name has type "Type[tkinter.Widget]")  [misc]
(roguelike2d)TekkenBot/GUI_PunishCoachOverlay.py:3:1: error: Incompatible import of "Button" (imported name has type "Type[tkinter.ttk.Button]", local name has type "Type[tkinter.Button]")  [misc]
(roguelike2d)TekkenBot/GUI_PunishCoachOverlay.py:3:1: error: Incompatible import of "Checkbutton" (imported name has type "Type[tkinter.ttk.Checkbutton]", local name has type "Type[tkinter.Checkbutton]")  [misc]
(roguelike2d)TekkenBot/GUI_PunishCoachOverlay.py:3:1: error: Incompatible import of "Entry" (imported name has type "Type[tkinter.ttk.Entry]", local name has type "Type[tkinter.Entry]")  [misc]
(roguelike2d)TekkenBot/GUI_PunishCoachOverlay.py:3:1: error: Incompatible import of "Frame" (imported name has type "Type[tkinter.ttk.Frame]", local name has type "Type[tkinter.Frame]")  [misc]
(roguelike2d)TekkenBot/GUI_PunishCoachOverlay.py:3:1: error: Incompatible import of "Label" (imported name has type "Type[tkinter.ttk.Label]", local name has type "Type[tkinter.Label]")  [misc]
(roguelike2d)TekkenBot/GUI_PunishCoachOverlay.py:3:1: error: Incompatible import of "Menubutton" (imported name has type "Type[tkinter.ttk.Menubutton]", local name has type "Type[tkinter.Menubutton]")  [misc]
(roguelike2d)TekkenBot/GUI_PunishCoachOverlay.py:3:1: error: Incompatible import of "OptionMenu" (imported name has type "Type[tkinter.ttk.OptionMenu]", local name has type "Type[tkinter.OptionMenu]")  [misc]
(roguelike2d)TekkenBot/GUI_PunishCoachOverlay.py:3:1: error: Incompatible import of "Radiobutton" (imported name has type "Type[tkinter.ttk.Radiobutton]", local name has type "Type[tkinter.Radiobutton]")  [misc]
(roguelike2d)TekkenBot/GUI_PunishCoachOverlay.py:3:1: error: Incompatible import of "Scale" (imported name has type "Type[tkinter.ttk.Scale]", local name has type "Type[tkinter.Scale]")  [misc]
(roguelike2d)TekkenBot/GUI_PunishCoachOverlay.py:3:1: error: Incompatible import of "Scrollbar" (imported name has type "Type[tkinter.ttk.Scrollbar]", local name has type "Type[tkinter.Scrollbar]")  [misc]
(roguelike2d)TekkenBot/GUI_PunishCoachOverlay.py:3:1: error: Incompatible import of "Widget" (imported name has type "Type[tkinter.ttk.Widget]", local name has type "Type[tkinter.Widget]")  [misc]
(roguelike2d)TekkenBot/GUI_FrameTrapBot.py:8:1: error: Incompatible import of "Button" (imported name has type "Type[tkinter.ttk.Button]", local name has type "Type[tkinter.Button]")  [misc]
(roguelike2d)TekkenBot/GUI_FrameTrapBot.py:8:1: error: Incompatible import of "Checkbutton" (imported name has type "Type[tkinter.ttk.Checkbutton]", local name has type "Type[tkinter.Checkbutton]")  [misc]
(roguelike2d)TekkenBot/GUI_FrameTrapBot.py:8:1: error: Incompatible import of "Entry" (imported name has type "Type[tkinter.ttk.Entry]", local name has type "Type[tkinter.Entry]")  [misc]
(roguelike2d)TekkenBot/GUI_FrameTrapBot.py:8:1: error: Incompatible import of "Frame" (imported name has type "Type[tkinter.ttk.Frame]", local name has type "Type[tkinter.Frame]")  [misc]
(roguelike2d)TekkenBot/GUI_FrameTrapBot.py:8:1: error: Incompatible import of "Label" (imported name has type "Type[tkinter.ttk.Label]", local name has type "Type[tkinter.Label]")  [misc]
(roguelike2d)TekkenBot/GUI_FrameTrapBot.py:8:1: error: Incompatible import of "Menubutton" (imported name has type "Type[tkinter.ttk.Menubutton]", local name has type "Type[tkinter.Menubutton]")  [misc]
(roguelike2d)TekkenBot/GUI_FrameTrapBot.py:8:1: error: Incompatible import of "OptionMenu" (imported name has type "Type[tkinter.ttk.OptionMenu]", local name has type "Type[tkinter.OptionMenu]")  [misc]
(roguelike2d)TekkenBot/GUI_FrameTrapBot.py:8:1: error: Incompatible import of "Radiobutton" (imported name has type "Type[tkinter.ttk.Radiobutton]", local name has type "Type[tkinter.Radiobutton]")  [misc]
(roguelike2d)TekkenBot/GUI_FrameTrapBot.py:8:1: error: Incompatible import of "Scale" (imported name has type "Type[tkinter.ttk.Scale]", local name has type "Type[tkinter.Scale]")  [misc]
(roguelike2d)TekkenBot/GUI_FrameTrapBot.py:8:1: error: Incompatible import of "Scrollbar" (imported name has type "Type[tkinter.ttk.Scrollbar]", local name has type "Type[tkinter.Scrollbar]")  [misc]
(roguelike2d)TekkenBot/GUI_FrameTrapBot.py:8:1: error: Incompatible import of "Widget" (imported name has type "Type[tkinter.ttk.Widget]", local name has type "Type[tkinter.Widget]")  [misc]
(roguelike2d)TekkenBot/GUI_PunisherBot.py:8:1: error: Incompatible import of "Button" (imported name has type "Type[tkinter.ttk.Button]", local name has type "Type[tkinter.Button]")  [misc]
(roguelike2d)TekkenBot/GUI_PunisherBot.py:8:1: error: Incompatible import of "Checkbutton" (imported name has type "Type[tkinter.ttk.Checkbutton]", local name has type "Type[tkinter.Checkbutton]")  [misc]
(roguelike2d)TekkenBot/GUI_PunisherBot.py:8:1: error: Incompatible import of "Entry" (imported name has type "Type[tkinter.ttk.Entry]", local name has type "Type[tkinter.Entry]")  [misc]
(roguelike2d)TekkenBot/GUI_PunisherBot.py:8:1: error: Incompatible import of "Frame" (imported name has type "Type[tkinter.ttk.Frame]", local name has type "Type[tkinter.Frame]")  [misc]
(roguelike2d)TekkenBot/GUI_PunisherBot.py:8:1: error: Incompatible import of "Label" (imported name has type "Type[tkinter.ttk.Label]", local name has type "Type[tkinter.Label]")  [misc]
(roguelike2d)TekkenBot/GUI_PunisherBot.py:8:1: error: Incompatible import of "Menubutton" (imported name has type "Type[tkinter.ttk.Menubutton]", local name has type "Type[tkinter.Menubutton]")  [misc]
(roguelike2d)TekkenBot/GUI_PunisherBot.py:8:1: error: Incompatible import of "OptionMenu" (imported name has type "Type[tkinter.ttk.OptionMenu]", local name has type "Type[tkinter.OptionMenu]")  [misc]
(roguelike2d)TekkenBot/GUI_PunisherBot.py:8:1: error: Incompatible import of "Radiobutton" (imported name has type "Type[tkinter.ttk.Radiobutton]", local name has type "Type[tkinter.Radiobutton]")  [misc]
(roguelike2d)TekkenBot/GUI_PunisherBot.py:8:1: error: Incompatible import of "Scale" (imported name has type "Type[tkinter.ttk.Scale]", local name has type "Type[tkinter.Scale]")  [misc]
(roguelike2d)TekkenBot/GUI_PunisherBot.py:8:1: error: Incompatible import of "Scrollbar" (imported name has type "Type[tkinter.ttk.Scrollbar]", local name has type "Type[tkinter.Scrollbar]")  [misc]
(roguelike2d)TekkenBot/GUI_PunisherBot.py:8:1: error: Incompatible import of "Widget" (imported name has type "Type[tkinter.ttk.Widget]", local name has type "Type[tkinter.Widget]")  [misc]
(roguelike2d)TekkenBot/GUI_TekkenBotPrime.py:2:1: error: Incompatible import of "Button" (imported name has type "Type[tkinter.ttk.Button]", local name has type "Type[tkinter.Button]")  [misc]
(roguelike2d)TekkenBot/GUI_TekkenBotPrime.py:2:1: error: Incompatible import of "Checkbutton" (imported name has type "Type[tkinter.ttk.Checkbutton]", local name has type "Type[tkinter.Checkbutton]")  [misc]
(roguelike2d)TekkenBot/GUI_TekkenBotPrime.py:2:1: error: Incompatible import of "Entry" (imported name has type "Type[tkinter.ttk.Entry]", local name has type "Type[tkinter.Entry]")  [misc]
(roguelike2d)TekkenBot/GUI_TekkenBotPrime.py:2:1: error: Incompatible import of "Frame" (imported name has type "Type[tkinter.ttk.Frame]", local name has type "Type[tkinter.Frame]")  [misc]
(roguelike2d)TekkenBot/GUI_TekkenBotPrime.py:2:1: error: Incompatible import of "Label" (imported name has type "Type[tkinter.ttk.Label]", local name has type "Type[tkinter.Label]")  [misc]
(roguelike2d)TekkenBot/GUI_TekkenBotPrime.py:2:1: error: Incompatible import of "Menubutton" (imported name has type "Type[tkinter.ttk.Menubutton]", local name has type "Type[tkinter.Menubutton]")  [misc]
(roguelike2d)TekkenBot/GUI_TekkenBotPrime.py:2:1: error: Incompatible import of "OptionMenu" (imported name has type "Type[tkinter.ttk.OptionMenu]", local name has type "Type[tkinter.OptionMenu]")  [misc]
(roguelike2d)TekkenBot/GUI_TekkenBotPrime.py:2:1: error: Incompatible import of "Radiobutton" (imported name has type "Type[tkinter.ttk.Radiobutton]", local name has type "Type[tkinter.Radiobutton]")  [misc]
(roguelike2d)TekkenBot/GUI_TekkenBotPrime.py:2:1: error: Incompatible import of "Scale" (imported name has type "Type[tkinter.ttk.Scale]", local name has type "Type[tkinter.Scale]")  [misc]
(roguelike2d)TekkenBot/GUI_TekkenBotPrime.py:2:1: error: Incompatible import of "Scrollbar" (imported name has type "Type[tkinter.ttk.Scrollbar]", local name has type "Type[tkinter.Scrollbar]")  [misc]
(roguelike2d)TekkenBot/GUI_TekkenBotPrime.py:2:1: error: Incompatible import of "Widget" (imported name has type "Type[tkinter.ttk.Widget]", local name has type "Type[tkinter.Widget]")  [misc]
Found 137 errors in 19 files (checked 34 source files)

[RRepo](websauna)pyramid_sms
(websauna)pyramid_sms/travis_pypi_setup.py:19:5: error: Module 'urllib' has no attribute 'urlopen'  [attr-defined]
Found 1 error in 1 file (checked 13 source files)

[RRepo](yktoo)indicator-sound-switcher
(yktoo)indicator-sound-switcher/lib/indicator_sound_switcher/config.py:43: error: Bracketed expression "[...]" is not valid as a type  [misc]
(yktoo)indicator-sound-switcher/lib/indicator_sound_switcher/config.py:43: note: Did you mean "List[...]"?
Found 1 error in 1 file (checked 4 source files)

[RRepo](release-monitoring)anitya
(release-monitoring)anitya/anitya/forms.py:27:58: error: Need type annotation for 'item'  [var-annotated]
(release-monitoring)anitya/anitya/forms.py:32:61: error: Need type annotation for 'item'  [var-annotated]
(release-monitoring)anitya/anitya/lib/exceptions.py:84:13: error: Not all arguments converted during string formatting  [str-format]

[RRepo](deepfabric)elasticell
(deepfabric)elasticell/vendor/github.com/antlr/antlr4/runtime/Swift/boot.py:179:16: error: Missing parentheses in call to 'print'. Did you mean print(GREEN + "[ANTLR] " + msg + RESET)?  [syntax]
Found 1 error in 1 file (checked 47 source files)

[RRepo](meraki-analytics)cassiopeia
(meraki-analytics)cassiopeia/cassiopeia/cassiopeia.py:9:1: error: No parent module -- cannot perform relative import  [misc]
Found 1 error in 1 file (checked 49 source files)

[RRepo](scivision)raspberrypi_raw_camera
(scivision)raspberrypi_raw_camera/getrawimage.py:17:1: error: Module 'pibayer' has no attribute 'bayerseq'  [attr-defined]
(scivision)raspberrypi_raw_camera/getrawimage.py:17:1: error: Module 'pibayer' has no attribute 'writeframes'  [attr-defined]
Found 2 errors in 1 file (checked 6 source files)

[RRepo](mesosphere)marathon
(mesosphere)marathon/tests/integration/src/test/resources/python/app_mock.py:193:13: error: Unexpected keyword argument "bind_and_activate" for "HTTPServer"  [call-arg]
(mesosphere)marathon/tests/shakedown/shakedown/dcos/command.py:3:1: error: Module '_thread' has no attribute 'RLock'  [attr-defined]
(mesosphere)marathon/tests/shakedown/shakedown/dcos/command.py:34:28: error: Function "builtins.callable" is not valid as a type  [valid-type]
(mesosphere)marathon/tests/shakedown/shakedown/dcos/command.py:34:28: note: Perhaps you need "Callable[...]" or a callback protocol?
(mesosphere)marathon/tests/shakedown/shakedown/dcos/command.py:37:5: error: Need type annotation for 'cache' (hint: "cache: Dict[<type>, <type>] = ...")  [var-annotated]
(mesosphere)marathon/tests/shakedown/shakedown/dcos/command.py:59:20: error: callable? not callable  [misc]
(mesosphere)marathon/tests/shakedown/shakedown/dcos/command.py:75:26: error: Incompatible types in assignment (expression has type "Tuple[Tuple[str, Any]]", variable has type "List[Tuple[str, Any]]")  [assignment]
(mesosphere)marathon/tests/shakedown/shakedown/dcos/command.py:83:5: error: "Callable[..., Any]" has no attribute "get_cache"  [attr-defined]
(mesosphere)marathon/tests/shakedown/shakedown/dcos/command.py:84:5: error: "Callable[..., Any]" has no attribute "purge"  [attr-defined]
(mesosphere)marathon/tests/shakedown/shakedown/dcos/command.py:90:12: error: Invalid type comment or annotation  [valid-type]
Found 9 errors in 2 files (checked 33 source files)

[RRepo](coala)corobo
(coala)corobo/tests/corobo_test_case.py:15:9: error: Need type annotation for 'plug_files' (hint: "plug_files: Dict[<type>, <type>] = ...")  [var-annotated]
(coala)corobo/tests/corobo_test_case.py:16:9: error: Need type annotation for 'plugins' (hint: "plugins: Dict[<type>, <type>] = ...")  [var-annotated]
(coala)corobo/answers/extraction.py:11:1: error: Module 'utils' has no attribute 'get_abs_path'  [attr-defined]
Found 3 errors in 2 files (checked 42 source files)

[RRepo](finaldie)skull
(finaldie)skull/src/user-cpp/bin/skull-idl-gen.py:11:1: error: Need type annotation for 'wf_file_list' (hint: "wf_file_list: List[<type>] = ...")  [var-annotated]
(finaldie)skull/src/user-cpp/bin/skull-idl-gen.py:12:1: error: Need type annotation for 'svc_file_list' (hint: "svc_file_list: List[<type>] = ...")  [var-annotated]
Found 2 errors in 1 file (checked 17 source files)

[RRepo](Andrew-Shay)Neuron
(Andrew-Shay)Neuron/build/hook-cefpython3.py:190:1: error: Need type annotation for 'binaries' (hint: "binaries: List[<type>] = ...")  [var-annotated]
(Andrew-Shay)Neuron/build/build.py:45:5: error: Item "_Loader" of "Optional[_Loader]" has no attribute "exec_module"  [union-attr]
(Andrew-Shay)Neuron/build/build.py:45:5: error: Item "None" of "Optional[_Loader]" has no attribute "exec_module"  [union-attr]
(Andrew-Shay)Neuron/build/build.py:47:16: error: Module has no attribute "APP_NAME"  [attr-defined]
(Andrew-Shay)Neuron/build/build.py:48:25: error: Module has no attribute "APP_NAME_NO_SPACE"  [attr-defined]
(Andrew-Shay)Neuron/build/build.py:49:19: error: Module has no attribute "APP_VERSION"  [attr-defined]
(Andrew-Shay)Neuron/build/build.py:50:16: error: Module has no attribute "APP_DESCRIPTION"  [attr-defined]
(Andrew-Shay)Neuron/build/build.py:51:20: error: Module has no attribute "COMPANY_NAME"  [attr-defined]
(Andrew-Shay)Neuron/build/build.py:52:15: error: Module has no attribute "WEBSITE"  [attr-defined]
(Andrew-Shay)Neuron/build/build.py:127:9: error: Incompatible types in assignment (expression has type "str", variable has type "TextIO")  [assignment]
(Andrew-Shay)Neuron/build/build.py:195:10: error: Incompatible types in assignment (expression has type "BinaryIO", variable has type "TextIO")  [assignment]
(Andrew-Shay)Neuron/build/build.py:197:29: error: Argument 1 to "update" of "_Hash" has incompatible type "str"; expected "Union[bytes, bytearray, memoryview]"  [arg-type]
(Andrew-Shay)Neuron/build/build.py:198:30: error: Argument 1 to "update" of "_Hash" has incompatible type "str"; expected "Union[bytes, bytearray, memoryview]"  [arg-type]
(Andrew-Shay)Neuron/build/build.py:199:32: error: Argument 1 to "update" of "_Hash" has incompatible type "str"; expected "Union[bytes, bytearray, memoryview]"  [arg-type]
(Andrew-Shay)Neuron/build/build.py:200:32: error: Argument 1 to "update" of "_Hash" has incompatible type "str"; expected "Union[bytes, bytearray, memoryview]"  [arg-type]
(Andrew-Shay)Neuron/neuron/__init__.py:24:25: error: Argument 1 to "startswith" of "str" has incompatible type "Optional[str]"; expected "Union[str, Tuple[str, ...]]"  [arg-type]
(Andrew-Shay)Neuron/neuron/__init__.py:80:118: error: Argument "delay" to "RotatingFileHandler" has incompatible type "int"; expected "bool"  [arg-type]
Found 17 errors in 3 files (checked 6 source files)

[RRepo](gengo)memsource-wrap
(gengo)memsource-wrap/memsource/memsource.py:1:1: error: No parent module -- cannot perform relative import  [misc]
Found 1 error in 1 file (checked 15 source files)

[RRepo](inetprocess)docker-lamp
(inetprocess)docker-lamp/stakkr/command.py:23:20: error: Argument 1 to "_read_messages" has incompatible type "Popen[bytes]"; expected "BufferedReader"  [arg-type]
(inetprocess)docker-lamp/stakkr/command.py:25:23: error: Argument 1 to "_print_errors" has incompatible type "Popen[bytes]"; expected "BufferedReader"  [arg-type]
(inetprocess)docker-lamp/stakkr/command.py:38:17: error: "BufferedReader" has no attribute "stdout"  [attr-defined]
(inetprocess)docker-lamp/stakkr/command.py:50:17: error: "BufferedReader" has no attribute "stderr"  [attr-defined]

[RRepo](nanobox-io)nanobox-adapter-libcloud
(nanobox-io)nanobox-adapter-libcloud/nanobox_libcloud/utils/models.py:144:13: error: Name 'key' is not defined  [name-defined]
(nanobox-io)nanobox-adapter-libcloud/nanobox_libcloud/utils/models.py:146:13: error: Name 'key' is not defined  [name-defined]
(nanobox-io)nanobox-adapter-libcloud/nanobox_libcloud/adapters/ovh.py:49:5: error: Need type annotation for '_sizes' (hint: "_sizes: Dict[<type>, <type>] = ...")  [var-annotated]
(nanobox-io)nanobox-adapter-libcloud/nanobox_libcloud/adapters/ovh.py:50:5: error: Need type annotation for '_pricing' (hint: "_pricing: Dict[<type>, <type>] = ...")  [var-annotated]
(nanobox-io)nanobox-adapter-libcloud/nanobox_libcloud/adapters/gce.py:50:5: error: Need type annotation for '_sizes' (hint: "_sizes: Dict[<type>, <type>] = ...")  [var-annotated]
(nanobox-io)nanobox-adapter-libcloud/nanobox_libcloud/adapters/scaleway.py:45:5: error: Need type annotation for '_sizes' (hint: "_sizes: Dict[<type>, <type>] = ...")  [var-annotated]
(nanobox-io)nanobox-adapter-libcloud/nanobox_libcloud/adapters/vultr.py:43:5: error: Need type annotation for '_sizes' (hint: "_sizes: Dict[<type>, <type>] = ...")  [var-annotated]
(nanobox-io)nanobox-adapter-libcloud/nanobox_libcloud/__init__.py:30:1: error: Cannot assign to a method  [assignment]
Found 8 errors in 6 files (checked 17 source files)

[RRepo](bcj)vectorvondoom
Success: no issues found in 2 source files

[RRepo](obestwalter)i3configger
(obestwalter)i3configger/i3configger/base.py:8:1: error: Module 'i3configger' has no attribute 'exc'  [attr-defined]
(obestwalter)i3configger/i3configger/context.py:6:1: error: Module 'i3configger' has no attribute 'exc'  [attr-defined]
(obestwalter)i3configger/i3configger/partials.py:9:1: error: Module 'i3configger' has no attribute 'exc'  [attr-defined]
(obestwalter)i3configger/i3configger/config.py:10:1: error: Module 'i3configger' has no attribute 'exc'  [attr-defined]

[RRepo](zdict)zdict
(zdict)zdict/zdict/dictionaries/wiktionary.py:62:31: error: Invalid index type "str" for "str"; expected type "Union[int, slice]"  [index]
(zdict)zdict/zdict/dictionaries/wiktionary.py:73:51: error: Invalid index type "str" for "str"; expected type "Union[int, slice]"  [index]
(zdict)zdict/zdict/dictionaries/wiktionary.py:77:43: error: Incompatible types in assignment (expression has type "List[<nothing>]", target has type "str")  [assignment]
(zdict)zdict/zdict/dictionaries/wiktionary.py:79:38: error: Invalid index type "str" for "str"; expected type "Union[int, slice]"  [index]
(zdict)zdict/zdict/dictionaries/wiktionary.py:81:47: error: Invalid index type "str" for "str"; expected type "Union[int, slice]"  [index]
(zdict)zdict/zdict/dictionaries/wiktionary.py:83:17: error: "str" has no attribute "append"  [attr-defined]
(zdict)zdict/zdict/dictionaries/wiktionary.py:88:24: error: Invalid index type "str" for "str"; expected type "Union[int, slice]"  [index]
(zdict)zdict/zdict/dictionaries/wiktionary.py:92:21: error: Unsupported target for indexed assignment  [index]
(zdict)zdict/zdict/dictionaries/wiktionary.py:93:34: error: Invalid index type "str" for "str"; expected type "Union[int, slice]"  [index]
(zdict)zdict/zdict/dictionaries/wiktionary.py:95:25: error: "str" has no attribute "append"  [attr-defined]
(zdict)zdict/zdict/dictionaries/wiktionary.py:95:56: error: Invalid index type "str" for "str"; expected type "Union[int, slice]"  [index]
(zdict)zdict/zdict/dictionaries/yahoo.py:18:16: error: Invalid type comment or annotation  [valid-type]
(zdict)zdict/zdict/dictionaries/yahoo.py:18:16: note: Suggestion: use type[...] instead of type(...)
(zdict)zdict/zdict/dictionaries/yahoo.py:18:39: error: Function "builtins.iter" is not valid as a type  [valid-type]
(zdict)zdict/zdict/dictionaries/yahoo.py:18:39: note: Perhaps you need "Callable[...]" or a callback protocol?
(zdict)zdict/zdict/dictionaries/yahoo.py:226:31: error: Item "None" of "Optional[Match[Any]]" has no attribute "groups"  [union-attr]
(zdict)zdict/zdict/dictionaries/yahoo.py:275:33: error: "Sequence[Any]" has no attribute "rpartition"  [attr-defined]
(zdict)zdict/zdict/dictionaries/spanish.py:70:9: error: Need type annotation for 'content' (hint: "content: Dict[<type>, <type>] = ...")  [var-annotated]
(zdict)zdict/zdict/dictionaries/spanish.py:107:13: error: Need type annotation for 'result' (hint: "result: List[<type>] = ...")  [var-annotated]
(zdict)zdict/zdict/dictionaries/spanish.py:141:42: error: Argument 1 to "append" of "list" has incompatible type "Tuple[Any]"; expected "Tuple[Any, Any, Any]"  [arg-type]
(zdict)zdict/zdict/dictionaries/itaigi.py:85:9: error: Need type annotation for 'content' (hint: "content: Dict[<type>, <type>] = ...")  [var-annotated]
(zdict)zdict/zdict/dictionaries/itaigi.py:105:38: error: Incompatible types in assignment (expression has type "Dict[Any, Any]", target has type "str")  [assignment]
(zdict)zdict/zdict/dictionaries/itaigi.py:127:38: error: Incompatible types in assignment (expression has type "Dict[Any, Any]", target has type "str")  [assignment]

[RRepo](marrow)package
(marrow)package/marrow/package/tarjan.py:28:2: error: Need type annotation for 'stack' (hint: "stack: List[<type>] = ...")  [var-annotated]
(marrow)package/marrow/package/tarjan.py:29:2: error: Need type annotation for 'low' (hint: "low: Dict[<type>, <type>] = ...")  [var-annotated]
(marrow)package/marrow/package/tarjan.py:61:2: error: Need type annotation for 'count'  [var-annotated]
(marrow)package/marrow/package/tarjan.py:94:2: error: Need type annotation for 'component_graph' (hint: "component_graph: Dict[<type>, <type>] = ...")  [var-annotated]
(marrow)package/marrow/package/disport.py:30:39: error: "Sequence" expects 1 type argument, but 2 given  [type-arg]
(marrow)package/marrow/package/disport.py:43:20: error: Need type annotation for 'redirects'  [var-annotated]
(marrow)package/marrow/package/disport.py:50:30: error: Item "None" of "Optional[Iterable[Sequence[Any]]]" has no attribute "__iter__" (not iterable)  [union-attr]
(marrow)package/marrow/package/host.py:23:3: error: Need type annotation for 'plugins' (hint: "plugins: List[<type>] = ...")  [var-annotated]
(marrow)package/marrow/package/canonical.py:19:9: error: Item "None" of "Optional[Any]" has no attribute "__name__"  [union-attr]
Found 9 errors in 4 files (checked 15 source files)

[RRepo](demarlik01)szcal
(demarlik01)szcal/parse_cj.py:4:1: error: Module 'zipcode' has no attribute 'path'  [attr-defined]
(demarlik01)szcal/zipcode/fetch_zipcode.py:26:13: error: "str" has no attribute "read"  [attr-defined]
(demarlik01)szcal/zipcode/fetch_zipcode.py:31:22: error: "str" has no attribute "namelist"  [attr-defined]
(demarlik01)szcal/zipcode/fetch_zipcode.py:46:19: error: Cannot find replacement for named format specifier "bad_file"  [str-format]
(demarlik01)szcal/zipcode/fetch_zipcode.py:46:19: error: Not all arguments converted during string formatting  [str-format]

[RRepo](johnjohnlin)nicotb
(johnjohnlin)nicotb/sim/standalone/test_join.py:44:9: error: Name 'CreateEvent' is not defined  [name-defined]
(johnjohnlin)nicotb/sim/standalone/test_join.py:45:1: error: Name 'RegisterCoroutines' is not defined  [name-defined]
(johnjohnlin)nicotb/sim/standalone/test_join.py:49:2: error: Name 'SignalEvent' is not defined  [name-defined]
(johnjohnlin)nicotb/sim/standalone/test_join.py:50:2: error: Name 'MainLoop' is not defined  [name-defined]
(johnjohnlin)nicotb/sim/standalone/test_lock.py:35:9: error: Name 'CreateEvent' is not defined  [name-defined]
(johnjohnlin)nicotb/sim/standalone/test_lock.py:38:1: error: Name 'RegisterCoroutines' is not defined  [name-defined]
(johnjohnlin)nicotb/sim/standalone/test_lock.py:43:2: error: Name 'SignalEvent' is not defined  [name-defined]
(johnjohnlin)nicotb/sim/standalone/test_lock.py:44:2: error: Name 'MainLoop' is not defined  [name-defined]
(johnjohnlin)nicotb/sim/standalone/test_anyall.py:36:8: error: Name 'CreateEvent' is not defined  [name-defined]
(johnjohnlin)nicotb/sim/standalone/test_anyall.py:37:1: error: Name 'RegisterCoroutines' is not defined  [name-defined]
(johnjohnlin)nicotb/sim/standalone/test_anyall.py:38:1: error: Name 'RegisterCoroutines' is not defined  [name-defined]
(johnjohnlin)nicotb/sim/standalone/test_semaphore.py:50:9: error: Name 'CreateEvent' is not defined  [name-defined]
(johnjohnlin)nicotb/sim/standalone/test_semaphore.py:53:1: error: Name 'RegisterCoroutines' is not defined  [name-defined]
(johnjohnlin)nicotb/sim/standalone/test_semaphore.py:58:2: error: Name 'SignalEvent' is not defined  [name-defined]
(johnjohnlin)nicotb/sim/standalone/test_semaphore.py:59:2: error: Name 'MainLoop' is not defined  [name-defined]
(johnjohnlin)nicotb/sim/4_video/tb.py:31:13: error: Name 'CreateBuses' is not defined  [name-defined]
(johnjohnlin)nicotb/sim/4_video/tb.py:36:16: error: Name 'CreateEvents' is not defined  [name-defined]
(johnjohnlin)nicotb/sim/4_video/tb.py:38:1: error: Name 'RegisterCoroutines' is not defined  [name-defined]
(johnjohnlin)nicotb/lib/protocol/Axi.py:26:11: error: Name 'Bus' is not defined  [name-defined]
(johnjohnlin)nicotb/lib/protocol/Axi.py:27:10: error: Name 'Bus' is not defined  [name-defined]
(johnjohnlin)nicotb/lib/protocol/Axi.py:28:10: error: Name 'Bus' is not defined  [name-defined]
(johnjohnlin)nicotb/lib/protocol/Axi.py:29:11: error: Name 'Bus' is not defined  [name-defined]
(johnjohnlin)nicotb/lib/protocol/Axi.py:30:10: error: Name 'Bus' is not defined  [name-defined]
(johnjohnlin)nicotb/lib/protocol/Axi.py:34:9: error: Name 'GetEvent' is not defined  [name-defined]
(johnjohnlin)nicotb/lib/protocol/TwoWire.py:20:14: error: Name 'Receiver' is not defined  [name-defined]
(johnjohnlin)nicotb/lib/protocol/TwoWire.py:23:14: error: Name 'Bus' is not defined  [name-defined]
(johnjohnlin)nicotb/lib/protocol/TwoWire.py:27:14: error: Name 'GetBus' is not defined  [name-defined]
(johnjohnlin)nicotb/lib/protocol/TwoWire.py:28:14: error: Name 'GetBus' is not defined  [name-defined]
(johnjohnlin)nicotb/lib/protocol/TwoWire.py:29:15: error: Name 'GetBus' is not defined  [name-defined]
(johnjohnlin)nicotb/lib/protocol/TwoWire.py:30:14: error: Name 'GetEvent' is not defined  [name-defined]
(johnjohnlin)nicotb/lib/protocol/TwoWire.py:85:13: error: Name 'Receiver' is not defined  [name-defined]
(johnjohnlin)nicotb/lib/protocol/TwoWire.py:88:14: error: Name 'Bus' is not defined  [name-defined]
(johnjohnlin)nicotb/lib/protocol/TwoWire.py:92:14: error: Name 'GetBus' is not defined  [name-defined]
(johnjohnlin)nicotb/lib/protocol/TwoWire.py:93:14: error: Name 'GetBus' is not defined  [name-defined]
(johnjohnlin)nicotb/lib/protocol/TwoWire.py:94:15: error: Name 'GetBus' is not defined  [name-defined]
(johnjohnlin)nicotb/lib/protocol/TwoWire.py:95:14: error: Name 'GetEvent' is not defined  [name-defined]
(johnjohnlin)nicotb/lib/protocol/TwoWire.py:100:3: error: Name 'Fork' is not defined  [name-defined]
(johnjohnlin)nicotb/lib/protocol/Video.py:20:14: error: Name 'Receiver' is not defined  [name-defined]
(johnjohnlin)nicotb/lib/protocol/Video.py:36:16: error: Name 'Bus' is not defined  [name-defined]
(johnjohnlin)nicotb/lib/protocol/Video.py:40:16: error: Name 'GetBus' is not defined  [name-defined]
(johnjohnlin)nicotb/lib/protocol/Video.py:41:16: error: Name 'GetBus' is not defined  [name-defined]
(johnjohnlin)nicotb/lib/protocol/Video.py:42:15: error: Name 'GetBus' is not defined  [name-defined]
(johnjohnlin)nicotb/lib/protocol/Video.py:43:14: error: Name 'GetEvent' is not defined  [name-defined]
(johnjohnlin)nicotb/lib/protocol/Avalon.py:26:14: error: Name 'Bus' is not defined  [name-defined]
(johnjohnlin)nicotb/lib/protocol/Avalon.py:27:9: error: Name 'Bus' is not defined  [name-defined]
(johnjohnlin)nicotb/lib/protocol/Avalon.py:32:9: error: Name 'GetEvent' is not defined  [name-defined]
(johnjohnlin)nicotb/lib/protocol/Avalon.py:41:7: error: Name 'CreateBuses' is not defined  [name-defined]
(johnjohnlin)nicotb/lib/protocol/Avalon.py:46:3: error: Name 'Fork' is not defined  [name-defined]
(johnjohnlin)nicotb/lib/event.py:20:1: error: Need type annotation for 'event_released' (hint: "event_released: Set[<type>] = ...")  [var-annotated]
(johnjohnlin)nicotb/lib/event.py:21:1: error: Need type annotation for 'waiting_coro' (hint: "waiting_coro: List[<type>] = ...")  [var-annotated]
(johnjohnlin)nicotb/lib/event.py:22:15: error: Need type annotation for 'event_queue'  [var-annotated]
(johnjohnlin)nicotb/lib/event.py:30:5: error: Name 'COSIM' is not defined  [name-defined]
(johnjohnlin)nicotb/lib/event.py:31:3: error: Name 'BindEvent' is not defined  [name-defined]
(johnjohnlin)nicotb/lib/event.py:31:17: error: Name 'TOP_PREFIX' is not defined  [name-defined]
(johnjohnlin)nicotb/lib/bus.py:22:1: error: Need type annotation for 'buses' (hint: "buses: List[<type>] = ...")  [var-annotated]
(johnjohnlin)nicotb/lib/bus.py:115:2: error: Need type annotation for '_write_pend' (hint: "_write_pend: Set[<type>] = ...")  [var-annotated]
(johnjohnlin)nicotb/lib/primitives.py:116:2: error: Too many arguments  [misc]
(johnjohnlin)nicotb/lib/primitives.py:120:2: error: Too many arguments  [misc]
(johnjohnlin)nicotb/sim/ahb/Ahb_test.py:82:10: error: Name 'CreateBuses' is not defined  [name-defined]
(johnjohnlin)nicotb/sim/ahb/Ahb_test.py:83:61: error: Name 'CreateBuses' is not defined  [name-defined]
(johnjohnlin)nicotb/sim/ahb/Ahb_test.py:93:16: error: Name 'CreateEvents' is not defined  [name-defined]
(johnjohnlin)nicotb/sim/ahb/Ahb_test.py:94:1: error: Name 'RegisterCoroutines' is not defined  [name-defined]
(johnjohnlin)nicotb/lib/protocol/OneWire.py:25:14: error: Name 'Receiver' is not defined  [name-defined]
(johnjohnlin)nicotb/lib/protocol/OneWire.py:28:16: error: Name 'Bus' is not defined  [name-defined]
(johnjohnlin)nicotb/lib/protocol/OneWire.py:32:16: error: Name 'GetBus' is not defined  [name-defined]
(johnjohnlin)nicotb/lib/protocol/OneWire.py:33:15: error: Name 'GetBus' is not defined  [name-defined]
(johnjohnlin)nicotb/lib/protocol/OneWire.py:34:14: error: Name 'GetEvent' is not defined  [name-defined]
(johnjohnlin)nicotb/lib/protocol/OneWire.py:93:13: error: Name 'Receiver' is not defined  [name-defined]
(johnjohnlin)nicotb/lib/protocol/OneWire.py:95:28: error: Name 'Bus' is not defined  [name-defined]
(johnjohnlin)nicotb/lib/protocol/OneWire.py:97:16: error: Name 'GetBus' is not defined  [name-defined]
(johnjohnlin)nicotb/lib/protocol/OneWire.py:98:15: error: Name 'GetBus' is not defined  [name-defined]
(johnjohnlin)nicotb/lib/protocol/OneWire.py:100:3: error: Name 'Fork' is not defined  [name-defined]
(johnjohnlin)nicotb/lib/utils.py:37:2: error: Need type annotation for 'scoreboards' (hint: "scoreboards: List[<type>] = ...")  [var-annotated]
Found 73 errors in 15 files (checked 18 source files)

[RRepo](Yotamho)pcap-grapher
(Yotamho)pcap-grapher/flow.py:12:9: error: Need type annotation for 'packets' (hint: "packets: List[<type>] = ...")  [var-annotated]
(Yotamho)pcap-grapher/flow.py:13:26: error: Need type annotation for 'protocols'  [var-annotated]
Found 2 errors in 1 file (checked 4 source files)

[RRepo](Jigsaw-Code)net-analysis
(Jigsaw-Code)net-analysis/netanalysis/dns/data/serialization.py:32:2: error: Name '_' already defined on line 28  [no-redef]
(Jigsaw-Code)net-analysis/netanalysis/dns/data/serialization.py:37:2: error: Name '_' already defined on line 28  [no-redef]
(Jigsaw-Code)net-analysis/netanalysis/dns/data/serialization.py:42:2: error: Name '_' already defined on line 28  [no-redef]
(Jigsaw-Code)net-analysis/netanalysis/dns/data/serialization.py:55:2: error: Name '_' already defined on line 28  [no-redef]
(Jigsaw-Code)net-analysis/netanalysis/ooni/ooni_client.py:69:36: error: Module has no attribute "decoder"; maybe "decode" or "encode"?  [attr-defined]
(Jigsaw-Code)net-analysis/netanalysis/ooni/ooni_client.py:97:2: error: Name '_' already defined on line 84  [no-redef]
(Jigsaw-Code)net-analysis/netanalysis/ooni/ooni_client.py:150:31: error: Need type annotation for 'measurement_entries'  [var-annotated]
Found 7 errors in 2 files (checked 18 source files)

[RRepo](fabric8-analytics)fabric8-analytics-worker
(fabric8-analytics)fabric8-analytics-worker/f8a_worker/data_normalizer/abstract.py:18:16: error: Need type annotation for '_key_map'  [var-annotated]

[RRepo](plotly)plotly.py
(plotly)plotly.py/packages/python/plotly/plotly/graph_objs/streamtube/colorbar/title/__init__.py: error: Duplicate module named 'title' (also at '/home/bew/archive/typed_project/(plotly)plotly.py/packages/python/plotly/plotly/graph_objs/contour/colorbar/title/__init__.py')  [misc]
Found 1 error in 1 file (checked 1012 source files)

[RRepo](netsec-ethz)scion
(netsec-ethz)scion/python/lib/drkey/drkey_mgmt.py:104:29: error: Incompatible types in assignment (expression has type "Dict[Type[object], Any]", variable has type "None")  [assignment]
(netsec-ethz)scion/python/lib/packet/cert_mgmt.py:131:28: error: Incompatible types in assignment (expression has type "Dict[type, Any]", variable has type "None")  [assignment]
(netsec-ethz)scion/python/external/expiring_dict.py:28:5: error: Name 'OrderedDict' already defined (possibly by an import)  [no-redef]
(netsec-ethz)scion/python/lib/packet/host_addr.py:100:11: error: Incompatible types in assignment (expression has type "int", base class "HostAddrBase" defined the type as "None")  [assignment]
(netsec-ethz)scion/python/lib/packet/host_addr.py:165:11: error: Incompatible types in assignment (expression has type "int", base class "HostAddrBase" defined the type as "None")  [assignment]
(netsec-ethz)scion/python/lib/socket.py:25:1: error: Module 'socket' has no attribute 'AF_INET'; maybe "AF_INET6"?  [attr-defined]
(netsec-ethz)scion/python/lib/socket.py:25:1: error: Module 'socket' has no attribute 'AF_INET6'; maybe "AF_INET"?  [attr-defined]
(netsec-ethz)scion/python/lib/socket.py:25:1: error: Module 'socket' has no attribute 'AF_UNIX'  [attr-defined]
(netsec-ethz)scion/python/lib/socket.py:25:1: error: Module 'socket' has no attribute 'MSG_DONTWAIT'  [attr-defined]
(netsec-ethz)scion/python/lib/socket.py:25:1: error: Module 'socket' has no attribute 'SOCK_DGRAM'; maybe "SOCK_STREAM"?  [attr-defined]
(netsec-ethz)scion/python/lib/socket.py:25:1: error: Module 'socket' has no attribute 'SOCK_STREAM'; maybe "SOCK_DGRAM"?  [attr-defined]
(netsec-ethz)scion/python/lib/socket.py:25:1: error: Module 'socket' has no attribute 'SOL_SOCKET'  [attr-defined]
(netsec-ethz)scion/python/lib/socket.py:25:1: error: Module 'socket' has no attribute 'SO_REUSEADDR'  [attr-defined]
(netsec-ethz)scion/python/lib/socket.py:25:1: error: Module 'socket' has no attribute 'socket'; maybe "Socket"?  [attr-defined]
Found 14 errors in 5 files (checked 140 source files)

[RRepo](cpearce)armpy
Success: no issues found in 11 source files

[RRepo](mikeckennedy)python-jumpstart-course-demos
(mikeckennedy)python-jumpstart-course-demos/apps/09_real_estate_analyzer/final/concept_dicts.py:1:1: error: Need type annotation for 'lookup' (hint: "lookup: Dict[<type>, <type>] = ...")  [var-annotated]
Found 1 error in 1 file (checked 9 source files)

[RRepo](laufhannes)GpxTrackPoster
(laufhannes)GpxTrackPoster/gpxtrackposter/utils.py:84:33: error: Incompatible types in assignment (expression has type "float", variable has type "int")  [assignment]
(laufhannes)GpxTrackPoster/gpxtrackposter/utils.py:84:33: error: Incompatible types in assignment (expression has type "float", variable has type "int")  [assignment]
(laufhannes)GpxTrackPoster/gpxtrackposter/year_range.py:65:30: error: "Track" has no attribute "year"  [attr-defined]
(laufhannes)GpxTrackPoster/gpxtrackposter/year_range.py:66:28: error: "Track" has no attribute "year"  [attr-defined]
(laufhannes)GpxTrackPoster/gpxtrackposter/year_range.py:67:14: error: "Track" has no attribute "year"  [attr-defined]
(laufhannes)GpxTrackPoster/gpxtrackposter/year_range.py:68:30: error: "Track" has no attribute "year"  [attr-defined]
(laufhannes)GpxTrackPoster/gpxtrackposter/year_range.py:69:14: error: "Track" has no attribute "year"  [attr-defined]
(laufhannes)GpxTrackPoster/gpxtrackposter/year_range.py:70:28: error: "Track" has no attribute "year"  [attr-defined]
(laufhannes)GpxTrackPoster/gpxtrackposter/year_range.py:76:34: error: "Track" has no attribute "year"  [attr-defined]
(laufhannes)GpxTrackPoster/gpxtrackposter/circular_drawer.py:60:33: error: 'None' object is not iterable  [misc]
(laufhannes)GpxTrackPoster/gpxtrackposter/circular_drawer.py:129:17: error: Incompatible types in assignment (expression has type "float", variable has type "int")  [assignment]
(laufhannes)GpxTrackPoster/gpxtrackposter/circular_drawer.py:155:71: error: Argument 3 to "color" of "TracksDrawer" has incompatible type "List[Track]"; expected "bool"  [arg-type]
(laufhannes)GpxTrackPoster/gpxtrackposter/calendar_drawer.py:24:33: error: 'None' object is not iterable  [misc]
(laufhannes)GpxTrackPoster/gpxtrackposter/calendar_drawer.py:80:83: error: Argument 3 to "color" of "TracksDrawer" has incompatible type "List[Any]"; expected "bool"  [arg-type]
(laufhannes)GpxTrackPoster/gpxtrackposter/grid_drawer.py:27:41: error: 'None' object is not iterable  [misc]
(laufhannes)GpxTrackPoster/gpxtrackposter/grid_drawer.py:28:54: error: Unsupported operand types for * ("None" and "int")  [operator]
(laufhannes)GpxTrackPoster/gpxtrackposter/grid_drawer.py:28:54: note: Both left and right operands are unions
(laufhannes)GpxTrackPoster/gpxtrackposter/grid_drawer.py:29:54: error: Unsupported operand types for * ("None" and "int")  [operator]
(laufhannes)GpxTrackPoster/gpxtrackposter/grid_drawer.py:29:54: note: Both left and right operands are unions
(laufhannes)GpxTrackPoster/gpxtrackposter/grid_drawer.py:30:31: error: Unsupported operand types for * ("int" and "None")  [operator]
(laufhannes)GpxTrackPoster/gpxtrackposter/grid_drawer.py:30:31: note: Both left and right operands are unions
(laufhannes)GpxTrackPoster/gpxtrackposter/grid_drawer.py:31:31: error: Unsupported operand types for * ("int" and "None")  [operator]
(laufhannes)GpxTrackPoster/gpxtrackposter/grid_drawer.py:31:31: note: Both left and right operands are unions
(laufhannes)GpxTrackPoster/gpxtrackposter/grid_drawer.py:33:60: error: Unsupported operand types for + ("None" and "float")  [operator]
(laufhannes)GpxTrackPoster/gpxtrackposter/grid_drawer.py:33:72: note: Left operand is of type "Optional[float]"
(laufhannes)GpxTrackPoster/gpxtrackposter/grid_drawer.py:35:39: error: Argument 1 to "XY" has incompatible type "Optional[float]"; expected "float"  [arg-type]
(laufhannes)GpxTrackPoster/gpxtrackposter/grid_drawer.py:35:50: error: Argument 2 to "XY" has incompatible type "Optional[float]"; expected "float"  [arg-type]
(laufhannes)GpxTrackPoster/gpxtrackposter/grid_drawer.py:36:49: error: Argument 1 to "XY" has incompatible type "Optional[float]"; expected "float"  [arg-type]
(laufhannes)GpxTrackPoster/gpxtrackposter/grid_drawer.py:36:60: error: Argument 2 to "XY" has incompatible type "Optional[float]"; expected "float"  [arg-type]
Found 24 errors in 5 files (checked 10 source files)

[RRepo](Lattyware)unrpa
Success: no issues found in 8 source files

[RRepo](dalemyers)xcrun
Success: no issues found in 10 source files

[RRepo](joequant)ethercalc-python
(joequant)ethercalc-python/ethercalc/__init__.py:45:15: error: Item "None" of "Optional[Match[str]]" has no attribute "group"  [union-attr]
(joequant)ethercalc-python/ethercalc/__init__.py:52:13: error: Item "None" of "Optional[Match[str]]" has no attribute "group"  [union-attr]
(joequant)ethercalc-python/ethercalc/__init__.py:168:9: error: Name 'Ethercalc' is not defined  [name-defined]
Found 3 errors in 1 file (checked 1 source file)

[RRepo](ProjectSky)FrackinUniverse-sChinese-Project
(ProjectSky)FrackinUniverse-sChinese-Project/script/tools/export_mod.py:23:1: error: Need type annotation for 'patchfiles' (hint: "patchfiles: Dict[<type>, <type>] = ...")  [var-annotated]
(ProjectSky)FrackinUniverse-sChinese-Project/script/tools/export_mod.py:25:1: error: Need type annotation for 'emotes' (hint: "emotes: Dict[<type>, <type>] = ...")  [var-annotated]
(ProjectSky)FrackinUniverse-sChinese-Project/script/tools/export_mod.py:26:1: error: Need type annotation for 'glitchFixed' (hint: "glitchFixed: List[<type>] = ...")  [var-annotated]
(ProjectSky)FrackinUniverse-sChinese-Project/script/tools/export_mod.py:27:1: error: Need type annotation for 'labelsTotal' (hint: "labelsTotal: Dict[<type>, <type>] = ...")  [var-annotated]
(ProjectSky)FrackinUniverse-sChinese-Project/script/tools/export_mod.py:28:1: error: Need type annotation for 'labelsTranslated' (hint: "labelsTranslated: Dict[<type>, <type>] = ...")  [var-annotated]
(ProjectSky)FrackinUniverse-sChinese-Project/script/tools/export_mod.py:76:1: error: Need type annotation for 'specials' (hint: "specials: Dict[<type>, <type>] = ...")  [var-annotated]
(ProjectSky)FrackinUniverse-sChinese-Project/script/select_json_files.py:34:5: error: Need type annotation for 'translated_json_list' (hint: "translated_json_list: List[<type>] = ...")  [var-annotated]
(ProjectSky)FrackinUniverse-sChinese-Project/script/select_json_files.py:36:5: error: Need type annotation for 'not_translated_json_list' (hint: "not_translated_json_list: List[<type>] = ...")  [var-annotated]
Found 8 errors in 2 files (checked 8 source files)

[RRepo](bosondata)badwolf
(bosondata)badwolf/badwolf/utils.py:8:5: error: Name 're' already defined (possibly by an import)  [no-redef]
(bosondata)badwolf/badwolf/bitbucket.py:265:20: error: Not all arguments converted during string formatting  [str-format]
(bosondata)badwolf/badwolf/spec.py:11:5: error: Incompatible import of "_Loader" (imported name has type "Type[Loader]", local name has type "Type[CLoader]")  [misc]
(bosondata)badwolf/badwolf/tasks.py:9:5: error: Name 're' already defined (possibly by an import)  [no-redef]
(bosondata)badwolf/badwolf/webhook/views.py:18:1: error: Need type annotation for '_RUNNING_PIPELINES' (hint: "_RUNNING_PIPELINES: Dict[<type>, <type>] = ...")  [var-annotated]

[RRepo](telota)rasmipy
(telota)rasmipy/rasmipy/__init__.py:31:38: error: Value expression in dictionary comprehension has incompatible type "None"; expected type "str"  [misc]
(telota)rasmipy/rasmipy/__init__.py:46:35: error: Invalid index type "int" for "Dict[str, str]"; expected type "str"  [index]
(telota)rasmipy/rasmipy/__init__.py:46:46: error: Incompatible types in assignment (expression has type "None", target has type "str")  [assignment]
(telota)rasmipy/rasmipy/__init__.py:49:29: error: Incompatible types in assignment (expression has type "Dict[int, str]", variable has type "Dict[str, str]")  [assignment]
(telota)rasmipy/rasmipy/__init__.py:54:29: error: Argument 1 to "translate" of "str" has incompatible type "Dict[str, str]"; expected "Union[Mapping[int, Union[int, str, None]], Sequence[Union[int, str, None]]]"  [arg-type]
(telota)rasmipy/rasmipy/rest_service.py:37:23: error: Variable "rasmipy.rest_service.get_text_type" is not valid as a type  [valid-type]
(telota)rasmipy/rasmipy/rest_service.py:37:23: note: See https://mypy.readthedocs.io/en/latest/common_issues.html#variables-vs-type-aliases
Found 6 errors in 2 files (checked 3 source files)

[RRepo](chainside)btcpy
(chainside)btcpy/btcpy/lib/codecs.py:16:1: error: Relative import climbs too many namespaces  [misc]
(chainside)btcpy/btcpy/lib/codecs.py:17:1: error: Relative import climbs too many namespaces  [misc]
(chainside)btcpy/btcpy/lib/codecs.py:18:1: error: Relative import climbs too many namespaces  [misc]
(chainside)btcpy/btcpy/structs/address.py:14:1: error: Relative import climbs too many namespaces  [misc]
(chainside)btcpy/btcpy/structs/hd.py:14:1: error: Relative import climbs too many namespaces  [misc]
(chainside)btcpy/btcpy/structs/hd.py:21:1: error: Relative import climbs too many namespaces  [misc]
(chainside)btcpy/btcpy/structs/hd.py:22:1: error: Relative import climbs too many namespaces  [misc]
(chainside)btcpy/btcpy/structs/hd.py:23:1: error: Relative import climbs too many namespaces  [misc]
(chainside)btcpy/btcpy/structs/hd.py:25:1: error: Relative import climbs too many namespaces  [misc]
(chainside)btcpy/btcpy/structs/hd.py:26:1: error: Relative import climbs too many namespaces  [misc]
(chainside)btcpy/btcpy/structs/sig.py:15:1: error: Relative import climbs too many namespaces  [misc]
(chainside)btcpy/btcpy/structs/sig.py:19:1: error: Relative import climbs too many namespaces  [misc]
(chainside)btcpy/btcpy/structs/block.py:15:1: error: Relative import climbs too many namespaces  [misc]
(chainside)btcpy/btcpy/structs/block.py:16:1: error: Relative import climbs too many namespaces  [misc]
(chainside)btcpy/btcpy/structs/crypto.py:13:1: error: Relative import climbs too many namespaces  [misc]
(chainside)btcpy/btcpy/structs/crypto.py:20:1: error: Relative import climbs too many namespaces  [misc]
(chainside)btcpy/btcpy/structs/crypto.py:22:1: error: Relative import climbs too many namespaces  [misc]
(chainside)btcpy/btcpy/structs/crypto.py:23:1: error: Relative import climbs too many namespaces  [misc]
(chainside)btcpy/btcpy/lib/parsing.py:207:9: error: Relative import climbs too many namespaces  [misc]
Found 19 errors in 7 files (checked 14 source files)

[RRepo](theislab)scanpy
(theislab)scanpy/scanpy/logging.py:31:1: error: No parent module -- cannot perform relative import  [misc]
(theislab)scanpy/scanpy/logging.py:154:1: error: No parent module -- cannot perform relative import  [misc]
Found 2 errors in 1 file (checked 42 source files)

[RRepo](lupoDharkael)flameshot
(lupoDharkael)flameshot/.travis/services/transferwee.py:97:16: error: Incompatible return value type (got "None", expected "str")  [return-value]
(lupoDharkael)flameshot/.travis/services/transferwee.py:108:12: error: Incompatible return value type (got "Optional[str]", expected "str")  [return-value]
(lupoDharkael)flameshot/.travis/services/transferwee.py:263:20: error: Incompatible return value type (got "None", expected "str")  [return-value]
(lupoDharkael)flameshot/.travis/services/transferwee.py:269:16: error: Incompatible return value type (got "None", expected "str")  [return-value]
(lupoDharkael)flameshot/.travis/services/transferwee.py:275:75: error: Invalid index type "str" for "str"; expected type "Union[int, slice]"  [index]
(lupoDharkael)flameshot/.travis/services/transferwee.py:278:64: error: Invalid index type "str" for "str"; expected type "Union[int, slice]"  [index]
(lupoDharkael)flameshot/.travis/services/transferwee.py:281:74: error: Invalid index type "str" for "str"; expected type "Union[int, slice]"  [index]
(lupoDharkael)flameshot/.travis/services/transferwee.py:284:42: error: Invalid index type "str" for "str"; expected type "Union[int, slice]"  [index]
Found 8 errors in 1 file (checked 1 source file)

[RRepo](mushorg)conpot
(mushorg)conpot/conpot/protocols/IEC104/DeviceDataController.py:23:10: error: Name 'logging' is not defined  [name-defined]
(mushorg)conpot/conpot/core/loggers/mysql_log.py:22:35: error: Name 'MySQLdb' is not defined  [name-defined]
(mushorg)conpot/conpot/core/fs_utils.py:29:33: error: Name 'FS' is not defined  [name-defined]
(mushorg)conpot/conpot/core/fs_utils.py:195:38: error: Function "builtins.oct" is not valid as a type  [valid-type]
(mushorg)conpot/conpot/core/fs_utils.py:195:38: note: Perhaps you need "Callable[...]" or a callback protocol?
(mushorg)conpot/conpot/core/virtual_fs.py:88:39: error: Syntax error in type annotation  [syntax]
(mushorg)conpot/conpot/core/virtual_fs.py:88:39: note: Suggestion: Use Tuple[T1, ..., Tn] instead of (T1, ..., Tn)
(mushorg)conpot/conpot/protocols/snmp/command_responder.py:162:14: error: Too few arguments for "CommandResponder"  [call-arg]
(mushorg)conpot/conpot/tests/test_logger_mysql.py:24:6: error: Argument 1 to "skip" has incompatible type "Callable[[Test_MySQLlogger], Any]"; expected "str"  [arg-type]
(mushorg)conpot/conpot/tests/test_ipmi_server.py:22:1: error: Name 'subprocess' already defined (by an import)  [no-redef]
(mushorg)conpot/conpot/core/__init__.py:54:34: error: Function "builtins.oct" is not valid as a type  [valid-type]
(mushorg)conpot/conpot/core/__init__.py:54:34: note: Perhaps you need "Callable[...]" or a callback protocol?
(mushorg)conpot/conpot/core/__init__.py:58: error: Name 'virtual_fs' is not defined  [name-defined]
(mushorg)conpot/bin/kamstrup_prober.py:111:34: error: Incompatible types in assignment (expression has type "range", variable has type "List[int]")  [assignment]
Found 11 errors in 9 files (checked 78 source files)

[RRepo](jamalmoir)ml_demo
Success: no issues found in 10 source files

[RRepo](kitelightning)UnrealEnginePython
(kitelightning)UnrealEnginePython/examples/register_new_native_component.py:9:5: error: Method must have at least one argument  [misc]
(kitelightning)UnrealEnginePython/tests/test_randomstream.py:31:5: error: Name 'test_get_fraction' already defined on line 24  [no-redef]
(kitelightning)UnrealEnginePython/run_tests.py:17:14: error: Incompatible types in assignment (expression has type "UnrealEngineOutput", variable has type "TextIO")  [assignment]
(kitelightning)UnrealEnginePython/run_tests.py:18:14: error: Incompatible types in assignment (expression has type "UnrealEngineOutput", variable has type "TextIO")  [assignment]
Found 4 errors in 3 files (checked 45 source files)

[RRepo](klaxer)klaxer
(klaxer)klaxer/klaxer/users.py:35:18: error: Variable "users.Base" is not valid as a type  [valid-type]
(klaxer)klaxer/klaxer/users.py:35:18: note: See https://mypy.readthedocs.io/en/latest/common_issues.html#variables-vs-type-aliases
(klaxer)klaxer/klaxer/users.py:35:18: error: Invalid base class "Base"  [misc]
(klaxer)klaxer/klaxer/users.py:81:21: error: Variable "users.Base" is not valid as a type  [valid-type]
(klaxer)klaxer/klaxer/users.py:81:21: note: See https://mypy.readthedocs.io/en/latest/common_issues.html#variables-vs-type-aliases
(klaxer)klaxer/klaxer/users.py:81:21: error: Invalid base class "Base"  [misc]
(klaxer)klaxer/klaxer/api.py:16:1: error: Need type annotation for 'CURRENT_FILTERS' (hint: "CURRENT_FILTERS: List[<type>] = ...")  [var-annotated]
(klaxer)klaxer/klaxer/sinks.py:54:5: error: Too many arguments  [misc]
Found 6 errors in 3 files (checked 8 source files)

[RRepo](allenai)allennlp
(allenai)allennlp/allennlp/training/metric_tracker.py:34:36: error: Incompatible types in assignment (expression has type "None", variable has type "float")  [assignment]
(allenai)allennlp/allennlp/training/metric_tracker.py:40:32: error: Incompatible types in assignment (expression has type "None", variable has type "int")  [assignment]
(allenai)allennlp/allennlp/training/metric_tracker.py:57:37: error: Incompatible types in assignment (expression has type "Optional[bool]", variable has type "bool")  [assignment]
(allenai)allennlp/allennlp/training/metric_tracker.py:63:29: error: Incompatible types in assignment (expression has type "None", variable has type "float")  [assignment]
(allenai)allennlp/allennlp/training/metric_tracker.py:67:27: error: Incompatible types in assignment (expression has type "None", variable has type "int")  [assignment]
(allenai)allennlp/allennlp/data/tokenizers/token.py:35:17: error: Incompatible types in assignment (expression has type "None", variable has type "str")  [assignment]
(allenai)allennlp/allennlp/data/tokenizers/token.py:36:16: error: Incompatible types in assignment (expression has type "None", variable has type "int")  [assignment]
(allenai)allennlp/allennlp/data/tokenizers/token.py:37:19: error: Incompatible types in assignment (expression has type "None", variable has type "str")  [assignment]
(allenai)allennlp/allennlp/data/tokenizers/token.py:38:17: error: Incompatible types in assignment (expression has type "None", variable has type "str")  [assignment]
(allenai)allennlp/allennlp/data/tokenizers/token.py:39:17: error: Incompatible types in assignment (expression has type "None", variable has type "str")  [assignment]
(allenai)allennlp/allennlp/data/tokenizers/token.py:40:17: error: Incompatible types in assignment (expression has type "None", variable has type "str")  [assignment]
(allenai)allennlp/allennlp/data/tokenizers/token.py:41:22: error: Incompatible types in assignment (expression has type "None", variable has type "str")  [assignment]
(allenai)allennlp/allennlp/data/tokenizers/token.py:42:20: error: Incompatible types in assignment (expression has type "None", variable has type "int")  [assignment]
(allenai)allennlp/allennlp/data/dataset_readers/dataset_utils/text2sql_utils.py:182:20: error: Item "None" of "Optional[str]" has no attribute "upper"  [union-attr]
(allenai)allennlp/allennlp/common/tqdm.py:6:1: error: Module 'tqdm' has no attribute 'tqdm'; maybe "_tqdm"?  [attr-defined]
(allenai)allennlp/allennlp/predictors/coref.py:145:9: error: Need type annotation for 'pipe'  [var-annotated]
(allenai)allennlp/allennlp/predictors/semantic_role_labeler.py:62:9: error: Need type annotation for 'pipe'  [var-annotated]
(allenai)allennlp/allennlp/semparse/domain_languages/quarel_language.py:78:24: error: Incompatible return value type (got "None", expected "QuaRelType")  [return-value]
(allenai)allennlp/allennlp/data/dataset_readers/reading_comprehension/triviaqa.py:72:36: error: Item "None" of "Optional[IO[bytes]]" has no attribute "read"  [union-attr]
(allenai)allennlp/allennlp/data/dataset_readers/reading_comprehension/triviaqa.py:76:36: error: Item "None" of "Optional[IO[bytes]]" has no attribute "read"  [union-attr]
(allenai)allennlp/allennlp/data/dataset_readers/reading_comprehension/triviaqa.py:88:77: error: Item "None" of "Optional[IO[bytes]]" has no attribute "readlines"  [union-attr]
(allenai)allennlp/allennlp/data/dataset_readers/reading_comprehension/triviaqa.py:93:77: error: Item "None" of "Optional[IO[bytes]]" has no attribute "readlines"  [union-attr]
(allenai)allennlp/allennlp/data/dataset_readers/reading_comprehension/quac.py:103:82: error: Item "None" of "Optional[List[Any]]" has no attribute "__iter__" (not iterable)  [union-attr]
(allenai)allennlp/allennlp/data/dataset_readers/reading_comprehension/quac.py:104:41: error: Argument 1 to "zip" has incompatible type "Optional[List[List[int]]]"; expected "Iterable[List[int]]"  [arg-type]
(allenai)allennlp/allennlp/data/dataset_readers/reading_comprehension/quac.py:104:58: error: Argument 2 to "zip" has incompatible type "Optional[List[List[int]]]"; expected "Iterable[List[int]]"  [arg-type]
(allenai)allennlp/allennlp/data/dataset_readers/reading_comprehension/quac.py:114:58: error: Value of type "Optional[List[Any]]" is not indexable  [index]
(allenai)allennlp/allennlp/data/dataset_readers/reading_comprehension/quac.py:120:9: error: Unsupported target for indexed assignment  [index]
(allenai)allennlp/allennlp/data/dataset_readers/reading_comprehension/quac.py:121:56: error: Value of type "Optional[Dict[str, Any]]" is not indexable  [index]
(allenai)allennlp/allennlp/data/dataset_readers/reading_comprehension/squad.py:109:30: error: Value of type "Optional[List[Any]]" is not indexable  [index]
(allenai)allennlp/allennlp/data/dataset_readers/reading_comprehension/squad.py:116:82: error: Item "None" of "Union[List[Any], Any, None]" has no attribute "__iter__" (not iterable)  [union-attr]
(allenai)allennlp/allennlp/data/dataset_readers/reading_comprehension/squad.py:128:54: error: Value of type "Union[List[Any], Any, None]" is not indexable  [index]
(allenai)allennlp/allennlp/data/dataset_readers/reading_comprehension/squad.py:136:41: error: Argument 1 to "len" has incompatible type "Union[List[Any], Any, None]"; expected "Sized"  [arg-type]
(allenai)allennlp/allennlp/data/dataset_readers/reading_comprehension/qangaroo.py:84:62: error: Argument 1 to "index" of "list" has incompatible type "Optional[str]"; expected "str"  [arg-type]
(allenai)allennlp/allennlp/data/dataset_readers/semantic_parsing/nlvr.py:119:53: error: Incompatible types in assignment (expression has type "None", variable has type "List[List[str]]")  [assignment]
(allenai)allennlp/allennlp/data/dataset_readers/ontonotes_ner.py:78:77: error: Argument 3 to "_ontonotes_subset" of "OntonotesNamedEntityRecognition" has incompatible type "Optional[str]"; expected "str"  [arg-type]
(allenai)allennlp/allennlp/data/dataset_readers/language_modeling.py:58:57: error: Incompatible types in assignment (expression has type "None", variable has type "Dict[str, Any]")  [assignment]
(allenai)allennlp/allennlp/data/dataset_readers/universal_dependencies_multilang.py:100:60: error: Incompatible types in assignment (expression has type "None", variable has type "List[Tuple[str, Iterator[Any]]]")  [assignment]
(allenai)allennlp/allennlp/data/dataset_readers/penn_tree_bank.py:132:26: error: Incompatible types in assignment (expression has type "None", variable has type "Dict[Tuple[int, int], str]")  [assignment]
(allenai)allennlp/allennlp/data/dataset_readers/penn_tree_bank.py:143:36: error: Incompatible types in assignment (expression has type "Optional[List[str]]", target has type "List[str]")  [assignment]
(allenai)allennlp/allennlp/data/dataset_readers/dataset_reader.py:36:27: error: "None" not callable  [misc]
(allenai)allennlp/allennlp/data/dataset_readers/dataset_reader.py:41:37: error: "None" not callable  [misc]
(allenai)allennlp/allennlp/data/dataset_readers/dataset_reader.py:70:47: error: Incompatible types in assignment (expression has type "None", variable has type "Path")  [assignment]
(allenai)allennlp/allennlp/data/dataset_readers/dataset_reader.py:118:26: error: Incompatible types in assignment (expression has type "None", variable has type "str")  [assignment]
(allenai)allennlp/allennlp/data/dataset_readers/semantic_role_labeling.py:203:77: error: Argument 3 to "_ontonotes_subset" of "SrlReader" has incompatible type "Optional[str]"; expected "str"  [arg-type]
(allenai)allennlp/allennlp/common/registrable.py:39:35: error: Incompatible types in assignment (expression has type "None", variable has type "str")  [assignment]
(allenai)allennlp/allennlp/common/registrable.py:59:16: error: Incompatible return value type (got "Optional[Type[Any]]", expected "Type[T]")  [return-value]
(allenai)allennlp/allennlp/tools/drop_eval.py:205:24: error: Invalid index type "Optional[str]" for "Dict[str, List[float]]"; expected type "str"  [index]
(allenai)allennlp/allennlp/tools/drop_eval.py:206:24: error: Invalid index type "Optional[str]" for "Dict[str, List[float]]"; expected type "str"  [index]
(allenai)allennlp/allennlp/semparse/contexts/quarel_utils.py:148:16: error: Incompatible return value type (got "None", expected "List[Any]")  [return-value]
(allenai)allennlp/allennlp/semparse/worlds/quarel_world.py:126:29: error: Item "None" of "Optional[List[Dict[str, int]]]" has no attribute "__iter__" (not iterable)  [union-attr]
(allenai)allennlp/allennlp/semparse/action_space_walker.py:30:50: error: Incompatible types in assignment (expression has type "None", variable has type "List[List[str]]")  [assignment]
(allenai)allennlp/allennlp/semparse/action_space_walker.py:32:54: error: Incompatible types in assignment (expression has type "None", variable has type "List[List[str]]")  [assignment]
(allenai)allennlp/allennlp/commands/predict.py:140:33: error: Incompatible types in assignment (expression has type "None", variable has type "TextIO")  [assignment]
(allenai)allennlp/scripts/nlvr/get_nlvr_logical_forms.py:55:9: error: Need type annotation for 'correct_logical_forms' (hint: "correct_logical_forms: List[<type>] = ...")  [var-annotated]
(allenai)allennlp/scripts/nlvr/get_nlvr_logical_forms.py:56:9: error: Need type annotation for 'incorrect_logical_forms' (hint: "incorrect_logical_forms: List[<type>] = ...")  [var-annotated]
(allenai)allennlp/scripts/nlvr/group_nlvr_worlds.py:15:23: error: Need type annotation for 'instance_groups'  [var-annotated]
(allenai)allennlp/scripts/wikitables/preprocess_data.py:36:9: error: Need type annotation for 'targets' (hint: "targets: List[<type>] = ...")  [var-annotated]
(allenai)allennlp/scripts/wikitables/preprocess_data.py:50:32: error: Incompatible types in assignment (expression has type "List[List[Dict[str, Any]]]", target has type "List[Dict[str, Any]]")  [assignment]
(allenai)allennlp/scripts/check_requirements_and_setup.py:74:22: error: Item "None" of "Optional[Match[str]]" has no attribute "groups"  [union-attr]
(allenai)allennlp/scripts/check_requirements_and_setup.py:84:22: error: Item "None" of "Optional[Match[str]]" has no attribute "groups"  [union-attr]
(allenai)allennlp/scripts/convert_openie_to_conll.py:15:1: error: Module 'tqdm' has no attribute 'tqdm'; maybe "_tqdm"?  [attr-defined]
(allenai)allennlp/scripts/convert_openie_to_conll.py:52:76: error: Argument 1 to "convert_sent_to_conll" has incompatible type "Extraction"; expected "List[Extraction]"  [arg-type]
(allenai)allennlp/scripts/convert_openie_to_conll.py:75:21: error: "int" has no attribute "idx"  [attr-defined]
(allenai)allennlp/scripts/convert_openie_to_conll.py:76:21: error: "int" has no attribute "idx"  [attr-defined]
(allenai)allennlp/scripts/convert_openie_to_conll.py:76:40: error: Argument 1 to "len" has incompatible type "int"; expected "Sized"  [arg-type]
(allenai)allennlp/scripts/convert_openie_to_conll.py:166:25: error: Incompatible types in assignment (expression has type "Tuple[int, int]", variable has type "List[int]")  [assignment]
(allenai)allennlp/scripts/convert_openie_to_conll.py:170:25: error: Incompatible types in assignment (expression has type "Tuple[int, int]", variable has type "List[int]")  [assignment]
(allenai)allennlp/scripts/convert_openie_to_conll.py:199: error: The return type of a generator function should be "Generator" or one of its supertypes  [misc]
(allenai)allennlp/scripts/convert_openie_to_conll.py:201:5: error: Need type annotation for 'prev_sent' (hint: "prev_sent: List[<type>] = ...")  [var-annotated]
(allenai)allennlp/scripts/reformat_text2sql_data.py:19:37: error: Invalid index type "str" for "str"; expected type "Union[int, slice]"  [index]
(allenai)allennlp/scripts/reformat_text2sql_data.py:23:25: error: "str" has no attribute "pop"  [attr-defined]
(allenai)allennlp/scripts/reformat_text2sql_data.py:26:31: error: "str" has no attribute "copy"  [attr-defined]
(allenai)allennlp/scripts/reformat_text2sql_data.py:33:13: error: Incompatible types in "yield" (actual type "Tuple[Any, List[str]]", expected type "Tuple[str, Dict[str, Any]]")  [misc]
(allenai)allennlp/scripts/reformat_text2sql_data.py:35:13: error: Incompatible types in "yield" (actual type "Tuple[Any, List[str]]", expected type "Tuple[str, Dict[str, Any]]")  [misc]
(allenai)allennlp/scripts/reformat_text2sql_data.py:79:35: error: Unsupported operand types for + ("int" and "str")  [operator]
(allenai)allennlp/scripts/reformat_text2sql_data.py:86:27: error: No overload variant of "join" matches argument types "int", "str", "str"  [call-overload]
(allenai)allennlp/scripts/reformat_text2sql_data.py:86:27: note: Possible overload variants:
(allenai)allennlp/scripts/reformat_text2sql_data.py:86:27: note:     def join(a: Union[str, _PathLike[str]], *paths: Union[str, _PathLike[str]]) -> str
(allenai)allennlp/scripts/reformat_text2sql_data.py:86:27: note:     def join(a: Union[bytes, _PathLike[bytes]], *paths: Union[bytes, _PathLike[bytes]]) -> bytes
(allenai)allennlp/scripts/reformat_text2sql_data.py:89:31: error: No overload variant of "join" matches argument types "int", "str", "str"  [call-overload]
(allenai)allennlp/scripts/reformat_text2sql_data.py:89:31: note: Possible overload variants:
(allenai)allennlp/scripts/reformat_text2sql_data.py:89:31: note:     def join(a: Union[str, _PathLike[str]], *paths: Union[str, _PathLike[str]]) -> str
(allenai)allennlp/scripts/reformat_text2sql_data.py:89:31: note:     def join(a: Union[bytes, _PathLike[bytes]], *paths: Union[bytes, _PathLike[bytes]]) -> bytes
(allenai)allennlp/scripts/examine_sql_coverage.py:105:61: error: Value of type variable "AnyStr" of "walk" cannot be "int"  [type-var]
(allenai)allennlp/scripts/examine_sql_coverage.py:108:12: error: Unsupported right operand type for in ("int")  [operator]
(allenai)allennlp/scripts/examine_sql_coverage.py:119:25: error: No overload variant of "join" matches argument types "int", "int"  [call-overload]
(allenai)allennlp/scripts/examine_sql_coverage.py:119:25: note: Possible overload variants:
(allenai)allennlp/scripts/examine_sql_coverage.py:119:25: note:     def join(a: Union[str, _PathLike[str]], *paths: Union[str, _PathLike[str]]) -> str
(allenai)allennlp/scripts/examine_sql_coverage.py:119:25: note:     def join(a: Union[bytes, _PathLike[bytes]], *paths: Union[bytes, _PathLike[bytes]]) -> bytes
(allenai)allennlp/allennlp/training/learning_rate_schedulers/slanted_triangular.py:48: error: Name 'torch.optim.Optimizer' is not defined  [name-defined]
(allenai)allennlp/allennlp/training/learning_rate_schedulers/slanted_triangular.py:104:42: error: Unsupported operand types for + ("None" and "int")  [operator]
(allenai)allennlp/allennlp/training/learning_rate_schedulers/slanted_triangular.py:104:50: note: Left operand is of type "Optional[int]"
(allenai)allennlp/allennlp/training/learning_rate_schedulers/learning_rate_scheduler.py:15: error: Name 'torch.optim.Optimizer' is not defined  [name-defined]
(allenai)allennlp/allennlp/training/learning_rate_schedulers/learning_rate_scheduler.py:29:68: error: Argument 1 to "_PyTorchLearningRateSchedulerWithMetricsWrapper" has incompatible type "ReduceLROnPlateau"; expected "_LRScheduler"  [arg-type]
(allenai)allennlp/allennlp/training/learning_rate_schedulers/learning_rate_scheduler.py:65:9: error: Too many arguments for "step" of "_LRScheduler"  [call-arg]
(allenai)allennlp/allennlp/training/learning_rate_schedulers/learning_rate_scheduler.py:65:32: error: Argument 1 to "step" of "_LRScheduler" has incompatible type "float"; expected "Optional[int]"  [arg-type]
(allenai)allennlp/allennlp/training/learning_rate_schedulers/noam.py:25: error: Name 'torch.optim.Optimizer' is not defined  [name-defined]
(allenai)allennlp/allennlp/training/momentum_schedulers/inverted_triangular.py:19: error: Name 'torch.optim.Optimizer' is not defined  [name-defined]
(allenai)allennlp/allennlp/training/momentum_schedulers/momentum_scheduler.py:11: error: Name 'torch.optim.Optimizer' is not defined  [name-defined]
(allenai)allennlp/allennlp/training/metrics/categorical_accuracy.py:81:13: error: Incompatible types in assignment (expression has type "Tensor", variable has type "float")  [assignment]
(allenai)allennlp/allennlp/training/metrics/categorical_accuracy.py:84:9: error: Incompatible types in assignment (expression has type "Tensor", variable has type "float")  [assignment]
(allenai)allennlp/allennlp/training/metrics/span_based_f1_measure.py:170:31: error: "None" not callable  [misc]
(allenai)allennlp/allennlp/training/metrics/span_based_f1_measure.py:171:26: error: "None" not callable  [misc]
(allenai)allennlp/allennlp/training/metrics/attachment_scores.py:57:16: error: Item "None" of "Optional[Tensor]" has no attribute "long"  [union-attr]
(allenai)allennlp/allennlp/training/metrics/attachment_scores.py:67:28: error: "int" has no attribute "long"  [attr-defined]
(allenai)allennlp/allennlp/training/metrics/attachment_scores.py:67:32: error: Unsupported operand types for - ("int" and "Tensor")  [operator]
(allenai)allennlp/allennlp/training/metrics/attachment_scores.py:70:53: error: Unsupported operand types for - ("int" and "Tensor")  [operator]
(allenai)allennlp/allennlp/training/metrics/attachment_scores.py:70:53: error: Unsupported operand types for - ("int" and "None")  [operator]
(allenai)allennlp/allennlp/training/metrics/attachment_scores.py:70:53: note: Right operand is of type "Union[Tensor, Any, None]"
(allenai)allennlp/allennlp/training/metrics/attachment_scores.py:73:62: error: Unsupported operand types for - ("int" and "Tensor")  [operator]
(allenai)allennlp/allennlp/training/metrics/attachment_scores.py:73:62: error: Unsupported operand types for - ("int" and "None")  [operator]
(allenai)allennlp/allennlp/training/metrics/attachment_scores.py:73:62: note: Right operand is of type "Union[Tensor, Any, None]"
(allenai)allennlp/allennlp/training/metrics/attachment_scores.py:75:9: error: Incompatible types in assignment (expression has type "Tensor", variable has type "float")  [assignment]
(allenai)allennlp/allennlp/training/metrics/attachment_scores.py:76:9: error: Incompatible types in assignment (expression has type "Tensor", variable has type "float")  [assignment]
(allenai)allennlp/allennlp/training/metrics/attachment_scores.py:77:9: error: Incompatible types in assignment (expression has type "Tensor", variable has type "float")  [assignment]
(allenai)allennlp/allennlp/training/metrics/attachment_scores.py:78:9: error: Incompatible types in assignment (expression has type "Tensor", variable has type "float")  [assignment]
(allenai)allennlp/allennlp/training/metrics/attachment_scores.py:80:57: error: Unsupported operand types for - ("int" and "Tensor")  [operator]
(allenai)allennlp/allennlp/training/metrics/attachment_scores.py:80:57: error: Unsupported operand types for - ("int" and "None")  [operator]
(allenai)allennlp/allennlp/training/metrics/attachment_scores.py:80:57: note: Right operand is of type "Union[Tensor, Any, None]"
(allenai)allennlp/allennlp/training/metrics/attachment_scores.py:80:57: error: Item "int" of "Union[int, Any]" has no attribute "sum"  [union-attr]
(allenai)allennlp/allennlp/training/metrics/boolean_accuracy.py:78:9: error: Incompatible types in assignment (expression has type "Tensor", variable has type "float")  [assignment]
(allenai)allennlp/allennlp/training/metrics/boolean_accuracy.py:79:9: error: Incompatible types in assignment (expression has type "Tensor", variable has type "float")  [assignment]
(allenai)allennlp/allennlp/training/metrics/fbeta_measure.py:177:24: error: Item "None" of "Optional[Tensor]" has no attribute "sum"  [union-attr]
(allenai)allennlp/allennlp/training/metrics/fbeta_measure.py:178:24: error: Item "None" of "Optional[Tensor]" has no attribute "sum"  [union-attr]
(allenai)allennlp/allennlp/training/metrics/covariance.py:88:69: error: Unsupported operand types for - ("float" and "Tensor")  [operator]
(allenai)allennlp/allennlp/training/metrics/covariance.py:89:46: error: Unsupported operand types for - ("float" and "Tensor")  [operator]
(allenai)allennlp/allennlp/training/metrics/bleu.py:94:51: error: Argument 1 to "_ngrams" of "BLEU" has incompatible type "Tensor"; expected "LongTensor"  [arg-type]
(allenai)allennlp/allennlp/training/metrics/bleu.py:95:51: error: Argument 1 to "_ngrams" of "BLEU" has incompatible type "Tensor"; expected "LongTensor"  [arg-type]
(allenai)allennlp/allennlp/training/metrics/bleu.py:112:16: error: Incompatible return value type (got "Tensor", expected "ByteTensor")  [return-value]
(allenai)allennlp/allennlp/training/metrics/bleu.py:143:13: error: Incompatible types in assignment (expression has type "float", variable has type "int")  [assignment]
(allenai)allennlp/allennlp/training/metrics/bleu.py:145:13: error: Incompatible types in assignment (expression has type "float", variable has type "int")  [assignment]
(allenai)allennlp/allennlp/training/metrics/entropy.py:38:9: error: Incompatible types in assignment (expression has type "Tensor", variable has type "float")  [assignment]
(allenai)allennlp/allennlp/training/metrics/mean_absolute_error.py:37:13: error: Incompatible types in assignment (expression has type "Tensor", variable has type "float")  [assignment]
(allenai)allennlp/allennlp/training/metrics/mean_absolute_error.py:40:9: error: Incompatible types in assignment (expression has type "Tensor", variable has type "float")  [assignment]
(allenai)allennlp/allennlp/training/callbacks/log_to_tensorboard.py:95:17: error: "Tensor" has no attribute "sub_"  [attr-defined]
(allenai)allennlp/allennlp/training/callbacks/update_learning_rate.py:50: error: Name 'torch.optim.Optimizer' is not defined  [name-defined]
(allenai)allennlp/allennlp/training/moving_average.py:33:13: error: "Tensor" has no attribute "copy_"  [attr-defined]
(allenai)allennlp/allennlp/training/moving_average.py:34:13: error: "Tensor" has no attribute "copy_"  [attr-defined]
(allenai)allennlp/allennlp/training/moving_average.py:41:13: error: "Tensor" has no attribute "copy_"  [attr-defined]
(allenai)allennlp/allennlp/training/moving_average.py:91:13: error: "Tensor" has no attribute "mul_"  [attr-defined]
(allenai)allennlp/allennlp/training/scheduler.py:30: error: Name 'torch.optim.Optimizer' is not defined  [name-defined]
(allenai)allennlp/allennlp/training/optimizers.py:143:24: error: Module has no attribute "SparseAdam"  [attr-defined]
(allenai)allennlp/allennlp/training/optimizers.py:144:20: error: Module has no attribute "Adagrad"  [attr-defined]
(allenai)allennlp/allennlp/training/optimizers.py:145:21: error: Module has no attribute "Adadelta"  [attr-defined]
(allenai)allennlp/allennlp/training/optimizers.py:147:20: error: Module has no attribute "RMSprop"  [attr-defined]
(allenai)allennlp/allennlp/training/optimizers.py:148:19: error: Module has no attribute "Adamax"; maybe "Adam"?  [attr-defined]
(allenai)allennlp/allennlp/training/optimizers.py:149:25: error: Module has no attribute "ASGD"; maybe "SGD"?  [attr-defined]
(allenai)allennlp/allennlp/training/optimizers.py:163:16: error: "Tensor" has no attribute "_sparse_mask"; maybe "sparse_mask"?  [attr-defined]
(allenai)allennlp/allennlp/training/optimizers.py:167:23: error: Name 'torch.optim.Optimizer' is not defined  [name-defined]
(allenai)allennlp/allennlp/training/tensorboard_writer.py:117: error: Name 'torch.optim.Optimizer' is not defined  [name-defined]
(allenai)allennlp/allennlp/training/callback_trainer.py:37: error: Name 'torch.optim.Optimizer' is not defined  [name-defined]
(allenai)allennlp/allennlp/training/checkpointer.py:81:20: error: Incompatible return value type (got "None", expected "Tuple[str, str]")  [return-value]
(allenai)allennlp/allennlp/training/checkpointer.py:89:17: error: Item "None" of "Optional[Match[str]]" has no attribute "group"  [union-attr]
(allenai)allennlp/allennlp/training/checkpointer.py:107:35: error: Argument 1 to "join" has incompatible type "Optional[str]"; expected "Union[str, _PathLike[str]]"  [arg-type]
(allenai)allennlp/allennlp/training/checkpointer.py:109:44: error: Argument 1 to "join" has incompatible type "Optional[str]"; expected "Union[str, _PathLike[str]]"  [arg-type]
(allenai)allennlp/allennlp/data/token_indexers/single_id_token_indexer.py:85:22: error: Too many arguments for "LongTensor"  [call-arg]
(allenai)allennlp/allennlp/data/token_indexers/dep_label_indexer.py:63:22: error: Too many arguments for "LongTensor"  [call-arg]
(allenai)allennlp/allennlp/data/token_indexers/openai_transformer_byte_pair_indexer.py:94:17: error: Unsupported target for indexed assignment  [index]
(allenai)allennlp/allennlp/data/token_indexers/openai_transformer_byte_pair_indexer.py:94:47: error: Argument 1 to "len" has incompatible type "Optional[Dict[str, int]]"; expected "Sized"  [arg-type]
(allenai)allennlp/allennlp/data/token_indexers/openai_transformer_byte_pair_indexer.py:97:34: error: Incompatible types in assignment (expression has type "None", variable has type "Set[str]")  [assignment]
(allenai)allennlp/allennlp/data/token_indexers/openai_transformer_byte_pair_indexer.py:100:60: error: Item "None" of "Optional[Dict[str, int]]" has no attribute "items"  [union-attr]
(allenai)allennlp/allennlp/data/token_indexers/openai_transformer_byte_pair_indexer.py:103:64: error: Argument 1 to "enumerate" has incompatible type "Optional[List[Tuple[str, str]]]"; expected "Iterable[Tuple[str, str]]"  [arg-type]
(allenai)allennlp/allennlp/data/token_indexers/openai_transformer_byte_pair_indexer.py:191:26: error: Item "None" of "Optional[Dict[str, int]]" has no attribute "items"  [union-attr]
(allenai)allennlp/allennlp/data/token_indexers/openai_transformer_byte_pair_indexer.py:209:27: error: Item "None" of "Optional[Dict[str, int]]" has no attribute "get"  [union-attr]
(allenai)allennlp/allennlp/data/token_indexers/openai_transformer_byte_pair_indexer.py:243:22: error: Too many arguments for "LongTensor"  [call-arg]
(allenai)allennlp/allennlp/data/token_indexers/ner_tag_indexer.py:59:22: error: Too many arguments for "LongTensor"  [call-arg]
(allenai)allennlp/allennlp/data/token_indexers/spacy_indexer.py:72:21: error: Too many arguments for "FloatTensor"  [call-arg]
(allenai)allennlp/allennlp/data/token_indexers/spacy_indexer.py:75:16: error: Incompatible return value type (got "Dict[str, FloatTensor]", expected "Dict[str, Tensor]")  [return-value]
(allenai)allennlp/allennlp/data/token_indexers/spacy_indexer.py:75:16: note: "Dict" is invariant -- see http://mypy.readthedocs.io/en/latest/common_issues.html#variance
(allenai)allennlp/allennlp/data/token_indexers/spacy_indexer.py:75:16: note: Consider using "Mapping" instead, which is covariant in the value type
(allenai)allennlp/allennlp/data/token_indexers/spacy_indexer.py:75:16: note: Perhaps you need a type annotation for "val"? Suggestion: "Dict[str, Tensor]"
(allenai)allennlp/allennlp/data/token_indexers/token_indexer.py:117:22: error: Too many arguments for "LongTensor"  [call-arg]
(allenai)allennlp/allennlp/data/token_indexers/token_characters_indexer.py:131:22: error: Too many arguments for "LongTensor"  [call-arg]
(allenai)allennlp/allennlp/data/token_indexers/elmo_indexer.py:149:22: error: Too many arguments for "LongTensor"  [call-arg]
(allenai)allennlp/allennlp/data/token_indexers/pos_tag_indexer.py:81:22: error: Too many arguments for "LongTensor"  [call-arg]
(allenai)allennlp/allennlp/data/token_indexers/pretrained_transformer_indexer.py:88:22: error: Too many arguments for "LongTensor"  [call-arg]
(allenai)allennlp/allennlp/data/fields/production_rule_field.py:82:30: error: Incompatible types in assignment (expression has type "None", variable has type "int")  [assignment]
(allenai)allennlp/allennlp/data/fields/production_rule_field.py:103:22: error: Too many arguments for "LongTensor"  [call-arg]
(allenai)allennlp/allennlp/data/fields/production_rule_field.py:105:22: error: Incompatible types in assignment (expression has type "None", variable has type "LongTensor")  [assignment]
(allenai)allennlp/allennlp/data/fields/span_field.py:52:18: error: Too many arguments for "LongTensor"  [call-arg]
(allenai)allennlp/allennlp/data/fields/text_field.py:99:39: error: Value of type "Optional[Dict[str, List[str]]]" is not indexable  [index]
(allenai)allennlp/allennlp/data/fields/text_field.py:118:28: error: Value of type "Optional[Dict[str, str]]" is not indexable  [index]
(allenai)allennlp/allennlp/data/fields/text_field.py:144:61: error: Value of type "Optional[Dict[str, List[str]]]" is not indexable  [index]
(allenai)allennlp/allennlp/data/fields/text_field.py:145:51: error: Value of type "Optional[Dict[str, List[Any]]]" is not indexable  [index]
(allenai)allennlp/allennlp/data/fields/text_field.py:146:57: error: Value of type "Optional[Dict[str, List[str]]]" is not indexable  [index]
(allenai)allennlp/allennlp/data/fields/multilabel_field.py:112:30: error: Argument 1 to "zeros" has incompatible type "Optional[int]"; expected "int"  [arg-type]
(allenai)allennlp/allennlp/data/fields/multilabel_field.py:114:32: error: Too many arguments for "LongTensor"  [call-arg]
(allenai)allennlp/allennlp/data/fields/adjacency_field.py:59:43: error: Incompatible types in assignment (expression has type "None", variable has type "List[int]")  [assignment]
(allenai)allennlp/allennlp/data/fields/field.py:111:16: error: Incompatible return value type (got "Tensor", expected "Dict[str, Tensor]")  [return-value]
(allenai)allennlp/allennlp/data/fields/field.py:111:28: error: Argument 1 to "stack" has incompatible type "List[Dict[str, Tensor]]"; expected "Union[Tuple[Tensor, ...], List[Tensor]]"  [arg-type]
(allenai)allennlp/allennlp/data/fields/sequence_label_field.py:108:18: error: Too many arguments for "LongTensor"  [call-arg]
(allenai)allennlp/allennlp/data/fields/index_field.py:45:18: error: Too many arguments for "LongTensor"  [call-arg]
(allenai)allennlp/allennlp/data/fields/namespace_swapping_field.py:31:42: error: Incompatible types in assignment (expression has type "None", variable has type "List[int]")  [assignment]
(allenai)allennlp/allennlp/data/fields/namespace_swapping_field.py:46:18: error: Too many arguments for "LongTensor"  [call-arg]
(allenai)allennlp/allennlp/data/iterators/data_iterator.py:134:54: error: Incompatible types in assignment (expression has type "Union[Tensor, Dict[str, Tensor]]", variable has type "Tensor")  [assignment]
(allenai)allennlp/allennlp/data/dataset_readers/semantic_parsing/grammar_based_text2sql.py:84:42: error: Argument 1 to "connect" has incompatible type "Optional[str]"; expected "Union[bytes, str]"  [arg-type]
(allenai)allennlp/allennlp/data/dataset_readers/semantic_parsing/grammar_based_text2sql.py:87:28: error: Incompatible types in assignment (expression has type "None", variable has type "Cursor")  [assignment]
(allenai)allennlp/allennlp/tests/training/moving_average_test.py:88:26: error: Too few arguments for "Parameter"  [call-arg]
(allenai)allennlp/allennlp/tests/training/gan_callback_trainer_test.py:59:20: error: Name 'torch.optim.Optimizer' is not defined  [name-defined]
(allenai)allennlp/allennlp/tests/training/gan_callback_trainer_test.py:67: error: Name 'torch.optim.Optimizer' is not defined  [name-defined]
(allenai)allennlp/allennlp/tests/training/gan_callback_trainer_test.py:68: error: Name 'torch.optim.Optimizer' is not defined  [name-defined]
(allenai)allennlp/allennlp/tests/training/multi_task_trainer_test.py:152:23: error: Too few arguments for "Parameter"  [call-arg]
(allenai)allennlp/allennlp/tests/training/multi_task_trainer_test.py:162:21: error: Value of type "Optional[Tensor]" is not indexable  [index]
(allenai)allennlp/allennlp/tests/training/multi_task_trainer_test.py:162:29: error: Invalid index type "str" for "Optional[Tensor]"; expected type "Union[None, int, slice, Tensor, List[Any], Tuple[Any, ...]]"  [index]
(allenai)allennlp/allennlp/tests/training/multi_task_trainer_test.py:164:21: error: Value of type "Optional[Tensor]" is not indexable  [index]
(allenai)allennlp/allennlp/tests/training/multi_task_trainer_test.py:164:29: error: Invalid index type "str" for "Optional[Tensor]"; expected type "Union[None, int, slice, Tensor, List[Any], Tuple[Any, ...]]"  [index]
(allenai)allennlp/allennlp/tests/training/multi_task_trainer_test.py:166:21: error: Value of type "Optional[Tensor]" is not indexable  [index]
(allenai)allennlp/allennlp/tests/training/multi_task_trainer_test.py:166:29: error: Invalid index type "str" for "Optional[Tensor]"; expected type "Union[None, int, slice, Tensor, List[Any], Tuple[Any, ...]]"  [index]
(allenai)allennlp/allennlp/tests/training/multi_task_trainer_test.py:185: error: Name 'torch.optim.Optimizer' is not defined  [name-defined]
(allenai)allennlp/allennlp/tests/training/multi_task_trainer_test.py:219:23: error: Module has no attribute "tqdm"; maybe "_tqdm"?  [attr-defined]
(allenai)allennlp/allennlp/tests/training/gan_trainer_test.py:186: error: Name 'torch.optim.Optimizer' is not defined  [name-defined]
(allenai)allennlp/allennlp/tests/training/gan_trainer_test.py:187: error: Name 'torch.optim.Optimizer' is not defined  [name-defined]
(allenai)allennlp/allennlp/tests/training/gan_trainer_test.py:262:14: error: Module has no attribute "trange"  [attr-defined]
(allenai)allennlp/allennlp/tests/modules/stacked_bidirectional_lstm_test.py:87:28: error: Too many arguments for "LongTensor"  [call-arg]
(allenai)allennlp/allennlp/tests/state_machines/trainers/maximum_marginal_likelihood_test.py:9:1: error: Relative import climbs too many namespaces  [misc]
(allenai)allennlp/allennlp/tests/state_machines/trainers/expected_risk_minimization_test.py:8:1: error: Relative import climbs too many namespaces  [misc]
(allenai)allennlp/allennlp/tests/state_machines/simple_transition_system.py:59:32: error: List item 0 has incompatible type "None"; expected "Set[Any]"  [list-item]
(allenai)allennlp/allennlp/tools/create_elmo_embeddings_from_vocab.py:65:32: error: Argument 1 to "cuda" of "Tensor" has incompatible type "int"; expected "Optional[device]"  [arg-type]
(allenai)allennlp/allennlp/modules/text_field_embedders/text_field_embedder.py:26:5: error: Signature of "forward" incompatible with supertype "Module"  [override]
(allenai)allennlp/allennlp/modules/text_field_embedders/basic_text_field_embedder.py:111:57: error: Incompatible types in assignment (expression has type "None", variable has type "Union[List[Any], Dict[str, Any]]")  [assignment]
(allenai)allennlp/allennlp/modules/seq2vec_encoders/cnn_encoder.py:74:37: error: Incompatible types in assignment (expression has type "None", variable has type "Linear")  [assignment]
(allenai)allennlp/allennlp/modules/seq2vec_encoders/cnn_encoder.py:83:16: error: Incompatible return value type (got "Optional[int]", expected "int")  [return-value]
(allenai)allennlp/allennlp/modules/seq2vec_encoders/cnn_highway_encoder.py:147:16: error: Incompatible return value type (got "Tensor", expected "Dict[str, Tensor]")  [return-value]
(allenai)allennlp/allennlp/modules/seq2seq_encoders/bidirectional_language_model_transformer.py:61:5: error: Signature of "forward" incompatible with supertype "Module"  [override]
(allenai)allennlp/allennlp/modules/seq2seq_encoders/bidirectional_language_model_transformer.py:63:20: error: Value of type "Union[Tensor, Module[Any]]" is not indexable  [index]
(allenai)allennlp/allennlp/modules/seq2seq_encoders/bidirectional_language_model_transformer.py:75:5: error: Signature of "forward" incompatible with supertype "Module"  [override]
(allenai)allennlp/allennlp/modules/seq2seq_encoders/bidirectional_language_model_transformer.py:114:5: error: Signature of "forward" incompatible with supertype "Module"  [override]
(allenai)allennlp/allennlp/modules/seq2seq_encoders/bidirectional_language_model_transformer.py:133:5: error: Signature of "forward" incompatible with supertype "Module"  [override]
(allenai)allennlp/allennlp/modules/seq2seq_encoders/bidirectional_language_model_transformer.py:151:5: error: Signature of "forward" incompatible with supertype "Module"  [override]
(allenai)allennlp/allennlp/modules/seq2seq_encoders/bidirectional_language_model_transformer.py:234:29: error: Incompatible types in assignment (expression has type "Callable[[Any], Any]", variable has type "Dropout")  [assignment]
(allenai)allennlp/allennlp/modules/seq2seq_encoders/bidirectional_language_model_transformer.py:248:49: error: Argument 2 to "subsequent_mask" has incompatible type "device"; expected "str"  [arg-type]
(allenai)allennlp/allennlp/modules/seq2seq_encoders/bidirectional_language_model_transformer.py:270:20: error: Incompatible return value type (got "List[Tensor]", expected "Tensor")  [return-value]
(allenai)allennlp/allennlp/modules/seq2seq_encoders/gated_cnn_encoder.py:66:5: error: Signature of "forward" incompatible with supertype "Module"  [override]
(allenai)allennlp/allennlp/modules/seq2seq_encoders/gated_cnn_encoder.py:75:70: error: Argument 3 to "dropout" has incompatible type "Union[Tensor, Module[Any]]"; expected "bool"  [arg-type]
(allenai)allennlp/allennlp/modules/seq2seq_encoders/gated_cnn_encoder.py:172:26: error: "int" has no attribute "unsqueeze"  [attr-defined]
(allenai)allennlp/allennlp/modules/seq2seq_encoders/gated_cnn_encoder.py:172:30: error: Unsupported operand types for - ("int" and "Tensor")  [operator]
(allenai)allennlp/allennlp/modules/seq2seq_encoders/qanet_encoder.py:74:44: error: Incompatible types in assignment (expression has type "Callable[[Any], Any]", variable has type "Optional[Linear]")  [assignment]
(allenai)allennlp/allennlp/modules/seq2seq_encoders/qanet_encoder.py:108:18: error: "None" not callable  [misc]
(allenai)allennlp/allennlp/modules/seq2seq_encoders/pytorch_seq2seq_wrapper.py:48:38: error: Incompatible types in assignment (expression has type "bool", variable has type "Union[Tensor, Module[Any]]")  [assignment]
(allenai)allennlp/allennlp/modules/seq2seq_encoders/pytorch_seq2seq_wrapper.py:56:16: error: Incompatible return value type (got "Union[Tensor, Module[Any]]", expected "int")  [return-value]
(allenai)allennlp/allennlp/modules/seq2seq_encoders/pytorch_seq2seq_wrapper.py:60:16: error: Unsupported operand types for * ("Module[Any]" and "int")  [operator]
(allenai)allennlp/allennlp/modules/seq2seq_encoders/pytorch_seq2seq_wrapper.py:60:16: error: Incompatible return value type (got "Union[Tensor, int]", expected "int")  [return-value]
(allenai)allennlp/allennlp/modules/seq2seq_encoders/pytorch_seq2seq_wrapper.py:60:43: note: Left operand is of type "Union[Tensor, Module[Any]]"
(allenai)allennlp/allennlp/modules/seq2seq_encoders/pytorch_seq2seq_wrapper.py:64:16: error: Incompatible return value type (got "Union[Tensor, Module[Any]]", expected "bool")  [return-value]
(allenai)allennlp/allennlp/modules/seq2seq_encoders/multi_head_self_attention.py:100:20: error: Incompatible types in assignment (expression has type "Tensor", variable has type "Optional[LongTensor]")  [assignment]
(allenai)allennlp/allennlp/modules/seq2seq_encoders/multi_head_self_attention.py:132:36: error: Item "None" of "Optional[LongTensor]" has no attribute "repeat"  [union-attr]
(allenai)allennlp/allennlp/modules/seq2seq_encoders/intra_sentence_attention.py:61:32: error: Incompatible types in assignment (expression has type "Callable[[Any], Any]", variable has type "Linear")  [assignment]
(allenai)allennlp/allennlp/modules/seq2seq_encoders/intra_sentence_attention.py:81:39: error: Incompatible types in assignment (expression has type "Callable[[Any], Any]", variable has type "Linear")  [assignment]
(allenai)allennlp/allennlp/modules/token_embedders/language_model_token_embedder.py:108:33: error: Too many arguments for "Tensor"  [call-arg]
(allenai)allennlp/allennlp/modules/token_embedders/language_model_token_embedder.py:109:33: error: Too many arguments for "Tensor"  [call-arg]
(allenai)allennlp/allennlp/modules/token_embedders/language_model_token_embedder.py:117:29: error: Incompatible types in assignment (expression has type "Callable[[Any], Any]", variable has type "Dropout")  [assignment]
(allenai)allennlp/allennlp/modules/token_embedders/token_characters_encoder.py:28:29: error: Incompatible types in assignment (expression has type "Callable[[Any], Any]", variable has type "Dropout")  [assignment]
(allenai)allennlp/allennlp/modules/token_embedders/elmo_token_embedder.py:70:32: error: Incompatible types in assignment (expression has type "None", variable has type "Linear")  [assignment]
(allenai)allennlp/allennlp/modules/token_embedders/elmo_token_embedder.py:117:30: error: Incompatible types in assignment (expression has type "None", variable has type "List[Any]")  [assignment]
(allenai)allennlp/allennlp/modules/token_embedders/bert_token_embedder.py:147:25: error: Incompatible types in assignment (expression has type "Tensor", variable has type "LongTensor")  [assignment]
(allenai)allennlp/allennlp/modules/token_embedders/bert_token_embedder.py:157:34: error: Incompatible types in assignment (expression has type "Tensor", variable has type "Optional[LongTensor]")  [assignment]
(allenai)allennlp/allennlp/modules/token_embedders/bert_token_embedder.py:160:30: error: Incompatible types in assignment (expression has type "Tensor", variable has type "Optional[LongTensor]")  [assignment]
(allenai)allennlp/allennlp/modules/token_embedders/openai_transformer_embedder.py:98:49: error: Slice index must be an integer or None  [misc]
(allenai)allennlp/allennlp/modules/token_embedders/bag_of_word_counts_token_embedder.py:42:32: error: Incompatible types in assignment (expression has type "None", variable has type "Linear")  [assignment]
(allenai)allennlp/allennlp/modules/token_embedders/elmo_token_embedder_multilang.py:91:48: error: Argument 1 to "Linear" has incompatible type "Optional[Any]"; expected "int"  [arg-type]
(allenai)allennlp/allennlp/modules/token_embedders/elmo_token_embedder_multilang.py:94:32: error: Incompatible types in assignment (expression has type "None", variable has type "Linear")  [assignment]
(allenai)allennlp/allennlp/modules/token_embedders/elmo_token_embedder_multilang.py:98:41: error: Argument 1 to "eye" has incompatible type "Optional[Any]"; expected "int"  [arg-type]
(allenai)allennlp/allennlp/modules/token_embedders/elmo_token_embedder_multilang.py:101:35: error: Too many arguments for "FloatTensor"  [call-arg]
(allenai)allennlp/allennlp/modules/token_embedders/elmo_token_embedder_multilang.py:103:40: error: Argument 1 to "Linear" has incompatible type "Optional[Any]"; expected "int"  [arg-type]
(allenai)allennlp/allennlp/modules/token_embedders/elmo_token_embedder_multilang.py:103:52: error: Argument 2 to "Linear" has incompatible type "Optional[Any]"; expected "int"  [arg-type]
(allenai)allennlp/allennlp/modules/token_embedders/elmo_token_embedder_multilang.py:162:30: error: Incompatible types in assignment (expression has type "None", variable has type "List[Any]")  [assignment]
(allenai)allennlp/allennlp/modules/span_extractors/bidirectional_endpoint_span_extractor.py:97:36: error: Too few arguments for "Parameter"  [call-arg]
(allenai)allennlp/allennlp/modules/span_extractors/bidirectional_endpoint_span_extractor.py:98:34: error: Too few arguments for "Parameter"  [call-arg]
(allenai)allennlp/allennlp/modules/span_extractors/bidirectional_endpoint_span_extractor.py:216:20: error: Incompatible return value type (got "Tensor", expected "FloatTensor")  [return-value]
(allenai)allennlp/allennlp/modules/span_extractors/bidirectional_endpoint_span_extractor.py:219:20: error: Incompatible return value type (got "Tensor", expected "FloatTensor")  [return-value]
(allenai)allennlp/allennlp/modules/span_extractors/bidirectional_endpoint_span_extractor.py:220:16: error: Incompatible return value type (got "Tensor", expected "FloatTensor")  [return-value]
(allenai)allennlp/allennlp/modules/span_extractors/self_attentive_span_extractor.py:84:24: error: Incompatible types in assignment (expression has type "Tensor", variable has type "LongTensor")  [assignment]
(allenai)allennlp/allennlp/modules/span_extractors/endpoint_span_extractor.py:67:36: error: Too few arguments for "Parameter"  [call-arg]
(allenai)allennlp/allennlp/modules/similarity_functions/multiheaded.py:67:37: error: Too few arguments for "Parameter"  [call-arg]
(allenai)allennlp/allennlp/modules/similarity_functions/multiheaded.py:67:47: error: Too many arguments for "Tensor"  [call-arg]
(allenai)allennlp/allennlp/modules/similarity_functions/multiheaded.py:68:37: error: Too few arguments for "Parameter"  [call-arg]
(allenai)allennlp/allennlp/modules/similarity_functions/multiheaded.py:68:47: error: Too many arguments for "Tensor"  [call-arg]
(allenai)allennlp/allennlp/modules/similarity_functions/similarity_function.py:23:5: error: Signature of "forward" incompatible with supertype "Module"  [override]
(allenai)allennlp/allennlp/modules/similarity_functions/bilinear.py:35:31: error: Too few arguments for "Parameter"  [call-arg]
(allenai)allennlp/allennlp/modules/similarity_functions/bilinear.py:35:41: error: Too many arguments for "Tensor"  [call-arg]
(allenai)allennlp/allennlp/modules/similarity_functions/bilinear.py:36:22: error: Too few arguments for "Parameter"  [call-arg]
(allenai)allennlp/allennlp/modules/similarity_functions/bilinear.py:36:32: error: Too many arguments for "Tensor"  [call-arg]
(allenai)allennlp/allennlp/modules/similarity_functions/linear.py:53:31: error: Too few arguments for "Parameter"  [call-arg]
(allenai)allennlp/allennlp/modules/similarity_functions/linear.py:53:41: error: Too many arguments for "Tensor"  [call-arg]
(allenai)allennlp/allennlp/modules/similarity_functions/linear.py:54:22: error: Too few arguments for "Parameter"  [call-arg]
(allenai)allennlp/allennlp/modules/similarity_functions/linear.py:54:32: error: Too many arguments for "Tensor"  [call-arg]
(allenai)allennlp/allennlp/modules/matrix_attention/bilinear_matrix_attention.py:50:35: error: Too few arguments for "Parameter"  [call-arg]
(allenai)allennlp/allennlp/modules/matrix_attention/bilinear_matrix_attention.py:50:45: error: Too many arguments for "Tensor"  [call-arg]
(allenai)allennlp/allennlp/modules/matrix_attention/bilinear_matrix_attention.py:52:35: error: Too few arguments for "Parameter"  [call-arg]
(allenai)allennlp/allennlp/modules/matrix_attention/bilinear_matrix_attention.py:52:45: error: Too many arguments for "Tensor"  [call-arg]
(allenai)allennlp/allennlp/modules/matrix_attention/bilinear_matrix_attention.py:54:22: error: Too few arguments for "Parameter"  [call-arg]
(allenai)allennlp/allennlp/modules/matrix_attention/bilinear_matrix_attention.py:54:32: error: Too many arguments for "Tensor"  [call-arg]
(allenai)allennlp/allennlp/modules/matrix_attention/bilinear_matrix_attention.py:75:22: error: Incompatible types in assignment (expression has type "Tensor", variable has type "Parameter")  [assignment]
(allenai)allennlp/allennlp/modules/matrix_attention/linear_matrix_attention.py:56:31: error: Too few arguments for "Parameter"  [call-arg]
(allenai)allennlp/allennlp/modules/matrix_attention/linear_matrix_attention.py:56:41: error: Too many arguments for "Tensor"  [call-arg]
(allenai)allennlp/allennlp/modules/matrix_attention/linear_matrix_attention.py:57:22: error: Too few arguments for "Parameter"  [call-arg]
(allenai)allennlp/allennlp/modules/matrix_attention/linear_matrix_attention.py:57:32: error: Too many arguments for "Tensor"  [call-arg]
(allenai)allennlp/allennlp/modules/matrix_attention/matrix_attention.py:21:5: error: Signature of "forward" incompatible with supertype "Module"  [override]
(allenai)allennlp/allennlp/modules/attention/linear_attention.py:55:31: error: Too few arguments for "Parameter"  [call-arg]
(allenai)allennlp/allennlp/modules/attention/linear_attention.py:55:41: error: Too many arguments for "Tensor"  [call-arg]
(allenai)allennlp/allennlp/modules/attention/linear_attention.py:56:22: error: Too few arguments for "Parameter"  [call-arg]
(allenai)allennlp/allennlp/modules/attention/linear_attention.py:56:32: error: Too many arguments for "Tensor"  [call-arg]
(allenai)allennlp/allennlp/modules/attention/bilinear_attention.py:39:31: error: Too few arguments for "Parameter"  [call-arg]
(allenai)allennlp/allennlp/modules/attention/bilinear_attention.py:39:41: error: Too many arguments for "Tensor"  [call-arg]
(allenai)allennlp/allennlp/modules/attention/bilinear_attention.py:40:22: error: Too few arguments for "Parameter"  [call-arg]
(allenai)allennlp/allennlp/modules/attention/bilinear_attention.py:40:32: error: Too many arguments for "Tensor"  [call-arg]
(allenai)allennlp/allennlp/modules/stacked_alternating_lstm.py:72:5: error: Signature of "forward" incompatible with supertype "Module"  [override]
(allenai)allennlp/allennlp/modules/stacked_alternating_lstm.py:99:34: error: Argument 1 to "list" has incompatible type "Iterator[Tuple[Any, Any]]"; expected "Iterable[None]"  [arg-type]
(allenai)allennlp/allennlp/modules/pruner.py:71:33: error: Incompatible types in assignment (expression has type "Tensor", variable has type "Union[int, LongTensor]")  [assignment]
(allenai)allennlp/allennlp/modules/pruner.py:74:29: error: Item "int" of "Union[int, LongTensor]" has no attribute "max"  [union-attr]
(allenai)allennlp/allennlp/modules/pruner.py:76:16: error: Incompatible types in assignment (expression has type "Tensor", variable has type "LongTensor")  [assignment]
(allenai)allennlp/allennlp/modules/maxout.py:75:5: error: Signature of "forward" incompatible with supertype "Module"  [override]
(allenai)allennlp/allennlp/modules/masked_layer_norm.py:11:22: error: Too few arguments for "Parameter"  [call-arg]
(allenai)allennlp/allennlp/modules/masked_layer_norm.py:12:21: error: Too few arguments for "Parameter"  [call-arg]
(allenai)allennlp/allennlp/modules/masked_layer_norm.py:16:5: error: Signature of "forward" incompatible with supertype "Module"  [override]
(allenai)allennlp/allennlp/modules/lstm_cell_with_projection.py:93:5: error: Signature of "forward" incompatible with supertype "Module"  [override]
(allenai)allennlp/allennlp/modules/feedforward.py:76:5: error: Signature of "forward" incompatible with supertype "Module"  [override]
(allenai)allennlp/allennlp/modules/layer_norm.py:31:22: error: Too few arguments for "Parameter"  [call-arg]
(allenai)allennlp/allennlp/modules/layer_norm.py:32:21: error: Too few arguments for "Parameter"  [call-arg]
(allenai)allennlp/allennlp/modules/layer_norm.py:35:5: error: Signature of "forward" incompatible with supertype "Module"  [override]
(allenai)allennlp/allennlp/modules/augmented_lstm.py:96:5: error: Signature of "forward" incompatible with supertype "Module"  [override]
(allenai)allennlp/allennlp/modules/augmented_lstm.py:193:73: error: Unsupported operand types for - ("int" and "Tensor")  [operator]
(allenai)allennlp/allennlp/modules/residual_with_layer_dropout.py:21:5: error: Signature of "forward" incompatible with supertype "Module"  [override]
(allenai)allennlp/allennlp/modules/stacked_bidirectional_lstm.py:78:5: error: Signature of "forward" incompatible with supertype "Module"  [override]
(allenai)allennlp/allennlp/modules/stacked_bidirectional_lstm.py:105:34: error: Argument 1 to "list" has incompatible type "Iterator[Tuple[Any, Any]]"; expected "Iterable[None]"  [arg-type]
(allenai)allennlp/allennlp/modules/stacked_bidirectional_lstm.py:121:31: error: Incompatible types in assignment (expression has type "Tensor", variable has type "PackedSequence")  [assignment]
(allenai)allennlp/allennlp/modules/stacked_bidirectional_lstm.py:131:19: error: Incompatible types in assignment (expression has type "Tensor", variable has type "List[Any]")  [assignment]
(allenai)allennlp/allennlp/modules/stacked_bidirectional_lstm.py:132:19: error: Incompatible types in assignment (expression has type "Tensor", variable has type "List[Any]")  [assignment]
(allenai)allennlp/allennlp/modules/stacked_bidirectional_lstm.py:134:16: error: Incompatible return value type (got "Tuple[PackedSequence, Tuple[List[Any], List[Any]]]", expected "Tuple[PackedSequence, Tuple[Tensor, Tensor]]")  [return-value]
(allenai)allennlp/allennlp/modules/scalar_mix.py:33:28: error: Too many arguments for "FloatTensor"  [call-arg]
(allenai)allennlp/allennlp/modules/scalar_mix.py:36:32: error: Too many arguments for "FloatTensor"  [call-arg]
(allenai)allennlp/allennlp/modules/scalar_mix.py:38:5: error: Signature of "forward" incompatible with supertype "Module"  [override]
(allenai)allennlp/allennlp/modules/scalar_mix.py:72:26: error: Item "None" of "Optional[Tensor]" has no attribute "float"  [union-attr]
(allenai)allennlp/allennlp/modules/sampled_softmax_loss.py:103:30: error: Too few arguments for "Parameter"  [call-arg]
(allenai)allennlp/allennlp/modules/sampled_softmax_loss.py:103:30: error: Incompatible types in assignment (expression has type "Parameter", variable has type "Embedding")  [assignment]
(allenai)allennlp/allennlp/modules/sampled_softmax_loss.py:104:30: error: Too few arguments for "Parameter"  [call-arg]
(allenai)allennlp/allennlp/modules/sampled_softmax_loss.py:104:30: error: Incompatible types in assignment (expression has type "Parameter", variable has type "Embedding")  [assignment]
(allenai)allennlp/allennlp/modules/sampled_softmax_loss.py:131:5: error: Signature of "forward" incompatible with supertype "Module"  [override]
(allenai)allennlp/allennlp/modules/sampled_softmax_loss.py:151:61: error: Argument 3 to "_forward_train" of "SampledSoftmaxLoss" has incompatible type "Optional[Tensor]"; expected "Tensor"  [arg-type]
(allenai)allennlp/allennlp/modules/sampled_softmax_loss.py:183:60: error: Argument 2 to "embedding" has incompatible type "Embedding"; expected "Tensor"  [arg-type]
(allenai)allennlp/allennlp/modules/sampled_softmax_loss.py:186:60: error: "Tensor" not callable  [operator]
(allenai)allennlp/allennlp/modules/sampled_softmax_loss.py:228:17: error: Incompatible types in assignment (expression has type "Embedding", variable has type "Parameter")  [assignment]
(allenai)allennlp/allennlp/modules/sampled_softmax_loss.py:229:17: error: Incompatible types in assignment (expression has type "Embedding", variable has type "Tensor")  [assignment]
(allenai)allennlp/allennlp/modules/highway.py:46:13: error: Value of type "Union[Tensor, Module[Any]]" is not indexable  [index]
(allenai)allennlp/allennlp/nn/regularizers/regularizer_applicator.py:42:16: error: Incompatible return value type (got "float", expected "Tensor")  [return-value]
(allenai)allennlp/allennlp/state_machines/trainers/maximum_marginal_likelihood.py:55:17: error: Dict entry 0 has incompatible type "str": "float"; expected "str": "Tensor"  [dict-item]
(allenai)allennlp/allennlp/state_machines/trainers/expected_risk_minimization.py:71:17: error: Dict entry 1 has incompatible type "str": "Dict[int, List[StateType]]"; expected "str": "Tensor"  [dict-item]
(allenai)allennlp/allennlp/state_machines/transition_functions/coverage_transition_function.py:54:38: error: Too few arguments for "Parameter"  [call-arg]
(allenai)allennlp/allennlp/state_machines/transition_functions/coverage_transition_function.py:54:48: error: Too many arguments for "FloatTensor"  [call-arg]
(allenai)allennlp/allennlp/state_machines/transition_functions/linking_transition_function.py:143:33: error: Incompatible types in assignment (expression has type "Optional[Any]", variable has type "Tensor")  [assignment]
(allenai)allennlp/allennlp/state_machines/transition_functions/linking_coverage_transition_function.py:55:45: error: Too few arguments for "Parameter"  [call-arg]
(allenai)allennlp/allennlp/state_machines/transition_functions/linking_coverage_transition_function.py:55:55: error: Too many arguments for "FloatTensor"  [call-arg]
(allenai)allennlp/allennlp/state_machines/states/grammar_based_state.py:92:30: error: Incompatible types in assignment (expression has type "None", variable has type "List[Any]")  [assignment]
(allenai)allennlp/allennlp/state_machines/states/grammar_based_state.py:129:76: error: Item "None" of "Optional[List[Any]]" has no attribute "__iter__" (not iterable)  [union-attr]
(allenai)allennlp/allennlp/state_machines/states/grammar_based_state.py:131:26: error: Incompatible types in assignment (expression has type "None", variable has type "List[Any]")  [assignment]
(allenai)allennlp/allennlp/state_machines/states/checklist_statelet.py:50:13: error: Attribute 'terminal_indices_dict' already defined on line 48  [no-redef]
(allenai)allennlp/allennlp/state_machines/beam_search.py:68:35: error: Incompatible types in assignment (expression has type "None", variable has type "Dict[int, List[List[Tuple[float, List[int]]]]]")  [assignment]
(allenai)allennlp/allennlp/state_machines/beam_search.py:124:39: error: Incompatible types in assignment (expression has type "None", variable has type "List[Any]")  [assignment]
(allenai)allennlp/allennlp/state_machines/beam_search.py:127:35: error: Incompatible types in assignment (expression has type "None", variable has type "List[Any]")  [assignment]
(allenai)allennlp/allennlp/models/reading_comprehension/bidaf_ensemble.py:95:17: error: "object" has no attribute "append"  [attr-defined]
(allenai)allennlp/allennlp/models/reading_comprehension/bidaf_ensemble.py:101:16: error: Incompatible return value type (got "Dict[str, object]", expected "Dict[str, Tensor]")  [return-value]
(allenai)allennlp/allennlp/models/reading_comprehension/qanet.py:149:29: error: "object" not callable  [operator]
(allenai)allennlp/allennlp/models/reading_comprehension/qanet.py:150:28: error: "object" not callable  [operator]
(allenai)allennlp/allennlp/models/reading_comprehension/qanet.py:159:28: error: "object" not callable  [operator]
(allenai)allennlp/allennlp/models/reading_comprehension/qanet.py:160:27: error: "object" not callable  [operator]
(allenai)allennlp/allennlp/models/reading_comprehension/qanet.py:183:44: error: "object" not callable  [operator]
(allenai)allennlp/allennlp/models/reading_comprehension/qanet.py:193:31: error: "object" not callable  [operator]
(allenai)allennlp/allennlp/models/reading_comprehension/qanet.py:226:86: error: Item "None" of "Optional[IntTensor]" has no attribute "squeeze"  [union-attr]
(allenai)allennlp/allennlp/models/reading_comprehension/qanet.py:227:54: error: Item "None" of "Optional[IntTensor]" has no attribute "squeeze"  [union-attr]
(allenai)allennlp/allennlp/models/reading_comprehension/qanet.py:228:67: error: List item 1 has incompatible type "Optional[IntTensor]"; expected "Tensor"  [list-item]
(allenai)allennlp/allennlp/models/semantic_parsing/nlvr/nlvr_semantic_parser.py:62:29: error: Incompatible types in assignment (expression has type "Callable[[Any], Any]", variable has type "Dropout")  [assignment]
(allenai)allennlp/allennlp/models/semantic_parsing/nlvr/nlvr_semantic_parser.py:70:40: error: Too few arguments for "Parameter"  [call-arg]
(allenai)allennlp/allennlp/models/semantic_parsing/nlvr/nlvr_semantic_parser.py:70:59: error: Too many arguments for "FloatTensor"  [call-arg]
(allenai)allennlp/allennlp/models/semantic_parsing/nlvr/nlvr_semantic_parser.py:229:56: error: Invalid index type "str" for "Tensor"; expected type "Union[None, int, slice, Tensor, List[Any], Tuple[Any, ...]]"  [index]
(allenai)allennlp/allennlp/models/semantic_parsing/nlvr/nlvr_semantic_parser.py:230:51: error: Invalid index type "str" for "Tensor"; expected type "Union[None, int, slice, Tensor, List[Any], Tuple[Any, ...]]"  [index]
(allenai)allennlp/allennlp/models/semantic_parsing/nlvr/nlvr_semantic_parser.py:236:53: error: Incompatible types in assignment (expression has type "Tuple[Any, ...]", variable has type "Tensor")  [assignment]
(allenai)allennlp/allennlp/models/semantic_parsing/nlvr/nlvr_semantic_parser.py:239:53: error: "Tensor" has no attribute "get"; maybe "gt" or "ge"?  [attr-defined]
(allenai)allennlp/allennlp/models/semantic_parsing/nlvr/nlvr_semantic_parser.py:242:44: error: Incompatible types in assignment (expression has type "List[List[Dict[str, Tensor]]]", target has type "Tensor")  [assignment]
(allenai)allennlp/allennlp/models/semantic_parsing/nlvr/nlvr_semantic_parser.py:243:39: error: Incompatible types in assignment (expression has type "List[List[Any]]", target has type "Tensor")  [assignment]
(allenai)allennlp/allennlp/models/semantic_parsing/nlvr/nlvr_direct_semantic_parser.py:111:39: error: Incompatible types in assignment (expression has type "Tensor", variable has type "Optional[LongTensor]")  [assignment]
(allenai)allennlp/allennlp/models/semantic_parsing/nlvr/nlvr_direct_semantic_parser.py:114:27: error: Incompatible types in assignment (expression has type "None", variable has type "Tensor")  [assignment]
(allenai)allennlp/allennlp/models/semantic_parsing/nlvr/nlvr_direct_semantic_parser.py:118:37: error: Incompatible types in assignment (expression has type "List[str]", target has type "Tensor")  [assignment]
(allenai)allennlp/allennlp/models/semantic_parsing/nlvr/nlvr_direct_semantic_parser.py:145:51: error: Incompatible types in assignment (expression has type "List[Any]", target has type "Tensor")  [assignment]
(allenai)allennlp/allennlp/models/semantic_parsing/nlvr/nlvr_direct_semantic_parser.py:146:41: error: Incompatible types in assignment (expression has type "List[<nothing>]", target has type "Tensor")  [assignment]
(allenai)allennlp/allennlp/models/semantic_parsing/nlvr/nlvr_direct_semantic_parser.py:155:45: error: Incompatible types in assignment (expression has type "Dict[Tuple[int, int], Any]", target has type "Tensor")  [assignment]
(allenai)allennlp/allennlp/models/semantic_parsing/wikitables/wikitables_mml_semantic_parser.py:181:39: error: Incompatible types in assignment (expression has type "Tensor", variable has type "Optional[LongTensor]")  [assignment]
(allenai)allennlp/allennlp/models/bimpm.py:209:32: error: Incompatible types in assignment (expression has type "List[Any]", target has type "Tensor")  [assignment]
(allenai)allennlp/allennlp/models/crf_tagger.py:89:28: error: Incompatible types in assignment (expression has type "None", variable has type "Dropout")  [assignment]
(allenai)allennlp/allennlp/models/crf_tagger.py:232:17: error: Incompatible types in assignment (expression has type "List[List[Any]]", target has type "Tensor")  [assignment]
(allenai)allennlp/allennlp/models/simple_tagger.py:177:31: error: Incompatible types in assignment (expression has type "List[List[Any]]", target has type "Tensor")  [assignment]
(allenai)allennlp/allennlp/models/srl_bert.py:129:32: error: Incompatible types in assignment (expression has type "List[Any]", target has type "Tensor")  [assignment]
(allenai)allennlp/allennlp/models/srl_bert.py:130:31: error: Incompatible types in assignment (expression has type "List[Any]", target has type "Tensor")  [assignment]
(allenai)allennlp/allennlp/models/srl_bert.py:131:44: error: Incompatible types in assignment (expression has type "List[Any]", target has type "Tensor")  [assignment]
(allenai)allennlp/allennlp/models/srl_bert.py:175:31: error: No overload variant of "__getitem__" of "list" matches argument type "Tensor"  [call-overload]
(allenai)allennlp/allennlp/models/srl_bert.py:175:31: note: Possible overload variants:
(allenai)allennlp/allennlp/models/srl_bert.py:175:31: note:     def __getitem__(self, int) -> Any
(allenai)allennlp/allennlp/models/srl_bert.py:175:31: note:     def __getitem__(self, slice) -> List[Any]
(allenai)allennlp/allennlp/models/srl_bert.py:176:41: error: Incompatible types in assignment (expression has type "List[List[Any]]", target has type "Tensor")  [assignment]
(allenai)allennlp/allennlp/models/srl_bert.py:177:31: error: Incompatible types in assignment (expression has type "List[List[Any]]", target has type "Tensor")  [assignment]
(allenai)allennlp/allennlp/models/esim.py:74:28: error: Incompatible types in assignment (expression has type "None", variable has type "Dropout")  [assignment]
(allenai)allennlp/allennlp/models/bert_for_classification.py:152:32: error: Incompatible types in assignment (expression has type "List[Any]", target has type "Tensor")  [assignment]
(allenai)allennlp/allennlp/models/basic_classifier.py:72:29: error: Incompatible types in assignment (expression has type "None", variable has type "Dropout")  [assignment]
(allenai)allennlp/allennlp/models/basic_classifier.py:150:32: error: Incompatible types in assignment (expression has type "List[Any]", target has type "Tensor")  [assignment]
(allenai)allennlp/allennlp/interpret/attackers/hotflip.py:180:24: error: Incompatible types in assignment (expression has type "Tensor", variable has type "Parameter")  [assignment]
(allenai)allennlp/allennlp/interpret/attackers/hotflip.py:181:49: error: Too many arguments for "LongTensor"  [call-arg]
(allenai)allennlp/tutorials/tagger/basic_pytorch.py:39:12: error: Incompatible return value type (got "List[Tuple[Tuple[Any, ...], Tuple[Any, ...]]]", expected "Tuple[List[str], List[str]]")  [return-value]
(allenai)allennlp/tutorials/tagger/basic_pytorch.py:90:5: error: Signature of "forward" incompatible with supertype "Module"  [override]
(allenai)allennlp/tutorials/tagger/basic_pytorch.py:119:13: error: Module has no attribute "tqdm"; maybe "_tqdm"?  [attr-defined]
(allenai)allennlp/tutorials/tagger/config_allennlp.py:50:81: error: Argument 2 to "text_to_instance" of "PosDatasetReader" has incompatible type "Tuple[Any, ...]"; expected "Optional[List[str]]"  [arg-type]
(allenai)allennlp/tutorials/tagger/config_allennlp.py:80:16: error: Incompatible return value type (got "Dict[str, Tensor]", expected "Tensor")  [return-value]
(allenai)allennlp/doc/conf.py:146:1: error: Need type annotation for 'latex_elements' (hint: "latex_elements: Dict[<type>, <type>] = ...")  [var-annotated]
(allenai)allennlp/scripts/wikitables/search_for_logical_forms.py:63:18: error: Incompatible types in assignment (expression has type "IO[Any]", variable has type "TextIO")  [assignment]
(allenai)allennlp/scripts/write_srl_predictions_to_conll_format.py:39:31: error: No overload variant of "join" matches argument types "int", "str"  [call-overload]
(allenai)allennlp/scripts/write_srl_predictions_to_conll_format.py:39:31: note: Possible overload variants:
(allenai)allennlp/scripts/write_srl_predictions_to_conll_format.py:39:31: note:     def join(a: Union[str, _PathLike[str]], *paths: Union[str, _PathLike[str]]) -> str
(allenai)allennlp/scripts/write_srl_predictions_to_conll_format.py:39:31: note:     def join(a: Union[bytes, _PathLike[bytes]], *paths: Union[bytes, _PathLike[bytes]]) -> bytes
(allenai)allennlp/scripts/write_srl_predictions_to_conll_format.py:52:28: error: No overload variant of "join" matches argument types "int", "str"  [call-overload]
(allenai)allennlp/scripts/write_srl_predictions_to_conll_format.py:52:28: note: Possible overload variants:
(allenai)allennlp/scripts/write_srl_predictions_to_conll_format.py:52:28: note:     def join(a: Union[str, _PathLike[str]], *paths: Union[str, _PathLike[str]]) -> str
(allenai)allennlp/scripts/write_srl_predictions_to_conll_format.py:52:28: note:     def join(a: Union[bytes, _PathLike[bytes]], *paths: Union[bytes, _PathLike[bytes]]) -> bytes
(allenai)allennlp/scripts/write_srl_predictions_to_conll_format.py:56:28: error: No overload variant of "join" matches argument types "int", "str"  [call-overload]
(allenai)allennlp/scripts/write_srl_predictions_to_conll_format.py:56:28: note: Possible overload variants:
(allenai)allennlp/scripts/write_srl_predictions_to_conll_format.py:56:28: note:     def join(a: Union[str, _PathLike[str]], *paths: Union[str, _PathLike[str]]) -> str
(allenai)allennlp/scripts/write_srl_predictions_to_conll_format.py:56:28: note:     def join(a: Union[bytes, _PathLike[bytes]], *paths: Union[bytes, _PathLike[bytes]]) -> bytes
(allenai)allennlp/scripts/write_srl_predictions_to_conll_format.py:57:22: error: No overload variant of "join" matches argument types "int", "str"  [call-overload]
(allenai)allennlp/scripts/write_srl_predictions_to_conll_format.py:57:22: note: Possible overload variants:
(allenai)allennlp/scripts/write_srl_predictions_to_conll_format.py:57:22: note:     def join(a: Union[str, _PathLike[str]], *paths: Union[str, _PathLike[str]]) -> str
(allenai)allennlp/scripts/write_srl_predictions_to_conll_format.py:57:22: note:     def join(a: Union[bytes, _PathLike[bytes]], *paths: Union[bytes, _PathLike[bytes]]) -> bytes
(allenai)allennlp/allennlp/data/dataset_readers/multiprocess_dataset_reader.py:123:71: error: Argument 3 to "_instances" of "MultiprocessDatasetReader" has incompatible type "queue.Queue[Any]"; expected "multiprocessing.queues.Queue[Any]"  [arg-type]
(allenai)allennlp/allennlp/data/dataset_readers/multiprocess_dataset_reader.py:127:51: error: Function "multiprocessing.Manager" is not valid as a type  [valid-type]
(allenai)allennlp/allennlp/data/dataset_readers/multiprocess_dataset_reader.py:127:51: note: Perhaps you need "Callable[...]" or a callback protocol?
(allenai)allennlp/allennlp/data/dataset_readers/multiprocess_dataset_reader.py:139:23: error: Manager? has no attribute "Queue"  [attr-defined]
Found 399 errors in 153 files (checked 559 source files)

[RRepo](bradysalz)DCI-Scores-Bot-v2
(bradysalz)DCI-Scores-Bot-v2/src/web_bot.py:89:16: error: "None" has no attribute "subreddit"  [attr-defined]

[RRepo](ApproxEng)approxeng.input
(ApproxEng)approxeng.input/src/python/approxeng/input/sys.py:27:1: error: Missing return statement  [return]
(ApproxEng)approxeng.input/src/python/approxeng/input/sys.py:28:17: error: Value of type "Optional[Any]" is not indexable  [index]
(ApproxEng)approxeng.input/src/python/approxeng/input/sys.py:29:24: error: Value of type "Optional[Any]" is not indexable  [index]
(ApproxEng)approxeng.input/src/python/approxeng/input/sys.py:30:23: error: Value of type "Optional[Any]" is not indexable  [index]
(ApproxEng)approxeng.input/src/python/approxeng/input/sys.py:31:28: error: Argument 1 to "int" has incompatible type "Optional[str]"; expected "Union[str, bytes, SupportsInt, _SupportsIndex]"  [arg-type]
(ApproxEng)approxeng.input/src/python/approxeng/input/sys.py:58:17: error: Value of type "Optional[Any]" is not indexable  [index]
(ApproxEng)approxeng.input/src/python/approxeng/input/sys.py:59:19: error: Value of type "Optional[Any]" is not indexable  [index]
(ApproxEng)approxeng.input/src/python/approxeng/input/controllers.py:133: error: Bracketed expression "[...]" is not valid as a type  [misc]
(ApproxEng)approxeng.input/src/python/approxeng/input/controllers.py:133: note: Did you mean "List[...]"?
(ApproxEng)approxeng.input/src/python/approxeng/input/controllers.py:148:20: error: Incompatible types in assignment (expression has type "List[Any]", variable has type "Tuple[Any, ...]")  [assignment]
(ApproxEng)approxeng.input/src/python/approxeng/input/controllers.py:150:24: error: Incompatible types in assignment (expression has type "List[ControllerRequirement]", variable has type "Tuple[Any, ...]")  [assignment]
(ApproxEng)approxeng.input/src/python/approxeng/input/controllers.py:152: error: Bracketed expression "[...]" is not valid as a type  [misc]
(ApproxEng)approxeng.input/src/python/approxeng/input/controllers.py:152: note: Did you mean "List[...]"?
(ApproxEng)approxeng.input/src/python/approxeng/input/controllers.py:189: error: Bracketed expression "[...]" is not valid as a type  [misc]
(ApproxEng)approxeng.input/src/python/approxeng/input/controllers.py:189: note: Did you mean "List[...]"?
(ApproxEng)approxeng.input/src/python/approxeng/input/controllers.py:273:24: error: Item "None" of "Optional[Any]" has no attribute "__iter__" (not iterable)  [union-attr]
(ApproxEng)approxeng.input/src/docs/conf.py:223:1: error: Cannot assign to a method  [assignment]
Found 14 errors in 3 files (checked 19 source files)

[RRepo](fieldOfView)OctoPrintPlugin

[RRepo](janpipek)physt
(janpipek)physt/physt/compat/geant4.py:6:1: error: Relative import climbs too many namespaces  [misc]
(janpipek)physt/physt/compat/geant4.py:7:1: error: Relative import climbs too many namespaces  [misc]
(janpipek)physt/physt/compat/geant4.py:8:1: error: Relative import climbs too many namespaces  [misc]
(janpipek)physt/physt/plotting/ascii.py:40:17: error: Name 'Histogram2D' is not defined  [name-defined]
(janpipek)physt/physt/plotting/ascii.py:71:40: error: Incompatible types in assignment (expression has type "str", variable has type "List[Any]")  [assignment]
(janpipek)physt/physt/plotting/ascii.py:83:20: error: Incompatible types in assignment (expression has type "str", variable has type "List[Any]")  [assignment]
(janpipek)physt/physt/plotting/ascii.py:88:13: error: Incompatible types in assignment (expression has type "Tuple[str, str]", variable has type "Tuple[str]")  [assignment]
(janpipek)physt/physt/plotting/common.py:70:12: error: Incompatible return value type (got "Union[Callable[..., Any], str]", expected "Callable[[float], str]")  [return-value]
(janpipek)physt/physt/plotting/common.py:112:5: error: Missing return statement  [return]
(janpipek)physt/physt/plotting/common.py:151:46: error: Unsupported operand types for / ("Tuple[int, int, int, int, int, int, int]" and "float")  [operator]
(janpipek)physt/physt/histogram_collection.py:78:16: error: Incompatible return value type (got "Tuple[Optional[str]]", expected "Tuple[str]")  [return-value]
(janpipek)physt/physt/histogram_collection.py:131: error: Name 'physt' is not defined  [name-defined]
(janpipek)physt/physt/plotting/__init__.py:107:5: error: Module 'physt.plotting' has no attribute 'matplotlib'  [attr-defined]
(janpipek)physt/physt/plotting/__init__.py:113:5: error: Module 'physt.plotting' has no attribute 'vega'  [attr-defined]
(janpipek)physt/physt/plotting/__init__.py:136:24: error: Incompatible types in assignment (expression has type "None", variable has type "str")  [assignment]
(janpipek)physt/physt/plotting/__init__.py:177:29: error: Item "str" of "Optional[str]" has no attribute "types"  [union-attr]
(janpipek)physt/physt/plotting/__init__.py:177:29: error: Item "None" of "Optional[str]" has no attribute "types"  [union-attr]
(janpipek)physt/physt/plotting/__init__.py:177:64: error: Item "str" of "Optional[str]" has no attribute "dims"  [union-attr]
(janpipek)physt/physt/plotting/__init__.py:177:64: error: Item "None" of "Optional[str]" has no attribute "dims"  [union-attr]
(janpipek)physt/physt/plotting/__init__.py:182:16: error: Item "str" of "Optional[str]" has no attribute "types"  [union-attr]
(janpipek)physt/physt/plotting/__init__.py:182:16: error: Item "None" of "Optional[str]" has no attribute "types"  [union-attr]
(janpipek)physt/physt/plotting/plotly.py:21:1: error: Module 'physt.plotting' has no attribute 'matplotlib'  [attr-defined]
(janpipek)physt/physt/io/__init__.py:48:17: error: Incompatible types in assignment (expression has type "type", variable has type "Type[HistogramCollection]")  [assignment]
(janpipek)physt/physt/io/__init__.py:48:17: note: "type.__call__" has type "Callable[[VarArg(Any), KwArg(Any)], Any]"
(janpipek)physt/physt/examples/__init__.py:76:43: error: Argument 1 to "BytesIO" has incompatible type "Optional[bytes]"; expected "bytes"  [arg-type]
Found 24 errors in 8 files (checked 25 source files)

[RRepo](4Kaylum)Spar.cli
(4Kaylum)Spar.cli/Cogs/Error_Event.py:20:32: error: Name 'NoPermissionsForArg' is not defined  [name-defined]
(4Kaylum)Spar.cli/Cogs/Utils/dice_roller.py:27:9: error: No overload variant of "__setitem__" of "list" matches argument types "int", "int"  [call-overload]
(4Kaylum)Spar.cli/Cogs/Utils/dice_roller.py:27:9: note: Possible overload variants:
(4Kaylum)Spar.cli/Cogs/Utils/dice_roller.py:27:9: note:     def __setitem__(self, int, str) -> None
(4Kaylum)Spar.cli/Cogs/Utils/dice_roller.py:27:9: note:     def __setitem__(self, slice, Iterable[str]) -> None
(4Kaylum)Spar.cli/Cogs/Utils/dice_roller.py:30:9: error: No overload variant of "__setitem__" of "list" matches argument types "int", "int"  [call-overload]
(4Kaylum)Spar.cli/Cogs/Utils/dice_roller.py:30:9: note: Possible overload variants:
(4Kaylum)Spar.cli/Cogs/Utils/dice_roller.py:30:9: note:     def __setitem__(self, int, str) -> None
(4Kaylum)Spar.cli/Cogs/Utils/dice_roller.py:30:9: note:     def __setitem__(self, slice, Iterable[str]) -> None
(4Kaylum)Spar.cli/Cogs/Utils/dice_roller.py:33:35: error: List item 1 has incompatible type "int"; expected "str"  [list-item]

[RRepo](google)in-silico-labeling
(google)in-silico-labeling/isl/util.py:106: error: Name 'lt.LabeledTensor' is not defined  [name-defined]
(google)in-silico-labeling/isl/util.py:108: error: Name 'lt.LabeledTensor' is not defined  [name-defined]
(google)in-silico-labeling/isl/util.py:139: error: Name 'lt.LabeledTensor' is not defined  [name-defined]
(google)in-silico-labeling/isl/util.py:141: error: Name 'lt.LabeledTensor' is not defined  [name-defined]
(google)in-silico-labeling/isl/util.py:184: error: Name 'lt.LabeledTensor' is not defined  [name-defined]
(google)in-silico-labeling/isl/util.py:188: error: Name 'lt.LabeledTensor' is not defined  [name-defined]
(google)in-silico-labeling/isl/util.py:222: error: Name 'lt.LabeledTensor' is not defined  [name-defined]
(google)in-silico-labeling/isl/util.py:227: error: Name 'lt.LabeledTensor' is not defined  [name-defined]
(google)in-silico-labeling/isl/util.py:266: error: Name 'lt.LabeledTensor' is not defined  [name-defined]
(google)in-silico-labeling/isl/util.py:267: error: Name 'lt.LabeledTensor' is not defined  [name-defined]
(google)in-silico-labeling/isl/util.py:268: error: Name 'lt.LabeledTensor' is not defined  [name-defined]
(google)in-silico-labeling/isl/util.py:269: error: Name 'lt.LabeledTensor' is not defined  [name-defined]
(google)in-silico-labeling/isl/tensorcheck.py:65: error: Name 'lt.LabeledTensor' is not defined  [name-defined]
(google)in-silico-labeling/isl/tensorcheck.py:66: error: Name 'lt.LabeledTensor' is not defined  [name-defined]
(google)in-silico-labeling/isl/tensorcheck.py:121: error: Name 'lt.LabeledTensor' is not defined  [name-defined]
(google)in-silico-labeling/isl/tensorcheck.py:122: error: Name 'lt.LabeledTensor' is not defined  [name-defined]
(google)in-silico-labeling/isl/augment.py:34: error: Name 'lt.LabeledTensor' is not defined  [name-defined]
(google)in-silico-labeling/isl/augment.py:36: error: Name 'lt.LabeledTensor' is not defined  [name-defined]
(google)in-silico-labeling/isl/augment.py:56:22: error: Item "str" of "Optional[str]" has no attribute "tensor"  [union-attr]
(google)in-silico-labeling/isl/augment.py:56:22: error: Item "None" of "Optional[str]" has no attribute "tensor"  [union-attr]
(google)in-silico-labeling/isl/augment.py:85:14: error: Item "str" of "Optional[str]" has no attribute "axes"  [union-attr]
(google)in-silico-labeling/isl/augment.py:85:14: error: Item "None" of "Optional[str]" has no attribute "axes"  [union-attr]
(google)in-silico-labeling/isl/augment.py:91:14: error: Item "str" of "Optional[str]" has no attribute "axes"  [union-attr]
(google)in-silico-labeling/isl/augment.py:91:14: error: Item "None" of "Optional[str]" has no attribute "axes"  [union-attr]
(google)in-silico-labeling/isl/augment.py:97:14: error: Item "str" of "Optional[str]" has no attribute "axes"  [union-attr]
(google)in-silico-labeling/isl/augment.py:97:14: error: Item "None" of "Optional[str]" has no attribute "axes"  [union-attr]
(google)in-silico-labeling/isl/augment.py:101:9: error: Item "str" of "Optional[str]" has no attribute "axes"  [union-attr]
(google)in-silico-labeling/isl/augment.py:101:9: error: Item "None" of "Optional[str]" has no attribute "axes"  [union-attr]
(google)in-silico-labeling/isl/augment.py:116: error: Name 'lt.LabeledTensor' is not defined  [name-defined]
(google)in-silico-labeling/isl/augment.py:129: error: Name 'lt.LabeledTensor' is not defined  [name-defined]
(google)in-silico-labeling/isl/augment.py:130: error: Name 'lt.LabeledTensor' is not defined  [name-defined]
(google)in-silico-labeling/isl/augment.py:131: error: Name 'lt.LabeledTensor' is not defined  [name-defined]
(google)in-silico-labeling/isl/test_util.py:86: error: Name 'lt.LabeledTensor' is not defined  [name-defined]
(google)in-silico-labeling/isl/test_util.py:102: error: Name 'lt.LabeledTensor' is not defined  [name-defined]
(google)in-silico-labeling/isl/test_util.py:105: error: Name 'lt.LabeledTensor' is not defined  [name-defined]
(google)in-silico-labeling/isl/test_util.py:108: error: Name 'lt.LabeledTensor' is not defined  [name-defined]
(google)in-silico-labeling/isl/test_util.py:111: error: Name 'lt.LabeledTensor' is not defined  [name-defined]
(google)in-silico-labeling/isl/test_util.py:114: error: Name 'lt.LabeledTensor' is not defined  [name-defined]
(google)in-silico-labeling/isl/test_util.py:117: error: Name 'lt.LabeledTensor' is not defined  [name-defined]
(google)in-silico-labeling/isl/test_util.py:121: error: Name 'lt.LabeledTensor' is not defined  [name-defined]
(google)in-silico-labeling/isl/test_util.py:128: error: Name 'lt.LabeledTensor' is not defined  [name-defined]
(google)in-silico-labeling/isl/test_util.py:129: error: Name 'lt.LabeledTensor' is not defined  [name-defined]
(google)in-silico-labeling/isl/test_util.py:152:46: error: Incompatible types in assignment (expression has type "str", variable has type "List[str]")  [assignment]
(google)in-silico-labeling/isl/test_util.py:165:12: error: Incompatible return value type (got "Tuple[List[List[str]], List[Any]]", expected "Tuple[List[str], Any]")  [return-value]
(google)in-silico-labeling/isl/test_util.py:168: error: Name 'lt.LabeledTensor' is not defined  [name-defined]
(google)in-silico-labeling/isl/test_util.py:193: error: Name 'lt.LabeledTensor' is not defined  [name-defined]
(google)in-silico-labeling/isl/test_util.py:211: error: Name 'lt.LabeledTensor' is not defined  [name-defined]
(google)in-silico-labeling/isl/ops.py:48: error: Name 'lt.LabeledTensor' is not defined  [name-defined]
(google)in-silico-labeling/isl/ops.py:50: error: Name 'lt.LabeledTensor' is not defined  [name-defined]
(google)in-silico-labeling/isl/ops.py:169: error: Name 'lt.LabeledTensor' is not defined  [name-defined]
(google)in-silico-labeling/isl/ops.py:170: error: Name 'lt.LabeledTensor' is not defined  [name-defined]
(google)in-silico-labeling/isl/ops.py:218: error: Name 'lt.LabeledTensor' is not defined  [name-defined]
(google)in-silico-labeling/isl/ops.py:219: error: Name 'lt.LabeledTensor' is not defined  [name-defined]
Found 53 errors in 5 files (checked 16 source files)

[RRepo](libnano)libnano
(libnano)libnano/libnano/seqrecord/location.py:94:22: error: Name 'split' is not defined  [name-defined]
(libnano)libnano/libnano/fileio/gbtofasta.py:16:15: error: Name 'gb_reader' is not defined  [name-defined]
(libnano)libnano/libnano/fileio/gbtofasta.py:16:31: error: Name 'seq_fp' is not defined  [name-defined]
(libnano)libnano/libnano/fileio/gbtofasta.py:17:23: error: Incompatible types in assignment (expression has type "str", variable has type "Dict[Any, Any]")  [assignment]
(libnano)libnano/libnano/seqrecord/featuretypes.py:40:13: error: Return value expected  [return-value]
(libnano)libnano/libnano/seqrecord/featuretypes.py:66:57: error: Incompatible types in assignment (expression has type "Optional[str]", target has type "str")  [assignment]
(libnano)libnano/libnano/seqrecord/featuretypes.py:77:9: error: No overload variant of "__setitem__" of "list" matches argument types "int", "None"  [call-overload]
(libnano)libnano/libnano/seqrecord/featuretypes.py:77:9: note: Possible overload variants:
(libnano)libnano/libnano/seqrecord/featuretypes.py:77:9: note:     def __setitem__(self, int, str) -> None
(libnano)libnano/libnano/seqrecord/featuretypes.py:77:9: note:     def __setitem__(self, slice, Iterable[str]) -> None
(libnano)libnano/libnano/fileio/gb_writer.py:5: error: Name '_io' is not defined  [name-defined]
(libnano)libnano/libnano/fileio/gb_writer.py:53: error: Name '_io' is not defined  [name-defined]
(libnano)libnano/libnano/fileio/gb_writer.py:79: error: Name '_io' is not defined  [name-defined]
(libnano)libnano/libnano/fileio/gb_writer.py:88: error: Name '_io' is not defined  [name-defined]
(libnano)libnano/libnano/fileio/gb_writer.py:93: error: Name '_io' is not defined  [name-defined]
(libnano)libnano/libnano/fileio/gb_writer.py:101: error: Name '_io' is not defined  [name-defined]
(libnano)libnano/libnano/fileio/gb_writer.py:107: error: Name '_io' is not defined  [name-defined]
(libnano)libnano/libnano/fileio/gb_writer.py:112: error: Name '_io' is not defined  [name-defined]
(libnano)libnano/libnano/fileio/gb_writer.py:128: error: Name '_io' is not defined  [name-defined]
(libnano)libnano/libnano/fileio/gb_writer.py:155: error: Name '_io' is not defined  [name-defined]
(libnano)libnano/libnano/fileio/gb_writer.py:173: error: Name '_io' is not defined  [name-defined]
(libnano)libnano/libnano/fileio/gb_writer.py:231: error: Name '_io' is not defined  [name-defined]
(libnano)libnano/libnano/fileio/naformat.py:22:5: error: Name 'NEWLINE_STR' already defined on line 19  [no-redef]
(libnano)libnano/libnano/fileio/naformat.py:50:27: error: Incompatible types in assignment (expression has type "Dict[int, Optional[int]]", variable has type "Dict[int, int]")  [assignment]
(libnano)libnano/libnano/fileio/naformat.py:137:9: error: Name 'lim_hi' already defined on line 135  [no-redef]
(libnano)libnano/libnano/fileio/naformat.py:174:9: error: Name 'out_rev' already defined on line 167  [no-redef]
(libnano)libnano/libnano/fileio/gb_writer_b.py:9: error: Name '_io' is not defined  [name-defined]
(libnano)libnano/libnano/fileio/gb_writer_b.py:57: error: Name '_io' is not defined  [name-defined]
(libnano)libnano/libnano/fileio/gb_writer_b.py:86: error: Name '_io' is not defined  [name-defined]
(libnano)libnano/libnano/fileio/gb_writer_b.py:90:52: error: Argument 2 to "multiline_spaces" has incompatible type "bytes"; expected "str"  [arg-type]
(libnano)libnano/libnano/fileio/gb_writer_b.py:95: error: Name '_io' is not defined  [name-defined]
(libnano)libnano/libnano/fileio/gb_writer_b.py:100: error: Name '_io' is not defined  [name-defined]
(libnano)libnano/libnano/fileio/gb_writer_b.py:107: error: Name '_io' is not defined  [name-defined]
(libnano)libnano/libnano/fileio/gb_writer_b.py:113: error: Name '_io' is not defined  [name-defined]
(libnano)libnano/libnano/fileio/gb_writer_b.py:118: error: Name '_io' is not defined  [name-defined]
(libnano)libnano/libnano/fileio/gb_writer_b.py:128:50: error: Argument 2 to "multiline_spaces" has incompatible type "bytes"; expected "str"  [arg-type]
(libnano)libnano/libnano/fileio/gb_writer_b.py:134: error: Name '_io' is not defined  [name-defined]
(libnano)libnano/libnano/fileio/gb_writer_b.py:149:47: error: Argument 2 to "multiline_spaces" has incompatible type "bytes"; expected "str"  [arg-type]
(libnano)libnano/libnano/fileio/gb_writer_b.py:151:45: error: Argument 2 to "multiline_spaces" has incompatible type "bytes"; expected "str"  [arg-type]
(libnano)libnano/libnano/fileio/gb_writer_b.py:153:52: error: Argument 2 to "multiline_spaces" has incompatible type "bytes"; expected "str"  [arg-type]
(libnano)libnano/libnano/fileio/gb_writer_b.py:161: error: Name '_io' is not defined  [name-defined]
(libnano)libnano/libnano/fileio/gb_writer_b.py:169:46: error: Argument 2 to "multiline_spaces" has incompatible type "bytes"; expected "str"  [arg-type]
(libnano)libnano/libnano/fileio/gb_writer_b.py:174:64: error: Argument 2 to "multiline_spaces" has incompatible type "bytes"; expected "str"  [arg-type]
(libnano)libnano/libnano/fileio/gb_writer_b.py:179: error: Name '_io' is not defined  [name-defined]
(libnano)libnano/libnano/fileio/gb_writer_b.py:205:47: error: Argument 1 to "multiline" has incompatible type "bytes"; expected "str"  [arg-type]
(libnano)libnano/libnano/fileio/gb_writer_b.py:205:62: error: Argument 2 to "multiline" has incompatible type "bytes"; expected "str"  [arg-type]
(libnano)libnano/libnano/fileio/gb_writer_b.py:212:54: error: Argument 1 to "multiline_spaces" has incompatible type "bytes"; expected "str"  [arg-type]
(libnano)libnano/libnano/fileio/gb_writer_b.py:212:69: error: Argument 2 to "multiline_spaces" has incompatible type "bytes"; expected "str"  [arg-type]
(libnano)libnano/libnano/fileio/gb_writer_b.py:225:47: error: Argument 1 to "multiline" has incompatible type "bytes"; expected "str"  [arg-type]
(libnano)libnano/libnano/fileio/gb_writer_b.py:225:62: error: Argument 2 to "multiline" has incompatible type "bytes"; expected "str"  [arg-type]
(libnano)libnano/libnano/fileio/gb_writer_b.py:232:54: error: Argument 1 to "multiline_spaces" has incompatible type "bytes"; expected "str"  [arg-type]
(libnano)libnano/libnano/fileio/gb_writer_b.py:232:69: error: Argument 2 to "multiline_spaces" has incompatible type "bytes"; expected "str"  [arg-type]
(libnano)libnano/libnano/fileio/gb_writer_b.py:237: error: Name '_io' is not defined  [name-defined]
(libnano)libnano/libnano/helpers/jsonbytes.py:23:37: error: Argument 1 to "base_decode_list" has incompatible type "Union[Tuple[Any, ...], List[Any]]"; expected "List[Any]"  [arg-type]
(libnano)libnano/libnano/helpers/jsonbytes.py:65: error: Name '_io' is not defined  [name-defined]
(libnano)libnano/libnano/fileio/xmfa.py:17:26: error: Name '_sre' is not defined  [name-defined]
(libnano)libnano/libnano/fileio/xmfa.py:23:20: error: Name '_sre' is not defined  [name-defined]
(libnano)libnano/libnano/fileio/xmfa.py:25:12: error: Name '_sre' is not defined  [name-defined]
(libnano)libnano/libnano/fileio/gb_reader.py:21:9: error: Need type annotation for 'd'  [var-annotated]
(libnano)libnano/libnano/fileio/gb_reader.py:40:21: error: Incompatible types in assignment (expression has type "List[Dict[Any, Any]]", target has type "Dict[Any, Any]")  [assignment]
(libnano)libnano/libnano/fileio/gb_reader.py:41:16: error: Incompatible types in assignment (expression has type "str", target has type "Dict[Any, Any]")  [assignment]
(libnano)libnano/libnano/fileio/gb_reader.py:139:18: error: Name '_sre' is not defined  [name-defined]
(libnano)libnano/libnano/fileio/gb_reader.py:141:16: error: Name '_sre' is not defined  [name-defined]
(libnano)libnano/libnano/fileio/gb_reader.py:143:41: error: Incompatible default for argument "isbytes" (default has type "bool", argument has type "str")  [assignment]
(libnano)libnano/libnano/fileio/gb_reader.py:145:9: error: Item "None" of "Optional[Match[Any]]" has no attribute "groupdict"  [union-attr]
(libnano)libnano/libnano/fileio/gb_reader.py:210:19: error: Name '_sre' is not defined  [name-defined]
(libnano)libnano/libnano/fileio/gb_reader.py:255:14: error: Name '_sre' is not defined  [name-defined]
(libnano)libnano/libnano/fileio/gb_reader_b.py:30:9: error: Need type annotation for 'd'  [var-annotated]
(libnano)libnano/libnano/fileio/gb_reader_b.py:50:22: error: Incompatible types in assignment (expression has type "List[Dict[Any, Any]]", target has type "Dict[Any, Any]")  [assignment]
(libnano)libnano/libnano/fileio/gb_reader_b.py:51:17: error: Incompatible types in assignment (expression has type "bytes", target has type "Dict[Any, Any]")  [assignment]
(libnano)libnano/libnano/fileio/gb_reader_b.py:144:16: error: Name '_sre' is not defined  [name-defined]
(libnano)libnano/libnano/fileio/gb_reader_b.py:147:9: error: Item "None" of "Optional[Match[Any]]" has no attribute "groupdict"  [union-attr]
(libnano)libnano/libnano/fileio/gb_reader_b.py:153:21: error: Name '_sre' is not defined  [name-defined]
(libnano)libnano/libnano/fileio/gb_reader_b.py:168:20: error: Name '_sre' is not defined  [name-defined]
(libnano)libnano/libnano/fileio/gb_reader_b.py:178:18: error: Name '_sre' is not defined  [name-defined]
(libnano)libnano/libnano/fileio/gb_reader_b.py:189:17: error: Name '_sre' is not defined  [name-defined]
(libnano)libnano/libnano/fileio/gb_reader_b.py:199:19: error: Name '_sre' is not defined  [name-defined]
(libnano)libnano/libnano/fileio/gb_reader_b.py:209:17: error: Name '_sre' is not defined  [name-defined]
(libnano)libnano/libnano/fileio/gb_reader_b.py:219:19: error: Name '_sre' is not defined  [name-defined]
(libnano)libnano/libnano/fileio/gb_reader_b.py:263:14: error: Name '_sre' is not defined  [name-defined]
(libnano)libnano/libnano/fileio/gb_reader_b.py:280:30: error: Incompatible types in assignment (expression has type "int", target has type "bytes")  [assignment]
(libnano)libnano/libnano/fileio/gb_reader_b.py:282:36: error: Incompatible types in assignment (expression has type "int", target has type "bytes")  [assignment]
(libnano)libnano/libnano/fileio/gb_reader_b.py:284:36: error: Incompatible types in assignment (expression has type "None", target has type "bytes")  [assignment]
(libnano)libnano/libnano/fileio/gb_reader_b.py:286:34: error: Incompatible types in assignment (expression has type "int", target has type "bytes")  [assignment]
(libnano)libnano/libnano/fileio/gb_reader_b.py:288:34: error: Incompatible types in assignment (expression has type "None", target has type "bytes")  [assignment]
(libnano)libnano/libnano/fileio/gb_reader_b.py:317:18: error: Name '_sre' is not defined  [name-defined]
(libnano)libnano/libnano/fileio/fasta.py:70:59: error: Argument 4 to "sanitizeRecSeq" has incompatible type "Optional[str]"; expected "str"  [arg-type]
(libnano)libnano/libnano/fileio/fasta.py:95:51: error: Argument 4 to "sanitizeRecSeq" has incompatible type "Optional[str]"; expected "str"  [arg-type]
(libnano)libnano/libnano/fileio/fasta.py:102:51: error: Argument 4 to "sanitizeRecSeq" has incompatible type "Optional[str]"; expected "str"  [arg-type]
(libnano)libnano/libnano/fileio/fasta.py:134: error: Name '_io' is not defined  [name-defined]
(libnano)libnano/libnano/fileio/fasta.py:146: error: Name '_io' is not defined  [name-defined]

[RRepo](silver-castle)mach9
(silver-castle)mach9/mach9/views.py:39:5: error: Need type annotation for 'decorators' (hint: "decorators: List[<type>] = ...")  [var-annotated]
(silver-castle)mach9/tests/test_config.py:25:1: error: Name 'test_auto_load_env' already defined on line 19  [no-redef]
(silver-castle)mach9/mach9/config.py:115:9: error: Value of type "object" is not indexable  [index]
(silver-castle)mach9/mach9/config.py:117:5: error: "object" has no attribute "pop"  [attr-defined]
(silver-castle)mach9/mach9/config.py:118:5: error: "object" has no attribute "pop"  [attr-defined]
(silver-castle)mach9/tests/test_signal_handlers.py:13:11: error: Need type annotation for 'calledq'  [var-annotated]
(silver-castle)mach9/mach9/http.py:139:28: error: Incompatible types in assignment (expression has type "List[<nothing>]", variable has type "None")  [assignment]
(silver-castle)mach9/mach9/http.py:144:13: error: "None" has no attribute "feed_data"  [attr-defined]
(silver-castle)mach9/mach9/http.py:152:20: error: Incompatible types in assignment (expression has type "bytes", variable has type "None")  [assignment]
(silver-castle)mach9/mach9/http.py:162:9: error: "None" has no attribute "append"  [attr-defined]
(silver-castle)mach9/mach9/http.py:182:13: error: "None" has no attribute "send"  [attr-defined]
(silver-castle)mach9/mach9/http.py:284:34: error: Argument 1 to "len" has incompatible type "Optional[Any]"; expected "Sized"  [arg-type]
(silver-castle)mach9/mach9/http.py:286:17: error: "None" has no attribute "write"  [attr-defined]
(silver-castle)mach9/mach9/http.py:286:52: error: Incompatible types in string interpolation (expression has type "Optional[Any]", placeholder has type "bytes")  [str-format]
(silver-castle)mach9/mach9/http.py:289:17: error: "None" has no attribute "write"  [attr-defined]
(silver-castle)mach9/mach9/http.py:307:17: error: Incompatible types in string interpolation (expression has type "Optional[Any]", placeholder has type "Union[int, float, SupportsInt]")  [str-format]
(silver-castle)mach9/mach9/http.py:307:17: error: Incompatible types in string interpolation (expression has type "Optional[Any]", placeholder has type "bytes")  [str-format]
(silver-castle)mach9/mach9/http.py:314:9: error: "None" has no attribute "write"  [attr-defined]
(silver-castle)mach9/mach9/websocket.py:38:33: error: Incompatible types in assignment (expression has type "List[List[bytes]]", variable has type "Headers")  [assignment]
Found 19 errors in 6 files (checked 44 source files)

[RRepo](AutoGentoo)AutoGentoo
(AutoGentoo)AutoGentoo/src/worker/worker.py:24:2: error: Need type annotation for 'running_jobs' (hint: "running_jobs: Dict[<type>, <type>] = ...")  [var-annotated]
Found 1 error in 1 file (checked 5 source files)

[RRepo](vaniakosmos)memes-reposter
(vaniakosmos)memes-reposter/apps/reddit/filters.py:99:63: error: Function "builtins.iter" is not valid as a type  [valid-type]
(vaniakosmos)memes-reposter/apps/reddit/filters.py:99:63: note: Perhaps you need "Callable[...]" or a callback protocol?
(vaniakosmos)memes-reposter/apps/reddit/publisher.py:58:9: error: Return value expected  [return-value]
(vaniakosmos)memes-reposter/apps/reddit/publisher.py:64:12: error: Unsupported left operand type for + ("None")  [operator]
(vaniakosmos)memes-reposter/apps/reddit/publisher.py:64:20: note: Left operand is of type "Optional[str]"
Found 3 errors in 2 files (checked 11 source files)

[RRepo](capergroup)bayou
(capergroup)bayou/src/main/python/bayou/experiments/predict_asts/tree_edit.py:67:29: error: Not all arguments converted during string formatting  [str-format]
(capergroup)bayou/src/main/python/scripts/aws_automator/automate_train.py:230:36: error: Not all arguments converted during string formatting  [str-format]
Found 2 errors in 2 files (checked 20 source files)

[RRepo](yktoo)indicator-docker
Success: no issues found in 2 source files

[RRepo](linnarsson-lab)loompy
Success: no issues found in 18 source files

[RRepo](juliakreutzer)bandit-neuralmonkey
(juliakreutzer)bandit-neuralmonkey/neuralmonkey/runners/plain_runner.py:72:20: error: The type alias to Union is invalid in runtime context  [misc]
(juliakreutzer)bandit-neuralmonkey/neuralmonkey/encoders/imagenet_encoder.py:207:16: error: Cannot determine type of '_saver'  [has-type]
(juliakreutzer)bandit-neuralmonkey/neuralmonkey/encoders/sentence_cnn_encoder.py:168:9: error: Tuple type expected for multiple variables  [misc]
(juliakreutzer)bandit-neuralmonkey/neuralmonkey/evaluators/rouge.py:21:22: error: Module has no attribute "Rouge"; maybe "rouge"?  [attr-defined]
(juliakreutzer)bandit-neuralmonkey/neuralmonkey/readers/audio_reader.py:57:23: error: Item "None" of "Optional[IO[bytes]]" has no attribute "read"  [union-attr]
Found 5 errors in 5 files (checked 97 source files)

[RRepo](MashiMaroLjc)ML-and-DM-in-action
(MashiMaroLjc)ML-and-DM-in-action/DouBanMovie/datas.py:102:2: error: Need type annotation for 'record' (hint: "record: Dict[<type>, <type>] = ...")  [var-annotated]
(MashiMaroLjc)ML-and-DM-in-action/DouBanMovie/datas.py:235:4: error: No overload variant of "__setitem__" of "list" matches argument types "Any", "float"  [call-overload]
(MashiMaroLjc)ML-and-DM-in-action/DouBanMovie/datas.py:235:4: note: Possible overload variants:
(MashiMaroLjc)ML-and-DM-in-action/DouBanMovie/datas.py:235:4: note:     def __setitem__(self, int, int) -> None
(MashiMaroLjc)ML-and-DM-in-action/DouBanMovie/datas.py:235:4: note:     def __setitem__(self, slice, Iterable[int]) -> None
(MashiMaroLjc)ML-and-DM-in-action/DouBanMovie/datas.py:319:11: error: Need type annotation for 'result'  [var-annotated]
(MashiMaroLjc)ML-and-DM-in-action/chinese-poem/probability.py:40:1: error: Need type annotation for 'word_fre' (hint: "word_fre: Dict[<type>, <type>] = ...")  [var-annotated]
(MashiMaroLjc)ML-and-DM-in-action/chinese-poem/probability.py:46:1: error: Need type annotation for 'two_fre' (hint: "two_fre: Dict[<type>, <type>] = ...")  [var-annotated]
(MashiMaroLjc)ML-and-DM-in-action/chinese-poem/probability.py:58:1: error: Need type annotation for 'pro' (hint: "pro: Dict[<type>, <type>] = ...")  [var-annotated]
(MashiMaroLjc)ML-and-DM-in-action/BetaMeow/tree.py:101:7: error: Need type annotation for 'qu'  [var-annotated]
(MashiMaroLjc)ML-and-DM-in-action/BetaMeow/ai.py:197:33: error: Argument 3 to "get_new_p" has incompatible type "object"; expected "str"  [arg-type]
(MashiMaroLjc)ML-and-DM-in-action/BetaMeow/ai.py:197:44: error: Argument 4 to "get_new_p" has incompatible type "object"; expected "int"  [arg-type]
(MashiMaroLjc)ML-and-DM-in-action/BetaMeow/ai.py:199:29: error: Argument 3 to "get_new_p" has incompatible type "object"; expected "str"  [arg-type]
(MashiMaroLjc)ML-and-DM-in-action/BetaMeow/ai.py:199:39: error: Argument 4 to "get_new_p" has incompatible type "object"; expected "int"  [arg-type]
(MashiMaroLjc)ML-and-DM-in-action/BetaMeow/ai.py:215:33: error: Argument 3 to "get_new_p" has incompatible type "object"; expected "str"  [arg-type]
(MashiMaroLjc)ML-and-DM-in-action/BetaMeow/ai.py:215:46: error: Argument 4 to "get_new_p" has incompatible type "object"; expected "int"  [arg-type]
(MashiMaroLjc)ML-and-DM-in-action/BetaMeow/ai.py:219:36: error: Argument 3 to "get_new_p" has incompatible type "object"; expected "str"  [arg-type]
(MashiMaroLjc)ML-and-DM-in-action/BetaMeow/ai.py:219:49: error: Argument 4 to "get_new_p" has incompatible type "object"; expected "int"  [arg-type]
(MashiMaroLjc)ML-and-DM-in-action/DouBanMovie/api.py:16:2: error: No overload variant of "join" matches argument types "object", "str"  [call-overload]
(MashiMaroLjc)ML-and-DM-in-action/DouBanMovie/api.py:16:2: note: Possible overload variants:
(MashiMaroLjc)ML-and-DM-in-action/DouBanMovie/api.py:16:2: note:     def join(a: Union[str, _PathLike[str]], *paths: Union[str, _PathLike[str]]) -> str
(MashiMaroLjc)ML-and-DM-in-action/DouBanMovie/api.py:16:2: note:     def join(a: Union[bytes, _PathLike[bytes]], *paths: Union[bytes, _PathLike[bytes]]) -> bytes
(MashiMaroLjc)ML-and-DM-in-action/DouBanMovie/api.py:107:15: error: Argument "port" to "run" of "Flask" has incompatible type "object"; expected "Union[int, str, None]"  [arg-type]
Found 17 errors in 5 files (checked 18 source files)

[RRepo](liushilive)HTMLReport
(liushilive)HTMLReport/HTMLReport/Result.py:17:3: error: invalid syntax  [syntax]
Found 1 error in 1 file (checked 8 source files)

[RRepo](WiseDoge)plume
(WiseDoge)plume/tests/test_hmm.py:17:7: error: Name 'HMMEstimator' is not defined  [name-defined]
(WiseDoge)plume/plume/perceptron.py:32:21: error: Incompatible types in assignment (expression has type "int", variable has type "None")  [assignment]
(WiseDoge)plume/plume/perceptron.py:49:21: error: Incompatible types in assignment (expression has type "int", variable has type "None")  [assignment]
(WiseDoge)plume/plume/perceptron.py:64:29: error: Syntax error in type annotation  [syntax]
(WiseDoge)plume/plume/perceptron.py:64:29: note: Suggestion: Use Tuple[T1, ..., Tn] instead of (T1, ..., Tn)
(WiseDoge)plume/plume/svm.py:27:5: error: Missing return statement  [return]
(WiseDoge)plume/plume/svm.py:107:5: error: Missing return statement  [return]
(WiseDoge)plume/plume/ensemble.py:20:9: error: Need type annotation for 'clfs' (hint: "clfs: List[<type>] = ...")  [var-annotated]
Found 7 errors in 4 files (checked 24 source files)

[RRepo](Maselkov)Maselkov-Cogs
(Maselkov)Maselkov-Cogs/bouncer/bouncer.py:115:50: error: Item "None" of "Optional[Any]" has no attribute "id"  [union-attr]
(Maselkov)Maselkov-Cogs/bouncer/bouncer.py:137:55: error: Item "None" of "Optional[Any]" has no attribute "id"  [union-attr]
Found 2 errors in 1 file (checked 3 source files)

[RRepo](bjornaa)ladim
(bjornaa)ladim/postladim/postladim.py:84:5: error: Invalid signature "def (postladim.ParticleVariable, builtins.int) -> Any" for "__getattr__"  [misc]
(bjornaa)ladim/postladim/test/test_cellcount.py:5:1: error: Module 'postladim' has no attribute 'cellcount'  [attr-defined]
(bjornaa)ladim/examples/obstacle/animate_discrete.py:12:8: error: Too few arguments for "Grid"  [call-arg]
(bjornaa)ladim/ladim/state.py:56:24: error: Module has no attribute "IBM"  [attr-defined]
(bjornaa)ladim/ladim/state.py:106:13: error: "State" has no attribute "Z"  [attr-defined]
(bjornaa)ladim/ladim/state.py:107:9: error: "State" has no attribute "Z"  [attr-defined]
(bjornaa)ladim/ladim/state.py:109:31: error: "State" has no attribute "X"  [attr-defined]
(bjornaa)ladim/ladim/state.py:109:39: error: "State" has no attribute "Y"  [attr-defined]
(bjornaa)ladim/ladim/state.py:110:13: error: "State" has no attribute "Z"  [attr-defined]
(bjornaa)ladim/ladim/state.py:111:9: error: "State" has no attribute "Z"  [attr-defined]
(bjornaa)ladim/ladim/state.py:117:25: error: Value of type "None" is not indexable  [index]
(bjornaa)ladim/ladim/output.py:89:49: error: "None" has no attribute "filepath"  [attr-defined]
(bjornaa)ladim/ladim/output.py:98:9: error: "None" has no attribute "variables"  [attr-defined]
(bjornaa)ladim/ladim/output.py:100:9: error: "None" has no attribute "variables"  [attr-defined]
(bjornaa)ladim/ladim/output.py:111:17: error: "None" has no attribute "variables"  [attr-defined]
(bjornaa)ladim/ladim/output.py:113:17: error: "None" has no attribute "variables"  [attr-defined]
(bjornaa)ladim/ladim/output.py:115:17: error: "None" has no attribute "variables"  [attr-defined]
(bjornaa)ladim/ladim/output.py:122:9: error: "None" has no attribute "sync"  [attr-defined]
(bjornaa)ladim/ladim/output.py:126:13: error: "None" has no attribute "close"  [attr-defined]
Found 19 errors in 5 files (checked 39 source files)

[RRepo](dgelessus)python-rsrcfork

[RRepo](qgis)QGIS
(qgis)QGIS/scripts/widgets_tree.py:119:30: error: invalid syntax  [syntax]
Found 1 error in 1 file (checked 671 source files)

[RRepo](funtoo)funtoo-overlay
(funtoo)funtoo-overlay/wip/upgrade_steps.py:3:19: error: Name 'OrderedDict' is not defined  [name-defined]
(funtoo)funtoo-overlay/utils/python3_kit_qa_check.py:28:15: error: Name 'iter_completed' is not defined  [name-defined]
Found 2 errors in 2 files (checked 10 source files)

[RRepo](KrazySoft)Krazy-Cogs
(KrazySoft)Krazy-Cogs/mtgUtility/mtgUtility.py:36:10: error: unexpected EOF while parsing  [syntax]
Found 1 error in 1 file (checked 6 source files)

[RRepo](xlevus)python-diana
(xlevus)python-diana/diana/module.py:22:5: error: Item "function" of "Union[Callable[..., Any], Callable[..., Awaitable[Any]]]" has no attribute "__provides__"  [union-attr]
(xlevus)python-diana/diana/module.py:92:13: error: "Type[Module]" has no attribute "async_providers"  [attr-defined]
(xlevus)python-diana/diana/module.py:92:33: error: Item "function" of "Union[Callable[..., Any], Callable[..., Awaitable[Any]]]" has no attribute "__provides__"  [union-attr]
(xlevus)python-diana/diana/module.py:94:13: error: "Type[Module]" has no attribute "providers"  [attr-defined]
(xlevus)python-diana/diana/module.py:94:27: error: Item "function" of "Union[Callable[..., Any], Callable[..., Awaitable[Any]]]" has no attribute "__provides__"  [union-attr]
(xlevus)python-diana/diana/injector.py:25:42: error: Name 'Dependency' is not defined  [name-defined]
(xlevus)python-diana/diana/injector.py:26:43: error: Name 'Dependency' is not defined  [name-defined]
(xlevus)python-diana/diana/injector.py:27:9: error: Need type annotation for 'modules' (hint: "modules: List[<type>] = ...")  [var-annotated]
(xlevus)python-diana/diana/injector.py:28:9: error: Need type annotation for 'providers' (hint: "providers: Dict[<type>, <type>] = ...")  [var-annotated]
(xlevus)python-diana/diana/injector.py:29:9: error: Need type annotation for 'async_providers' (hint: "async_providers: Dict[<type>, <type>] = ...")  [var-annotated]
(xlevus)python-diana/diana/injector.py:66:34: error: Module has no attribute "providers"; maybe "provides" or "provider"?  [attr-defined]
(xlevus)python-diana/diana/injector.py:69:34: error: Module has no attribute "async_providers"  [attr-defined]
(xlevus)python-diana/diana/injector.py:94:9: error: "Callable[..., Any]" has no attribute "__dependencies__"  [attr-defined]
(xlevus)python-diana/diana/injector.py:109:9: error: "Callable[..., Any]" has no attribute "__dependencies__"  [attr-defined]
(xlevus)python-diana/diana/injector.py:125:17: error: "Callable[..., Any]" has no attribute "__dependencies__"  [attr-defined]
(xlevus)python-diana/diana/injector.py:151:17: error: "Callable[..., Any]" has no attribute "__dependencies__"  [attr-defined]
(xlevus)python-diana/diana/injector.py:152:13: error: "Callable[..., Any]" has no attribute "__dependencies__"  [attr-defined]
(xlevus)python-diana/diana/injector.py:189:34: error: Argument 1 to "update_wrapper" has incompatible type "Dependencies"; expected "Callable[..., Any]"  [arg-type]
(xlevus)python-diana/diana/injector.py:195:9: error: Need type annotation for 'dependency_params' (hint: "dependency_params: Dict[<type>, <type>] = ...")  [var-annotated]
(xlevus)python-diana/diana/injector.py:196:9: error: Need type annotation for 'dependencies' (hint: "dependencies: Dict[<type>, <type>] = ...")  [var-annotated]

[RRepo](netquity)err-github-merger
(netquity)err-github-merger/merge.py:51:16: error: Incompatible return value type (got "Dict[str, Collection[str]]", expected "str")  [return-value]
(netquity)err-github-merger/merge.py:62: error: Name 'typing' is not defined  [name-defined]
(netquity)err-github-merger/merge.py:66:31: error: "str" has no attribute "copy"  [attr-defined]
(netquity)err-github-merger/merge.py:86: error: Name 'errbot' is not defined  [name-defined]
Found 4 errors in 1 file (checked 1 source file)

[RRepo](Aalto-LeTech)a-plus
(Aalto-LeTech)a-plus/external_services/api/authentication.py: error: Duplicate module named 'authentication' (also at '/home/bew/archive/typed_project/(Aalto-LeTech)a-plus/lib/api/authentication/__init__.py')  [misc]
(Aalto-LeTech)a-plus/external_services/api/authentication.py: error: Are you missing an __init__.py?  [misc]
Found 2 errors in 1 file (checked 97 source files)

[RRepo](AnderssonPeter)pytrafikverket
(AnderssonPeter)pytrafikverket/pytrafikverket/trafikverket_train.py:67:20: error: Incompatible return value type (got "None", expected "timedelta")  [return-value]
(AnderssonPeter)pytrafikverket/pytrafikverket/trafikverket_train.py:76:16: error: Incompatible return value type (got "None", expected "timedelta")  [return-value]
(AnderssonPeter)pytrafikverket/pytrafikverket/trafikverket_train.py:128:16: error: Incompatible return value type (got "List[Type[StationInfo]]", expected "List[StationInfo]")  [return-value]
Found 3 errors in 1 file (checked 4 source files)

[RRepo](choderalab)perses
(choderalab)perses/perses/tests/test_analysis.py:25:1: error: Module 'perses.storage' has no attribute 'NetCDFStorage'  [attr-defined]
(choderalab)perses/perses/tests/test_analysis.py:25:1: error: Module 'perses.storage' has no attribute 'NetCDFStorageView'  [attr-defined]
(choderalab)perses/perses/utils/openeye.py:10:1: error: Module 'openeye' has no attribute 'oegraphsim'  [attr-defined]
(choderalab)perses/perses/utils/openeye.py:10:1: error: Module 'openeye' has no attribute 'oegraphsim'  [attr-defined]
(choderalab)perses/basesetup.py:15:1: error: Module 'distutils.command.build_ext' has no attribute 'build_ext'  [attr-defined]
(choderalab)perses/perses/tests/test_relative_setup.py:6:1: error: Module 'perses.app' has no attribute 'relative_setup'  [attr-defined]
(choderalab)perses/perses/tests/test_relative_setup.py:6:1: error: Module 'perses.app' has no attribute 'setup_relative_calculation'  [attr-defined]
(choderalab)perses/examples/freesolv/gather_data_for_analysis.py:4:1: error: Module 'perses.analysis' has no attribute 'Analysis'  [attr-defined]
(choderalab)perses/examples/freesolv/freesolv_testsystem.py:7:1: error: Module 'perses.storage' has no attribute 'NetCDFStorageView'  [attr-defined]
(choderalab)perses/examples/freesolv/freesolv_testsystem.py:7:1: error: Module 'perses.storage' has no attribute 'NetCDFStorage'  [attr-defined]
(choderalab)perses/examples/freesolv/freesolv_testsystem.py:79:9: error: Need type annotation for 'proposal_metadata' (hint: "proposal_metadata: Dict[<type>, <type>] = ...")  [var-annotated]
(choderalab)perses/examples/abl-src-selectivity/selectivity.py:8:1: error: Module 'perses.storage' has no attribute 'NetCDFStorage'  [attr-defined]
(choderalab)perses/examples/abl-src-selectivity/selectivity.py:8:1: error: Module 'perses.storage' has no attribute 'NetCDFStorageView'  [attr-defined]
(choderalab)perses/setup.py:66:1: error: Need type annotation for 'extensions' (hint: "extensions: List[<type>] = ...")  [var-annotated]
(choderalab)perses/perses/tests/test_storage.py:23:1: error: Module 'perses.storage' has no attribute 'NetCDFStorage'  [attr-defined]
(choderalab)perses/perses/tests/test_storage.py:23:1: error: Module 'perses.storage' has no attribute 'NetCDFStorageView'  [attr-defined]
Found 16 errors in 9 files (checked 38 source files)

[RRepo](jamesliu)mxnet
(jamesliu)mxnet/example/rcnn/rcnn/io/image.py:22:1: error: Relative import climbs too many namespaces  [misc]
(jamesliu)mxnet/example/sparse/factorization_machine/train.py:102:13: error: Name 'factorization_machine_model' is not defined  [name-defined]
(jamesliu)mxnet/example/sparse/factorization_machine/train.py:142:9: error: "Iterator[Any]" has no attribute "reset"  [attr-defined]
(jamesliu)mxnet/example/sparse/factorization_machine/train.py:143:9: error: "Iterator[Any]" has no attribute "reset"  [attr-defined]
(jamesliu)mxnet/tests/python/unittest/common.py:235:5: error: Name 'TemporaryDirectory' already defined (possibly by an import)  [no-redef]
(jamesliu)mxnet/ci/build.py:51:42: error: Argument 1 to "join" has incompatible type "Optional[str]"; expected "Union[str, _PathLike[str]]"  [arg-type]
(jamesliu)mxnet/ci/build.py:194:1: error: Missing return statement  [return]
(jamesliu)mxnet/docs/mxdoc.py:31:1: error: Need type annotation for '_EVAL_WHILTELIST' (hint: "_EVAL_WHILTELIST: List[<type>] = ...")  [var-annotated]
(jamesliu)mxnet/tests/python/mkl/test_mkldnn.py:244:5: error: Name 'test_mkldnn_install' is not defined  [name-defined]
(jamesliu)mxnet/tests/python/unittest/test_gluon_trainer.py:161:1: error: Name 'test_trainer_save_load' already defined on line 99  [no-redef]
(jamesliu)mxnet/tests/python/unittest/test_image.py:56:5: error: Need type annotation for 'IMAGES' (hint: "IMAGES: List[<type>] = ...")  [var-annotated]
Found 11 errors in 8 files (checked 14 source files)

[RRepo](onyb)reobject
(onyb)reobject/reobject/query/parser.py:7:1: error: Relative import climbs too many namespaces  [misc]
(onyb)reobject/reobject/query/parser.py:37:29: error: Incompatible types in assignment (expression has type "None", variable has type "str")  [assignment]
(onyb)reobject/reobject/query/parser.py:131:5: error: Incompatible return type for "__new__" (returns "_Q", but must return a subtype of "Q")  [misc]
(onyb)reobject/reobject/query/queryset.py:10:1: error: Relative import climbs too many namespaces  [misc]
(onyb)reobject/reobject/query/queryset.py:54:62: error: Name 'Model' is not defined  [name-defined]
(onyb)reobject/reobject/query/queryset.py:175:5: error: Return type "QuerySet" of "reverse" incompatible with return type "None" in supertype "list"  [override]
(onyb)reobject/reobject/query/queryset.py:175:5: error: Return type "QuerySet" of "reverse" incompatible with return type "None" in supertype "MutableSequence"  [override]
(onyb)reobject/reobject/models/manager.py:78:29: error: Name 'Model' is not defined  [name-defined]
(onyb)reobject/reobject/models/manager.py:165:25: error: Name 'Model' is not defined  [name-defined]
(onyb)reobject/reobject/models/model.py:62:9: error: "Type[Model]" has no attribute "objects"  [attr-defined]
(onyb)reobject/examples/flux.py:7:5: error: Need type annotation for 'stores' (hint: "stores: Set[<type>] = ...")  [var-annotated]
(onyb)reobject/examples/flux.py:54:14: error: Incompatible types in assignment (expression has type "int", base class "Store" defined the type as "None")  [assignment]
Found 12 errors in 5 files (checked 16 source files)

[RRepo](jelford)activesoup
(jelford)activesoup/src/activesoup/html.py:109:68: error: Module "xml.etree.ElementTree" is not valid as a type  [valid-type]
(jelford)activesoup/src/activesoup/html.py:114:12: error: Incompatible return value type (got "Union[Type[BoundTag], BoundTagFactory]", expected "BoundTagFactory")  [return-value]
Found 2 errors in 1 file (checked 11 source files)

[RRepo](jcarbaugh)butterfield
(jcarbaugh)butterfield/butterfield/utils.py:13:29: error: Name 'message' is not defined  [name-defined]
(jcarbaugh)butterfield/butterfield/handlers/environment.py:5:29: error: Function "environment.bot_added" is not valid as a type  [valid-type]
(jcarbaugh)butterfield/butterfield/handlers/environment.py:5:29: note: Perhaps you need "Callable[...]" or a callback protocol?
(jcarbaugh)butterfield/butterfield/handlers/environment.py:10:31: error: Function "environment.bot_changed" is not valid as a type  [valid-type]
(jcarbaugh)butterfield/butterfield/handlers/environment.py:10:31: note: Perhaps you need "Callable[...]" or a callback protocol?
(jcarbaugh)butterfield/butterfield/handlers/environment.py:15:35: error: Function "environment.channel_archive" is not valid as a type  [valid-type]
(jcarbaugh)butterfield/butterfield/handlers/environment.py:15:35: note: Perhaps you need "Callable[...]" or a callback protocol?
(jcarbaugh)butterfield/butterfield/handlers/environment.py:16:47: error: Value of type channel_archive? is not indexable  [index]
(jcarbaugh)butterfield/butterfield/handlers/environment.py:22:35: error: Function "environment.channel_created" is not valid as a type  [valid-type]
(jcarbaugh)butterfield/butterfield/handlers/environment.py:22:35: note: Perhaps you need "Callable[...]" or a callback protocol?
(jcarbaugh)butterfield/butterfield/handlers/environment.py:23:15: error: Value of type channel_created? is not indexable  [index]
(jcarbaugh)butterfield/butterfield/handlers/environment.py:28:35: error: Function "environment.channel_deleted" is not valid as a type  [valid-type]
(jcarbaugh)butterfield/butterfield/handlers/environment.py:28:35: note: Perhaps you need "Callable[...]" or a callback protocol?
(jcarbaugh)butterfield/butterfield/handlers/environment.py:29:8: error: Value of type channel_deleted? is not indexable  [index]
(jcarbaugh)butterfield/butterfield/handlers/environment.py:30:41: error: Value of type channel_deleted? is not indexable  [index]
(jcarbaugh)butterfield/butterfield/handlers/environment.py:34:42: error: Function "environment.channel_history_change" is not valid as a type  [valid-type]
(jcarbaugh)butterfield/butterfield/handlers/environment.py:34:42: note: Perhaps you need "Callable[...]" or a callback protocol?
(jcarbaugh)butterfield/butterfield/handlers/environment.py:39:34: error: Function "environment.channel_joined" is not valid as a type  [valid-type]
(jcarbaugh)butterfield/butterfield/handlers/environment.py:39:34: note: Perhaps you need "Callable[...]" or a callback protocol?
(jcarbaugh)butterfield/butterfield/handlers/environment.py:40:15: error: Value of type channel_joined? is not indexable  [index]
(jcarbaugh)butterfield/butterfield/handlers/environment.py:45:32: error: Function "environment.channel_left" is not valid as a type  [valid-type]
(jcarbaugh)butterfield/butterfield/handlers/environment.py:45:32: note: Perhaps you need "Callable[...]" or a callback protocol?
(jcarbaugh)butterfield/butterfield/handlers/environment.py:46:8: error: Value of type channel_left? is not indexable  [index]
(jcarbaugh)butterfield/butterfield/handlers/environment.py:47:41: error: Value of type channel_left? is not indexable  [index]
(jcarbaugh)butterfield/butterfield/handlers/environment.py:51:34: error: Function "environment.channel_marked" is not valid as a type  [valid-type]
(jcarbaugh)butterfield/butterfield/handlers/environment.py:51:34: note: Perhaps you need "Callable[...]" or a callback protocol?
(jcarbaugh)butterfield/butterfield/handlers/environment.py:52:47: error: Value of type channel_marked? is not indexable  [index]
(jcarbaugh)butterfield/butterfield/handlers/environment.py:54:32: error: Value of type channel_marked? is not indexable  [index]
(jcarbaugh)butterfield/butterfield/handlers/environment.py:58:34: error: Function "environment.channel_rename" is not valid as a type  [valid-type]
(jcarbaugh)butterfield/butterfield/handlers/environment.py:58:34: note: Perhaps you need "Callable[...]" or a callback protocol?
(jcarbaugh)butterfield/butterfield/handlers/environment.py:59:47: error: Value of type channel_rename? is not indexable  [index]
(jcarbaugh)butterfield/butterfield/handlers/environment.py:61:27: error: Value of type channel_rename? is not indexable  [index]
(jcarbaugh)butterfield/butterfield/handlers/environment.py:62:30: error: Value of type channel_rename? is not indexable  [index]
(jcarbaugh)butterfield/butterfield/handlers/environment.py:66:37: error: Function "environment.channel_unarchive" is not valid as a type  [valid-type]
(jcarbaugh)butterfield/butterfield/handlers/environment.py:66:37: note: Perhaps you need "Callable[...]" or a callback protocol?
(jcarbaugh)butterfield/butterfield/handlers/environment.py:67:47: error: Value of type channel_unarchive? is not indexable  [index]
(jcarbaugh)butterfield/butterfield/handlers/environment.py:73:40: error: Function "environment.email_domain_changed" is not valid as a type  [valid-type]
(jcarbaugh)butterfield/butterfield/handlers/environment.py:73:40: note: Perhaps you need "Callable[...]" or a callback protocol?
(jcarbaugh)butterfield/butterfield/handlers/environment.py:74:47: error: Value of type email_domain_changed? is not indexable  [index]
(jcarbaugh)butterfield/butterfield/handlers/environment.py:78:31: error: Function "environment.file_change" is not valid as a type  [valid-type]
(jcarbaugh)butterfield/butterfield/handlers/environment.py:78:31: note: Perhaps you need "Callable[...]" or a callback protocol?
(jcarbaugh)butterfield/butterfield/handlers/environment.py:83:38: error: Function "environment.file_comment_added" is not valid as a type  [valid-type]
(jcarbaugh)butterfield/butterfield/handlers/environment.py:83:38: note: Perhaps you need "Callable[...]" or a callback protocol?
(jcarbaugh)butterfield/butterfield/handlers/environment.py:88:40: error: Function "environment.file_comment_deleted" is not valid as a type  [valid-type]
(jcarbaugh)butterfield/butterfield/handlers/environment.py:88:40: note: Perhaps you need "Callable[...]" or a callback protocol?
(jcarbaugh)butterfield/butterfield/handlers/environment.py:93:39: error: Function "environment.file_comment_edited" is not valid as a type  [valid-type]
(jcarbaugh)butterfield/butterfield/handlers/environment.py:93:39: note: Perhaps you need "Callable[...]" or a callback protocol?
(jcarbaugh)butterfield/butterfield/handlers/environment.py:98:32: error: Function "environment.file_created" is not valid as a type  [valid-type]
(jcarbaugh)butterfield/butterfield/handlers/environment.py:98:32: note: Perhaps you need "Callable[...]" or a callback protocol?
(jcarbaugh)butterfield/butterfield/handlers/environment.py:103:32: error: Function "environment.file_deleted" is not valid as a type  [valid-type]
(jcarbaugh)butterfield/butterfield/handlers/environment.py:103:32: note: Perhaps you need "Callable[...]" or a callback protocol?
(jcarbaugh)butterfield/butterfield/handlers/environment.py:108:32: error: Function "environment.file_private" is not valid as a type  [valid-type]
(jcarbaugh)butterfield/butterfield/handlers/environment.py:108:32: note: Perhaps you need "Callable[...]" or a callback protocol?
(jcarbaugh)butterfield/butterfield/handlers/environment.py:113:31: error: Function "environment.file_public" is not valid as a type  [valid-type]
(jcarbaugh)butterfield/butterfield/handlers/environment.py:113:31: note: Perhaps you need "Callable[...]" or a callback protocol?
(jcarbaugh)butterfield/butterfield/handlers/environment.py:118:31: error: Function "environment.file_shared" is not valid as a type  [valid-type]
(jcarbaugh)butterfield/butterfield/handlers/environment.py:118:31: note: Perhaps you need "Callable[...]" or a callback protocol?
(jcarbaugh)butterfield/butterfield/handlers/environment.py:123:33: error: Function "environment.file_unshared" is not valid as a type  [valid-type]
(jcarbaugh)butterfield/butterfield/handlers/environment.py:123:33: note: Perhaps you need "Callable[...]" or a callback protocol?
(jcarbaugh)butterfield/butterfield/handlers/environment.py:128:33: error: Function "environment.group_archive" is not valid as a type  [valid-type]
(jcarbaugh)butterfield/butterfield/handlers/environment.py:128:33: note: Perhaps you need "Callable[...]" or a callback protocol?
(jcarbaugh)butterfield/butterfield/handlers/environment.py:129:43: error: Value of type group_archive? is not indexable  [index]
(jcarbaugh)butterfield/butterfield/handlers/environment.py:135:31: error: Function "environment.group_close" is not valid as a type  [valid-type]
(jcarbaugh)butterfield/butterfield/handlers/environment.py:135:31: note: Perhaps you need "Callable[...]" or a callback protocol?
(jcarbaugh)butterfield/butterfield/handlers/environment.py:136:8: error: Value of type group_close? is not indexable  [index]
(jcarbaugh)butterfield/butterfield/handlers/environment.py:137:39: error: Value of type group_close? is not indexable  [index]
(jcarbaugh)butterfield/butterfield/handlers/environment.py:141:41: error: Function "environment.group_history_changed" is not valid as a type  [valid-type]
(jcarbaugh)butterfield/butterfield/handlers/environment.py:141:41: note: Perhaps you need "Callable[...]" or a callback protocol?
(jcarbaugh)butterfield/butterfield/handlers/environment.py:146:32: error: Function "environment.group_joined" is not valid as a type  [valid-type]
(jcarbaugh)butterfield/butterfield/handlers/environment.py:146:32: note: Perhaps you need "Callable[...]" or a callback protocol?
(jcarbaugh)butterfield/butterfield/handlers/environment.py:147:13: error: Value of type group_joined? is not indexable  [index]
(jcarbaugh)butterfield/butterfield/handlers/environment.py:152:30: error: Function "environment.group_left" is not valid as a type  [valid-type]
(jcarbaugh)butterfield/butterfield/handlers/environment.py:152:30: note: Perhaps you need "Callable[...]" or a callback protocol?
(jcarbaugh)butterfield/butterfield/handlers/environment.py:153:8: error: Value of type group_left? is not indexable  [index]
(jcarbaugh)butterfield/butterfield/handlers/environment.py:154:39: error: Value of type group_left? is not indexable  [index]
(jcarbaugh)butterfield/butterfield/handlers/environment.py:158:32: error: Function "environment.group_marked" is not valid as a type  [valid-type]
(jcarbaugh)butterfield/butterfield/handlers/environment.py:158:32: note: Perhaps you need "Callable[...]" or a callback protocol?
(jcarbaugh)butterfield/butterfield/handlers/environment.py:159:42: error: Value of type group_marked? is not indexable  [index]
(jcarbaugh)butterfield/butterfield/handlers/environment.py:161:30: error: Value of type group_marked? is not indexable  [index]
(jcarbaugh)butterfield/butterfield/handlers/environment.py:165:30: error: Function "environment.group_open" is not valid as a type  [valid-type]
(jcarbaugh)butterfield/butterfield/handlers/environment.py:165:30: note: Perhaps you need "Callable[...]" or a callback protocol?
(jcarbaugh)butterfield/butterfield/handlers/environment.py:170:32: error: Function "environment.group_rename" is not valid as a type  [valid-type]
(jcarbaugh)butterfield/butterfield/handlers/environment.py:170:32: note: Perhaps you need "Callable[...]" or a callback protocol?
(jcarbaugh)butterfield/butterfield/handlers/environment.py:171:43: error: Value of type group_rename? is not indexable  [index]
(jcarbaugh)butterfield/butterfield/handlers/environment.py:173:25: error: Value of type group_rename? is not indexable  [index]
(jcarbaugh)butterfield/butterfield/handlers/environment.py:174:28: error: Value of type group_rename? is not indexable  [index]
(jcarbaugh)butterfield/butterfield/handlers/environment.py:178:35: error: Function "environment.group_unarchive" is not valid as a type  [valid-type]
(jcarbaugh)butterfield/butterfield/handlers/environment.py:178:35: note: Perhaps you need "Callable[...]" or a callback protocol?
(jcarbaugh)butterfield/butterfield/handlers/environment.py:179:43: error: Value of type group_unarchive? is not indexable  [index]
(jcarbaugh)butterfield/butterfield/handlers/environment.py:185:28: error: Function "environment.im_close" is not valid as a type  [valid-type]
(jcarbaugh)butterfield/butterfield/handlers/environment.py:185:28: note: Perhaps you need "Callable[...]" or a callback protocol?
(jcarbaugh)butterfield/butterfield/handlers/environment.py:186:8: error: Value of type im_close? is not indexable  [index]
(jcarbaugh)butterfield/butterfield/handlers/environment.py:187:36: error: Value of type im_close? is not indexable  [index]
(jcarbaugh)butterfield/butterfield/handlers/environment.py:191:30: error: Function "environment.im_created" is not valid as a type  [valid-type]
(jcarbaugh)butterfield/butterfield/handlers/environment.py:191:30: note: Perhaps you need "Callable[...]" or a callback protocol?
(jcarbaugh)butterfield/butterfield/handlers/environment.py:192:10: error: Value of type im_created? is not indexable  [index]
(jcarbaugh)butterfield/butterfield/handlers/environment.py:193:40: error: Name 'group' is not defined  [name-defined]
(jcarbaugh)butterfield/butterfield/handlers/environment.py:197:38: error: Function "environment.im_history_changed" is not valid as a type  [valid-type]
(jcarbaugh)butterfield/butterfield/handlers/environment.py:197:38: note: Perhaps you need "Callable[...]" or a callback protocol?
(jcarbaugh)butterfield/butterfield/handlers/environment.py:202:29: error: Function "environment.im_marked" is not valid as a type  [valid-type]
(jcarbaugh)butterfield/butterfield/handlers/environment.py:202:29: note: Perhaps you need "Callable[...]" or a callback protocol?
(jcarbaugh)butterfield/butterfield/handlers/environment.py:203:37: error: Value of type im_marked? is not indexable  [index]
(jcarbaugh)butterfield/butterfield/handlers/environment.py:205:27: error: Value of type im_marked? is not indexable  [index]
(jcarbaugh)butterfield/butterfield/handlers/environment.py:209:27: error: Function "environment.im_open" is not valid as a type  [valid-type]
(jcarbaugh)butterfield/butterfield/handlers/environment.py:209:27: note: Perhaps you need "Callable[...]" or a callback protocol?
(jcarbaugh)butterfield/butterfield/handlers/environment.py:214:42: error: Function "environment.manual_presence_change" is not valid as a type  [valid-type]
(jcarbaugh)butterfield/butterfield/handlers/environment.py:214:42: note: Perhaps you need "Callable[...]" or a callback protocol?
(jcarbaugh)butterfield/butterfield/handlers/environment.py:215:50: error: Value of type manual_presence_change? is not indexable  [index]
(jcarbaugh)butterfield/butterfield/handlers/environment.py:219:30: error: Function "environment.pref_chage" is not valid as a type  [valid-type]
(jcarbaugh)butterfield/butterfield/handlers/environment.py:219:30: note: Perhaps you need "Callable[...]" or a callback protocol?
(jcarbaugh)butterfield/butterfield/handlers/environment.py:220:12: error: Value of type pref_chage? is not indexable  [index]
(jcarbaugh)butterfield/butterfield/handlers/environment.py:221:13: error: Value of type pref_chage? is not indexable  [index]
(jcarbaugh)butterfield/butterfield/handlers/environment.py:226:35: error: Function "environment.presence_change" is not valid as a type  [valid-type]
(jcarbaugh)butterfield/butterfield/handlers/environment.py:226:35: note: Perhaps you need "Callable[...]" or a callback protocol?
(jcarbaugh)butterfield/butterfield/handlers/environment.py:231:30: error: Function "environment.star_added" is not valid as a type  [valid-type]
(jcarbaugh)butterfield/butterfield/handlers/environment.py:231:30: note: Perhaps you need "Callable[...]" or a callback protocol?
(jcarbaugh)butterfield/butterfield/handlers/environment.py:236:32: error: Function "environment.star_removed" is not valid as a type  [valid-type]
(jcarbaugh)butterfield/butterfield/handlers/environment.py:236:32: note: Perhaps you need "Callable[...]" or a callback protocol?
(jcarbaugh)butterfield/butterfield/handlers/environment.py:241:38: error: Function "environment.team_domain_change" is not valid as a type  [valid-type]
(jcarbaugh)butterfield/butterfield/handlers/environment.py:241:38: note: Perhaps you need "Callable[...]" or a callback protocol?
(jcarbaugh)butterfield/butterfield/handlers/environment.py:242:41: error: Value of type team_domain_change? is not indexable  [index]
(jcarbaugh)butterfield/butterfield/handlers/environment.py:246:29: error: Function "environment.team_join" is not valid as a type  [valid-type]
(jcarbaugh)butterfield/butterfield/handlers/environment.py:246:29: note: Perhaps you need "Callable[...]" or a callback protocol?
(jcarbaugh)butterfield/butterfield/handlers/environment.py:247:12: error: Value of type team_join? is not indexable  [index]
(jcarbaugh)butterfield/butterfield/handlers/environment.py:252:36: error: Function "environment.team_pref_change" is not valid as a type  [valid-type]
(jcarbaugh)butterfield/butterfield/handlers/environment.py:252:36: note: Perhaps you need "Callable[...]" or a callback protocol?
(jcarbaugh)butterfield/butterfield/handlers/environment.py:253:12: error: Value of type team_pref_change? is not indexable  [index]
(jcarbaugh)butterfield/butterfield/handlers/environment.py:254:13: error: Value of type team_pref_change? is not indexable  [index]
(jcarbaugh)butterfield/butterfield/handlers/environment.py:259:31: error: Function "environment.team_rename" is not valid as a type  [valid-type]
(jcarbaugh)butterfield/butterfield/handlers/environment.py:259:31: note: Perhaps you need "Callable[...]" or a callback protocol?
(jcarbaugh)butterfield/butterfield/handlers/environment.py:260:39: error: Value of type team_rename? is not indexable  [index]
(jcarbaugh)butterfield/butterfield/handlers/environment.py:264:31: error: Function "environment.user_change" is not valid as a type  [valid-type]
(jcarbaugh)butterfield/butterfield/handlers/environment.py:264:31: note: Perhaps you need "Callable[...]" or a callback protocol?
(jcarbaugh)butterfield/butterfield/handlers/environment.py:265:12: error: Value of type user_change? is not indexable  [index]
Found 88 errors in 2 files (checked 5 source files)

[RRepo](ninja-ide)ninja-ide
(ninja-ide)ninja-ide/ninja_ide/gui/editor/checkers/__init__.py:18:1: error: Need type annotation for 'NOTIFICATIONS_CHECKERS' (hint: "NOTIFICATIONS_CHECKERS: Dict[<type>, <type>] = ...")  [var-annotated]
(ninja-ide)ninja-ide/ninja_ide/core/template_registry/ntemplate_registry.py:88:5: error: Need type annotation for 'encoding_string' (hint: "encoding_string: Dict[<type>, <type>] = ...")  [var-annotated]
(ninja-ide)ninja-ide/ninja_ide/core/template_registry/ntemplate_registry.py:89:5: error: Need type annotation for 'single_line_comment' (hint: "single_line_comment: Dict[<type>, <type>] = ...")  [var-annotated]

