(aio-libs)aiozmq/tests/rpc_func_annotations.py:34:38: error: Function "rpc_func_annotations.my_checker" is not valid as a type  [valid-type]
(TzuChieh)Photon-v2/scripts/SDL_Interface/SDLInput.py:16:35: error: Module "xml.etree.ElementTree" is not valid as a type  [valid-type]
(TzuChieh)Photon-v2/scripts/SDL_Interface/SDLCreator.py:8:35: error: Module "xml.etree.ElementTree" is not valid as a type  [valid-type]
(TzuChieh)Photon-v2/scripts/SDL_Interface/SDLExecutor.py:8:35: error: Module "xml.etree.ElementTree" is not valid as a type  [valid-type]
(TzuChieh)Photon-v2/scripts/SDL_Interface/SDLInterface.py:28:35: error: Module "xml.etree.ElementTree" is not valid as a type  [valid-type]
(viaict)viaduct/migrations/versions/2017_02_11_f8fcd4bb38cc_change_navigation_bar_relationship.py:21:12: error: Variable "2017_02_11_f8fcd4bb38cc_change_navigation_bar_relationship.Base" is not valid as a type  [valid-type]
(viaict)viaduct/migrations/versions/2017_02_11_f8fcd4bb38cc_change_navigation_bar_relationship.py:29:23: error: Variable "2017_02_11_f8fcd4bb38cc_change_navigation_bar_relationship.Base" is not valid as a type  [valid-type]
(viaict)viaduct/migrations/versions/2016_10_26_4c55d2bbbe3_convert_transactions_to_transaction_callbacks.py:24:19: error: Variable "2016_10_26_4c55d2bbbe3_convert_transactions_to_transaction_callbacks.Base" is not valid as a type  [valid-type]
(viaict)viaduct/migrations/versions/2016_10_26_4c55d2bbbe3_convert_transactions_to_transaction_callbacks.py:42:27: error: Variable "2016_10_26_4c55d2bbbe3_convert_transactions_to_transaction_callbacks.Base" is not valid as a type  [valid-type]
(viaict)viaduct/migrations/versions/2016_10_26_4c55d2bbbe3_convert_transactions_to_transaction_callbacks.py:59:24: error: Variable "2016_10_26_4c55d2bbbe3_convert_transactions_to_transaction_callbacks.Base" is not valid as a type  [valid-type]
(viaict)viaduct/migrations/versions/2016_11_12_5a7a0783e30_examination_title_to_date.py:27:19: error: Variable "2016_11_12_5a7a0783e30_examination_title_to_date.Base" is not valid as a type  [valid-type]
(wings27)songci/nlp/pingze.py:10:19: error: Invalid type comment or annotation  [valid-type]
(wings27)songci/nlp/pingze.py:14:27: error: Invalid type comment or annotation  [valid-type]
(carpyncho)feets/feets/datasets/base.py:196:18: error: Variable "base.LightCurveBase" is not valid as a type  [valid-type]
(iheanyi)bandcamp-dl/bandcamp_dl/bandcamp.py:17:93: error: Invalid type comment or annotation  [valid-type]
(iheanyi)bandcamp-dl/bandcamp_dl/bandcamp.py:114:35: error: Invalid type comment or annotation  [valid-type]
(nathants)py-aws/aws/emr.py:35:15: error: Invalid type comment or annotation  [valid-type]
(nathants)py-aws/aws/emr.py:130:15: error: Invalid type comment or annotation  [valid-type]
(nathants)py-aws/aws/emr.py:131:20: error: Invalid type comment or annotation  [valid-type]
(nathants)py-aws/aws/emr.py:135:14: error: Invalid type comment or annotation  [valid-type]
(nathants)py-aws/aws/emr.py:136:17: error: Invalid type comment or annotation  [valid-type]
(nathants)py-aws/aws/s3.py:32:20: error: Invalid type comment or annotation  [valid-type]
(nathants)py-aws/aws/s3.py:70:25: error: Invalid type comment or annotation  [valid-type]
(nathants)py-aws/aws/s3.py:71:29: error: Invalid type comment or annotation  [valid-type]
(nathants)py-aws/aws/s3.py:72:29: error: Invalid type comment or annotation  [valid-type]
(nathants)py-aws/aws/s3.py:173:24: error: Invalid type comment or annotation  [valid-type]
(ZingBallyhoo)OverwatchDataManager/pyow/owtypes/texture.py:81:32: error: Function "tempfile.NamedTemporaryFile" is not valid as a type  [valid-type]
(ZingBallyhoo)OverwatchDataManager/pyow/owtypes/texture.py:88:39: error: Function "tempfile.NamedTemporaryFile" is not valid as a type  [valid-type]
(FrederichRiver)neutrino/applications/form.py:11:21: error: Variable "form.formBase" is not valid as a type  [valid-type]
(FrederichRiver)neutrino/applications/form.py:22:17: error: Variable "form.formStock" is not valid as a type  [valid-type]
(FrederichRiver)neutrino/applications/form.py:41:25: error: Variable "form.formBase" is not valid as a type  [valid-type]
(csxeba)brainforge/evolution/_evolution.py:19:36: error: Function "builtins.callable" is not valid as a type  [valid-type]
(csxeba)brainforge/evolution/_evolution.py:22:34: error: Function "builtins.callable" is not valid as a type  [valid-type]
(csxeba)brainforge/evolution/_evolution.py:23:33: error: Function "builtins.callable" is not valid as a type  [valid-type]
(csxeba)brainforge/evolution/_evolution.py:24:35: error: Function "builtins.callable" is not valid as a type  [valid-type]
(UltrosBot)Ultros3K/src/ultros/core/rules/predicates.py:54: error: Variable "re._pattern_type" is not valid as a type  [valid-type]
(UltrosBot)Ultros3K/src/ultros/core/rules/predicates.py:71: error: Variable "re._pattern_type" is not valid as a type  [valid-type]
(garyd203)flying-circus/tests/core_test/resource_test.py:317:38: error: Function "builtins.callable" is not valid as a type  [valid-type]
(clarkerubber)irwin/modules/auth/Token.py:38:25: error: Variable "modules.auth.Token.TokenID" is not valid as a type  [valid-type]
(drssoccer55)RLBot/src/main/python/rlbot/agents/base_subprocess_agent.py:25:58: error: Function "multiprocessing.Event" is not valid as a type  [valid-type]
(drssoccer55)RLBot/src/main/python/rlbot/botmanager/helper_process_manager.py:16:36: error: Function "multiprocessing.Event" is not valid as a type  [valid-type]
(drssoccer55)RLBot/src/main/python/rlbot/botmanager/bot_helper_process.py:11:59: error: Function "multiprocessing.Event" is not valid as a type  [valid-type]
(futuresimple)triggear/tests/async_mockito.py:15:32: error: Function "builtins.any" is not valid as a type  [valid-type]
(IDSIA)sacred/sacred/observers/sql_bases.py:15:14: error: Variable "sql_bases.Base" is not valid as a type  [valid-type]
(IDSIA)sacred/sacred/observers/sql_bases.py:42:18: error: Variable "sql_bases.Base" is not valid as a type  [valid-type]
(IDSIA)sacred/sacred/observers/sql_bases.py:61:16: error: Variable "sql_bases.Base" is not valid as a type  [valid-type]
(IDSIA)sacred/sacred/observers/sql_bases.py:80:16: error: Variable "sql_bases.Base" is not valid as a type  [valid-type]
(IDSIA)sacred/sacred/observers/sql_bases.py:103:12: error: Variable "sql_bases.Base" is not valid as a type  [valid-type]
(IDSIA)sacred/sacred/observers/sql_bases.py:149:18: error: Variable "sql_bases.Base" is not valid as a type  [valid-type]
(IDSIA)sacred/sacred/observers/sql_bases.py:207:11: error: Variable "sql_bases.Base" is not valid as a type  [valid-type]
(balabit)typesafety/typesafety/tests/test_validator.py:27:18: error: Function "builtins.callable" is not valid as a type  [valid-type]
(balabit)typesafety/typesafety/tests/test_sphinxautodoc.py:265:45: error: Invalid type comment or annotation  [valid-type]
(balabit)typesafety/typesafety/tests/test_sphinxautodoc.py:323:25: error: Function "builtins.callable" is not valid as a type  [valid-type]
(balabit)typesafety/typesafety/tests/test_sphinxautodoc.py:324:10: error: Function "builtins.callable" is not valid as a type  [valid-type]
(tensorflow)deepmath/deepmath/deephol/holparam_predictor.py:117:62: error: Variable "holparam_predictor.GOAL_EMB_TYPE" is not valid as a type  [valid-type]
(tensorflow)deepmath/deepmath/deephol/holparam_predictor.py:127:60: error: Variable "holparam_predictor.THM_EMB_TYPE" is not valid as a type  [valid-type]
(tensorflow)deepmath/deepmath/deephol/holparam_predictor.py:136:41: error: Variable "holparam_predictor.THM_EMB_TYPE" is not valid as a type  [valid-type]
(tensorflow)deepmath/deepmath/deephol/holparam_predictor.py:151:50: error: Variable "holparam_predictor.STATE_ENC_TYPE" is not valid as a type  [valid-type]
(tensorflow)deepmath/deepmath/deephol/holparam_predictor.py:155:35: error: Variable "holparam_predictor.STATE_ENC_TYPE" is not valid as a type  [valid-type]
(tensorflow)deepmath/deepmath/deephol/holparam_predictor.py:175:47: error: Variable "holparam_predictor.STATE_ENC_TYPE" is not valid as a type  [valid-type]
(tensorflow)deepmath/deepmath/deephol/holparam_predictor.py:176:46: error: Variable "holparam_predictor.THM_EMB_TYPE" is not valid as a type  [valid-type]
(tensorflow)deepmath/deepmath/deephol/holparam_predictor.py:216:47: error: Variable "holparam_predictor.STATE_ENC_TYPE" is not valid as a type  [valid-type]
(tensorflow)deepmath/deepmath/deephol/holparam_predictor.py:217:46: error: Variable "holparam_predictor.THM_EMB_TYPE" is not valid as a type  [valid-type]
(tensorflow)deepmath/deepmath/deephol/predictions.py:105:47: error: Variable "predictions.GOAL_EMB_TYPE" is not valid as a type  [valid-type]
(tensorflow)deepmath/deepmath/deephol/predictions.py:106:46: error: Variable "predictions.BATCH_THM_EMB_TYPE" is not valid as a type  [valid-type]
(tensorflow)deepmath/deepmath/deephol/predictions.py:107:52: error: Variable "predictions.BATCH_GOAL_EMB_TYPE" is not valid as a type  [valid-type]
(tensorflow)deepmath/deepmath/deephol/predictions.py:108:52: error: Variable "predictions.GOAL_EMB_TYPE" is not valid as a type  [valid-type]
(tensorflow)deepmath/deepmath/deephol/predictions.py:144:43: error: Variable "predictions.GOAL_EMB_TYPE" is not valid as a type  [valid-type]
(tensorflow)deepmath/deepmath/deephol/predictions.py:150:56: error: Variable "predictions.BATCH_GOAL_EMB_TYPE" is not valid as a type  [valid-type]
(tensorflow)deepmath/deepmath/deephol/predictions.py:156:57: error: Variable "predictions.BATCH_GOAL_EMB_TYPE" is not valid as a type  [valid-type]
(tensorflow)deepmath/deepmath/deephol/predictions.py:160:41: error: Variable "predictions.THM_EMB_TYPE" is not valid as a type  [valid-type]
(tensorflow)deepmath/deepmath/deephol/predictions.py:165:54: error: Variable "predictions.BATCH_THM_EMB_TYPE" is not valid as a type  [valid-type]
(tensorflow)deepmath/deepmath/deephol/predictions.py:171:55: error: Variable "predictions.BATCH_THM_EMB_TYPE" is not valid as a type  [valid-type]
(tensorflow)deepmath/deepmath/deephol/predictions.py:186:63: error: Variable "predictions.STATE_ENC_TYPE" is not valid as a type  [valid-type]
(tensorflow)deepmath/deepmath/deephol/predictions.py:191:49: error: Variable "predictions.STATE_ENC_TYPE" is not valid as a type  [valid-type]
(tensorflow)deepmath/deepmath/deephol/predictions.py:205:50: error: Variable "predictions.STATE_ENC_TYPE" is not valid as a type  [valid-type]
(tensorflow)deepmath/deepmath/deephol/predictions.py:210:40: error: Variable "predictions.STATE_ENC_TYPE" is not valid as a type  [valid-type]
(tensorflow)deepmath/deepmath/deephol/predictions.py:211:40: error: Variable "predictions.BATCH_THM_EMB_TYPE" is not valid as a type  [valid-type]
(tensorflow)deepmath/deepmath/deephol/predictions.py:238:47: error: Variable "predictions.STATE_ENC_TYPE" is not valid as a type  [valid-type]
(tensorflow)deepmath/deepmath/deephol/predictions.py:239:41: error: Variable "predictions.BATCH_THM_EMB_TYPE" is not valid as a type  [valid-type]
(slightlynybbled)tk_tools/tk_tools/widgets.py:18:38: error: Function "builtins.callable" is not valid as a type  [valid-type]
(slightlynybbled)tk_tools/tk_tools/widgets.py:73:28: error: Function "builtins.callable" is not valid as a type  [valid-type]
(slightlynybbled)tk_tools/tk_tools/widgets.py:112:28: error: Function "builtins.callable" is not valid as a type  [valid-type]
(slightlynybbled)tk_tools/tk_tools/widgets.py:166:42: error: Function "builtins.callable" is not valid as a type  [valid-type]
(comtihon)coon/enot/packages/dep.py:2:42: error: Invalid type comment or annotation  [valid-type]
(asphalt-framework)asphalt-sqlalchemy/tests/test_testing_recipe.py:20:14: error: Variable "test_testing_recipe.Base" is not valid as a type  [valid-type]
(asphalt-framework)asphalt-sqlalchemy/examples/csvimport_orm.py:21:14: error: Variable "csvimport_orm.Base" is not valid as a type  [valid-type]
(kiwicom)iwant-bot/src/iwant_bot/iwant_process.py:98:49: error: Function "builtins.iter" is not valid as a type  [valid-type]
(kiwicom)iwant-bot/src/iwant_bot/iwant_process.py:109:62: error: Function "builtins.iter" is not valid as a type  [valid-type]
(kiwicom)iwant-bot/src/iwant_bot/iwant_process.py:109:71: error: Invalid type comment or annotation  [valid-type]
(kiwicom)iwant-bot/src/iwant_bot/start.py:130:41: error: Invalid type comment or annotation  [valid-type]
(mathLab)RBniCS/rbnics/backends/dolfin/reduced_vertices.py:114:23: error: Variable "rbnics.backends.dolfin.reduced_vertices.ReducedVertices_Base" is not valid as a type  [valid-type]
(mathLab)RBniCS/rbnics/utils/test/diff.py:67:36: error: Invalid type comment or annotation  [valid-type]
(mathLab)RBniCS/rbnics/backends/dolfin/wrapping/get_function_subspace.py:31:69: error: Invalid type comment or annotation  [valid-type]
(mathLab)RBniCS/rbnics/backends/dolfin/wrapping/get_function_subspace.py:42:69: error: Invalid type comment or annotation  [valid-type]
(mathLab)RBniCS/rbnics/shape_parametrization/utils/symbolic/python_string_to_sympy.py:42:47: error: Invalid type comment or annotation  [valid-type]
(mathLab)RBniCS/rbnics/shape_parametrization/utils/symbolic/python_string_to_sympy.py:51:47: error: Invalid type comment or annotation  [valid-type]
(mathLab)RBniCS/rbnics/shape_parametrization/utils/symbolic/python_string_to_sympy.py:58:47: error: Invalid type comment or annotation  [valid-type]
(mathLab)RBniCS/rbnics/shape_parametrization/utils/symbolic/python_string_to_sympy.py:67:47: error: Invalid type comment or annotation  [valid-type]
(mathLab)RBniCS/rbnics/backends/dolfin/wrapping/get_mpi_comm.py:33:21: error: Invalid type comment or annotation  [valid-type]
(5agado)data-science-learning/graphics/agents/flock_blender.py:335:33: error: Module "agents.Flock" is not valid as a type  [valid-type]
(5agado)data-science-learning/graphics/agents/flock_blender.py:357:47: error: Module "agents.Flock" is not valid as a type  [valid-type]
(5agado)data-science-learning/graphics/agents/flock_blender.py:357:66: error: Module "spirograph.Spirograph" is not valid as a type  [valid-type]
(5agado)data-science-learning/graphics/spirograph/spirograph_blender.py:24:30: error: Module "Spirograph" is not valid as a type  [valid-type]
(5agado)data-science-learning/graphics/l_systems/l_system_blender.py:112:29: error: Module "LSystem" is not valid as a type  [valid-type]
(5agado)data-science-learning/cellular automata/automata_blender.py:145:42: error: Invalid type: try using Literal[10] instead?  [valid-type]
(5agado)data-science-learning/cellular automata/automata_blender.py:191:61: error: Invalid type: try using Literal[10] instead?  [valid-type]
(Nic30)hwtHls/hwtHls/allocator/allocator.py:26: error: Variable "allocator.TimeIndependentRtlResource.INVARIANT_TIME" is not valid as a type  [valid-type]
(tensorflow)minigo/train.py:142:24: error: Invalid type comment or annotation  [valid-type]
(ktok07b6)polyphony/tests/error/seq_capacity01.py:6:23: error: Invalid type comment or annotation  [valid-type]
(ktok07b6)polyphony/tests/error/seq_capacity02.py:6:23: error: Invalid type comment or annotation  [valid-type]
(ktok07b6)polyphony/tests/typing/typing03.py:5:19: error: Invalid type comment or annotation  [valid-type]
(ktok07b6)polyphony/tests/typing/typing03.py:9:19: error: Invalid type comment or annotation  [valid-type]
(ktok07b6)polyphony/tests/unroll/unroll11.py:21:19: error: Invalid type comment or annotation  [valid-type]
(ktok07b6)polyphony/tests/unroll/unroll12.py:21:19: error: Invalid type comment or annotation  [valid-type]
(tutorcruncher)morpheus/morpheus/app/models.py:159:10: error: Invalid type comment or annotation  [valid-type]
(tutorcruncher)morpheus/morpheus/app/models.py:163:19: error: Invalid type comment or annotation  [valid-type]
(tutorcruncher)morpheus/morpheus/app/models.py:164:16: error: Invalid type comment or annotation  [valid-type]
(tutorcruncher)morpheus/morpheus/app/models.py:173:19: error: Invalid type comment or annotation  [valid-type]
(rosemichaele)pyshare/pyshare/group.py:9:59: error: Invalid type comment or annotation  [valid-type]
(rosemichaele)pyshare/pyshare/group.py:10:28: error: Invalid type comment or annotation  [valid-type]
(rosemichaele)pyshare/pyshare/expense.py:7:87: error: Invalid type comment or annotation  [valid-type]
(elaeon)ML/src/ml/measures.py:23:27: error: Function "builtins.iter" is not valid as a type  [valid-type]
(mesosphere)marathon/tests/shakedown/shakedown/dcos/command.py:34:28: error: Function "builtins.callable" is not valid as a type  [valid-type]
(mesosphere)marathon/tests/shakedown/shakedown/dcos/command.py:90:12: error: Invalid type comment or annotation  [valid-type]
(zdict)zdict/zdict/dictionaries/yahoo.py:18:16: error: Invalid type comment or annotation  [valid-type]
(zdict)zdict/zdict/dictionaries/yahoo.py:18:39: error: Function "builtins.iter" is not valid as a type  [valid-type]
(telota)rasmipy/rasmipy/rest_service.py:37:23: error: Variable "rasmipy.rest_service.get_text_type" is not valid as a type  [valid-type]
(mushorg)conpot/conpot/core/fs_utils.py:195:38: error: Function "builtins.oct" is not valid as a type  [valid-type]
(mushorg)conpot/conpot/core/__init__.py:54:34: error: Function "builtins.oct" is not valid as a type  [valid-type]
(klaxer)klaxer/klaxer/users.py:35:18: error: Variable "users.Base" is not valid as a type  [valid-type]
(klaxer)klaxer/klaxer/users.py:81:21: error: Variable "users.Base" is not valid as a type  [valid-type]
(allenai)allennlp/allennlp/data/dataset_readers/multiprocess_dataset_reader.py:127:51: error: Function "multiprocessing.Manager" is not valid as a type  [valid-type]
(vaniakosmos)memes-reposter/apps/reddit/filters.py:99:63: error: Function "builtins.iter" is not valid as a type  [valid-type]
(jelford)activesoup/src/activesoup/html.py:109:68: error: Module "xml.etree.ElementTree" is not valid as a type  [valid-type]
(jcarbaugh)butterfield/butterfield/handlers/environment.py:5:29: error: Function "environment.bot_added" is not valid as a type  [valid-type]
(jcarbaugh)butterfield/butterfield/handlers/environment.py:10:31: error: Function "environment.bot_changed" is not valid as a type  [valid-type]
(jcarbaugh)butterfield/butterfield/handlers/environment.py:15:35: error: Function "environment.channel_archive" is not valid as a type  [valid-type]
(jcarbaugh)butterfield/butterfield/handlers/environment.py:22:35: error: Function "environment.channel_created" is not valid as a type  [valid-type]
(jcarbaugh)butterfield/butterfield/handlers/environment.py:28:35: error: Function "environment.channel_deleted" is not valid as a type  [valid-type]
(jcarbaugh)butterfield/butterfield/handlers/environment.py:34:42: error: Function "environment.channel_history_change" is not valid as a type  [valid-type]
(jcarbaugh)butterfield/butterfield/handlers/environment.py:39:34: error: Function "environment.channel_joined" is not valid as a type  [valid-type]
(jcarbaugh)butterfield/butterfield/handlers/environment.py:45:32: error: Function "environment.channel_left" is not valid as a type  [valid-type]
(jcarbaugh)butterfield/butterfield/handlers/environment.py:51:34: error: Function "environment.channel_marked" is not valid as a type  [valid-type]
(jcarbaugh)butterfield/butterfield/handlers/environment.py:58:34: error: Function "environment.channel_rename" is not valid as a type  [valid-type]
(jcarbaugh)butterfield/butterfield/handlers/environment.py:66:37: error: Function "environment.channel_unarchive" is not valid as a type  [valid-type]
(jcarbaugh)butterfield/butterfield/handlers/environment.py:73:40: error: Function "environment.email_domain_changed" is not valid as a type  [valid-type]
(jcarbaugh)butterfield/butterfield/handlers/environment.py:78:31: error: Function "environment.file_change" is not valid as a type  [valid-type]
(jcarbaugh)butterfield/butterfield/handlers/environment.py:83:38: error: Function "environment.file_comment_added" is not valid as a type  [valid-type]
(jcarbaugh)butterfield/butterfield/handlers/environment.py:88:40: error: Function "environment.file_comment_deleted" is not valid as a type  [valid-type]
(jcarbaugh)butterfield/butterfield/handlers/environment.py:93:39: error: Function "environment.file_comment_edited" is not valid as a type  [valid-type]
(jcarbaugh)butterfield/butterfield/handlers/environment.py:98:32: error: Function "environment.file_created" is not valid as a type  [valid-type]
(jcarbaugh)butterfield/butterfield/handlers/environment.py:103:32: error: Function "environment.file_deleted" is not valid as a type  [valid-type]
(jcarbaugh)butterfield/butterfield/handlers/environment.py:108:32: error: Function "environment.file_private" is not valid as a type  [valid-type]
(jcarbaugh)butterfield/butterfield/handlers/environment.py:113:31: error: Function "environment.file_public" is not valid as a type  [valid-type]
(jcarbaugh)butterfield/butterfield/handlers/environment.py:118:31: error: Function "environment.file_shared" is not valid as a type  [valid-type]
(jcarbaugh)butterfield/butterfield/handlers/environment.py:123:33: error: Function "environment.file_unshared" is not valid as a type  [valid-type]
(jcarbaugh)butterfield/butterfield/handlers/environment.py:128:33: error: Function "environment.group_archive" is not valid as a type  [valid-type]
(jcarbaugh)butterfield/butterfield/handlers/environment.py:135:31: error: Function "environment.group_close" is not valid as a type  [valid-type]
(jcarbaugh)butterfield/butterfield/handlers/environment.py:141:41: error: Function "environment.group_history_changed" is not valid as a type  [valid-type]
(jcarbaugh)butterfield/butterfield/handlers/environment.py:146:32: error: Function "environment.group_joined" is not valid as a type  [valid-type]
(jcarbaugh)butterfield/butterfield/handlers/environment.py:152:30: error: Function "environment.group_left" is not valid as a type  [valid-type]
(jcarbaugh)butterfield/butterfield/handlers/environment.py:158:32: error: Function "environment.group_marked" is not valid as a type  [valid-type]
(jcarbaugh)butterfield/butterfield/handlers/environment.py:165:30: error: Function "environment.group_open" is not valid as a type  [valid-type]
(jcarbaugh)butterfield/butterfield/handlers/environment.py:170:32: error: Function "environment.group_rename" is not valid as a type  [valid-type]
(jcarbaugh)butterfield/butterfield/handlers/environment.py:178:35: error: Function "environment.group_unarchive" is not valid as a type  [valid-type]
(jcarbaugh)butterfield/butterfield/handlers/environment.py:185:28: error: Function "environment.im_close" is not valid as a type  [valid-type]
(jcarbaugh)butterfield/butterfield/handlers/environment.py:191:30: error: Function "environment.im_created" is not valid as a type  [valid-type]
(jcarbaugh)butterfield/butterfield/handlers/environment.py:197:38: error: Function "environment.im_history_changed" is not valid as a type  [valid-type]
(jcarbaugh)butterfield/butterfield/handlers/environment.py:202:29: error: Function "environment.im_marked" is not valid as a type  [valid-type]
(jcarbaugh)butterfield/butterfield/handlers/environment.py:209:27: error: Function "environment.im_open" is not valid as a type  [valid-type]
(jcarbaugh)butterfield/butterfield/handlers/environment.py:214:42: error: Function "environment.manual_presence_change" is not valid as a type  [valid-type]
(jcarbaugh)butterfield/butterfield/handlers/environment.py:219:30: error: Function "environment.pref_chage" is not valid as a type  [valid-type]
(jcarbaugh)butterfield/butterfield/handlers/environment.py:226:35: error: Function "environment.presence_change" is not valid as a type  [valid-type]
(jcarbaugh)butterfield/butterfield/handlers/environment.py:231:30: error: Function "environment.star_added" is not valid as a type  [valid-type]
(jcarbaugh)butterfield/butterfield/handlers/environment.py:236:32: error: Function "environment.star_removed" is not valid as a type  [valid-type]
(jcarbaugh)butterfield/butterfield/handlers/environment.py:241:38: error: Function "environment.team_domain_change" is not valid as a type  [valid-type]
(jcarbaugh)butterfield/butterfield/handlers/environment.py:246:29: error: Function "environment.team_join" is not valid as a type  [valid-type]
(jcarbaugh)butterfield/butterfield/handlers/environment.py:252:36: error: Function "environment.team_pref_change" is not valid as a type  [valid-type]
(jcarbaugh)butterfield/butterfield/handlers/environment.py:259:31: error: Function "environment.team_rename" is not valid as a type  [valid-type]
(jcarbaugh)butterfield/butterfield/handlers/environment.py:264:31: error: Function "environment.user_change" is not valid as a type  [valid-type]
(e-gun)HipparchiaServer/server/formatting/betacodeescapes.py:12: error: Function "re.match" is not valid as a type  [valid-type]
(e-gun)HipparchiaServer/server/searching/searchfunctions.py:371:50: error: Variable "flask.globals.request" is not valid as a type  [valid-type]
(ampproject)amp-github-apps/project-metrics/metrics_service/database/models.py:43:20: error: Variable "database.models.Base" is not valid as a type  [valid-type]
(ampproject)amp-github-apps/project-metrics/metrics_service/database/models.py:84:13: error: Variable "database.models.Base" is not valid as a type  [valid-type]
(ampproject)amp-github-apps/project-metrics/metrics_service/database/models.py:161:14: error: Variable "database.models.Base" is not valid as a type  [valid-type]
(ampproject)amp-github-apps/project-metrics/metrics_service/database/models.py:178:15: error: Variable "database.models.Base" is not valid as a type  [valid-type]
(ampproject)amp-github-apps/project-metrics/metrics_service/database/models.py:198:18: error: Variable "database.models.Base" is not valid as a type  [valid-type]
(dcos)shakedown/shakedown/dcos/command.py:15:28: error: Function "builtins.callable" is not valid as a type  [valid-type]
(dcos)shakedown/shakedown/dcos/command.py:71:12: error: Invalid type comment or annotation  [valid-type]
(tahesse)pyCrow/pyCrow/audiolib/process.py:27:43: error: Invalid type comment or annotation  [valid-type]
(tahesse)pyCrow/pyCrow/audiolib/process.py:33:50: error: Invalid type comment or annotation  [valid-type]
(tahesse)pyCrow/pyCrow/audiolib/process.py:47:38: error: Invalid type comment or annotation  [valid-type]
(tahesse)pyCrow/pyCrow/audiolib/process.py:74:43: error: Invalid type comment or annotation  [valid-type]
(TeamSpen210)srctools/srctools/_class_resources.py:23:1: error: Variable "srctools._class_resources._cls_res_type" is not valid as a type  [valid-type]
(flyinactor91)AVWX-Engine/avwx/service.py:147:58: error: Invalid type comment or annotation  [valid-type]
(flyinactor91)AVWX-Engine/avwx/pirep.py:73:29: error: Invalid type comment or annotation  [valid-type]
(flyinactor91)AVWX-Engine/avwx/remarks.py:87:32: error: Invalid type comment or annotation  [valid-type]
(flyinactor91)AVWX-Engine/avwx/translate.py:306:49: error: Invalid type comment or annotation  [valid-type]
(flyinactor91)AVWX-Engine/avwx/taf.py:97:47: error: Invalid type comment or annotation  [valid-type]
(flyinactor91)AVWX-Engine/avwx/taf.py:114:47: error: Invalid type comment or annotation  [valid-type]
(harag-on-steam)se-blender/src/python/space_engineers/mwmbuilder.py:92:74: error: Function "builtins.iter" is not valid as a type  [valid-type]
(balancehero)kinsumer/kinsumer/logging.py:33:44: error: Variable "logging._Logger" is not valid as a type  [valid-type]
(balancehero)kinsumer/kinsumer/logging.py:34:23: error: Variable "logging._Logger" is not valid as a type  [valid-type]
(damorim)compilers-cin/ap3/antlr4-python3-runtime-4.7.2/src/antlr4/tree/Tree.py:74:34: error: Variable "Tree.ParserRuleContext" is not valid as a type  [valid-type]
(damorim)compilers-cin/ap3/antlr4-python3-runtime-4.7.2/src/antlr4/tree/Tree.py:77:33: error: Variable "Tree.ParserRuleContext" is not valid as a type  [valid-type]
(damorim)compilers-cin/ap3/antlr4-python3-runtime-4.7.2/src/antlr4/Recognizer.py:87:32: error: Variable "Recognizer.RecognitionException" is not valid as a type  [valid-type]
(CCI-Tools)cate-core/cate/webapi/minheap.py:44:17: error: Variable "minheap.KeyArray" is not valid as a type  [valid-type]
(CCI-Tools)cate-core/cate/webapi/minheap.py:44:35: error: Variable "minheap.ValueArray" is not valid as a type  [valid-type]
(CCI-Tools)cate-core/cate/webapi/minheap.py:57:15: error: Variable "minheap.KeyArray" is not valid as a type  [valid-type]
(CCI-Tools)cate-core/cate/webapi/minheap.py:57:33: error: Variable "minheap.ValueArray" is not valid as a type  [valid-type]
(CCI-Tools)cate-core/cate/webapi/minheap.py:79:18: error: Variable "minheap.KeyArray" is not valid as a type  [valid-type]
(CCI-Tools)cate-core/cate/webapi/minheap.py:79:36: error: Variable "minheap.ValueArray" is not valid as a type  [valid-type]
(CCI-Tools)cate-core/cate/webapi/minheap.py:107:22: error: Variable "minheap.KeyArray" is not valid as a type  [valid-type]
(CCI-Tools)cate-core/cate/webapi/minheap.py:107:40: error: Variable "minheap.ValueArray" is not valid as a type  [valid-type]
(CCI-Tools)cate-core/cate/webapi/minheap.py:122:20: error: Variable "minheap.KeyArray" is not valid as a type  [valid-type]
(CCI-Tools)cate-core/cate/webapi/minheap.py:122:38: error: Variable "minheap.ValueArray" is not valid as a type  [valid-type]
(CCI-Tools)cate-core/cate/webapi/minheap.py:147:21: error: Variable "minheap.KeyArray" is not valid as a type  [valid-type]
(CCI-Tools)cate-core/cate/webapi/minheap.py:147:39: error: Variable "minheap.ValueArray" is not valid as a type  [valid-type]
(CCI-Tools)cate-core/cate/webapi/minheap.py:172:17: error: Variable "minheap.KeyArray" is not valid as a type  [valid-type]
(CCI-Tools)cate-core/cate/webapi/minheap.py:172:35: error: Variable "minheap.ValueArray" is not valid as a type  [valid-type]
(CCI-Tools)cate-core/cate/webapi/minheap.py:208:24: error: Variable "minheap.KeyArray" is not valid as a type  [valid-type]
(CCI-Tools)cate-core/cate/webapi/minheap.py:209:35: error: Variable "minheap.ValueArray" is not valid as a type  [valid-type]
(CCI-Tools)cate-core/cate/webapi/minheap.py:246:23: error: Variable "minheap.KeyArray" is not valid as a type  [valid-type]
(CCI-Tools)cate-core/cate/webapi/minheap.py:250:25: error: Variable "minheap.ValueArray" is not valid as a type  [valid-type]
(Stibbons)dopplerr/dopplerr/api/v1/series.py:50:28: error: Variable "v1.series.SeriesList" is not valid as a type  [valid-type]
(ClaudiaSaxer)PlasoScaffolder/src/tests/fake/fake_sqlite_plugin_helper.py:137:29: error: Invalid type comment or annotation  [valid-type]
(ClaudiaSaxer)PlasoScaffolder/src/tests/fake/fake_database_information.py:10:47: error: Invalid type comment or annotation  [valid-type]
(ClaudiaSaxer)PlasoScaffolder/src/tests/test_helper/output_handler_file.py:18:21: error: Invalid type comment or annotation  [valid-type]
(ClaudiaSaxer)PlasoScaffolder/src/plasoscaffolder/bll/services/base_sqlite_generator.py:84: error: Module "os.path" is not valid as a type  [valid-type]
(ClaudiaSaxer)PlasoScaffolder/src/plasoscaffolder/model/sql_query_column_model_data.py:11:22: error: Invalid type comment or annotation  [valid-type]
(ClaudiaSaxer)PlasoScaffolder/src/plasoscaffolder/bll/services/sqlite_plugin_helper.py:35:20: error: Invalid type comment or annotation  [valid-type]
(ClaudiaSaxer)PlasoScaffolder/src/plasoscaffolder/bll/services/sqlite_plugin_helper.py:218:16: error: Invalid type comment or annotation  [valid-type]
(ClaudiaSaxer)PlasoScaffolder/src/plasoscaffolder/bll/services/sqlite_plugin_helper.py:244:35: error: Invalid type comment or annotation  [valid-type]
(ClaudiaSaxer)PlasoScaffolder/src/plasoscaffolder/bll/services/sqlite_plugin_helper.py:290:38: error: Invalid type comment or annotation  [valid-type]
(ClaudiaSaxer)PlasoScaffolder/src/plasoscaffolder/bll/services/sqlite_plugin_helper.py:291:21: error: Invalid type comment or annotation  [valid-type]
(seece)SpriteBatchRender/sprite_batch_render.py:65:11: error: Invalid type comment or annotation  [valid-type]
(seece)SpriteBatchRender/sprite_batch_render.py:73:12: error: Invalid type comment or annotation  [valid-type]
(seece)SpriteBatchRender/sprite_batch_render.py:79:17: error: Invalid type comment or annotation  [valid-type]
(seece)SpriteBatchRender/sprite_batch_render.py:86:17: error: Invalid type comment or annotation  [valid-type]
(seece)SpriteBatchRender/sprite_batch_render.py:93:13: error: Invalid type comment or annotation  [valid-type]
(HuberTRoy)MusicPlayer/MusicPlayer/widgets/base.py:30:27: error: Function "builtins.iter" is not valid as a type  [valid-type]
(kosior)taktyk/taktyk/db.py:133:37: error: Invalid type comment or annotation  [valid-type]
(eurecom-s3)avatar-python/avatar/interfaces/gdb/protocol.py:223:51: error: Invalid type comment or annotation  [valid-type]
(eurecom-s3)avatar-python/avatar/targets/openocd_target.py:108:33: error: Invalid type comment or annotation  [valid-type]
(eurecom-s3)avatar-python/avatar/targets/openocd_target.py:119:36: error: Invalid type comment or annotation  [valid-type]
(eurecom-s3)avatar-python/avatar/targets/openocd_target.py:127:51: error: Invalid type comment or annotation  [valid-type]
(eurecom-s3)avatar-python/avatar/targets/openocd_target.py:140:31: error: Invalid type comment or annotation  [valid-type]
(eurecom-s3)avatar-python/avatar/targets/openocd_target.py:156:29: error: Invalid type comment or annotation  [valid-type]
(eurecom-s3)avatar-python/avatar/targets/openocd_target.py:166:32: error: Invalid type comment or annotation  [valid-type]
(eurecom-s3)avatar-python/avatar/targets/openocd_target.py:175:48: error: Invalid type comment or annotation  [valid-type]
(eurecom-s3)avatar-python/avatar/targets/openocd_target.py:190:36: error: Invalid type comment or annotation  [valid-type]
(eurecom-s3)avatar-python/avatar/targets/openocd_target.py:213:37: error: Invalid type comment or annotation  [valid-type]
(Firefly-Automation)Firefly/Firefly/helpers/events.py:48:51: error: Variable "Firefly.helpers.events.COMMAND_TYPE" is not valid as a type  [valid-type]
(alvarogzp)telegram-bot/bot/logger/message_sender/reusable/limiter/group.py:15:35: error: Function "builtins.callable" is not valid as a type  [valid-type]
(alvarogzp)telegram-bot/bot/api/call/call.py:9:34: error: Function "builtins.callable" is not valid as a type  [valid-type]
(alvarogzp)telegram-bot/bot/action/core/command/throttler/shortlyrepeatedcommand/command_key.py:2:48: error: Function "builtins.callable" is not valid as a type  [valid-type]
(alvarogzp)telegram-bot/bot/multithreading/worker/abstract.py:6:50: error: Function "builtins.callable" is not valid as a type  [valid-type]
(alvarogzp)telegram-bot/bot/multithreading/worker/immediate.py:6:39: error: Function "builtins.callable" is not valid as a type  [valid-type]
(alvarogzp)telegram-bot/bot/multithreading/work.py:2:30: error: Function "builtins.callable" is not valid as a type  [valid-type]
(alvarogzp)telegram-bot/bot/action/standard/benchmark.py:137:27: error: Function "builtins.callable" is not valid as a type  [valid-type]
(alvarogzp)telegram-bot/bot/bot.py:128:42: error: Function "builtins.callable" is not valid as a type  [valid-type]
(alvarogzp)telegram-bot/bot/bot.py:182:25: error: Function "builtins.callable" is not valid as a type  [valid-type]
(alvarogzp)telegram-bot/bot/bot.py:217:42: error: Function "builtins.callable" is not valid as a type  [valid-type]
(alvarogzp)telegram-bot/bot/bot.py:239:42: error: Function "builtins.callable" is not valid as a type  [valid-type]
(alvarogzp)telegram-bot/bot/storage/async/operation.py:8:63: error: Function "builtins.callable" is not valid as a type  [valid-type]
(alvarogzp)telegram-bot/bot/multithreading/worker/pool/workers/main.py:10:80: error: Function "builtins.callable" is not valid as a type  [valid-type]
(alvarogzp)telegram-bot/bot/multithreading/worker/pool/workers/limited_lifespan.py:7:75: error: Function "builtins.callable" is not valid as a type  [valid-type]
(alvarogzp)telegram-bot/bot/multithreading/worker/pool/workers/limited_lifespan.py:8:30: error: Function "builtins.callable" is not valid as a type  [valid-type]
(alvarogzp)telegram-bot/bot/multithreading/worker/pool/spawner.py:11:105: error: Function "builtins.callable" is not valid as a type  [valid-type]
(alvarogzp)telegram-bot/bot/multithreading/worker/pool/spawner.py:12:34: error: Function "builtins.callable" is not valid as a type  [valid-type]
(alvarogzp)telegram-bot/bot/multithreading/worker/queue.py:13:75: error: Function "builtins.callable" is not valid as a type  [valid-type]
(alvarogzp)telegram-bot/bot/multithreading/scheduler.py:26:72: error: Function "builtins.callable" is not valid as a type  [valid-type]
(alvarogzp)telegram-bot/bot/multithreading/scheduler.py:59:52: error: Function "builtins.callable" is not valid as a type  [valid-type]
(alvarogzp)telegram-bot/bot/multithreading/scheduler.py:189:54: error: Function "builtins.callable" is not valid as a type  [valid-type]
(femueller)python-n26/n26/api.py:183:86: error: Invalid type comment or annotation  [valid-type]
(neitsa)PrepareLanding/tools/pdb2mdb.py:18:27: error: Module "pathlib" is not valid as a type  [valid-type]
(neitsa)PrepareLanding/tools/copy_to_rimworld.py:26:26: error: Module "pathlib" is not valid as a type  [valid-type]
(FrostLuma)Mousey/mousey/ext/mod.py:50:42: error: Invalid type comment or annotation  [valid-type]
(ECP-CANDLE)Benchmarks/Pilot1/UnoMT/utils/miscellaneous/file_downloading.py:21:31: error: Invalid type comment or annotation  [valid-type]
(ECP-CANDLE)Benchmarks/Pilot1/UnoMT/utils/data_processing/label_encoding.py:46:67: error: Function "builtins.iter" is not valid as a type  [valid-type]
(ECP-CANDLE)Benchmarks/Pilot1/UnoMT/utils/data_processing/label_encoding.py:99:65: error: Function "builtins.iter" is not valid as a type  [valid-type]
(ECP-CANDLE)Benchmarks/Pilot1/UnoMT/utils/data_processing/label_encoding.py:121:34: error: Function "builtins.iter" is not valid as a type  [valid-type]
(BernardFW)bernard/src/bernard/engine/fsm.py:373: error: Invalid type: try using Literal[True] instead?  [valid-type]
(intel-ctrlsys)actsys/datastore/datastore/database_schema/models.py:96:14: error: Variable "models.Base" is not valid as a type  [valid-type]
(intel-ctrlsys)actsys/datastore/datastore/database_schema/models.py:110:21: error: Variable "models.Base" is not valid as a type  [valid-type]
(intel-ctrlsys)actsys/datastore/datastore/database_schema/models.py:118:11: error: Variable "models.Base" is not valid as a type  [valid-type]
(intel-ctrlsys)actsys/datastore/datastore/database_schema/models.py:128:15: error: Variable "models.Base" is not valid as a type  [valid-type]
(intel-ctrlsys)actsys/datastore/datastore/database_schema/models.py:136:11: error: Variable "models.Base" is not valid as a type  [valid-type]
(intel-ctrlsys)actsys/datastore/datastore/database_schema/models.py:149:18: error: Variable "models.Base" is not valid as a type  [valid-type]
(mara)mara-db/mara_db/config.py:7:20: error: Invalid type comment or annotation  [valid-type]
(marrow)WebCore/example/annotation.py:12:20: error: Invalid type comment or annotation  [valid-type]
(wilkeraziz)grasp/grasp/cfg/topsort.py:71:31: error: Invalid type comment or annotation  [valid-type]
(mitdbg)aurum-datadiscovery/knowledgerepr/gindexekg.py:32:17: error: Module "knowledgerepr.EKGapi" is not valid as a type  [valid-type]
(mitdbg)aurum-datadiscovery/knowledgerepr/inmemoryekg.py:4:19: error: Module "knowledgerepr.EKGapi" is not valid as a type  [valid-type]
(project-callisto)callisto-core/callisto_core/delivery/utils.py:9:39: error: Invalid type comment or annotation  [valid-type]
(project-callisto)callisto-core/callisto_core/delivery/utils.py:14:44: error: Invalid type comment or annotation  [valid-type]
(aio-libs)aiohttp/aiohttp/tracing.py:57:9: error: Variable "tracing._Signal" is not valid as a type  [valid-type]
(aio-libs)aiohttp/aiohttp/tracing.py:58:9: error: Variable "tracing._Signal" is not valid as a type  [valid-type]
(aio-libs)aiohttp/aiohttp/tracing.py:59:9: error: Variable "tracing._Signal" is not valid as a type  [valid-type]
(aio-libs)aiohttp/aiohttp/tracing.py:60:9: error: Variable "tracing._Signal" is not valid as a type  [valid-type]
(aio-libs)aiohttp/aiohttp/tracing.py:61:9: error: Variable "tracing._Signal" is not valid as a type  [valid-type]
(aio-libs)aiohttp/aiohttp/tracing.py:62:9: error: Variable "tracing._Signal" is not valid as a type  [valid-type]
(aio-libs)aiohttp/aiohttp/tracing.py:63:9: error: Variable "tracing._Signal" is not valid as a type  [valid-type]
(aio-libs)aiohttp/aiohttp/tracing.py:64:9: error: Variable "tracing._Signal" is not valid as a type  [valid-type]
(aio-libs)aiohttp/aiohttp/tracing.py:65:9: error: Variable "tracing._Signal" is not valid as a type  [valid-type]
(aio-libs)aiohttp/aiohttp/tracing.py:66:9: error: Variable "tracing._Signal" is not valid as a type  [valid-type]
(aio-libs)aiohttp/aiohttp/tracing.py:67:9: error: Variable "tracing._Signal" is not valid as a type  [valid-type]
(aio-libs)aiohttp/aiohttp/tracing.py:68:9: error: Variable "tracing._Signal" is not valid as a type  [valid-type]
(aio-libs)aiohttp/aiohttp/tracing.py:69:9: error: Variable "tracing._Signal" is not valid as a type  [valid-type]
(aio-libs)aiohttp/aiohttp/tracing.py:70:9: error: Variable "tracing._Signal" is not valid as a type  [valid-type]
(aio-libs)aiohttp/aiohttp/tracing.py:71:9: error: Variable "tracing._Signal" is not valid as a type  [valid-type]
(aio-libs)aiohttp/aiohttp/tracing.py:101:35: error: Variable "tracing._Signal" is not valid as a type  [valid-type]
(aio-libs)aiohttp/aiohttp/tracing.py:105:40: error: Variable "tracing._Signal" is not valid as a type  [valid-type]
(aio-libs)aiohttp/aiohttp/tracing.py:109:45: error: Variable "tracing._Signal" is not valid as a type  [valid-type]
(aio-libs)aiohttp/aiohttp/tracing.py:113:33: error: Variable "tracing._Signal" is not valid as a type  [valid-type]
(aio-libs)aiohttp/aiohttp/tracing.py:117:39: error: Variable "tracing._Signal" is not valid as a type  [valid-type]
(aio-libs)aiohttp/aiohttp/tracing.py:121:38: error: Variable "tracing._Signal" is not valid as a type  [valid-type]
(aio-libs)aiohttp/aiohttp/tracing.py:125:45: error: Variable "tracing._Signal" is not valid as a type  [valid-type]
(aio-libs)aiohttp/aiohttp/tracing.py:129:43: error: Variable "tracing._Signal" is not valid as a type  [valid-type]
(aio-libs)aiohttp/aiohttp/tracing.py:133:45: error: Variable "tracing._Signal" is not valid as a type  [valid-type]
(aio-libs)aiohttp/aiohttp/tracing.py:137:43: error: Variable "tracing._Signal" is not valid as a type  [valid-type]
(aio-libs)aiohttp/aiohttp/tracing.py:141:42: error: Variable "tracing._Signal" is not valid as a type  [valid-type]
(aio-libs)aiohttp/aiohttp/tracing.py:145:43: error: Variable "tracing._Signal" is not valid as a type  [valid-type]
(aio-libs)aiohttp/aiohttp/tracing.py:149:41: error: Variable "tracing._Signal" is not valid as a type  [valid-type]
(aio-libs)aiohttp/aiohttp/tracing.py:153:35: error: Variable "tracing._Signal" is not valid as a type  [valid-type]
(aio-libs)aiohttp/aiohttp/tracing.py:157:36: error: Variable "tracing._Signal" is not valid as a type  [valid-type]
(tornadoweb)tornado/tornado/concurrent.py:117:66: error: Variable "concurrent.Future" is not valid as a type  [valid-type]
(tornadoweb)tornado/tornado/concurrent.py:121:62: error: Variable "concurrent.Future" is not valid as a type  [valid-type]
(tornadoweb)tornado/tornado/concurrent.py:122:13: error: Variable "concurrent.Future" is not valid as a type  [valid-type]
(tornadoweb)tornado/tornado/concurrent.py:141:21: error: Variable "concurrent.Future" is not valid as a type  [valid-type]
(tornadoweb)tornado/tornado/concurrent.py:154:22: error: Variable "concurrent.Future" is not valid as a type  [valid-type]
(tornadoweb)tornado/tornado/concurrent.py:175:13: error: Variable "concurrent.Future" is not valid as a type  [valid-type]
(tornadoweb)tornado/tornado/concurrent.py:189:13: error: Variable "concurrent.Future" is not valid as a type  [valid-type]
(tornadoweb)tornado/tornado/concurrent.py:211:13: error: Variable "concurrent.Future" is not valid as a type  [valid-type]
(tornadoweb)tornado/tornado/concurrent.py:243:13: error: Variable "concurrent.Future" is not valid as a type  [valid-type]
(tornadoweb)tornado/tornado/concurrent.py:249:13: error: Variable "concurrent.Future" is not valid as a type  [valid-type]
(semanticbits)survey_stats/src/survey_stats/types.py:39:40: error: Type variable "types.T" is unbound  [valid-type]
(semanticbits)survey_stats/src/survey_stats/types.py:41:29: error: Type variable "types.T" is unbound  [valid-type]
(semanticbits)survey_stats/src/survey_stats/types.py:50:44: error: Type variable "types.T" is unbound  [valid-type]
(feliphebueno)Rinzler/rinzler/core/route_mapping.py:16:26: error: Invalid type comment or annotation  [valid-type]
(feliphebueno)Rinzler/rinzler/core/route_mapping.py:24:27: error: Invalid type comment or annotation  [valid-type]
(feliphebueno)Rinzler/rinzler/core/route_mapping.py:32:26: error: Invalid type comment or annotation  [valid-type]
(feliphebueno)Rinzler/rinzler/core/route_mapping.py:40:28: error: Invalid type comment or annotation  [valid-type]
(feliphebueno)Rinzler/rinzler/core/route_mapping.py:48:29: error: Invalid type comment or annotation  [valid-type]
(feliphebueno)Rinzler/rinzler/core/route_mapping.py:56:27: error: Invalid type comment or annotation  [valid-type]
(feliphebueno)Rinzler/rinzler/core/route_mapping.py:64:30: error: Invalid type comment or annotation  [valid-type]
(feliphebueno)Rinzler/rinzler/core/route_mapping.py:84:54: error: Invalid type comment or annotation  [valid-type]
(kubeflow)pipelines/sdk/python/kfp/dsl/_pipeline_param.py:66:39: error: Invalid type comment or annotation  [valid-type]
(kubeflow)pipelines/sdk/python/tests/compiler/component_builder_test.py:132:37: error: Invalid type comment or annotation  [valid-type]
(ziyadedher)rpi-display-projects/controller.py:158:23: error: Function "builtins.chr" is not valid as a type  [valid-type]
(sdementen)gnucash-utilities/piecash_utilities/report/report_example.py:18:19: error: Invalid type comment or annotation  [valid-type]
(sdementen)gnucash-utilities/piecash_utilities/report/report_example.py:23:16: error: Invalid type comment or annotation  [valid-type]
(sdementen)gnucash-utilities/piecash_utilities/report/report_example.py:28:17: error: Invalid type comment or annotation  [valid-type]
(sdementen)gnucash-utilities/piecash_utilities/report/report_example.py:33:25: error: Invalid type comment or annotation  [valid-type]
(sdementen)gnucash-utilities/report_example/report_simplest_parameters.py:12:19: error: Invalid type comment or annotation  [valid-type]
(sdementen)gnucash-utilities/report_example/report_simplest_parameters.py:17:16: error: Invalid type comment or annotation  [valid-type]
(sdementen)gnucash-utilities/report_example/report_simplest_parameters.py:22:17: error: Invalid type comment or annotation  [valid-type]
(sdementen)gnucash-utilities/report_example/report_simplest_parameters.py:27:25: error: Invalid type comment or annotation  [valid-type]
(OpenMineMods)OpenMineMods/GUI/DownloadDialogWrapper.py:51:72: error: Invalid type comment or annotation  [valid-type]
(christabor)MoAL/MOAL/storage/databases/relational/sql_alchemy.py:37:14: error: Variable "sql_alchemy.Base" is not valid as a type  [valid-type]
(ruddy17)PlottiPy/plottipy.py:20:18: error: Variable "plottipy.TemplateBaseClass" is not valid as a type  [valid-type]
(KawashiroNitori)Anubis/anubis/model/contest.py:105:25: error: Invalid type comment or annotation  [valid-type]
(KawashiroNitori)Anubis/anubis/model/contest.py:106:23: error: Invalid type comment or annotation  [valid-type]
(KawashiroNitori)Anubis/anubis/model/campaign.py:21:25: error: Invalid type comment or annotation  [valid-type]
(KawashiroNitori)Anubis/anubis/model/campaign.py:22:23: error: Invalid type comment or annotation  [valid-type]
(pckv)pcbot/plugins/brainfuck.py:192:47: error: Function "brainfuck.snippet_name" is not valid as a type  [valid-type]
(pckv)pcbot/plugins/brainfuck.py:201:47: error: Function "brainfuck.snippet_name" is not valid as a type  [valid-type]
(pckv)pcbot/plugins/brainfuck.py:212:50: error: Function "brainfuck.snippet_name" is not valid as a type  [valid-type]
(pckv)pcbot/plugins/brainfuck.py:224:50: error: Function "brainfuck.snippet_name" is not valid as a type  [valid-type]
(pckv)pcbot/plugins/brainfuck.py:248:50: error: Function "brainfuck.snippet_name" is not valid as a type  [valid-type]
(pckv)pcbot/plugins/image.py:234:55: error: Function "image.image" is not valid as a type  [valid-type]
(pckv)pcbot/plugins/image.py:234:74: error: Function "image.parse_resolution" is not valid as a type  [valid-type]
(pckv)pcbot/plugins/image.py:235: error: Function "builtins.str.lower" is not valid as a type  [valid-type]
(pckv)pcbot/plugins/image.py:254: error: Function "builtins.str.lower" is not valid as a type  [valid-type]
(pckv)pcbot/plugins/image.py:254:55: error: Function "image.image" is not valid as a type  [valid-type]
(pckv)pcbot/plugins/image.py:266: error: Function "builtins.str.lower" is not valid as a type  [valid-type]
(pckv)pcbot/plugins/image.py:266:56: error: Function "image.image" is not valid as a type  [valid-type]
(pckv)pcbot/plugins/image.py:273:53: error: Function "image.image" is not valid as a type  [valid-type]
(pckv)pcbot/plugins/image.py:273:69: error: Invalid type comment or annotation  [valid-type]
(pckv)pcbot/plugins/image.py:274:25: error: Invalid type comment or annotation  [valid-type]
(pckv)pcbot/plugins/image.py:290:55: error: Function "image.image" is not valid as a type  [valid-type]
(pckv)pcbot/plugins/image.py:303: error: Function "builtins.str.lower" is not valid as a type  [valid-type]
(pckv)pcbot/plugins/image.py:303:53: error: Function "image.image" is not valid as a type  [valid-type]
(pckv)pcbot/plugins/image.py:317: error: Function "builtins.str.lower" is not valid as a type  [valid-type]
(pckv)pcbot/plugins/image.py:317:55: error: Function "image.image" is not valid as a type  [valid-type]
(pckv)pcbot/plugins/wyr.py:30:57: error: Function "wyr.options" is not valid as a type  [valid-type]
(pckv)pcbot/plugins/wyr.py:88:49: error: Function "wyr.options" is not valid as a type  [valid-type]
(pckv)pcbot/plugins/time.py:79:59: error: Function "time.tz_arg" is not valid as a type  [valid-type]
(pckv)pcbot/plugins/time.py:121:49: error: Function "time.tag_arg" is not valid as a type  [valid-type]
(pckv)pcbot/plugins/time.py:121:75: error: Function "time.tz_arg" is not valid as a type  [valid-type]
(pckv)pcbot/plugins/alias.py:26: error: Function "builtins.str.lower" is not valid as a type  [valid-type]
(pckv)pcbot/plugins/web.py:77: error: Function "builtins.str.upper" is not valid as a type  [valid-type]
(pckv)pcbot/plugins/basic.py:23:47: error: Invalid type comment or annotation  [valid-type]
(pckv)pcbot/plugins/basic.py:56:57: error: Function "basic.dice_roll" is not valid as a type  [valid-type]
(pckv)pcbot/plugins/basic.py:168:53: error: Function "basic.plugin_in_req" is not valid as a type  [valid-type]
(pckv)pcbot/plugins/basic.py:168:76: error: Function "basic.get_req_id" is not valid as a type  [valid-type]
(pckv)pcbot/plugins/basic.py:186:49: error: Function "basic.plugin_in_req" is not valid as a type  [valid-type]
(pckv)pcbot/plugins/basic.py:201:50: error: Function "basic.plugin_in_req" is not valid as a type  [valid-type]
(pckv)pcbot/plugins/basic.py:201:73: error: Function "basic.get_req_id" is not valid as a type  [valid-type]
(pckv)pcbot/plugins/basic.py:221:52: error: Function "basic.plugin_in_req" is not valid as a type  [valid-type]
(pckv)pcbot/plugins/basic.py:221:75: error: Function "basic.get_req_id" is not valid as a type  [valid-type]
(pckv)pcbot/plugins/pasta.py:66: error: Function "builtins.str.lower" is not valid as a type  [valid-type]
(underdogio)typeform/typeform/client.py:20:52: error: Function "builtins.any" is not valid as a type  [valid-type]
(underdogio)typeform/typeform/forms.py:43:51: error: Function "builtins.any" is not valid as a type  [valid-type]
(pybel)pybel/src/pybel/utils.py:124: error: Function "datetime.datetime.date" is not valid as a type  [valid-type]
(wasp)waspy/waspy/client.py:28: error: Function "asyncio.coroutines.coroutine" is not valid as a type  [valid-type]
(a-slide)pycoQC/pycoQC/common.py:215:14: error: Invalid type comment or annotation  [valid-type]
(a-slide)pycoQC/pycoQC/Fast5_to_seq_summary.py:77:23: error: Invalid type comment or annotation  [valid-type]
(a-slide)pycoQC/pycoQC/Fast5_to_seq_summary.py:79:16: error: Invalid type comment or annotation  [valid-type]
(sloria)aiohttp_utils/aiohttp_utils/negotiation.py:240:46: error: Function "builtins.callable" is not valid as a type  [valid-type]
(rr-)szurubooru/server/szurubooru/migrations/versions/9ef1a1643c2a_update_user_table_for_hardened_passwords.py:23:12: error: Variable "9ef1a1643c2a_update_user_table_for_hardened_passwords.Base" is not valid as a type  [valid-type]
(rr-)szurubooru/server/szurubooru/migrations/versions/9837fc981ec7_add_order_to_tag_names.py:22:15: error: Variable "9837fc981ec7_add_order_to_tag_names.Base" is not valid as a type  [valid-type]
(rr-)szurubooru/server/szurubooru/migrations/versions/5f00af3004a4_add_default_tag_category.py:23:19: error: Variable "5f00af3004a4_add_default_tag_category.Base" is not valid as a type  [valid-type]
(gilesknap)gphotos-sync/gphotos/Utils.py:57:39: error: Variable "Utils.PatType" is not valid as a type  [valid-type]
(jopohl)urh/src/urh/models/ProtocolTableModel.py:23:31: error: Invalid type comment or annotation  [valid-type]
(fametrano)BitcoinBlockchainTechnology/btclib/ssa.py:247:14: error: Invalid type comment or annotation  [valid-type]
(laramies)theHarvester/theHarvester/discovery/githubcode.py:23:11: error: Function "builtins.any" is not valid as a type  [valid-type]
(Leixb)jutge_cli/jutge_cli/commands/archive.py:31:19: error: Invalid type comment or annotation  [valid-type]
(pablodav)burp_server_reports/burp_reports/lib/urlget.py:23:30: error: Invalid type comment or annotation  [valid-type]
(pablodav)burp_server_reports/burp_reports/lib/urlget.py:24:26: error: Invalid type comment or annotation  [valid-type]
(pablodav)burp_server_reports/burp_reports/lib/urlget.py:25:32: error: Invalid type comment or annotation  [valid-type]
(pablodav)burp_server_reports/burp_reports/lib/urlget.py:26:27: error: Invalid type comment or annotation  [valid-type]
(pablodav)burp_server_reports/burp_reports/lib/urlget.py:27:31: error: Invalid type comment or annotation  [valid-type]
(niwinz)cobrascript/samples/sample4.py:18:15: error: Invalid type comment or annotation  [valid-type]
(Kilerd)nougat/nougat/exceptions.py:6:20: error: Variable "code" is not valid as a type  [valid-type]
(Trilarion)imperialism-remake/source/imperialism_remake/lib/network.py:207:34: error: Variable "network.SCOPE" is not valid as a type  [valid-type]
(mesosphere)dcos-kafka-service/frameworks/kafka/tests/test_jmx.py:147:41: error: Module "string" is not valid as a type  [valid-type]
(mesosphere)dcos-kafka-service/frameworks/kafka/tests/test_jmx.py:159:30: error: Module "string" is not valid as a type  [valid-type]
(JuliusKunze)speechless/speechless/grapheme_enconding.py:9:49: error: Function "builtins.chr" is not valid as a type  [valid-type]
(JuliusKunze)speechless/speechless/grapheme_enconding.py:15:44: error: Function "builtins.chr" is not valid as a type  [valid-type]
(JuliusKunze)speechless/speechless/grapheme_enconding.py:65:49: error: Function "builtins.chr" is not valid as a type  [valid-type]
(JuliusKunze)speechless/speechless/grapheme_enconding.py:122:49: error: Function "builtins.chr" is not valid as a type  [valid-type]
(Karaage-Cluster)python-tldap/tldap/dict.py:47:44: error: Function "builtins.any" is not valid as a type  [valid-type]
(Karaage-Cluster)python-tldap/tldap/dict.py:64:38: error: Function "builtins.any" is not valid as a type  [valid-type]
(Karaage-Cluster)python-tldap/tldap/dict.py:71:39: error: Function "builtins.any" is not valid as a type  [valid-type]
(Karaage-Cluster)python-tldap/tldap/dict.py:98:38: error: Function "builtins.any" is not valid as a type  [valid-type]
(Karaage-Cluster)python-tldap/tldap/dict.py:111:39: error: Function "builtins.any" is not valid as a type  [valid-type]
(Karaage-Cluster)python-tldap/tldap/dict.py:117:37: error: Function "builtins.any" is not valid as a type  [valid-type]
(Karaage-Cluster)python-tldap/tldap/dict.py:126:57: error: Function "builtins.any" is not valid as a type  [valid-type]
(h2non)siringa/examples/invoke.py:10:21: error: Invalid type comment or annotation  [valid-type]
(h2non)siringa/examples/inject-flag.py:12:14: error: Invalid type comment or annotation  [valid-type]
(h2non)siringa/examples/mocking.py:17:18: error: Invalid type comment or annotation  [valid-type]
(h2non)siringa/examples/custom-layer.py:12:20: error: Invalid type comment or annotation  [valid-type]
(h2non)siringa/examples/parent-layer.py:23:21: error: Invalid type comment or annotation  [valid-type]
(h2non)siringa/examples/compute.py:10:18: error: Invalid type comment or annotation  [valid-type]
(h2non)siringa/examples/compute.py:20:21: error: Invalid type comment or annotation  [valid-type]
(h2non)siringa/examples/featured.py:16:17: error: Invalid type comment or annotation  [valid-type]
(h2non)siringa/examples/featured.py:29:42: error: Invalid type comment or annotation  [valid-type]
(h2non)siringa/examples/featured.py:36:35: error: Invalid type comment or annotation  [valid-type]
(qiime2)qiime2/qiime2/core/path.py:24:17: error: Variable "qiime2.core.path._ConcretePath" is not valid as a type  [valid-type]
(qiime2)qiime2/qiime2/core/path.py:92:25: error: Variable "qiime2.core.path._ConcretePath" is not valid as a type  [valid-type]
(ClearcodeHQ)pytest-postgresql/src/pytest_postgresql/janitor.py:32:40: error: Variable "janitor.Version" is not valid as a type  [valid-type]
(RagtagOpen)bidwire/bidwire/document.py:12:16: error: Variable "document.Base" is not valid as a type  [valid-type]
(RagtagOpen)bidwire/bidwire/bid.py:10:11: error: Variable "bid.Base" is not valid as a type  [valid-type]
(PetrPPetrov)beautiful-capi/source/Templates.py:42:42: error: Invalid type comment or annotation  [valid-type]
(PetrPPetrov)beautiful-capi/source/FileGenerator.py:91:25: error: Invalid type comment or annotation  [valid-type]
(PetrPPetrov)beautiful-capi/source/OverloadSuffixes.py:34:77: error: Invalid type comment or annotation  [valid-type]
(PetrPPetrov)beautiful-capi/source/FileCache.py:82:87: error: Invalid type comment or annotation  [valid-type]
(PetrPPetrov)beautiful-capi/source/FileCache.py:94:86: error: Invalid type comment or annotation  [valid-type]
(PetrPPetrov)beautiful-capi/source/FileCache.py:100:81: error: Invalid type comment or annotation  [valid-type]
(PetrPPetrov)beautiful-capi/source/FileCache.py:106:77: error: Invalid type comment or annotation  [valid-type]
(PetrPPetrov)beautiful-capi/source/FileCache.py:112:82: error: Invalid type comment or annotation  [valid-type]
(PetrPPetrov)beautiful-capi/source/FileCache.py:118:77: error: Invalid type comment or annotation  [valid-type]
(PetrPPetrov)beautiful-capi/source/FileCache.py:124:76: error: Invalid type comment or annotation  [valid-type]
(PetrPPetrov)beautiful-capi/source/FileCache.py:130:75: error: Invalid type comment or annotation  [valid-type]
(nathbo)GO_DILab/src/learn/conv/bot.py:18:31: error: Invalid type comment or annotation  [valid-type]
(nathbo)GO_DILab/src/play/model/Game.py:80:40: error: Invalid type comment or annotation  [valid-type]
(barry-scott)scm-workbench/Source/Common/wb_preferences.py:154:38: error: Function "wb_preferences.Bool" is not valid as a type  [valid-type]
(mark-nicholson)python-editline/editline/editline.py:77:42: error: Function "builtins.callable" is not valid as a type  [valid-type]
(eseifert)madam/madam/mime.py:33:1: error: Invalid type comment or annotation  [valid-type]
(eseifert)madam/madam/mime.py:34:1: error: Invalid type comment or annotation  [valid-type]
(Brachi)albam/albam/ui/blender/operators.py:13:17: error: Invalid type comment or annotation  [valid-type]
(Brachi)albam/albam/ui/blender/operators.py:14:13: error: Invalid type comment or annotation  [valid-type]
(Brachi)albam/albam/ui/blender/operators.py:15:18: error: Invalid type comment or annotation  [valid-type]
(Brachi)albam/albam/ui/blender/operators.py:71:16: error: Invalid type comment or annotation  [valid-type]
(Synedh)showdown-battle-bot/src/io_process.py:23:45: error: Invalid type comment or annotation  [valid-type]
(ErikBjare)pyzenobase/examples/upload_lifelogger_spreadsheet/main.py:63:33: error: Invalid type comment or annotation  [valid-type]
(ErikBjare)pyzenobase/examples/upload_lifelogger_spreadsheet/main.py:89:27: error: Invalid type comment or annotation  [valid-type]
(Rhilip)cn-mooc-dl/model/download.py:92:30: error: Invalid type comment or annotation  [valid-type]
(Rhilip)cn-mooc-dl/model/login.py:20:49: error: Invalid type comment or annotation  [valid-type]
(spencer404)PyLoom/pyloom/server/web.py:80:25: error: Function "web.Args.str" is not valid as a type  [valid-type]
(spencer404)PyLoom/pyloom/server/web.py:99:27: error: Function "web.Args.str" is not valid as a type  [valid-type]
(spencer404)PyLoom/pyloom/server/web.py:120:26: error: Function "web.Args.str" is not valid as a type  [valid-type]
(spencer404)PyLoom/pyloom/server/web.py:131:26: error: Function "web.Args.str" is not valid as a type  [valid-type]
(spencer404)PyLoom/pyloom/server/web.py:142:26: error: Function "web.Args.str" is not valid as a type  [valid-type]
(JulienBalestra)enjoliver/app/model.py:37:15: error: Variable "app.model.BASE" is not valid as a type  [valid-type]
(JulienBalestra)enjoliver/app/model.py:74:15: error: Variable "app.model.BASE" is not valid as a type  [valid-type]
(JulienBalestra)enjoliver/app/model.py:85:19: error: Variable "app.model.BASE" is not valid as a type  [valid-type]
(JulienBalestra)enjoliver/app/model.py:99:24: error: Variable "app.model.BASE" is not valid as a type  [valid-type]
(JulienBalestra)enjoliver/app/model.py:143:15: error: Variable "app.model.BASE" is not valid as a type  [valid-type]
(JulienBalestra)enjoliver/app/model.py:164:19: error: Variable "app.model.BASE" is not valid as a type  [valid-type]
(JulienBalestra)enjoliver/app/model.py:209:16: error: Variable "app.model.BASE" is not valid as a type  [valid-type]
(JulienBalestra)enjoliver/app/model.py:229:25: error: Variable "app.model.BASE" is not valid as a type  [valid-type]
(JulienBalestra)enjoliver/app/model.py:246:27: error: Variable "app.model.BASE" is not valid as a type  [valid-type]
(JulienBalestra)enjoliver/app/model.py:273:30: error: Variable "app.model.BASE" is not valid as a type  [valid-type]
(JulienBalestra)enjoliver/app/model.py:288:24: error: Variable "app.model.BASE" is not valid as a type  [valid-type]
(utarsuno)quasar_source/libraries/python/universal_utilities/time_abstraction.py:152: error: Function "datetime.datetime.date" is not valid as a type  [valid-type]
(utarsuno)quasar_source/libraries/python/universal_utilities/time_abstraction.py:195: error: Function "datetime.datetime.date" is not valid as a type  [valid-type]
(utarsuno)quasar_source/libraries/python/universal_utilities/time_abstraction.py:200: error: Function "datetime.datetime.date" is not valid as a type  [valid-type]
(utarsuno)quasar_source/libraries/python/universal_utilities/time_abstraction.py:205: error: Function "datetime.datetime.date" is not valid as a type  [valid-type]
(AJudge-team)AJudge/validator/validator_mixin.py:7:31: error: Function "builtins.any" is not valid as a type  [valid-type]
(Redjumpman)Jumper-Cogs/dicetable/dicetable.py:23:17: error: Variable "dicetable.dicetable.BaseCog" is not valid as a type  [valid-type]
(Redjumpman)Jumper-Cogs/jisho/jisho.py:18:13: error: Variable "jisho.jisho.BaseCog" is not valid as a type  [valid-type]
(markusressel)raspyrfm-client/raspyrfm_client/device_implementations/controlunit/base.py:63:37: error: Invalid type comment or annotation  [valid-type]
(HelpAssistHer)help-assist-her/server/data-import/old/import-fqhcs.py:46:26: error: Variable "import-fqhcs.website" is not valid as a type  [valid-type]
(HelpAssistHer)help-assist-her/server/data-import/old/import-fqhcs.py:48:33: error: Variable "import-fqhcs.classification" is not valid as a type  [valid-type]
(fugwenna)bunkbot/src/cogs/weather/radar_result.py:8:34: error: Function "builtins.any" is not valid as a type  [valid-type]
(slice)dogbot/dog/ext/time/cog.py:60:53: error: Function "time.converters.hour_minute" is not valid as a type  [valid-type]
(slice)dogbot/dog/ext/time/cog.py:105:57: error: Function "time.converters.hour_minute" is not valid as a type  [valid-type]
(slice)dogbot/dog/ext/quoting/cog.py:62:41: error: Invalid type comment or annotation  [valid-type]
(slice)dogbot/dog/ext/quoting/cog.py:121:39: error: Invalid type comment or annotation  [valid-type]
(slice)dogbot/dog/ext/quoting/cog.py:197:19: error: Invalid type comment or annotation  [valid-type]
(slice)dogbot/dog/ext/quoting/cog.py:198:14: error: Invalid type comment or annotation  [valid-type]
(slice)dogbot/dog/ext/quoting/cog.py:212:43: error: Invalid type comment or annotation  [valid-type]
(miracle2k)k8s-snapshots/k8s_snapshots/kube.py:25:16: error: Type variable "kube.Resource" is unbound  [valid-type]
(schrockn)graphscale/graphscale/kvetch/dbshard.py:20: error: Variable "pymysql.Connection" is not valid as a type  [valid-type]
(schrockn)graphscale/graphscale/kvetch/dbshard.py:137: error: Variable "pymysql.Connection" is not valid as a type  [valid-type]
(schrockn)graphscale/graphscale/kvetch/dbshard.py:162: error: Variable "pymysql.Connection" is not valid as a type  [valid-type]
(schrockn)graphscale/graphscale/kvetch/dbshard.py:167: error: Variable "pymysql.Connection" is not valid as a type  [valid-type]
(schrockn)graphscale/graphscale/kvetch/dbshard.py:184: error: Variable "pymysql.Connection" is not valid as a type  [valid-type]
(schrockn)graphscale/graphscale/kvetch/dbshard.py:198: error: Variable "pymysql.Connection" is not valid as a type  [valid-type]
(schrockn)graphscale/graphscale/kvetch/dbshard.py:216: error: Variable "pymysql.Connection" is not valid as a type  [valid-type]
(schrockn)graphscale/graphscale/kvetch/dbshard.py:223: error: Variable "pymysql.Connection" is not valid as a type  [valid-type]
(schrockn)graphscale/graphscale/kvetch/dbshard.py:239: error: Variable "pymysql.Connection" is not valid as a type  [valid-type]
(schrockn)graphscale/graphscale/kvetch/dbshard.py:253: error: Variable "pymysql.Connection" is not valid as a type  [valid-type]
(schrockn)graphscale/graphscale/kvetch/dbshard.py:271: error: Variable "pymysql.Connection" is not valid as a type  [valid-type]
(schrockn)graphscale/graphscale/kvetch/dbshard.py:282: error: Variable "pymysql.Connection" is not valid as a type  [valid-type]
(schrockn)graphscale/graphscale/kvetch/dbshard.py:313: error: Variable "pymysql.Connection" is not valid as a type  [valid-type]
(schrockn)graphscale/graphscale/sql.py:16: error: Variable "pymysql.Connection" is not valid as a type  [valid-type]
(schrockn)graphscale/graphscale/sql.py:29: error: Variable "pymysql.Connection" is not valid as a type  [valid-type]
(glotaran)glotaran/glotaran/model/model_attribute.py:106:51: error: Function "builtins.any" is not valid as a type  [valid-type]
(Fahreeve)aiovk/aiovk/longpoll.py:11:46: error: Invalid type comment or annotation  [valid-type]
(Fahreeve)aiovk/aiovk/sessions.py:122:71: error: Invalid type comment or annotation  [valid-type]
(Nic30)HWToolkit/hwt/synthesizer/param.py:94:52: error: Function "param.Param.set" is not valid as a type  [valid-type]
(Nic30)HWToolkit/hwt/synthesizer/param.py:100:42: error: Function "param.Param.set" is not valid as a type  [valid-type]
(ikvk)imap_tools/imap_tools/mailbox.py:97:70: error: Function "builtins.iter" is not valid as a type  [valid-type]
(ikvk)imap_tools/imap_tools/mailbox.py:124:28: error: Invalid type comment or annotation  [valid-type]
(ikvk)imap_tools/imap_tools/mailbox.py:155:58: error: Invalid type comment or annotation  [valid-type]
(ikvk)imap_tools/imap_tools/mailbox.py:170:40: error: Invalid type comment or annotation  [valid-type]
(ikvk)imap_tools/imap_tools/message.py:83:22: error: Invalid type comment or annotation  [valid-type]
(ikvk)imap_tools/imap_tools/message.py:119:30: error: Invalid type comment or annotation  [valid-type]
(mesgarpour)T-CARER/Stats/TransformThread.py:50:33: error: Variable "TransformThread.PandasDataFrame" is not valid as a type  [valid-type]
(mesgarpour)T-CARER/Stats/TransformThread.py:63:40: error: Variable "TransformThread.PandasDataFrame" is not valid as a type  [valid-type]
(mesgarpour)T-CARER/Stats/TransformThread.py:76:42: error: Variable "TransformThread.PandasDataFrame" is not valid as a type  [valid-type]
(mesgarpour)T-CARER/Stats/TransformThread.py:96:38: error: Variable "TransformThread.PandasDataFrame" is not valid as a type  [valid-type]
(mesgarpour)T-CARER/Stats/TransformThread.py:115:43: error: Variable "TransformThread.PandasDataFrame" is not valid as a type  [valid-type]
(mesgarpour)T-CARER/Stats/TransformThread.py:134:39: error: Variable "TransformThread.PandasDataFrame" is not valid as a type  [valid-type]
(mesgarpour)T-CARER/Stats/TransformThread.py:148:35: error: Variable "TransformThread.PandasDataFrame" is not valid as a type  [valid-type]
(mesgarpour)T-CARER/Stats/_KNeighborsClassifier.py:47:34: error: Variable "_KNeighborsClassifier.PandasDataFrame" is not valid as a type  [valid-type]
(mesgarpour)T-CARER/Stats/_KNeighborsClassifier.py:50:33: error: Variable "_KNeighborsClassifier.SklearnKNeighborsClassifier" is not valid as a type  [valid-type]
(mesgarpour)T-CARER/Stats/_KNeighborsClassifier.py:65:38: error: Variable "_KNeighborsClassifier.SklearnKNeighborsClassifier" is not valid as a type  [valid-type]
(mesgarpour)T-CARER/Stats/_KNeighborsClassifier.py:76:27: error: Variable "_KNeighborsClassifier.SklearnKNeighborsClassifier" is not valid as a type  [valid-type]
(mesgarpour)T-CARER/Stats/_NaiveBayes.py:46:34: error: Variable "_NaiveBayes.PandasDataFrame" is not valid as a type  [valid-type]
(mesgarpour)T-CARER/Stats/_NaiveBayes.py:49:33: error: Variable "_NaiveBayes.SklearnMultinomialNB" is not valid as a type  [valid-type]
(mesgarpour)T-CARER/Stats/_NaiveBayes.py:63:38: error: Variable "_NaiveBayes.SklearnMultinomialNB" is not valid as a type  [valid-type]
(mesgarpour)T-CARER/Stats/_NaiveBayes.py:79:27: error: Variable "_NaiveBayes.SklearnMultinomialNB" is not valid as a type  [valid-type]
(mesgarpour)T-CARER/Stats/FactoringThread.py:39:22: error: Variable "FactoringThread.PandasDataFrame" is not valid as a type  [valid-type]
(mesgarpour)T-CARER/Stats/FactoringThread.py:52:50: error: Variable "FactoringThread.PandasDataFrame" is not valid as a type  [valid-type]
(mesgarpour)T-CARER/Stats/FactoringThread.py:66:35: error: Variable "FactoringThread.PandasDataFrame" is not valid as a type  [valid-type]
(mesgarpour)T-CARER/Stats/FactoringThread.py:77:43: error: Variable "FactoringThread.PandasDataFrame" is not valid as a type  [valid-type]
(mesgarpour)T-CARER/Stats/_LogisticRegression.py:47:34: error: Variable "_LogisticRegression.PandasDataFrame" is not valid as a type  [valid-type]
(mesgarpour)T-CARER/Stats/_LogisticRegression.py:50:33: error: Variable "_LogisticRegression.SklearnLogisticRegression" is not valid as a type  [valid-type]
(mesgarpour)T-CARER/Stats/_LogisticRegression.py:66:38: error: Variable "_LogisticRegression.SklearnLogisticRegression" is not valid as a type  [valid-type]
(mesgarpour)T-CARER/Stats/_LogisticRegression.py:82:27: error: Variable "_LogisticRegression.SklearnLogisticRegression" is not valid as a type  [valid-type]
(mesgarpour)T-CARER/Stats/_MixedLinearModel.py:48:34: error: Variable "_MixedLinearModel.PandasDataFrame" is not valid as a type  [valid-type]
(mesgarpour)T-CARER/Stats/_MixedLinearModel.py:51:33: error: Variable "_MixedLinearModel.StatsmodelsMixedLM" is not valid as a type  [valid-type]
(mesgarpour)T-CARER/Stats/_MixedLinearModel.py:77:38: error: Variable "_MixedLinearModel.StatsmodelsMixedLM" is not valid as a type  [valid-type]
(mesgarpour)T-CARER/Stats/_MixedLinearModel.py:88:27: error: Variable "_MixedLinearModel.StatsmodelsMixedLM" is not valid as a type  [valid-type]
(mesgarpour)T-CARER/Stats/_NeuralNetwork.py:47:34: error: Variable "_NeuralNetwork.PandasDataFrame" is not valid as a type  [valid-type]
(mesgarpour)T-CARER/Stats/_NeuralNetwork.py:50:33: error: Variable "_NeuralNetwork.SklearnMLPClassifier" is not valid as a type  [valid-type]
(mesgarpour)T-CARER/Stats/_NeuralNetwork.py:64:38: error: Variable "_NeuralNetwork.SklearnMLPClassifier" is not valid as a type  [valid-type]
(mesgarpour)T-CARER/Stats/_NeuralNetwork.py:82:27: error: Variable "_NeuralNetwork.SklearnMLPClassifier" is not valid as a type  [valid-type]
(mesgarpour)T-CARER/Stats/_DecisionTreeClassifier.py:49:34: error: Variable "_DecisionTreeClassifier.PandasDataFrame" is not valid as a type  [valid-type]
(mesgarpour)T-CARER/Stats/_DecisionTreeClassifier.py:52:33: error: Variable "_DecisionTreeClassifier.SklearnDecisionTreeClassifier" is not valid as a type  [valid-type]
(mesgarpour)T-CARER/Stats/_DecisionTreeClassifier.py:68:38: error: Variable "_DecisionTreeClassifier.SklearnDecisionTreeClassifier" is not valid as a type  [valid-type]
(mesgarpour)T-CARER/Stats/_DecisionTreeClassifier.py:85:27: error: Variable "_DecisionTreeClassifier.SklearnDecisionTreeClassifier" is not valid as a type  [valid-type]
(mesgarpour)T-CARER/Stats/_DecisionTreeClassifier.py:87:54: error: Variable "_DecisionTreeClassifier.GraphvizDot" is not valid as a type  [valid-type]
(mesgarpour)T-CARER/Stats/_RandomForestClassifier.py:48:34: error: Variable "_RandomForestClassifier.PandasDataFrame" is not valid as a type  [valid-type]
(mesgarpour)T-CARER/Stats/_RandomForestClassifier.py:51:33: error: Variable "_RandomForestClassifier.SklearnRandomForestClassifier" is not valid as a type  [valid-type]
(mesgarpour)T-CARER/Stats/_RandomForestClassifier.py:68:38: error: Variable "_RandomForestClassifier.SklearnRandomForestClassifier" is not valid as a type  [valid-type]
(mesgarpour)T-CARER/Stats/_RandomForestClassifier.py:84:27: error: Variable "_RandomForestClassifier.SklearnRandomForestClassifier" is not valid as a type  [valid-type]
(mesgarpour)T-CARER/Stats/_LogisticRegressionCV.py:47:34: error: Variable "_LogisticRegressionCV.PandasDataFrame" is not valid as a type  [valid-type]
(mesgarpour)T-CARER/Stats/_LogisticRegressionCV.py:50:33: error: Variable "_LogisticRegressionCV.SklearnLogisticRegressionCV" is not valid as a type  [valid-type]
(mesgarpour)T-CARER/Stats/_LogisticRegressionCV.py:66:38: error: Variable "_LogisticRegressionCV.SklearnLogisticRegressionCV" is not valid as a type  [valid-type]
(mesgarpour)T-CARER/Stats/_LogisticRegressionCV.py:82:27: error: Variable "_LogisticRegressionCV.SklearnLogisticRegressionCV" is not valid as a type  [valid-type]
(mesgarpour)T-CARER/Stats/_GradientBoostingClassifier.py:47:34: error: Variable "_GradientBoostingClassifier.PandasDataFrame" is not valid as a type  [valid-type]
(mesgarpour)T-CARER/Stats/_GradientBoostingClassifier.py:50:33: error: Variable "_GradientBoostingClassifier.SklearnGradientBoostingClassifier" is not valid as a type  [valid-type]
(mesgarpour)T-CARER/Stats/_GradientBoostingClassifier.py:66:38: error: Variable "_GradientBoostingClassifier.SklearnGradientBoostingClassifier" is not valid as a type  [valid-type]
(mesgarpour)T-CARER/Stats/_GradientBoostingClassifier.py:81:27: error: Variable "_GradientBoostingClassifier.SklearnGradientBoostingClassifier" is not valid as a type  [valid-type]
(mesgarpour)T-CARER/ReadersWriters/_CsvFile.py:109:48: error: Variable "_CsvFile.PandasDataFrame" is not valid as a type  [valid-type]
(mesgarpour)T-CARER/ReadersWriters/_CsvFile.py:125:44: error: Variable "_CsvFile.PandasDataFrame" is not valid as a type  [valid-type]
(mesgarpour)T-CARER/ReadersWriters/_CsvFile.py:163:44: error: Variable "_CsvFile.PandasDataFrame" is not valid as a type  [valid-type]
(mesgarpour)T-CARER/ReadersWriters/_CsvFile.py:182:34: error: Variable "_CsvFile.PandasDataFrame" is not valid as a type  [valid-type]
(mesgarpour)T-CARER/ReadersWriters/_TextFile.py:121:44: error: Variable "_TextFile.PandasDataFrame" is not valid as a type  [valid-type]
(mesgarpour)T-CARER/ReadersWriters/_TextFile.py:151:34: error: Variable "_TextFile.PandasDataFrame" is not valid as a type  [valid-type]
(mesgarpour)T-CARER/ReadersWriters/_TextFile.py:184:52: error: Variable "_TextFile.CollectionsOrderedDict" is not valid as a type  [valid-type]
(mesgarpour)T-CARER/ReadersWriters/_PickleSerialised.py:147:23: error: Variable "_PickleSerialised.OsStatResult" is not valid as a type  [valid-type]
(mesgarpour)T-CARER/ReadersWriters/_MysqlCommand.py:46:30: error: Variable "_MysqlCommand.SqlalchemyEngine" is not valid as a type  [valid-type]
(mesgarpour)T-CARER/ReadersWriters/_MysqlCommand.py:62:56: error: Variable "_MysqlCommand.PandasDataFrame" is not valid as a type  [valid-type]
(mesgarpour)T-CARER/ReadersWriters/_MysqlCommand.py:82:45: error: Variable "_MysqlCommand.PandasDataFrame" is not valid as a type  [valid-type]
(mesgarpour)T-CARER/ReadersWriters/_MysqlCommand.py:239:42: error: Variable "_MysqlCommand.PandasDataFrame" is not valid as a type  [valid-type]
(mesgarpour)T-CARER/ReadersWriters/_MysqlCommand.py:260:31: error: Variable "_MysqlCommand.PandasDataFrame" is not valid as a type  [valid-type]
(mesgarpour)T-CARER/ReadersWriters/_MysqlCommand.py:334:37: error: Variable "_MysqlCommand.SqlAlchemySessionMaker" is not valid as a type  [valid-type]
(mesgarpour)T-CARER/ReadersWriters/_MysqlConnection.py:75:23: error: Variable "_MysqlConnection.SqlalchemyEngine" is not valid as a type  [valid-type]
(mesgarpour)T-CARER/Stats/YeoJohnson.py:41:32: error: Variable "YeoJohnson.NumpyNDArray" is not valid as a type  [valid-type]
(mesgarpour)T-CARER/Stats/YeoJohnson.py:41:46: error: Variable "YeoJohnson.PandasSeries" is not valid as a type  [valid-type]
(mesgarpour)T-CARER/Stats/YeoJohnson.py:124:39: error: Variable "YeoJohnson.NumpyNDArray" is not valid as a type  [valid-type]
(mesgarpour)T-CARER/Stats/YeoJohnson.py:124:53: error: Variable "YeoJohnson.PandasSeries" is not valid as a type  [valid-type]
(mesgarpour)T-CARER/Stats/FeatureSelection.py:51:55: error: Variable "FeatureSelection.PandasDataFrame" is not valid as a type  [valid-type]
(mesgarpour)T-CARER/Stats/FeatureSelection.py:77:60: error: Variable "FeatureSelection.PandasDataFrame" is not valid as a type  [valid-type]
(mesgarpour)T-CARER/Stats/FeatureSelection.py:98:47: error: Variable "FeatureSelection.PandasDataFrame" is not valid as a type  [valid-type]
(mesgarpour)T-CARER/Stats/FeatureSelection.py:124:46: error: Variable "FeatureSelection.PandasDataFrame" is not valid as a type  [valid-type]
(mesgarpour)T-CARER/Stats/FeatureSelection.py:149:43: error: Variable "FeatureSelection.PandasDataFrame" is not valid as a type  [valid-type]
(mesgarpour)T-CARER/Stats/FeatureSelection.py:173:50: error: Variable "FeatureSelection.PandasDataFrame" is not valid as a type  [valid-type]
(mesgarpour)T-CARER/Stats/FeatureSelection.py:201:68: error: Variable "FeatureSelection.PandasDataFrame" is not valid as a type  [valid-type]
(mesgarpour)T-CARER/Stats/FeatureSelection.py:223:73: error: Variable "FeatureSelection.PandasDataFrame" is not valid as a type  [valid-type]
(mesgarpour)T-CARER/Stats/FeatureSelection.py:243:65: error: Variable "FeatureSelection.PandasDataFrame" is not valid as a type  [valid-type]
(mesgarpour)T-CARER/Stats/TrainingMethod.py:86:46: error: Variable "TrainingMethod.NumpyNDArray" is not valid as a type  [valid-type]
(mesgarpour)T-CARER/Stats/TrainingMethod.py:128:34: error: Variable "TrainingMethod.PandasDataFrame" is not valid as a type  [valid-type]
(mesgarpour)T-CARER/Stats/TrainingMethod.py:158:36: error: Variable "TrainingMethod.PandasDataFrame" is not valid as a type  [valid-type]
(mesgarpour)T-CARER/Stats/TrainingMethod.py:159:38: error: Variable "TrainingMethod.PandasDataFrame" is not valid as a type  [valid-type]
(mesgarpour)T-CARER/Stats/TrainingMethod.py:171:48: error: Variable "TrainingMethod.CollectionsOrderedDict" is not valid as a type  [valid-type]
(mesgarpour)T-CARER/Stats/TrainingMethod.py:184:81: error: Variable "TrainingMethod.CollectionsOrderedDict" is not valid as a type  [valid-type]
(mesgarpour)T-CARER/Stats/TrainingMethod.py:197:43: error: Variable "TrainingMethod.PandasDataFrame" is not valid as a type  [valid-type]
(mesgarpour)T-CARER/Features/FeatureParser.py:49:38: error: Variable "FeatureParser.PandasDataFrame" is not valid as a type  [valid-type]
(mesgarpour)T-CARER/Features/FeatureParser.py:67:28: error: Variable "FeatureParser.PandasDataFrame" is not valid as a type  [valid-type]
(mesgarpour)T-CARER/Features/FeatureParser.py:68:29: error: Variable "FeatureParser.PandasDataFrame" is not valid as a type  [valid-type]
(mesgarpour)T-CARER/Features/FeatureParser.py:69:39: error: Variable "FeatureParser.PandasDataFrame" is not valid as a type  [valid-type]
(mesgarpour)T-CARER/Features/FeatureParser.py:104:31: error: Variable "FeatureParser.PandasDataFrame" is not valid as a type  [valid-type]
(mesgarpour)T-CARER/Features/FeatureParser.py:107:42: error: Variable "FeatureParser.NumpyNdarray" is not valid as a type  [valid-type]
(mesgarpour)T-CARER/Features/FeatureParser.py:128:30: error: Variable "FeatureParser.PandasDataFrame" is not valid as a type  [valid-type]
(mesgarpour)T-CARER/Features/FeatureParserThread.py:45:47: error: Variable "FeatureParserThread.NumpyNdarray" is not valid as a type  [valid-type]
(SunDwarf)Kyoukai/kyoukai/backends/uwsgi.py:148:66: error: Function "builtins.callable" is not valid as a type  [valid-type]
(nint8835)SchoolTracker/SchoolTracker/SchoolTracker.py:12: error: Variable "logging.INFO" is not valid as a type  [valid-type]
(alecthomas)flask_injector/example.py:29:16: error: Variable "example.Base" is not valid as a type  [valid-type]
(manu0466)BookingBot/src/bot/handler/filter/HandlerFilter.py:8:31: error: Module "bot.Message" is not valid as a type  [valid-type]
(bede)tictax/tictax/tictax.py:134:41: error: Invalid type comment or annotation  [valid-type]
(bede)tictax/tictax/tictax.py:135:29: error: Invalid type comment or annotation  [valid-type]
(bede)tictax/tictax/tictax.py:136:32: error: Invalid type comment or annotation  [valid-type]
(bede)tictax/tictax/cli.py:20:25: error: Invalid type comment or annotation  [valid-type]
(bede)tictax/tictax/cli.py:21:21: error: Invalid type comment or annotation  [valid-type]
(bede)tictax/tictax/cli.py:22:24: error: Invalid type comment or annotation  [valid-type]
(bede)tictax/tictax/cli.py:38:34: error: Invalid type comment or annotation  [valid-type]
(bede)tictax/tictax/cli.py:39:36: error: Invalid type comment or annotation  [valid-type]
(bede)tictax/tictax/cli.py:49:29: error: Invalid type comment or annotation  [valid-type]
(bede)tictax/tictax/cli.py:50:25: error: Invalid type comment or annotation  [valid-type]
(bede)tictax/tictax/cli.py:51:31: error: Invalid type comment or annotation  [valid-type]
(bede)tictax/tictax/cli.py:52:26: error: Invalid type comment or annotation  [valid-type]
(bede)tictax/tictax/cli.py:53:27: error: Invalid type comment or annotation  [valid-type]
(bede)tictax/tictax/cli.py:66:24: error: Invalid type comment or annotation  [valid-type]
(bede)tictax/tictax/cli.py:67:28: error: Invalid type comment or annotation  [valid-type]
(PLUS-POSTECH)study.plus.or.kr/src/problem/helpers/problem_info.py:12:11: error: Variable "problem_info.User" is not valid as a type  [valid-type]
(PLUS-POSTECH)study.plus.or.kr/src/problem/helpers/problem_info.py:15:28: error: Variable "problem_info.User" is not valid as a type  [valid-type]
(PLUS-POSTECH)study.plus.or.kr/src/problem/helpers/score.py:23:27: error: Variable "score.User" is not valid as a type  [valid-type]
(PLUS-POSTECH)study.plus.or.kr/src/problem/helpers/score.py:33:23: error: Variable "score.User" is not valid as a type  [valid-type]
(incnone)necrobot/necrobot/user/userprefs.py:2:37: error: Invalid type comment or annotation  [valid-type]
(codingchili)flashcards-webapp/contract.v.py:7:13: error: Invalid type comment or annotation  [valid-type]
(codingchili)flashcards-webapp/contract.v.py:14:9: error: Invalid type comment or annotation  [valid-type]
(codingchili)flashcards-webapp/contract.v.py:17:8: error: Invalid type comment or annotation  [valid-type]
(codingchili)flashcards-webapp/contract.v.py:18:12: error: Invalid type comment or annotation  [valid-type]
(codingchili)flashcards-webapp/contract.v.py:21:6: error: Invalid type comment or annotation  [valid-type]
(codingchili)flashcards-webapp/contract.v.py:23:9: error: Invalid type comment or annotation  [valid-type]
(codingchili)flashcards-webapp/contract.v.py:95:33: error: Function "contract.v.address" is not valid as a type  [valid-type]
(5nizza)party-elli/interfaces/solver_interface.py:7:30: error: Invalid type comment or annotation  [valid-type]
(5nizza)party-elli/interfaces/solver_interface.py:12:24: error: Invalid type comment or annotation  [valid-type]
(dmerejkowsky)twittback/twittback/repository.py:23:13: error: Variable "repository.Base" is not valid as a type  [valid-type]
(dmerejkowsky)twittback/twittback/repository.py:66:12: error: Variable "repository.Base" is not valid as a type  [valid-type]
(dmerejkowsky)twittback/twittback/repository.py:70:17: error: Variable "repository.Base" is not valid as a type  [valid-type]
(dmerejkowsky)twittback/twittback/repository.py:74:17: error: Variable "repository.Base" is not valid as a type  [valid-type]
(CloverHealth)temporal-sqlalchemy/temporal_sqlalchemy/bases.py:54:46: error: Variable "temporal_sqlalchemy.bases.T_PROPS" is not valid as a type  [valid-type]
(CloverHealth)temporal-sqlalchemy/temporal_sqlalchemy/bases.py:55:50: error: Variable "temporal_sqlalchemy.bases.T_PROPS" is not valid as a type  [valid-type]
(CloverHealth)temporal-sqlalchemy/temporal_sqlalchemy/tests/models.py:38:56: error: Variable "models.Base" is not valid as a type  [valid-type]
(CloverHealth)temporal-sqlalchemy/temporal_sqlalchemy/tests/models.py:55:39: error: Variable "models.AbstractConcreteBase" is not valid as a type  [valid-type]
(CloverHealth)temporal-sqlalchemy/temporal_sqlalchemy/tests/models.py:64:71: error: Variable "models.Base" is not valid as a type  [valid-type]
(CloverHealth)temporal-sqlalchemy/temporal_sqlalchemy/tests/models.py:80:61: error: Variable "models.Base" is not valid as a type  [valid-type]
(CloverHealth)temporal-sqlalchemy/temporal_sqlalchemy/tests/models.py:92:20: error: Variable "models.Base" is not valid as a type  [valid-type]
(CloverHealth)temporal-sqlalchemy/temporal_sqlalchemy/tests/models.py:102:60: error: Variable "models.Base" is not valid as a type  [valid-type]
(CloverHealth)temporal-sqlalchemy/temporal_sqlalchemy/tests/models.py:113:59: error: Variable "models.Base" is not valid as a type  [valid-type]
(CloverHealth)temporal-sqlalchemy/temporal_sqlalchemy/tests/models.py:126:62: error: Variable "models.Base" is not valid as a type  [valid-type]
(CloverHealth)temporal-sqlalchemy/temporal_sqlalchemy/tests/models.py:136:63: error: Variable "models.Base" is not valid as a type  [valid-type]
(CloverHealth)temporal-sqlalchemy/temporal_sqlalchemy/tests/models.py:144:19: error: Variable "models.Base" is not valid as a type  [valid-type]
(CloverHealth)temporal-sqlalchemy/temporal_sqlalchemy/tests/models.py:159:48: error: Variable "models.EdgeCaseBase" is not valid as a type  [valid-type]
(CloverHealth)temporal-sqlalchemy/temporal_sqlalchemy/tests/models.py:167:22: error: Variable "models.Base" is not valid as a type  [valid-type]
(CloverHealth)temporal-sqlalchemy/temporal_sqlalchemy/tests/models.py:207:21: error: Variable "models.Base" is not valid as a type  [valid-type]
(CloverHealth)temporal-sqlalchemy/temporal_sqlalchemy/tests/models.py:224:37: error: Variable "models.Base" is not valid as a type  [valid-type]
(CloverHealth)temporal-sqlalchemy/temporal_sqlalchemy/tests/models.py:250:56: error: Variable "models.Base" is not valid as a type  [valid-type]
(CloverHealth)temporal-sqlalchemy/temporal_sqlalchemy/tests/models.py:281:24: error: Variable "models.Base" is not valid as a type  [valid-type]
(urnote)urnote/note/infrastructure/db.py:22:20: error: Variable "db._Base" is not valid as a type  [valid-type]
(nbro)ands/ands/algorithms/ode/forward_euler.py:108:60: error: Function "builtins.callable" is not valid as a type  [valid-type]
(nbro)ands/ands/algorithms/ode/forward_euler.py:142:29: error: Function "builtins.callable" is not valid as a type  [valid-type]
(nbro)ands/ands/algorithms/numerical/newton.py:76:15: error: Function "builtins.callable" is not valid as a type  [valid-type]
(nbro)ands/ands/algorithms/numerical/newton.py:77:16: error: Function "builtins.callable" is not valid as a type  [valid-type]
(nbro)ands/ands/algorithms/numerical/gradient_descent.py:28:26: error: Function "builtins.callable" is not valid as a type  [valid-type]
(TadLeonard)husl-numpy/nphusl/transform.py:251:40: error: Function "builtins.callable" is not valid as a type  [valid-type]
(TadLeonard)husl-numpy/nphusl/nphusl.py:189:31: error: Function "builtins.iter" is not valid as a type  [valid-type]
(TadLeonard)husl-numpy/nphusl/_numexpr_opt.py:107:31: error: Function "builtins.iter" is not valid as a type  [valid-type]
(code4romania)czl-scrape/scrapy/czlscrape/spiders/munca.py:47:44: error: Module "datetime" is not valid as a type  [valid-type]
(code4romania)czl-scrape/scrapy/czlscrape/spiders/cultura.py:108:49: error: Module "datetime" is not valid as a type  [valid-type]
(Eyra-is)Eyra/Backend/server-interface/qc/scripts/create_wrong_prompts/createBadData.py:37:53: error: Invalid type comment or annotation  [valid-type]
(ThatIndividual)midas/src/interpreter.py:78:28: error: Module "expression" is not valid as a type  [valid-type]
(ThatIndividual)midas/src/interpreter.py:81:46: error: Module "expression" is not valid as a type  [valid-type]
(dmulholland)ivy/ivy/nodes.py:127:28: error: Function "ivy.nodes.Node.str" is not valid as a type  [valid-type]
(dmulholland)ivy/ivy/nodes.py:137:22: error: Function "ivy.nodes.Node.str" is not valid as a type  [valid-type]
(dbrattli)OSlash/examples/issue.py:6:12: error: Variable "issue.IntList" is not valid as a type  [valid-type]
(mdutkin)m2core/example/models/users.py:14:56: error: Invalid type comment or annotation  [valid-type]
(mdutkin)m2core/m2core/utils/permissions.py:6:54: error: Invalid type comment or annotation  [valid-type]
(mdutkin)m2core/m2core/utils/permissions.py:25:78: error: Invalid type comment or annotation  [valid-type]
(mdutkin)m2core/m2core/utils/permissions.py:74:80: error: Invalid type comment or annotation  [valid-type]
(mdutkin)m2core/m2core/utils/session_helper.py:18:30: error: Invalid type comment or annotation  [valid-type]
(mdutkin)m2core/m2core/common/int_enum.py:9:32: error: Invalid type comment or annotation  [valid-type]
(mdutkin)m2core/m2core/db/sqlalchemy_mixins/session_mixin.py:11:41: error: Invalid type comment or annotation  [valid-type]
(mdutkin)m2core/m2core/db/sqlalchemy_mixins/session_mixin.py:18:19: error: Invalid type comment or annotation  [valid-type]
(mdutkin)m2core/m2core/db/sqlalchemy_mixins/session_mixin.py:28:44: error: Invalid type comment or annotation  [valid-type]
(mdutkin)m2core/m2core/bases/base_handler.py:169:62: error: Function "builtins.any" is not valid as a type  [valid-type]
(mdutkin)m2core/m2core/utils/tests.py:34:36: error: Invalid type comment or annotation  [valid-type]
(thomaxxl)safrs/examples/v1_examples/expose_existing/sakila.py:44:24: error: Variable "sakila.Base" is not valid as a type  [valid-type]
(thomaxxl)safrs/examples/v1_examples/expose_existing/sakila.py:65:25: error: Variable "sakila.Base" is not valid as a type  [valid-type]
(thomaxxl)safrs/examples/v1_examples/expose_existing/sakila.py:83:27: error: Variable "sakila.Base" is not valid as a type  [valid-type]
(thomaxxl)safrs/examples/v1_examples/expose_existing/sakila.py:93:23: error: Variable "sakila.Base" is not valid as a type  [valid-type]
(thomaxxl)safrs/examples/v1_examples/expose_existing/sakila.py:106:26: error: Variable "sakila.Base" is not valid as a type  [valid-type]
(thomaxxl)safrs/examples/v1_examples/expose_existing/sakila.py:116:27: error: Variable "sakila.Base" is not valid as a type  [valid-type]
(thomaxxl)safrs/examples/v1_examples/expose_existing/sakila.py:150:23: error: Variable "sakila.Base" is not valid as a type  [valid-type]
(thomaxxl)safrs/examples/v1_examples/expose_existing/sakila.py:173:28: error: Variable "sakila.Base" is not valid as a type  [valid-type]
(thomaxxl)safrs/examples/v1_examples/expose_existing/sakila.py:186:31: error: Variable "sakila.Base" is not valid as a type  [valid-type]
(thomaxxl)safrs/examples/v1_examples/expose_existing/sakila.py:215:27: error: Variable "sakila.Base" is not valid as a type  [valid-type]
(thomaxxl)safrs/examples/v1_examples/expose_existing/sakila.py:224:28: error: Variable "sakila.Base" is not valid as a type  [valid-type]
(thomaxxl)safrs/examples/v1_examples/expose_existing/sakila.py:239:27: error: Variable "sakila.Base" is not valid as a type  [valid-type]
(thomaxxl)safrs/examples/v1_examples/expose_existing/sakila.py:263:26: error: Variable "sakila.Base" is not valid as a type  [valid-type]
(thomaxxl)safrs/examples/v1_examples/expose_existing/sakila.py:281:25: error: Variable "sakila.Base" is not valid as a type  [valid-type]
(thomaxxl)safrs/examples/v1_examples/expose_existing/sakila.py:314:24: error: Variable "sakila.Base" is not valid as a type  [valid-type]
(thomaxxl)safrs/examples/v1_examples/expose_existing/sakila.py:349:24: error: Variable "sakila.Base" is not valid as a type  [valid-type]
(thomaxxl)safrs/examples/v1_examples/expose_existing/employees.py:26:29: error: Variable "employees.Base" is not valid as a type  [valid-type]
(thomaxxl)safrs/examples/v1_examples/expose_existing/employees.py:38:27: error: Variable "employees.Base" is not valid as a type  [valid-type]
(thomaxxl)safrs/examples/v1_examples/expose_existing/employees.py:49:26: error: Variable "employees.Base" is not valid as a type  [valid-type]
(thomaxxl)safrs/examples/v1_examples/expose_existing/employees.py:63:30: error: Variable "employees.Base" is not valid as a type  [valid-type]
(thomaxxl)safrs/examples/v1_examples/expose_existing/employees.py:77:25: error: Variable "employees.Base" is not valid as a type  [valid-type]
(thomaxxl)safrs/examples/v1_examples/expose_existing/employees.py:88:24: error: Variable "employees.Base" is not valid as a type  [valid-type]
(mattHawthorn)sk-torch/sktorch/data.py:26:25: error: Variable "data.FloatTensorTypes" is not valid as a type  [valid-type]
(mattHawthorn)sk-torch/sktorch/data.py:29:23: error: Variable "data.IntTensorTypes" is not valid as a type  [valid-type]
(mattHawthorn)sk-torch/sktorch/data.py:32:20: error: Variable "data.NumericTensorTypes" is not valid as a type  [valid-type]
(mattHawthorn)sk-torch/sktorch/data.py:35:17: error: Variable "data.NumericTypes" is not valid as a type  [valid-type]
(mattHawthorn)sk-torch/sktorch/data.py:37:19: error: Variable "data.ArrayTypes" is not valid as a type  [valid-type]
(achimnol)aiotools/src/aiotools/context.py:71:54: error: Variable "context.AbstractAsyncContextManager" is not valid as a type  [valid-type]
(achimnol)aiotools/src/aiotools/context.py:211:54: error: Variable "context.AbstractAsyncContextManager" is not valid as a type  [valid-type]
(theawless)Dict-O-nator/dictonator/recogspeech.py:32:42: error: Function "builtins.callable" is not valid as a type  [valid-type]
(theawless)Dict-O-nator/dictonator/actionhandler.py:37:46: error: Function "builtins.callable" is not valid as a type  [valid-type]
(theawless)Dict-O-nator/dictonator/__init__.py:141:39: error: Module "time" is not valid as a type  [valid-type]
(DynamicGravitySystems)DGP/examples/treemodel_integration_test.py:40:31: error: Variable "treemodel_integration_test.tree_dialog" is not valid as a type  [valid-type]
(AVSystem)Anjay/test/integration/framework/nsh-lwm2m/lwm2m/tlv.py:103:41: error: Invalid type comment or annotation  [valid-type]
(AVSystem)Anjay/test/integration/framework/nsh-lwm2m/lwm2m/tlv.py:122:32: error: Invalid type comment or annotation  [valid-type]
(nyxxxie)spade/spade/typesystem/typedef.py:30:33: error: Function "typedef.TypeDef.bytes" is not valid as a type  [valid-type]
(mifth)mifthtools/blender/addons/2.8/mira_tools/mi_settings.py:29:17: error: Invalid type comment or annotation  [valid-type]
(mifth)mifthtools/blender/addons/2.8/mira_tools/mi_settings.py:46:19: error: Invalid type comment or annotation  [valid-type]
(mifth)mifthtools/blender/addons/2.8/mira_tools/mi_settings.py:47:19: error: Invalid type comment or annotation  [valid-type]
(mifth)mifthtools/blender/addons/2.8/mira_tools/mi_settings.py:55:24: error: Invalid type comment or annotation  [valid-type]
(mifth)mifthtools/blender/addons/2.8/mira_tools/mi_settings.py:56:18: error: Invalid type comment or annotation  [valid-type]
(mifth)mifthtools/blender/addons/2.8/mira_tools/mi_settings.py:59:23: error: Invalid type comment or annotation  [valid-type]
(mifth)mifthtools/blender/addons/2.8/mira_tools/mi_settings.py:60:20: error: Invalid type comment or annotation  [valid-type]
(mifth)mifthtools/blender/addons/2.8/mira_tools/mi_settings.py:62:18: error: Invalid type comment or annotation  [valid-type]
(mifth)mifthtools/blender/addons/2.8/quick_pipe/quick_pipe.py:28:21: error: Invalid type comment or annotation  [valid-type]
(mifth)mifthtools/blender/addons/2.8/quick_pipe/quick_pipe.py:29:19: error: Invalid type comment or annotation  [valid-type]
(mifth)mifthtools/blender/addons/2.8/mira_tools/mi_deform.py:45:19: error: Invalid type comment or annotation  [valid-type]
(mifth)mifthtools/blender/addons/2.8/mira_tools/mi_deform.py:46:18: error: Invalid type comment or annotation  [valid-type]
(mifth)mifthtools/blender/addons/2.8/mira_tools/mi_deform.py:47:18: error: Invalid type comment or annotation  [valid-type]
(mifth)mifthtools/blender/addons/2.8/mira_tools/mi_deform.py:48:17: error: Invalid type comment or annotation  [valid-type]
(mifth)mifthtools/blender/addons/2.8/mira_tools/mi_deform.py:49:22: error: Invalid type comment or annotation  [valid-type]
(mifth)mifthtools/blender/addons/2.8/mira_tools/mi_deform.py:50:18: error: Invalid type comment or annotation  [valid-type]
(mifth)mifthtools/blender/addons/2.8/mira_tools/mi_deform.py:51:17: error: Invalid type comment or annotation  [valid-type]
(mifth)mifthtools/blender/addons/2.8/mira_tools/mi_deform.py:54:18: error: Invalid type comment or annotation  [valid-type]
(mifth)mifthtools/other/exchangers/blender/2.8/blender_exchanger/__init__.py:46:23: error: Invalid type comment or annotation  [valid-type]
(mifth)mifthtools/other/exchangers/blender/2.8/blender_exchanger/__init__.py:52:22: error: Invalid type comment or annotation  [valid-type]
(mifth)mifthtools/other/exchangers/blender/2.8/blender_exchanger/__init__.py:58:20: error: Invalid type comment or annotation  [valid-type]
(dreipol)djangocms-spa/djangocms_spa/renderer_pool.py:9: error: Function "builtins.object.__class__" is not valid as a type  [valid-type]
(layday)instawow/instawow/models.py:51:11: error: Variable "models.ModelBase" is not valid as a type  [valid-type]
(layday)instawow/instawow/models.py:85:17: error: Variable "models.ModelBase" is not valid as a type  [valid-type]
(layday)instawow/instawow/models.py:101:18: error: Variable "models.ModelBase" is not valid as a type  [valid-type]
(lbryio)lbry/lbry/lbry/extras/daemon/comment_client.py:47:60: error: Function "builtins.any" is not valid as a type  [valid-type]
(ForceBru)PyVM/VM/instructions/repeatables.py:23: error: Invalid type: try using Literal[True] instead?  [valid-type]
(ForceBru)PyVM/VM/instructions/repeatables.py:57: error: Invalid type: try using Literal[True] instead?  [valid-type]
(ForceBru)PyVM/VM/instructions/floating.py:59: error: Invalid type: try using Literal[True] instead?  [valid-type]
(ForceBru)PyVM/VM/instructions/floating.py:182: error: Invalid type: try using Literal[True] instead?  [valid-type]
(ForceBru)PyVM/VM/instructions/floating.py:201: error: Invalid type: try using Literal[True] instead?  [valid-type]
(ForceBru)PyVM/VM/instructions/floating.py:230: error: Invalid type: try using Literal[True] instead?  [valid-type]
(ForceBru)PyVM/VM/instructions/floating.py:246: error: Invalid type: try using Literal[True] instead?  [valid-type]
(ForceBru)PyVM/VM/instructions/floating.py:295: error: Invalid type: try using Literal[True] instead?  [valid-type]
(ForceBru)PyVM/VM/instructions/floating.py:321: error: Invalid type: try using Literal[True] instead?  [valid-type]
(ForceBru)PyVM/VM/instructions/floating.py:407: error: Invalid type: try using Literal[True] instead?  [valid-type]
(ForceBru)PyVM/VM/instructions/control.py:23: error: Invalid type: try using Literal[True] instead?  [valid-type]
(ForceBru)PyVM/VM/instructions/control.py:29: error: Invalid type: try using Literal[True] instead?  [valid-type]
(ForceBru)PyVM/VM/instructions/control.py:93: error: Invalid type: try using Literal[True] instead?  [valid-type]
(ForceBru)PyVM/VM/instructions/control.py:164: error: Invalid type: try using Literal[True] instead?  [valid-type]
(ForceBru)PyVM/VM/instructions/control.py:199: error: Invalid type: try using Literal[True] instead?  [valid-type]
(ForceBru)PyVM/VM/instructions/control.py:224: error: Invalid type: try using Literal[True] instead?  [valid-type]
(ForceBru)PyVM/VM/instructions/control.py:259: error: Invalid type: try using Literal[True] instead?  [valid-type]
(ForceBru)PyVM/VM/instructions/control.py:328: error: Invalid type: try using Literal[True] instead?  [valid-type]
(ForceBru)PyVM/VM/instructions/control.py:333: error: Invalid type: try using Literal[True] instead?  [valid-type]
(ForceBru)PyVM/VM/instructions/control.py:397: error: Invalid type: try using Literal[True] instead?  [valid-type]
(ForceBru)PyVM/VM/instructions/control.py:433: error: Invalid type: try using Literal[True] instead?  [valid-type]
(ForceBru)PyVM/VM/instructions/control.py:442: error: Invalid type: try using Literal[True] instead?  [valid-type]
(ForceBru)PyVM/VM/instructions/control.py:502: error: Invalid type: try using Literal[True] instead?  [valid-type]
(ForceBru)PyVM/VM/instructions/control.py:530: error: Invalid type: try using Literal[True] instead?  [valid-type]
(Antergos)whither/whither/base/objects.py:89:9: error: Type variable "objects.Widget" is unbound  [valid-type]
(dbrattli)aioreactive/aioreactive/operators/take_last.py:22:13: error: Type variable "take_last.T" is unbound  [valid-type]
(dbrattli)aioreactive/aioreactive/operators/skip_last.py:27:13: error: Type variable "skip_last.T" is unbound  [valid-type]
(KevinFasusi)supplychainpy/supplychainpy/warehouse/storage_unit.py:73:24: error: Invalid type comment or annotation  [valid-type]
(KevinFasusi)supplychainpy/supplychainpy/production/create_install_base.py:72:26: error: Invalid type comment or annotation  [valid-type]
(KevinFasusi)supplychainpy/supplychainpy/inventory/units.py:67:26: error: Invalid type comment or annotation  [valid-type]
(SamLau95)nbinteract/nbinteract/util.py:36:41: error: Invalid type comment or annotation  [valid-type]
(vnpy)vnpy/vnpy/trader/utility.py:444:19: error: Function "builtins.callable" is not valid as a type  [valid-type]
(SunDwarf)curious/curious/dataclasses/permissions.py:188:32: error: Variable "permissions.Permissions" is not valid as a type  [valid-type]
(SunDwarf)curious/curious/dataclasses/permissions.py:218:66: error: Variable "permissions.target_thint" is not valid as a type  [valid-type]
(SunDwarf)curious/curious/dataclasses/permissions.py:230:49: error: Variable "permissions.Permissions" is not valid as a type  [valid-type]
(SunDwarf)curious/curious/dataclasses/member.py:134:27: error: Invalid type comment or annotation  [valid-type]
(acrisci)playerctl/test/mpris.py:129:27: error: Invalid type comment or annotation  [valid-type]
(GEMPACKsoftware)HARPY/harpy/header_array.py:144:66: error: Invalid type comment or annotation  [valid-type]
(gsuitedevs)hangouts-chat-samples/python/auth-bot/auth.py:63:61: error: Variable "auth.Credentials" is not valid as a type  [valid-type]
(gsuitedevs)hangouts-chat-samples/python/auth-bot/auth.py:79:42: error: Variable "auth.Credentials" is not valid as a type  [valid-type]
(gsuitedevs)hangouts-chat-samples/python/auth-bot/bot.py:80:36: error: Variable "bot.Credentials" is not valid as a type  [valid-type]
(iduartgomez)rustypy/src/rslib/tests/test_package/basics/primitives.py:36:34: error: Variable "primitives.K" is not valid as a type  [valid-type]
(iduartgomez)rustypy/src/rslib/tests/test_package/basics/primitives.py:49:61: error: Variable "primitives.J" is not valid as a type  [valid-type]
(iduartgomez)rustypy/src/rslib/tests/test_package/basics/nested_types.py:10:21: error: Variable "nested_types.T" is not valid as a type  [valid-type]
(iduartgomez)rustypy/src/rslib/tests/test_package/basics/nested_types.py:42:21: error: Variable "nested_types.U" is not valid as a type  [valid-type]
(iduartgomez)rustypy/src/rslib/tests/test_package/basics/nested_types.py:50:19: error: Variable "nested_types.U" is not valid as a type  [valid-type]
(iduartgomez)rustypy/src/rslib/tests/test_package/basics/nested_types.py:73:33: error: Variable "nested_types.X" is not valid as a type  [valid-type]
(iduartgomez)rustypy/src/rslib/tests/test_package/basics/nested_types.py:73:39: error: Variable "nested_types.U" is not valid as a type  [valid-type]
(iduartgomez)rustypy/src/rslib/tests/test_package/basics/nested_types.py:90:21: error: Variable "nested_types.U" is not valid as a type  [valid-type]
(korsimoro)indy-sdk/wrappers/python/indy/libindy.py:37:24: error: Function "ctypes.CFUNCTYPE" is not valid as a type  [valid-type]
(openzim)zimfarm/worker/app/operations/run_phet.py:15:70: error: Invalid type comment or annotation  [valid-type]
(openzim)zimfarm/worker/app/operations/run_phet.py:50:29: error: Invalid type comment or annotation  [valid-type]
(evgfilim1)spin_everyday_bot/core.py:52:54: error: Function "builtins.callable" is not valid as a type  [valid-type]
(evgfilim1)spin_everyday_bot/core.py:74:15: error: Function "builtins.callable" is not valid as a type  [valid-type]
(GeosoftInc)gxapi/test.py:136:58: error: Invalid type comment or annotation  [valid-type]
(fnl)libfnl/src/fnl/text/corpus.py:140:26: error: Invalid type comment or annotation  [valid-type]
(fnl)libfnl/src/fnl/text/corpus.py:161:28: error: Invalid type comment or annotation  [valid-type]
(fnl)libfnl/src/fnl/text/corpus.py:222:29: error: Invalid type comment or annotation  [valid-type]
(fnl)libfnl/src/fnl/text/corpus.py:236:47: error: Invalid type comment or annotation  [valid-type]
(fnl)libfnl/src/fnl/text/corpus.py:260:27: error: Invalid type comment or annotation  [valid-type]
(saltyrtc)saltyrtc-server-python/tests/test_common.py:193:5: error: Function "builtins.any" is not valid as a type  [valid-type]
(Dentosal)python-sc2/sc2/units.py:97:32: error: Function "builtins.any" is not valid as a type  [valid-type]
(Dentosal)python-sc2/sc2/units.py:160:28: error: Function "builtins.callable" is not valid as a type  [valid-type]
(Dentosal)python-sc2/sc2/units.py:163:29: error: Function "builtins.callable" is not valid as a type  [valid-type]
(BrighterCommand)FutureStack/Calendar/App/model/models.py:9:16: error: Variable "model.models.Base" is not valid as a type  [valid-type]
(saurabh1e)open-pos-api/src/utils/resource.py:185:42: error: Invalid type comment or annotation  [valid-type]
(mittagessen)kraken/kraken/lib/models.py:95: error: Function "torch.tensor" is not valid as a type  [valid-type]
(Koala-Kaolin)pyweb/src/doc.py:170:11: error: Function "builtins.map" is not valid as a type  [valid-type]
(Koala-Kaolin)pyweb/lab.py:92:17: error: Invalid type comment or annotation  [valid-type]
(Koala-Kaolin)pyweb/lab.py:94:15: error: Invalid type comment or annotation  [valid-type]
(Koala-Kaolin)pyweb/lab.py:111:35: error: Invalid type: try using Literal[403] instead?  [valid-type]
(Koala-Kaolin)pyweb/lab.py:145:29: error: Invalid type comment or annotation  [valid-type]
(data-refinery)data_refinery/common/data_refinery_common/models/organism.py:125:44: error: Function "builtins.id" is not valid as a type  [valid-type]
(data-refinery)data_refinery/common/data_refinery_common/models/organism.py:147:48: error: Function "builtins.id" is not valid as a type  [valid-type]
(Scthe)MeshFromCurve_blender/meshFromCurve.py:258:15: error: Invalid type comment or annotation  [valid-type]
(Scthe)MeshFromCurve_blender/meshFromCurve.py:265:13: error: Invalid type comment or annotation  [valid-type]
(kprestel)PyInvestment/pytech/mongo/portfolio_store.py:30:21: error: Invalid type comment or annotation  [valid-type]
(kprestel)PyInvestment/pytech/mongo/portfolio_store.py:33:31: error: Invalid type comment or annotation  [valid-type]
(kprestel)PyInvestment/pytech/mongo/portfolio_store.py:64:30: error: Invalid type comment or annotation  [valid-type]
(kprestel)PyInvestment/pytech/mongo/portfolio_store.py:65:35: error: Invalid type comment or annotation  [valid-type]
(kprestel)PyInvestment/pytech/mongo/barstore.py:27:27: error: Invalid type comment or annotation  [valid-type]
(kprestel)PyInvestment/pytech/mongo/barstore.py:29:27: error: Invalid type comment or annotation  [valid-type]
(kprestel)PyInvestment/pytech/mongo/barstore.py:50:21: error: Invalid type comment or annotation  [valid-type]
(kprestel)PyInvestment/pytech/mongo/barstore.py:80:29: error: Invalid type comment or annotation  [valid-type]
(kprestel)PyInvestment/pytech/mongo/barstore.py:93:22: error: Invalid type comment or annotation  [valid-type]
(kprestel)PyInvestment/pytech/mongo/barstore.py:125:22: error: Invalid type comment or annotation  [valid-type]
(kprestel)PyInvestment/pytech/backtest/event.py:146:31: error: Invalid type comment or annotation  [valid-type]
(kprestel)PyInvestment/pytech/backtest/event.py:184:22: error: Invalid type comment or annotation  [valid-type]
(kprestel)PyInvestment/pytech/backtest/event.py:206:22: error: Invalid type comment or annotation  [valid-type]
(Egregors)django-cbrf/django_cbrf/abstract_models.py:106:48: error: Invalid type comment or annotation  [valid-type]
(132nd-etcher)EMFT/emft/core/properties/watched_property.py:30:30: error: Function "builtins.callable" is not valid as a type  [valid-type]
(132nd-etcher)EMFT/emft/core/properties/watched_property.py:47:33: error: Function "builtins.callable" is not valid as a type  [valid-type]
(132nd-etcher)EMFT/emft/core/properties/watched_property.py:55:36: error: Function "builtins.callable" is not valid as a type  [valid-type]
(132nd-etcher)EMFT/emft/core/properties/watched_property.py:130:30: error: Function "builtins.callable" is not valid as a type  [valid-type]
(132nd-etcher)EMFT/emft/core/properties/typed_property.py:18:30: error: Function "builtins.callable" is not valid as a type  [valid-type]
(132nd-etcher)EMFT/emft/core/properties/typed_property.py:102:30: error: Function "builtins.callable" is not valid as a type  [valid-type]
(132nd-etcher)EMFT/emft/gui/main_ui_msgbox_adapter.py:7:41: error: Function "builtins.callable" is not valid as a type  [valid-type]
(132nd-etcher)EMFT/emft/gui/main_ui_msgbox_adapter.py:11:43: error: Function "builtins.callable" is not valid as a type  [valid-type]
(132nd-etcher)EMFT/emft/gui/main_ui_msgbox_adapter.py:20:31: error: Function "builtins.callable" is not valid as a type  [valid-type]
(132nd-etcher)EMFT/emft/gui/main_ui_msgbox_adapter.py:21:30: error: Function "builtins.callable" is not valid as a type  [valid-type]
(flyinactor91)AVWX-API/avwx_api/handle/metar.py:92:37: error: Invalid type comment or annotation  [valid-type]
(flyinactor91)AVWX-API/avwx_api/cache.py:54:61: error: Invalid type comment or annotation  [valid-type]
(flyinactor91)AVWX-API/avwx_api/cache.py:77:46: error: Invalid type comment or annotation  [valid-type]
(bieberg0n)bjdns/cache.py:15:44: error: Function "builtins.map" is not valid as a type  [valid-type]
(bieberg0n)bjdns/cache.py:27:45: error: Function "builtins.map" is not valid as a type  [valid-type]
(coala)coala-bears/bears/hypertext/HTTPoliceLintBear.py:29:49: error: Invalid type comment or annotation  [valid-type]
(coala)coala-bears/bears/c_languages/CPPCheckBear.py:32:34: error: Invalid type comment or annotation  [valid-type]
(coala)coala-bears/bears/c_languages/CPPCleanBear.py:29:41: error: Invalid type comment or annotation  [valid-type]
(coala)coala-bears/bears/php/PHPMessDetectorBear.py:44:42: error: Invalid type comment or annotation  [valid-type]
(coala)coala-bears/bears/java/CheckstyleBear.py:67:33: error: Function "bears.java.CheckstyleBear.known_checkstyle_or_path" is not valid as a type  [valid-type]
(coala)coala-bears/bears/python/PyDocStyleBear.py:23:45: error: Invalid type comment or annotation  [valid-type]
(coala)coala-bears/bears/python/PyDocStyleBear.py:24:45: error: Invalid type comment or annotation  [valid-type]
(coala)coala-bears/bears/python/PyDocStyleBear.py:25:49: error: Invalid type comment or annotation  [valid-type]
(coala)coala-bears/bears/python/PyDocStyleBear.py:26:49: error: Invalid type comment or annotation  [valid-type]
(coala)coala-bears/bears/python/PyImportSortBear.py:103:38: error: Invalid type comment or annotation  [valid-type]
(coala)coala-bears/bears/python/PyImportSortBear.py:105:40: error: Invalid type comment or annotation  [valid-type]
(coala)coala-bears/bears/python/PyImportSortBear.py:106:40: error: Invalid type comment or annotation  [valid-type]
(coala)coala-bears/bears/python/PyImportSortBear.py:107:45: error: Invalid type comment or annotation  [valid-type]
(coala)coala-bears/bears/python/PyImportSortBear.py:109:36: error: Invalid type comment or annotation  [valid-type]
(coala)coala-bears/bears/python/PEP8Bear.py:26:25: error: Invalid type comment or annotation  [valid-type]
(coala)coala-bears/bears/python/PEP8Bear.py:27:25: error: Invalid type comment or annotation  [valid-type]
(coala)coala-bears/bears/shell/BashateBear.py:24:42: error: Invalid type comment or annotation  [valid-type]
(coala)coala-bears/bears/hypertext/BootLintBear.py:30:43: error: Invalid type comment or annotation  [valid-type]
(mesosphere)dcos-commons/testing/sdk_metrics.py:119:52: error: Invalid type comment or annotation  [valid-type]
(JulyJ)MindBot/mindbot/command/remember/db.py:37:15: error: Variable "mindbot.command.remember.db.Base" is not valid as a type  [valid-type]
(JulyJ)MindBot/mindbot/command/remember/db.py:50:11: error: Variable "mindbot.command.remember.db.Base" is not valid as a type  [valid-type]
(drhagen)parsita/src/parsita/util.py:6:17: error: Variable "util.A" is not valid as a type  [valid-type]
(drhagen)parsita/src/parsita/util.py:22:28: error: Variable "util.A" is not valid as a type  [valid-type]
(drhagen)parsita/src/parsita/util.py:47:37: error: Variable "util.A" is not valid as a type  [valid-type]
(siddhantgoel)tornado-sqlalchemy/tests/_common.py:17:12: error: Variable "_common.Base" is not valid as a type  [valid-type]
(siddhantgoel)tornado-sqlalchemy/examples/tornado_web.py:17:12: error: Variable "tornado_web.DeclarativeBase" is not valid as a type  [valid-type]
(haifengat)hf_at_py/hfpy/strategy.py:329:30: error: Invalid type comment or annotation  [valid-type]
(haifengat)hf_at_py/hfpy/strategy.py:333:30: error: Invalid type comment or annotation  [valid-type]
(labsquare)CuteVariant/pocs/vql.py:36:21: error: Module "operator" is not valid as a type  [valid-type]
(labsquare)CuteVariant/pocs/vql.py:131:49: error: Invalid type comment or annotation  [valid-type]
(labsquare)CuteVariant/pocs/vql.py:135:47: error: Invalid type comment or annotation  [valid-type]
(labsquare)CuteVariant/pocs/vql.py:139:48: error: Invalid type comment or annotation  [valid-type]
(labsquare)CuteVariant/pocs/vql.py:147:48: error: Invalid type comment or annotation  [valid-type]
(labsquare)CuteVariant/pocs/vql.py:184:21: error: Invalid type comment or annotation  [valid-type]
(labsquare)CuteVariant/pocs/vql.py:189:37: error: Function "builtins.iter" is not valid as a type  [valid-type]
(labsquare)CuteVariant/pocs/test_vql.py:51:58: error: Function "builtins.callable" is not valid as a type  [valid-type]
(labsquare)CuteVariant/pocs/test_vql.py:79:69: error: Function "builtins.callable" is not valid as a type  [valid-type]
(labsquare)CuteVariant/cutevariant/gui/hpoquerywidget.py:86:42: error: Invalid type comment or annotation  [valid-type]
(labsquare)CuteVariant/cutevariant/gui/hpoquerywidget.py:98:29: error: Invalid type comment or annotation  [valid-type]
(labsquare)CuteVariant/cutevariant/gui/hpoquerywidget.py:148:33: error: Invalid type comment or annotation  [valid-type]
(fnl)medic/src/medic/crud.py:30:46: error: Function "builtins.iter" is not valid as a type  [valid-type]
(fnl)medic/src/medic/crud.py:35:46: error: Function "builtins.iter" is not valid as a type  [valid-type]
(fnl)medic/src/medic/crud.py:40:37: error: Invalid type comment or annotation  [valid-type]
(fnl)medic/src/medic/crud.py:66:37: error: Invalid type comment or annotation  [valid-type]
(fnl)medic/src/medic/crud.py:83:17: error: Function "builtins.iter" is not valid as a type  [valid-type]
(fnl)medic/src/medic/crud.py:162:44: error: Function "builtins.iter" is not valid as a type  [valid-type]
(fnl)medic/src/medic/crud.py:198:56: error: Function "builtins.iter" is not valid as a type  [valid-type]
(fnl)medic/src/medic/crud.py:224:30: error: Function "builtins.iter" is not valid as a type  [valid-type]
(fnl)medic/src/medic/crud.py:292:43: error: Function "builtins.iter" is not valid as a type  [valid-type]
(meyt)sqlalchemy-dict/sqlalchemy_dict/tests/test_base_model.py:70:15: error: Variable "test_base_model.DeclarativeBase" is not valid as a type  [valid-type]
(meyt)sqlalchemy-dict/sqlalchemy_dict/tests/test_base_model.py:76:22: error: Variable "test_base_model.DeclarativeBase" is not valid as a type  [valid-type]
(meyt)sqlalchemy-dict/sqlalchemy_dict/tests/test_base_model.py:82:14: error: Variable "test_base_model.DeclarativeBase" is not valid as a type  [valid-type]
(MaT1g3R)YasenBaka/music/abstract_source.py:7:38: error: Function "builtins.callable" is not valid as a type  [valid-type]
(KeepSafe)aiohttp/aiohttp/tracing.py:39:9: error: Variable "tracing._Signal" is not valid as a type  [valid-type]
(KeepSafe)aiohttp/aiohttp/tracing.py:40:9: error: Variable "tracing._Signal" is not valid as a type  [valid-type]
(KeepSafe)aiohttp/aiohttp/tracing.py:41:9: error: Variable "tracing._Signal" is not valid as a type  [valid-type]
(KeepSafe)aiohttp/aiohttp/tracing.py:42:9: error: Variable "tracing._Signal" is not valid as a type  [valid-type]
(KeepSafe)aiohttp/aiohttp/tracing.py:43:9: error: Variable "tracing._Signal" is not valid as a type  [valid-type]
(KeepSafe)aiohttp/aiohttp/tracing.py:44:9: error: Variable "tracing._Signal" is not valid as a type  [valid-type]
(KeepSafe)aiohttp/aiohttp/tracing.py:45:9: error: Variable "tracing._Signal" is not valid as a type  [valid-type]
(KeepSafe)aiohttp/aiohttp/tracing.py:46:9: error: Variable "tracing._Signal" is not valid as a type  [valid-type]
(KeepSafe)aiohttp/aiohttp/tracing.py:47:9: error: Variable "tracing._Signal" is not valid as a type  [valid-type]
(KeepSafe)aiohttp/aiohttp/tracing.py:48:9: error: Variable "tracing._Signal" is not valid as a type  [valid-type]
(KeepSafe)aiohttp/aiohttp/tracing.py:49:9: error: Variable "tracing._Signal" is not valid as a type  [valid-type]
(KeepSafe)aiohttp/aiohttp/tracing.py:50:9: error: Variable "tracing._Signal" is not valid as a type  [valid-type]
(KeepSafe)aiohttp/aiohttp/tracing.py:51:9: error: Variable "tracing._Signal" is not valid as a type  [valid-type]
(KeepSafe)aiohttp/aiohttp/tracing.py:52:9: error: Variable "tracing._Signal" is not valid as a type  [valid-type]
(KeepSafe)aiohttp/aiohttp/tracing.py:53:9: error: Variable "tracing._Signal" is not valid as a type  [valid-type]
(KeepSafe)aiohttp/aiohttp/tracing.py:83:35: error: Variable "tracing._Signal" is not valid as a type  [valid-type]
(KeepSafe)aiohttp/aiohttp/tracing.py:87:40: error: Variable "tracing._Signal" is not valid as a type  [valid-type]
(KeepSafe)aiohttp/aiohttp/tracing.py:91:45: error: Variable "tracing._Signal" is not valid as a type  [valid-type]
(KeepSafe)aiohttp/aiohttp/tracing.py:95:33: error: Variable "tracing._Signal" is not valid as a type  [valid-type]
(KeepSafe)aiohttp/aiohttp/tracing.py:99:39: error: Variable "tracing._Signal" is not valid as a type  [valid-type]
(KeepSafe)aiohttp/aiohttp/tracing.py:103:38: error: Variable "tracing._Signal" is not valid as a type  [valid-type]
(KeepSafe)aiohttp/aiohttp/tracing.py:107:45: error: Variable "tracing._Signal" is not valid as a type  [valid-type]
(KeepSafe)aiohttp/aiohttp/tracing.py:111:43: error: Variable "tracing._Signal" is not valid as a type  [valid-type]
(KeepSafe)aiohttp/aiohttp/tracing.py:115:45: error: Variable "tracing._Signal" is not valid as a type  [valid-type]
(KeepSafe)aiohttp/aiohttp/tracing.py:119:43: error: Variable "tracing._Signal" is not valid as a type  [valid-type]
(KeepSafe)aiohttp/aiohttp/tracing.py:123:42: error: Variable "tracing._Signal" is not valid as a type  [valid-type]
(KeepSafe)aiohttp/aiohttp/tracing.py:127:43: error: Variable "tracing._Signal" is not valid as a type  [valid-type]
(KeepSafe)aiohttp/aiohttp/tracing.py:131:41: error: Variable "tracing._Signal" is not valid as a type  [valid-type]
(KeepSafe)aiohttp/aiohttp/tracing.py:135:35: error: Variable "tracing._Signal" is not valid as a type  [valid-type]
(KeepSafe)aiohttp/aiohttp/tracing.py:139:36: error: Variable "tracing._Signal" is not valid as a type  [valid-type]
(adtac)exterminate/exterminate/AltString.py:8:15: error: Variable "AltString._str" is not valid as a type  [valid-type]
(sk89q)Plumeria/plumeria/util/network.py:14:20: error: Variable "aiohttp.resolver.DefaultResolver" is not valid as a type  [valid-type]
(GeoscienceAustralia)eo-datasets/eodatasets3/properties.py:337:28: error: Function "eodatasets3.properties.EoFields.datetime" is not valid as a type  [valid-type]
(kitchenbudapest)vr/utils.py:53:29: error: Invalid type comment or annotation  [valid-type]
(kitchenbudapest)vr/surface.py:85:39: error: Invalid type comment or annotation  [valid-type]
(kitchenbudapest)vr/surface.py:116:27: error: Invalid type comment or annotation  [valid-type]
(kitchenbudapest)vr/surface.py:121:39: error: Invalid type comment or annotation  [valid-type]
(kitchenbudapest)vr/surface.py:126:34: error: Invalid type comment or annotation  [valid-type]
(kitchenbudapest)vr/surface.py:137:36: error: Invalid type comment or annotation  [valid-type]
(kitchenbudapest)vr/surface.py:144:31: error: Invalid type comment or annotation  [valid-type]
(kitchenbudapest)vr/surface.py:151:37: error: Invalid type comment or annotation  [valid-type]
(kitchenbudapest)vr/surface.py:156:25: error: Invalid type comment or annotation  [valid-type]
(kitchenbudapest)vr/surface.py:161:32: error: Invalid type comment or annotation  [valid-type]
(kitchenbudapest)vr/surface.py:168:34: error: Invalid type comment or annotation  [valid-type]
(kitchenbudapest)vr/surface.py:173:29: error: Invalid type comment or annotation  [valid-type]
(fcracker79)accrocchio/accrocchio/badgeofshame.py:254:44: error: Variable "accrocchio.badgeofshame._AccrocchioType" is not valid as a type  [valid-type]
(fcracker79)accrocchio/accrocchio/badgeofshame.py:258:45: error: Variable "accrocchio.badgeofshame._AccrocchioType" is not valid as a type  [valid-type]
(google-research)data-driven-pdes/datadrivenpdes/core/geometry.py:59:18: error: Variable "geometry.Dimension" is not valid as a type  [valid-type]
(SP2RC-Coding-Club)Codes/01_06_2017/plasma.py:95:32: error: Invalid type comment or annotation  [valid-type]
(SP2RC-Coding-Club)Codes/01_06_2017/plasma.py:122:34: error: Invalid type comment or annotation  [valid-type]
(SP2RC-Coding-Club)Codes/01_06_2017/plasma.py:150:30: error: Invalid type comment or annotation  [valid-type]
(SP2RC-Coding-Club)Codes/01_06_2017/plasma.py:218:34: error: Invalid type comment or annotation  [valid-type]
(LionelAuroux)pyrser/pyrser/parsing/stream.py:122:32: error: Invalid type comment or annotation  [valid-type]
(RudolfCardinal)crate/crate_anon/nlp_manager/models.py:59:17: error: Variable "models.ProgressBase" is not valid as a type  [valid-type]
(RudolfCardinal)crate/crate_anon/common/extendedconfigparser.py:307:30: error: Variable "extendedconfigparser.DB_SAFE_CONFIG_FWD_REF" is not valid as a type  [valid-type]
(RudolfCardinal)crate/crate_anon/anonymise/dbholder.py:57:26: error: Variable "dbholder.DB_SAFE_CONFIG_FWD_REF" is not valid as a type  [valid-type]
(jonathanslenders)python-prompt-toolkit/prompt_toolkit/key_binding/bindings/cpr.py:17:18: error: Variable "prompt_toolkit.key_binding.bindings.cpr.E" is not valid as a type  [valid-type]
(jonathanslenders)python-prompt-toolkit/prompt_toolkit/key_binding/bindings/focus.py:11:23: error: Variable "prompt_toolkit.key_binding.bindings.focus.E" is not valid as a type  [valid-type]
(jonathanslenders)python-prompt-toolkit/prompt_toolkit/key_binding/bindings/focus.py:19:27: error: Variable "prompt_toolkit.key_binding.bindings.focus.E" is not valid as a type  [valid-type]
(jonathanslenders)python-prompt-toolkit/prompt_toolkit/key_binding/bindings/scroll.py:22:27: error: Variable "scroll.E" is not valid as a type  [valid-type]
(jonathanslenders)python-prompt-toolkit/prompt_toolkit/key_binding/bindings/scroll.py:53:28: error: Variable "scroll.E" is not valid as a type  [valid-type]
(jonathanslenders)python-prompt-toolkit/prompt_toolkit/key_binding/bindings/scroll.py:83:34: error: Variable "scroll.E" is not valid as a type  [valid-type]
(jonathanslenders)python-prompt-toolkit/prompt_toolkit/key_binding/bindings/scroll.py:90:32: error: Variable "scroll.E" is not valid as a type  [valid-type]
(jonathanslenders)python-prompt-toolkit/prompt_toolkit/key_binding/bindings/scroll.py:97:33: error: Variable "scroll.E" is not valid as a type  [valid-type]
(jonathanslenders)python-prompt-toolkit/prompt_toolkit/key_binding/bindings/scroll.py:116:31: error: Variable "scroll.E" is not valid as a type  [valid-type]
(jonathanslenders)python-prompt-toolkit/prompt_toolkit/key_binding/bindings/scroll.py:143:29: error: Variable "scroll.E" is not valid as a type  [valid-type]
(jonathanslenders)python-prompt-toolkit/prompt_toolkit/key_binding/bindings/scroll.py:159:27: error: Variable "scroll.E" is not valid as a type  [valid-type]
(bede)kindel/kindel/cli.py:12:25: error: Invalid type comment or annotation  [valid-type]
(bede)kindel/kindel/cli.py:13:24: error: Invalid type comment or annotation  [valid-type]
(bede)kindel/kindel/cli.py:14:26: error: Invalid type comment or annotation  [valid-type]
(bede)kindel/kindel/cli.py:15:28: error: Invalid type comment or annotation  [valid-type]
(bede)kindel/kindel/cli.py:16:37: error: Invalid type comment or annotation  [valid-type]
(bede)kindel/kindel/cli.py:17:26: error: Invalid type comment or annotation  [valid-type]
(bede)kindel/kindel/cli.py:18:26: error: Invalid type comment or annotation  [valid-type]
(bede)kindel/kindel/cli.py:19:26: error: Invalid type comment or annotation  [valid-type]
(bede)kindel/kindel/cli.py:33:23: error: Invalid type comment or annotation  [valid-type]
(bede)kindel/kindel/cli.py:34:23: error: Invalid type comment or annotation  [valid-type]
(bede)kindel/kindel/cli.py:35:28: error: Invalid type comment or annotation  [valid-type]
(bede)kindel/kindel/cli.py:41:24: error: Invalid type comment or annotation  [valid-type]
(bede)kindel/kindel/cli.py:47:24: error: Invalid type comment or annotation  [valid-type]
(bede)kindel/kindel/cli.py:48:29: error: Invalid type comment or annotation  [valid-type]
(bede)kindel/kindel/cli.py:49:29: error: Invalid type comment or annotation  [valid-type]
(bede)kindel/kindel/cli.py:50:29: error: Invalid type comment or annotation  [valid-type]
(bede)kindel/kindel/cli.py:51:24: error: Invalid type comment or annotation  [valid-type]
(bede)kindel/kindel/cli.py:69:26: error: Invalid type comment or annotation  [valid-type]
(LucaVazz)DualisWatcher/version_recorder.py:5:59: error: Invalid type comment or annotation  [valid-type]
(LucaVazz)DualisWatcher/config_helper.py:28:41: error: Function "builtins.any" is not valid as a type  [valid-type]
(LucaVazz)DualisWatcher/config_helper.py:34:45: error: Function "builtins.any" is not valid as a type  [valid-type]
(LucaVazz)DualisWatcher/notification_services/notification_service.py:25:91: error: Invalid type comment or annotation  [valid-type]
(SBRG)EscherConverter/api/models.py:83:22: error: Variable "models.Base" is not valid as a type  [valid-type]
(SBRG)EscherConverter/api/models.py:114:24: error: Variable "models.Base" is not valid as a type  [valid-type]
(SBRG)EscherConverter/api/models.py:141:21: error: Variable "models.Base" is not valid as a type  [valid-type]
(Beafantles)Asurix-bot/modules/utils/utils.py:11:21: error: Module "json" is not valid as a type  [valid-type]
(rljacobson)FoxySheep/python_target/FoxySheep/Types/Types.py:95:34: error: Invalid type comment or annotation  [valid-type]
(rljacobson)FoxySheep/python_target/FoxySheep/AST/ASTNode.py:14:34: error: Invalid type comment or annotation  [valid-type]
(ascoderu)opwen-cloudserver/opwen_email_server/services/storage.py:66:30: error: Variable "storage.AccessInfo" is not valid as a type  [valid-type]
(ascoderu)opwen-cloudserver/opwen_email_server/services/storage.py:198:30: error: Variable "storage.AccessInfo" is not valid as a type  [valid-type]
(dpshelio)sunpy/sunpy/map/header_helper.py:35:32: error: Invalid type comment or annotation  [valid-type]
(prihoda)golem/golem/core/flow.py:228:47: error: Invalid type comment or annotation  [valid-type]
(prihoda)golem/golem/core/context.py:148:68: error: Invalid type comment or annotation  [valid-type]
(status-im)status-react/test/appium/tests/base_test_case.py:253:30: error: Variable "tests.base_test_case.environment" is not valid as a type  [valid-type]
(SpoopySaitama)snake/cogs/utils/sql.py:12:11: error: Variable "utils.sql.Base" is not valid as a type  [valid-type]
(SpoopySaitama)snake/cogs/utils/sql.py:25:18: error: Variable "utils.sql.Base" is not valid as a type  [valid-type]
(SpoopySaitama)snake/cogs/utils/sql.py:39:12: error: Variable "utils.sql.Base" is not valid as a type  [valid-type]
(SpoopySaitama)snake/cogs/utils/sql.py:53:17: error: Variable "utils.sql.Base" is not valid as a type  [valid-type]
(SpoopySaitama)snake/cogs/utils/sql.py:67:17: error: Variable "utils.sql.Base" is not valid as a type  [valid-type]
(SpoopySaitama)snake/cogs/utils/sql.py:81:19: error: Variable "utils.sql.Base" is not valid as a type  [valid-type]
(SpoopySaitama)snake/cogs/utils/sql.py:90:15: error: Variable "utils.sql.Base" is not valid as a type  [valid-type]
(SpoopySaitama)snake/cogs/utils/sql.py:106:15: error: Variable "utils.sql.Base" is not valid as a type  [valid-type]
(SpoopySaitama)snake/cogs/utils/sql.py:115:14: error: Variable "utils.sql.Base" is not valid as a type  [valid-type]
(NZSmartie)PyHIDParser/hidparser/UsagePage.py:108: error: Function "builtins.object.__class__" is not valid as a type  [valid-type]
(NZSmartie)PyHIDParser/hidparser/DeviceBuilder.py:126: error: Function "builtins.object.__class__" is not valid as a type  [valid-type]
(NZSmartie)PyHIDParser/hidparser/ItemGlobal.py:19:33: error: Module "hidparser.DeviceBuilder" is not valid as a type  [valid-type]
(NZSmartie)PyHIDParser/hidparser/ItemGlobal.py:35:33: error: Module "hidparser.DeviceBuilder" is not valid as a type  [valid-type]
(NZSmartie)PyHIDParser/hidparser/ItemGlobal.py:48:33: error: Module "hidparser.DeviceBuilder" is not valid as a type  [valid-type]
(NZSmartie)PyHIDParser/hidparser/ItemGlobal.py:61:33: error: Module "hidparser.DeviceBuilder" is not valid as a type  [valid-type]
(NZSmartie)PyHIDParser/hidparser/ItemGlobal.py:74:33: error: Module "hidparser.DeviceBuilder" is not valid as a type  [valid-type]
(NZSmartie)PyHIDParser/hidparser/ItemGlobal.py:87:33: error: Module "hidparser.DeviceBuilder" is not valid as a type  [valid-type]
(NZSmartie)PyHIDParser/hidparser/ItemGlobal.py:100:33: error: Module "hidparser.DeviceBuilder" is not valid as a type  [valid-type]
(NZSmartie)PyHIDParser/hidparser/ItemGlobal.py:117:33: error: Module "hidparser.DeviceBuilder" is not valid as a type  [valid-type]
(NZSmartie)PyHIDParser/hidparser/ItemGlobal.py:134:33: error: Module "hidparser.DeviceBuilder" is not valid as a type  [valid-type]
(NZSmartie)PyHIDParser/hidparser/ItemGlobal.py:151:33: error: Module "hidparser.DeviceBuilder" is not valid as a type  [valid-type]
(NZSmartie)PyHIDParser/hidparser/ItemGlobal.py:164:33: error: Module "hidparser.DeviceBuilder" is not valid as a type  [valid-type]
(NZSmartie)PyHIDParser/hidparser/ItemGlobal.py:177:33: error: Module "hidparser.DeviceBuilder" is not valid as a type  [valid-type]
(mefyl)drake/examples/gnu_builder/drake-utils/gnu_builder.py:35: error: Invalid type comment or annotation  [valid-type]
(mefyl)drake/examples/gnu_builder/drake-utils/gnu_builder.py:37:24: error: Invalid type comment or annotation  [valid-type]
(mefyl)drake/examples/gnu_builder/drake-utils/gnu_builder.py:38:21: error: Invalid type comment or annotation  [valid-type]
(mefyl)drake/examples/gnu_builder/drake-utils/gnu_builder.py:40:18: error: Invalid type comment or annotation  [valid-type]
(mefyl)drake/examples/gnu_builder/drake-utils/gnu_builder.py:41:15: error: Invalid type comment or annotation  [valid-type]
(mefyl)drake/examples/gnu_builder/drake-utils/gnu_builder.py:42:17: error: Invalid type comment or annotation  [valid-type]
(mefyl)drake/examples/gnu_builder/drake-utils/gnu_builder.py:43:21: error: Invalid type comment or annotation  [valid-type]
(mefyl)drake/src/drake/gnu.py:30: error: Invalid type comment or annotation  [valid-type]
(mefyl)drake/src/drake/gnu.py:32:26: error: Invalid type comment or annotation  [valid-type]
(mefyl)drake/src/drake/gnu.py:33:23: error: Invalid type comment or annotation  [valid-type]
(mefyl)drake/src/drake/gnu.py:35:20: error: Invalid type comment or annotation  [valid-type]
(mefyl)drake/src/drake/gnu.py:36:17: error: Invalid type comment or annotation  [valid-type]
(mefyl)drake/src/drake/gnu.py:37:19: error: Invalid type comment or annotation  [valid-type]
(mefyl)drake/src/drake/gnu.py:38:23: error: Invalid type comment or annotation  [valid-type]
(mefyl)drake/src/drake/gnu.py:41:25: error: Invalid type comment or annotation  [valid-type]
(mefyl)drake/src/drake/gnu.py:42:21: error: Invalid type comment or annotation  [valid-type]
(hell03end)hse_ruz/ruz/api.py:12:28: error: Function "builtins.map" is not valid as a type  [valid-type]
(hell03end)hse_ruz/ruz/api.py:26:32: error: Invalid type comment or annotation  [valid-type]
(hell03end)hse_ruz/ruz/api.py:209:26: error: Invalid type comment or annotation  [valid-type]
(hell03end)hse_ruz/ruz/utils.py:46:31: error: Invalid type comment or annotation  [valid-type]
(hell03end)hse_ruz/ruz/utils.py:77:33: error: Invalid type comment or annotation  [valid-type]
(hell03end)hse_ruz/ruz/utils.py:95:43: error: Invalid type comment or annotation  [valid-type]
(nathanielksmith)prosaic/prosaic/models.py:66:14: error: Variable "prosaic.models.Base" is not valid as a type  [valid-type]
(nathanielksmith)prosaic/prosaic/models.py:77:14: error: Variable "prosaic.models.Base" is not valid as a type  [valid-type]
(nathanielksmith)prosaic/prosaic/models.py:102:14: error: Variable "prosaic.models.Base" is not valid as a type  [valid-type]
(poidl)yassy/doc/python/utils.py:22:15: error: Invalid type comment or annotation  [valid-type]
(poidl)yassy/doc/python/utils.py:36:17: error: Invalid type comment or annotation  [valid-type]
(poidl)yassy/doc/python/utils.py:45:22: error: Invalid type comment or annotation  [valid-type]
(poidl)yassy/doc/python/utils.py:54:19: error: Invalid type comment or annotation  [valid-type]
(jmbr)diffusion-maps/diffusion_maps/cusparse.py:92:25: error: Variable "cusparse.cusparseHandle_t" is not valid as a type  [valid-type]
(jmbr)diffusion-maps/diffusion_maps/cusparse.py:102:29: error: Variable "cusparse.cusparseHandle_t" is not valid as a type  [valid-type]
(jmbr)diffusion-maps/diffusion_maps/cusparse.py:110:32: error: Variable "cusparse.cusparseHandle_t" is not valid as a type  [valid-type]
(jmbr)diffusion-maps/diffusion_maps/cusparse.py:130:36: error: Variable "cusparse.cusparseMatDescr_t" is not valid as a type  [valid-type]
(jmbr)diffusion-maps/diffusion_maps/cusparse.py:136:28: error: Variable "cusparse.cusparseHandle_t" is not valid as a type  [valid-type]
(jmbr)diffusion-maps/diffusion_maps/cusparse.py:138:28: error: Variable "cusparse.cusparseMatDescr_t" is not valid as a type  [valid-type]
(cemfi)meico/rest/api/app.py:69:19: error: Invalid type comment or annotation  [valid-type]
(cemfi)meico/rest/api/app.py:78:22: error: Invalid type comment or annotation  [valid-type]
(rasguanabana)function-pattern-matching/tests/py3_defs.py:9:8: error: Invalid type comment or annotation  [valid-type]
(rasguanabana)function-pattern-matching/tests/py3_defs.py:10:8: error: Invalid type comment or annotation  [valid-type]
(rasguanabana)function-pattern-matching/tests/py3_defs.py:18:8: error: Invalid type comment or annotation  [valid-type]
(rasguanabana)function-pattern-matching/tests/py3_defs.py:20:8: error: Invalid type comment or annotation  [valid-type]
(rasguanabana)function-pattern-matching/tests/py3_defs.py:26:22: error: Invalid type comment or annotation  [valid-type]
(rasguanabana)function-pattern-matching/tests/py3_defs.py:31:22: error: Invalid type comment or annotation  [valid-type]
(rasguanabana)function-pattern-matching/tests/py3_defs.py:37:22: error: Invalid type comment or annotation  [valid-type]
(rasguanabana)function-pattern-matching/tests/py3_defs.py:43:8: error: Invalid type comment or annotation  [valid-type]
(rasguanabana)function-pattern-matching/tests/py3_defs.py:44:8: error: Invalid type comment or annotation  [valid-type]
(rasguanabana)function-pattern-matching/tests/py3_defs.py:45:8: error: Invalid type comment or annotation  [valid-type]
(rasguanabana)function-pattern-matching/tests/py3_defs.py:46:6: error: Invalid type comment or annotation  [valid-type]
(rasguanabana)function-pattern-matching/tests/py3_defs.py:52:8: error: Invalid type comment or annotation  [valid-type]
(rasguanabana)function-pattern-matching/tests/py3_defs.py:55:6: error: Invalid type comment or annotation  [valid-type]
(rasguanabana)function-pattern-matching/tests/py3_defs.py:63:8: error: Invalid type comment or annotation  [valid-type]
(rasguanabana)function-pattern-matching/tests/py3_defs.py:64:8: error: Invalid type comment or annotation  [valid-type]
(rasguanabana)function-pattern-matching/tests/py3_defs.py:65:8: error: Invalid type comment or annotation  [valid-type]
(rasguanabana)function-pattern-matching/tests/py3_defs.py:74:8: error: Invalid type comment or annotation  [valid-type]
(rasguanabana)function-pattern-matching/tests/py3_defs.py:83:8: error: Invalid type comment or annotation  [valid-type]
(rasguanabana)function-pattern-matching/tests/py3_defs.py:84:8: error: Invalid type comment or annotation  [valid-type]
(rasguanabana)function-pattern-matching/tests/py3_defs.py:85:8: error: Invalid type comment or annotation  [valid-type]
(rasguanabana)function-pattern-matching/tests/py3_defs.py:92:8: error: Invalid type comment or annotation  [valid-type]
(rasguanabana)function-pattern-matching/tests/py3_defs.py:100:24: error: Invalid type comment or annotation  [valid-type]
(rasguanabana)function-pattern-matching/tests/py3_defs.py:105:24: error: Invalid type comment or annotation  [valid-type]
(rasguanabana)function-pattern-matching/tests/py3_defs.py:111:24: error: Invalid type comment or annotation  [valid-type]
(rasguanabana)function-pattern-matching/tests/py3_defs.py:117:8: error: Invalid type comment or annotation  [valid-type]
(rasguanabana)function-pattern-matching/tests/py3_defs.py:118:8: error: Invalid type comment or annotation  [valid-type]
(rasguanabana)function-pattern-matching/tests/py3_defs.py:119:8: error: Invalid type comment or annotation  [valid-type]
(rasguanabana)function-pattern-matching/tests/py3_defs.py:120:6: error: Invalid type comment or annotation  [valid-type]
(rasguanabana)function-pattern-matching/tests/py3_defs.py:126:8: error: Invalid type comment or annotation  [valid-type]
(rasguanabana)function-pattern-matching/tests/py3_defs.py:129:6: error: Invalid type comment or annotation  [valid-type]
(rasguanabana)function-pattern-matching/tests/py3_defs.py:133:8: error: Invalid type comment or annotation  [valid-type]
(rasguanabana)function-pattern-matching/tests/py3_defs.py:134:8: error: Invalid type comment or annotation  [valid-type]
(rasguanabana)function-pattern-matching/tests/py3_defs.py:135:8: error: Invalid type comment or annotation  [valid-type]
(rasguanabana)function-pattern-matching/tests/py3_defs.py:136:6: error: Invalid type comment or annotation  [valid-type]
(rasguanabana)function-pattern-matching/tests/py3_defs.py:141:8: error: Invalid type comment or annotation  [valid-type]
(rasguanabana)function-pattern-matching/tests/py3_defs.py:142:8: error: Invalid type comment or annotation  [valid-type]
(rasguanabana)function-pattern-matching/tests/py3_defs.py:143:8: error: Invalid type comment or annotation  [valid-type]
(jenerestain)smart-student/contracts/student.v.py:1:10: error: Invalid type comment or annotation  [valid-type]
(jenerestain)smart-student/contracts/student.v.py:10:10: error: Invalid type comment or annotation  [valid-type]
(reimandlab)ActiveDriverDB/website/stats/store/objects.py:9:30: error: Function "builtins.callable" is not valid as a type  [valid-type]
(dileep-kishore)microbial-ai/microbial_ai/io/model_table.py:23:13: error: Variable "model_table.Base" is not valid as a type  [valid-type]
(superdesk)Live-Blog/plugins/livedesk/livedesk/api/blog_post.py:102:105: error: Invalid type comment or annotation  [valid-type]
(superdesk)Live-Blog/plugins/livedesk/livedesk/api/blog_post.py:109:109: error: Invalid type comment or annotation  [valid-type]
(superdesk)Live-Blog/plugins/livedesk/livedesk/api/blog_post.py:116:64: error: Invalid type comment or annotation  [valid-type]
(superdesk)Live-Blog/plugins/livedesk/livedesk/api/blog_post.py:123:89: error: Invalid type comment or annotation  [valid-type]
(superdesk)Live-Blog/plugins/livedesk/livedesk/api/blog_post.py:130:39: error: Invalid type comment or annotation  [valid-type]
(superdesk)Live-Blog/plugins/livedesk/livedesk/api/blog_post.py:138:78: error: Invalid type comment or annotation  [valid-type]
(superdesk)Live-Blog/documentor/libraries/Sphinx-1.1.3-py3.2/sphinx/websupport/storage/sqlalchemy_db.py:26:12: error: Variable "sphinx.websupport.storage.sqlalchemy_db.Base" is not valid as a type  [valid-type]
(superdesk)Live-Blog/documentor/libraries/Sphinx-1.1.3-py3.2/sphinx/websupport/storage/sqlalchemy_db.py:104:19: error: Variable "sphinx.websupport.storage.sqlalchemy_db.Base" is not valid as a type  [valid-type]
(superdesk)Live-Blog/documentor/libraries/Sphinx-1.1.3-py3.2/sphinx/websupport/storage/sqlalchemy_db.py:120:15: error: Variable "sphinx.websupport.storage.sqlalchemy_db.Base" is not valid as a type  [valid-type]
(jcchoiling)learningPython/s13/Day12/practice/sql8.py:14:12: error: Variable "sql8.Base" is not valid as a type  [valid-type]
(jcchoiling)learningPython/s13/Day12/practice/sql8.py:23:15: error: Variable "sql8.Base" is not valid as a type  [valid-type]
(jcchoiling)learningPython/s13/Day12/practice/sql5.py:46:25: error: Variable "sql5.Base" is not valid as a type  [valid-type]
(jcchoiling)learningPython/s13/Day12/practice/sql5.py:57:14: error: Variable "sql5.Base" is not valid as a type  [valid-type]
(jcchoiling)learningPython/s13/Day12/practice/sql5.py:64:15: error: Variable "sql5.Base" is not valid as a type  [valid-type]
(jcchoiling)learningPython/s13/Day12/practice/sql3.py:26:14: error: Variable "sql3.Base" is not valid as a type  [valid-type]
(jcchoiling)learningPython/s13/Day12/practice/sql3.py:33:15: error: Variable "sql3.Base" is not valid as a type  [valid-type]
(jcchoiling)learningPython/s13/Day12/practice/sql3.py:40:13: error: Variable "sql3.Base" is not valid as a type  [valid-type]
(jcchoiling)learningPython/s13/Day12/practice/sql6.py:20:13: error: Variable "sql6.Base" is not valid as a type  [valid-type]
(jcchoiling)learningPython/s13/Day12/practice/sql6.py:32:13: error: Variable "sql6.Base" is not valid as a type  [valid-type]
(jcchoiling)learningPython/s13/Day12/practice/sql6.py:42:14: error: Variable "sql6.Base" is not valid as a type  [valid-type]
(jcchoiling)learningPython/s13/Day12/practice/sql2.py:48:13: error: Variable "sql2.Base" is not valid as a type  [valid-type]
(jcchoiling)learningPython/s13/Day12/practice/sql2.py:60:14: error: Variable "sql2.Base" is not valid as a type  [valid-type]
(jcchoiling)learningPython/s13/Day12/practice/sql2.py:70:13: error: Variable "sql2.Base" is not valid as a type  [valid-type]
(jcchoiling)learningPython/s13/Day12/practice/sql4.py:47:14: error: Variable "sql4.Base" is not valid as a type  [valid-type]
(jcchoiling)learningPython/s13/Day12/practice/sql4.py:54:15: error: Variable "sql4.Base" is not valid as a type  [valid-type]
(jcchoiling)learningPython/s13/Day12/practice/sql4.py:60:25: error: Variable "sql4.Base" is not valid as a type  [valid-type]
(jcchoiling)learningPython/s13/Day12/practice/sql4.py:67:14: error: Variable "sql4.Base" is not valid as a type  [valid-type]
(jcchoiling)learningPython/s13/Day12/SSHClient.py:24:23: error: Variable "SSHClient.Base" is not valid as a type  [valid-type]
(jcchoiling)learningPython/s13/Day12/SSHClient.py:33:13: error: Variable "SSHClient.Base" is not valid as a type  [valid-type]
(jcchoiling)learningPython/s13/Day12/SSHClient.py:47:14: error: Variable "SSHClient.Base" is not valid as a type  [valid-type]
(jcchoiling)learningPython/s13/Day13/core/models.py:17:19: error: Variable "models.Base" is not valid as a type  [valid-type]
(jcchoiling)learningPython/s13/Day13/core/models.py:25:24: error: Variable "models.Base" is not valid as a type  [valid-type]
(jcchoiling)learningPython/s13/Day13/core/models.py:35:13: error: Variable "models.Base" is not valid as a type  [valid-type]
(jcchoiling)learningPython/s13/Day13/core/models.py:52:14: error: Variable "models.Base" is not valid as a type  [valid-type]
(jcchoiling)learningPython/s13/Day13/core/models.py:69:13: error: Variable "models.Base" is not valid as a type  [valid-type]
(jcchoiling)learningPython/s13/Day13/core/models.py:76:19: error: Variable "models.Base" is not valid as a type  [valid-type]
(jcchoiling)learningPython/s13/Day13/core/models.py:91:16: error: Variable "models.Base" is not valid as a type  [valid-type]
(jcchoiling)learningPython/s13/Day13/practice/s3.py:24:23: error: Variable "s3.Base" is not valid as a type  [valid-type]
(jcchoiling)learningPython/s13/Day13/practice/s3.py:33:13: error: Variable "s3.Base" is not valid as a type  [valid-type]
(jcchoiling)learningPython/s13/Day13/practice/s3.py:48:14: error: Variable "s3.Base" is not valid as a type  [valid-type]
(wileykestner)falcon-sqlalchemy-demo/falcon_web_demo/postgres_people_repository.py:11:22: error: Variable "postgres_people_repository.Base" is not valid as a type  [valid-type]
(SexualHealthInnovations)callisto-core/callisto_core/delivery/utils.py:9:39: error: Invalid type comment or annotation  [valid-type]
(SexualHealthInnovations)callisto-core/callisto_core/delivery/utils.py:14:44: error: Invalid type comment or annotation  [valid-type]
(anlar)prismriver-lyrics/prismriver/preprocessor.py:4:45: error: Invalid type comment or annotation  [valid-type]
(anlar)prismriver-lyrics/prismriver/preprocessor.py:11:38: error: Invalid type comment or annotation  [valid-type]
(juancarlospaco)anglerfish/anglerfish/walk2dict.py:22:61: error: Function "collections.namedtuple" is not valid as a type  [valid-type]
(juancarlospaco)anglerfish/anglerfish/seconds2human.py:22:69: error: Function "collections.namedtuple" is not valid as a type  [valid-type]
(juancarlospaco)anglerfish/anglerfish/seconds2human.py:113:36: error: Function "collections.namedtuple" is not valid as a type  [valid-type]
(juancarlospaco)anglerfish/anglerfish/seconds2human.py:118:34: error: Function "collections.namedtuple" is not valid as a type  [valid-type]
(juancarlospaco)anglerfish/anglerfish/seconds2human.py:123:29: error: Function "collections.namedtuple" is not valid as a type  [valid-type]
(juancarlospaco)anglerfish/anglerfish/set_desktop_launcher.py:15:52: error: Function "collections.namedtuple" is not valid as a type  [valid-type]
(juancarlospaco)anglerfish/anglerfish/walk2list.py:20:65: error: Function "collections.namedtuple" is not valid as a type  [valid-type]
(juancarlospaco)anglerfish/anglerfish/get_clipboard.py:90:24: error: Function "collections.namedtuple" is not valid as a type  [valid-type]
(juancarlospaco)anglerfish/anglerfish/bytes2human.py:18:40: error: Function "collections.namedtuple" is not valid as a type  [valid-type]
(juancarlospaco)anglerfish/anglerfish/make_json_flat.py:18:57: error: Function "collections.namedtuple" is not valid as a type  [valid-type]
(juancarlospaco)anglerfish/anglerfish/get_random_pastel_color.py:192:32: error: Function "collections.namedtuple" is not valid as a type  [valid-type]
(juancarlospaco)anglerfish/anglerfish/get_random_pastel_color.py:197:66: error: Function "collections.namedtuple" is not valid as a type  [valid-type]
(juancarlospaco)anglerfish/anglerfish/get_public_ip.py:12:24: error: Function "ipaddress.ip_address" is not valid as a type  [valid-type]
(juancarlospaco)anglerfish/anglerfish/make_datauri.py:122:25: error: Function "collections.namedtuple" is not valid as a type  [valid-type]
(usc-isi-i2)etk/etk/extractors/decoding_value_extractor.py:97:62: error: Invalid type comment or annotation  [valid-type]
(usc-isi-i2)etk/etk/extractors/glossary_extractor.py:137:59: error: Function "builtins.iter" is not valid as a type  [valid-type]
(usc-isi-i2)etk/etk/extractors/glossary_extractor.py:137:85: error: Function "builtins.map" is not valid as a type  [valid-type]
(usc-isi-i2)etk/etk/extraction.py:188:24: error: Invalid type comment or annotation  [valid-type]
(usc-isi-i2)etk/etk/csv_processor.py:172:60: error: Invalid type comment or annotation  [valid-type]
(usc-isi-i2)etk/etk/csv_processor.py:201:48: error: Invalid type comment or annotation  [valid-type]
(usc-isi-i2)etk/etk/csv_processor.py:228:57: error: Invalid type comment or annotation  [valid-type]
(usc-isi-i2)etk/etk/unit_tests/test_date_extractor.py:14:108: error: Invalid type comment or annotation  [valid-type]
(usc-isi-i2)etk/etk/timeseries/annotation/granularity_detector.py:48:79: error: Invalid type comment or annotation  [valid-type]
(BpArCuCTeMbI)VKMP/main.py:9:25: error: Invalid type comment or annotation  [valid-type]
(purduesigbots)pros-cli/pros/common/ui/interactive/application.py:88:12: error: Type variable "typing.AnyStr" is unbound  [valid-type]
(purduesigbots)pros-cli/pros/common/ui/interactive/application.py:90:27: error: Type variable "typing.AnyStr" is unbound  [valid-type]
(purduesigbots)pros-cli/pros/common/ui/interactive/application.py:95:21: error: Type variable "typing.AnyStr" is unbound  [valid-type]
(purduesigbots)pros-cli/pros/common/ui/interactive/application.py:97:20: error: Type variable "typing.AnyStr" is unbound  [valid-type]
(purduesigbots)pros-cli/pros/serial/ports/serial_share_bridge.py:73: error: Function "multiprocessing.Barrier" is not valid as a type  [valid-type]
(purduesigbots)pros-cli/pros/serial/ports/serial_share_bridge.py:108: error: Function "multiprocessing.Barrier" is not valid as a type  [valid-type]
(purduesigbots)pros-cli/pros/serial/ports/serial_share_bridge.py:148: error: Function "multiprocessing.Barrier" is not valid as a type  [valid-type]
(Kurbezz)flibusta_bot/src/analytics.py:23:50: error: Invalid type comment or annotation  [valid-type]
(Kurbezz)flibusta_bot/src/filbusta_server.py:212:51: error: Invalid type comment or annotation  [valid-type]
(Kurbezz)flibusta_bot/src/send.py:21:70: error: Invalid type comment or annotation  [valid-type]
(vatlab)SOS/src/sos/pattern.py:111:67: error: Function "builtins.any" is not valid as a type  [valid-type]
(sinnwerkstatt)landmatrix/public_comments/forms.py:12:25: error: Variable "public_comments.forms.ThreadedCommentForm" is not valid as a type  [valid-type]
(nathants)py-web/web/__init__.py:59:51: error: Invalid type comment or annotation  [valid-type]
(nathants)py-web/web/__init__.py:67: error: Variable "web.schemas.rep" is not valid as a type  [valid-type]
(nathants)py-web/web/__init__.py:75: error: Variable "web.schemas.req" is not valid as a type  [valid-type]
(nathants)py-web/web/__init__.py:82: error: Variable "web.schemas.req" is not valid as a type  [valid-type]
(nathants)py-web/web/__init__.py:82:64: error: Invalid type comment or annotation  [valid-type]
(nathants)py-web/web/__init__.py:166: error: Variable "web.schemas.rep" is not valid as a type  [valid-type]
(eReuse)workbench/ereuse_workbench/computer.py:181:56: error: Invalid type comment or annotation  [valid-type]
(eReuse)workbench/ereuse_workbench/computer.py:323:74: error: Invalid type comment or annotation  [valid-type]
(allenai)deep_qa/deep_qa/run.py:63:37: error: Function "builtins.any" is not valid as a type  [valid-type]
(gilmarsquinelato)gulpy/gulpy/core/stream.py:179:48: error: Function "builtins.iter" is not valid as a type  [valid-type]
(legalese)legalese-compiler/L4/pyL4/src/independent/util_for_tuple_linked_lists.py:7:19: error: Variable "src.independent.util_for_tuple_linked_lists.TupleLinkedList" is not valid as a type  [valid-type]
(legalese)legalese-compiler/L4/pyL4/src/independent/util_for_tuple_linked_lists.py:13:16: error: Variable "src.independent.util_for_tuple_linked_lists.TupleLinkedList" is not valid as a type  [valid-type]
(legalese)legalese-compiler/L4/pyL4/src/independent/util_for_tuple_linked_lists.py:13:36: error: Variable "src.independent.util_for_tuple_linked_lists.V" is not valid as a type  [valid-type]
(legalese)legalese-compiler/L4/pyL4/src/independent/util_for_tuple_linked_lists.py:21:17: error: Variable "src.independent.util_for_tuple_linked_lists.TupleLinkedList" is not valid as a type  [valid-type]
(legalese)legalese-compiler/L4/pyL4/src/independent/util_for_tuple_linked_lists.py:23:22: error: Variable "src.independent.util_for_tuple_linked_lists.TupleLinkedList" is not valid as a type  [valid-type]
(gorgitko)molminer/molminer/AbstractLinker.py:91:36: error: Function "collections.namedtuple" is not valid as a type  [valid-type]
(gorgitko)molminer/molminer/utils.py:23:102: error: Function "collections.namedtuple" is not valid as a type  [valid-type]
(foliant-docs)foliant/foliant/backends/base.py:48:48: error: Invalid type comment or annotation  [valid-type]
(Rhilip)Byrbt-Autoseed/extractors/base/nexusphp.py:68:45: error: Invalid type comment or annotation  [valid-type]
(madvirus)kotlin-web-site/src/pdf_ko.py:60:28: error: Module "src.pages.MyFlatPages" is not valid as a type  [valid-type]
(madvirus)kotlin-web-site/src/pdf.py:59:28: error: Module "src.pages.MyFlatPages" is not valid as a type  [valid-type]
(madedotcom)photon-pump/photonpump/messages.py:468:32: error: Variable "photonpump.messages.SubscriptionResult" is not valid as a type  [valid-type]
(BogyMitutoyoCTL)CalculatorCV/Window.py:6:34: error: Module "Settings" is not valid as a type  [valid-type]
(BogyMitutoyoCTL)CalculatorCV/HistoryData.py:6:63: error: Module "datetime" is not valid as a type  [valid-type]
(BogyMitutoyoCTL)CalculatorCV/History.py:20:34: error: Module "datetime" is not valid as a type  [valid-type]
(sonusz)PhasorToolBox/phasortoolbox/devices.py:14:15: error: Invalid type comment or annotation  [valid-type]
(sonusz)PhasorToolBox/phasortoolbox/devices.py:15:19: error: Invalid type comment or annotation  [valid-type]
(sonusz)PhasorToolBox/phasortoolbox/devices.py:81:15: error: Invalid type comment or annotation  [valid-type]
(sonusz)PhasorToolBox/phasortoolbox/devices.py:82:19: error: Invalid type comment or annotation  [valid-type]
(tmthyjames)SQLCell/sqlcell/db.py:75:59: error: Invalid type comment or annotation  [valid-type]
(leonidumanskiy)scheduledtask/scheduledtask/utils.py:5:46: error: Invalid type comment or annotation  [valid-type]
(leonidumanskiy)scheduledtask/scheduledtask/utils.py:24:50: error: Invalid type comment or annotation  [valid-type]
(leonidumanskiy)scheduledtask/scheduledtask/utils.py:43:16: error: Invalid type comment or annotation  [valid-type]
(leonidumanskiy)scheduledtask/scheduledtask/utils.py:54:17: error: Invalid type comment or annotation  [valid-type]
(SectorLabs)django-localized-fields/localized_fields/forms.py:46:45: error: Variable "forms.LocalizedFieldForm.value_class" is not valid as a type  [valid-type]
(saurabh1e)SuperFlaskSeed/web/src/utils/resource.py:184:42: error: Invalid type comment or annotation  [valid-type]
(ulikoehler)UliEngineering/UliEngineering/Electronics/PowerFactor.py:11:66: error: Invalid type comment or annotation  [valid-type]
(ulikoehler)UliEngineering/UliEngineering/Electronics/Crystal.py:18:59: error: Invalid type comment or annotation  [valid-type]
(ulikoehler)UliEngineering/UliEngineering/Electronics/Crystal.py:49:66: error: Invalid type comment or annotation  [valid-type]
(ulikoehler)UliEngineering/UliEngineering/Electronics/Crystal.py:85:59: error: Invalid type comment or annotation  [valid-type]
(ulikoehler)UliEngineering/UliEngineering/Electronics/Crystal.py:90:56: error: Invalid type comment or annotation  [valid-type]
(ulikoehler)UliEngineering/UliEngineering/Electronics/Crystal.py:106:54: error: Invalid type comment or annotation  [valid-type]
(ulikoehler)UliEngineering/UliEngineering/Electronics/Crystal.py:122:53: error: Invalid type comment or annotation  [valid-type]
(ulikoehler)UliEngineering/UliEngineering/Electronics/Crystal.py:138:55: error: Invalid type comment or annotation  [valid-type]
(ulikoehler)UliEngineering/UliEngineering/Electronics/Crystal.py:154:54: error: Invalid type comment or annotation  [valid-type]
(ulikoehler)UliEngineering/UliEngineering/Electronics/Inductors.py:12:64: error: Invalid type comment or annotation  [valid-type]
(ulikoehler)UliEngineering/UliEngineering/Electronics/MOSFET.py:12:83: error: Invalid type comment or annotation  [valid-type]
(ulikoehler)UliEngineering/UliEngineering/Electronics/MOSFET.py:35:70: error: Invalid type comment or annotation  [valid-type]
(ulikoehler)UliEngineering/UliEngineering/Electronics/VoltageDivider.py:19:56: error: Invalid type comment or annotation  [valid-type]
(ulikoehler)UliEngineering/UliEngineering/Electronics/VoltageDivider.py:29:63: error: Invalid type comment or annotation  [valid-type]
(ulikoehler)UliEngineering/UliEngineering/Electronics/VoltageDivider.py:38:63: error: Invalid type comment or annotation  [valid-type]
(ulikoehler)UliEngineering/UliEngineering/Electronics/VoltageDivider.py:92:46: error: Invalid type comment or annotation  [valid-type]
(ulikoehler)UliEngineering/UliEngineering/Electronics/VoltageDivider.py:101:46: error: Invalid type comment or annotation  [valid-type]
(ulikoehler)UliEngineering/UliEngineering/Electronics/VoltageDivider.py:110:61: error: Invalid type comment or annotation  [valid-type]
(ulikoehler)UliEngineering/UliEngineering/Electronics/VoltageDivider.py:134:50: error: Invalid type comment or annotation  [valid-type]
(ulikoehler)UliEngineering/UliEngineering/Electronics/VoltageDivider.py:155:63: error: Invalid type comment or annotation  [valid-type]
(ulikoehler)UliEngineering/UliEngineering/Electronics/Power.py:11:56: error: Invalid type comment or annotation  [valid-type]
(ulikoehler)UliEngineering/UliEngineering/Electronics/Power.py:21:71: error: Invalid type comment or annotation  [valid-type]
(ulikoehler)UliEngineering/UliEngineering/Electronics/Capacitors.py:9:107: error: Invalid type comment or annotation  [valid-type]
(ulikoehler)UliEngineering/UliEngineering/Electronics/Capacitors.py:27:47: error: Invalid type comment or annotation  [valid-type]
(ulikoehler)UliEngineering/UliEngineering/Electronics/Capacitors.py:39:47: error: Invalid type comment or annotation  [valid-type]
(ulikoehler)UliEngineering/UliEngineering/Electronics/Reactance.py:14:42: error: Invalid type comment or annotation  [valid-type]
(ulikoehler)UliEngineering/UliEngineering/Electronics/Reactance.py:23:41: error: Invalid type comment or annotation  [valid-type]
(ulikoehler)UliEngineering/UliEngineering/Electronics/OpAmp.py:16:61: error: Invalid type comment or annotation  [valid-type]
(ulikoehler)UliEngineering/UliEngineering/Electronics/LED.py:39:59: error: Invalid type comment or annotation  [valid-type]
(ulikoehler)UliEngineering/UliEngineering/Physics/Frequency.py:13:39: error: Invalid type comment or annotation  [valid-type]
(ulikoehler)UliEngineering/UliEngineering/Physics/Frequency.py:27:36: error: Invalid type comment or annotation  [valid-type]
(ulikoehler)UliEngineering/UliEngineering/Physics/NTC.py:17:36: error: Invalid type comment or annotation  [valid-type]
(ulikoehler)UliEngineering/UliEngineering/Physics/RF.py:14:45: error: Invalid type comment or annotation  [valid-type]
(ulikoehler)UliEngineering/UliEngineering/Physics/RF.py:30:41: error: Invalid type comment or annotation  [valid-type]
(ulikoehler)UliEngineering/UliEngineering/Physics/RF.py:47:33: error: Invalid type comment or annotation  [valid-type]
(ulikoehler)UliEngineering/UliEngineering/Physics/RF.py:65:37: error: Invalid type comment or annotation  [valid-type]
(ulikoehler)UliEngineering/UliEngineering/Physics/NoiseDensity.py:10:39: error: Invalid type comment or annotation  [valid-type]
(ulikoehler)UliEngineering/UliEngineering/Physics/NoiseDensity.py:23:45: error: Invalid type comment or annotation  [valid-type]
(ulikoehler)UliEngineering/UliEngineering/Physics/Temperature.py:21:29: error: Invalid type comment or annotation  [valid-type]
(ulikoehler)UliEngineering/UliEngineering/Physics/Temperature.py:25:29: error: Invalid type comment or annotation  [valid-type]
(ulikoehler)UliEngineering/UliEngineering/Physics/Temperature.py:29:32: error: Invalid type comment or annotation  [valid-type]
(ulikoehler)UliEngineering/UliEngineering/Physics/Temperature.py:33:33: error: Invalid type comment or annotation  [valid-type]
(ulikoehler)UliEngineering/UliEngineering/Physics/Temperature.py:36:53: error: Invalid type comment or annotation  [valid-type]
(ulikoehler)UliEngineering/UliEngineering/Physics/Temperature.py:60:61: error: Invalid type comment or annotation  [valid-type]
(ulikoehler)UliEngineering/UliEngineering/Physics/Temperature.py:64:99: error: Invalid type comment or annotation  [valid-type]
(ulikoehler)UliEngineering/UliEngineering/Math/Decibel.py:22:33: error: Invalid type comment or annotation  [valid-type]
(ulikoehler)UliEngineering/UliEngineering/Math/Decibel.py:57:33: error: Invalid type comment or annotation  [valid-type]
(ulikoehler)UliEngineering/UliEngineering/Math/Decibel.py:72:33: error: Invalid type comment or annotation  [valid-type]
(ulikoehler)UliEngineering/UliEngineering/Math/Decibel.py:88:27: error: Invalid type comment or annotation  [valid-type]
(ulikoehler)UliEngineering/UliEngineering/Math/Decibel.py:97:27: error: Invalid type comment or annotation  [valid-type]
(ulikoehler)UliEngineering/UliEngineering/Math/Decibel.py:106:24: error: Invalid type comment or annotation  [valid-type]
(ulikoehler)UliEngineering/UliEngineering/Length.py:50:83: error: Invalid type comment or annotation  [valid-type]
(ulikoehler)UliEngineering/UliEngineering/Length.py:58:65: error: Invalid type comment or annotation  [valid-type]
(ulikoehler)UliEngineering/UliEngineering/Electronics/Resistors.py:42:52: error: Invalid type comment or annotation  [valid-type]
(ulikoehler)UliEngineering/UliEngineering/Electronics/Resistors.py:58:51: error: Invalid type comment or annotation  [valid-type]
(ulikoehler)UliEngineering/UliEngineering/Electronics/Resistors.py:74:67: error: Invalid type comment or annotation  [valid-type]
(ulikoehler)UliEngineering/UliEngineering/Electronics/Resistors.py:91:67: error: Invalid type comment or annotation  [valid-type]
(ulikoehler)UliEngineering/UliEngineering/Electronics/Resistors.py:123:46: error: Invalid type comment or annotation  [valid-type]
(ulikoehler)UliEngineering/UliEngineering/Electronics/Resistors.py:129:34: error: Invalid type comment or annotation  [valid-type]
(ulikoehler)UliEngineering/UliEngineering/Electronics/Resistors.py:137:32: error: Invalid type comment or annotation  [valid-type]
(ulikoehler)UliEngineering/UliEngineering/Electronics/Resistors.py:146:58: error: Invalid type comment or annotation  [valid-type]
(ulikoehler)UliEngineering/UliEngineering/Electronics/Microstrip.py:37:103: error: Invalid type comment or annotation  [valid-type]
(ulikoehler)UliEngineering/UliEngineering/Electronics/Microstrip.py:81:119: error: Invalid type comment or annotation  [valid-type]
(ulikoehler)UliEngineering/UliEngineering/Physics/RTD.py:39:49: error: Invalid type comment or annotation  [valid-type]
(ulikoehler)UliEngineering/UliEngineering/Physics/RTD.py:56:61: error: Invalid type comment or annotation  [valid-type]
(ulikoehler)UliEngineering/UliEngineering/Physics/JohnsonNyquistNoise.py:27:53: error: Invalid type comment or annotation  [valid-type]
(ulikoehler)UliEngineering/UliEngineering/Physics/JohnsonNyquistNoise.py:40:53: error: Invalid type comment or annotation  [valid-type]
(Debith)py3traits/src/pytraits/core/composing/traits.py:91:44: error: Variable "traits.Resolutions" is not valid as a type  [valid-type]
(Debith)py3traits/src/pytraits/trait_composer.py:28:24: error: Variable "trait_composer.TraitTarget" is not valid as a type  [valid-type]
(phanrahan)magmathon/examples/uart/txmod.py:8:16: error: Invalid type comment or annotation  [valid-type]
(phanrahan)magmathon/examples/uart/txmod.py:11:21: error: Invalid type comment or annotation  [valid-type]
(phanrahan)magmathon/examples/uart/txmod.py:12:22: error: Invalid type comment or annotation  [valid-type]
(phanrahan)magmathon/examples/uart/txmod.py:13:20: error: Invalid type comment or annotation  [valid-type]
(berylTechnologies)redcap/runner/executor.py:15:68: error: Invalid type comment or annotation  [valid-type]
(berylTechnologies)redcap/task_manager/models.py:102:27: error: Invalid type comment or annotation  [valid-type]
(berylTechnologies)redcap/task_manager/models.py:150:31: error: Invalid type comment or annotation  [valid-type]
(mara)mara-app/mara_app/monkey_patch.py:16:21: error: Invalid type comment or annotation  [valid-type]
(mara)mara-app/mara_app/config.py:7:23: error: Invalid type comment or annotation  [valid-type]
(mara)mara-app/mara_app/app.py:124:71: error: Invalid type comment or annotation  [valid-type]
(AeonGames)AeonEngine/tools/blender/addons/io_animation_anm/export.py:96:16: error: Invalid type comment or annotation  [valid-type]
(lnmds)jose/ext/config.py:134:32: error: Function "builtins.any" is not valid as a type  [valid-type]
(lnmds)jose/ext/config.py:147:53: error: Function "builtins.any" is not valid as a type  [valid-type]
(lnmds)jose/ext/admin.py:141:44: error: Function "admin.no_codeblock" is not valid as a type  [valid-type]
(lnmds)jose/ext/translation.py:30:58: error: Function "builtins.any" is not valid as a type  [valid-type]
(lnmds)jose/ext/translation.py:38:50: error: Function "builtins.any" is not valid as a type  [valid-type]
(lnmds)jose/ext/translation.py:41:51: error: Function "builtins.any" is not valid as a type  [valid-type]
(lnmds)jose/ext/common.py:165:43: error: Function "builtins.any" is not valid as a type  [valid-type]
(evancasey)demeter/demeter/rl/common/buffer.py:111:38: error: Function "buffer.TensorBuffer.slice" is not valid as a type  [valid-type]
(DeflatedPickle)pkinter/pkinter/center.py:12:30: error: Invalid type comment or annotation  [valid-type]
(terrycain)razer-drivers/scripts/daemon/chroma_keyboard/standard_effects.py:8:29: error: Function "builtins.callable" is not valid as a type  [valid-type]
(MattiasFredriksson)Blender-Projection_Ops/2.8/projection_ops/align_to_view.py:50:13: error: Invalid type comment or annotation  [valid-type]
(MattiasFredriksson)Blender-Projection_Ops/2.8/projection_ops/align_to_view.py:54:15: error: Invalid type comment or annotation  [valid-type]
(MattiasFredriksson)Blender-Projection_Ops/2.8/projection_ops/align_to_view.py:58:19: error: Invalid type comment or annotation  [valid-type]
(MattiasFredriksson)Blender-Projection_Ops/2.8/projection_ops/project.py:51:14: error: Invalid type comment or annotation  [valid-type]
(MattiasFredriksson)Blender-Projection_Ops/2.8/projection_ops/project.py:55:15: error: Invalid type comment or annotation  [valid-type]
(MattiasFredriksson)Blender-Projection_Ops/2.8/projection_ops/project.py:59:15: error: Invalid type comment or annotation  [valid-type]
(MattiasFredriksson)Blender-Projection_Ops/2.8/projection_ops/project.py:62:8: error: Invalid type comment or annotation  [valid-type]
(MattiasFredriksson)Blender-Projection_Ops/2.8/projection_ops/uv_project.py:38:13: error: Invalid type comment or annotation  [valid-type]
(MattiasFredriksson)Blender-Projection_Ops/2.8/projection_ops/uv_project.py:41:10: error: Invalid type comment or annotation  [valid-type]
(MattiasFredriksson)Blender-Projection_Ops/2.8/projection_ops/uv_project.py:44:16: error: Invalid type comment or annotation  [valid-type]
(MattiasFredriksson)Blender-Projection_Ops/2.8/projection_ops/uv_project.py:47:10: error: Invalid type comment or annotation  [valid-type]
(MattiasFredriksson)Blender-Projection_Ops/2.8/projection_ops/uv_project.py:50:12: error: Invalid type comment or annotation  [valid-type]
(MattiasFredriksson)Blender-Projection_Ops/2.8/projection_ops/uv_project.py:53:10: error: Invalid type comment or annotation  [valid-type]
(MattiasFredriksson)Blender-Projection_Ops/2.8/projection_ops/uv_project.py:56:13: error: Invalid type comment or annotation  [valid-type]
(MattiasFredriksson)Blender-Projection_Ops/2.8/projection_ops/uv_project.py:59:13: error: Invalid type comment or annotation  [valid-type]
(MattiasFredriksson)Blender-Projection_Ops/2.8/projection_ops/uv_project.py:62:23: error: Invalid type comment or annotation  [valid-type]
(MattiasFredriksson)Blender-Projection_Ops/2.8/projection_ops/uv_project.py:65:13: error: Invalid type comment or annotation  [valid-type]
(MattiasFredriksson)Blender-Projection_Ops/2.8/projection_ops/uv_project.py:68:17: error: Invalid type comment or annotation  [valid-type]
(JLuebben)Floppy/floppy/reportWidget.py:12:20: error: Variable "reportWidget.WebView" is not valid as a type  [valid-type]
(codesardine)Jade-Application-Kit/JAK/Utils.py:69:32: error: Invalid type comment or annotation  [valid-type]
(introlab)OpenIMU/python/libopenimu/qt/BackgroundProcess.py:17:31: error: Module "string" is not valid as a type  [valid-type]
(introlab)OpenIMU/python/libopenimu/qt/BackgroundProcess.py:37:31: error: Module "string" is not valid as a type  [valid-type]
(introlab)OpenIMU/python/libopenimu/qt/BackgroundProcess.py:71:66: error: Module "string" is not valid as a type  [valid-type]
(CactusDev)CactusBot/cactusbot/commands/magic/config.py:129:38: error: Invalid type comment or annotation  [valid-type]
(CactusDev)CactusBot/cactusbot/commands/magic/config.py:139:37: error: Invalid type comment or annotation  [valid-type]
(CactusDev)CactusBot/cactusbot/commands/magic/trust.py:26:39: error: Function "trust.check_user" is not valid as a type  [valid-type]
(CactusDev)CactusBot/cactusbot/commands/magic/trust.py:43:35: error: Function "trust.check_user" is not valid as a type  [valid-type]
(CactusDev)CactusBot/cactusbot/commands/magic/trust.py:54:38: error: Function "trust.check_user" is not valid as a type  [valid-type]
(RasaHQ)rasa_core/rasa/core/policies/sklearn_policy.py:37:30: error: Invalid type comment or annotation  [valid-type]
(RasaHQ)rasa_core/rasa/core/policies/sklearn_policy.py:39:27: error: Invalid type comment or annotation  [valid-type]
(RasaHQ)rasa_core/rasa/core/tracker_store.py:265:20: error: Variable "tracker_store.SQLTrackerStore.Base" is not valid as a type  [valid-type]
(Phelimb)cbg/bigsi/__main__.py:155:17: error: Invalid type comment or annotation  [valid-type]
(seanegoodwin)PandaViewer/PandaViewer/ex_database.py:28:15: error: Variable "PandaViewer.ex_database.base" is not valid as a type  [valid-type]
(seanegoodwin)PandaViewer/PandaViewer/ex_database.py:47:13: error: Variable "PandaViewer.ex_database.base" is not valid as a type  [valid-type]
(seanegoodwin)PandaViewer/PandaViewer/user_database.py:29:14: error: Variable "PandaViewer.user_database.base" is not valid as a type  [valid-type]
(seanegoodwin)PandaViewer/PandaViewer/user_database.py:36:15: error: Variable "PandaViewer.user_database.base" is not valid as a type  [valid-type]
(seanegoodwin)PandaViewer/PandaViewer/user_database.py:53:16: error: Variable "PandaViewer.user_database.base" is not valid as a type  [valid-type]
(kubeflow)kfserving/vendor/github.com/tensorflow/tensorflow/tensorflow/python/framework/sparse_tensor.py:37:20: error: Variable "sparse_tensor._TensorLike" is not valid as a type  [valid-type]
(kubeflow)kfserving/vendor/github.com/tensorflow/tensorflow/tensorflow/contrib/distribute/python/mirrored_strategy.py:109:24: error: Variable "mirrored_strategy.CoreMirroredExtended" is not valid as a type  [valid-type]
(OpenNFT)OpenNFT/opennft/mlproc.py:137: error: Function "multiprocessing.Event" is not valid as a type  [valid-type]
(attwad)python-osc/pythonosc/osc_server.py:138:40: error: Function "types.coroutine" is not valid as a type  [valid-type]
(ytanay)thinglang/thinglang/parser/definitions/member_definition.py:30:94: error: Variable "member_definition.MemberDefinition.MEMBER_NAME_TYPES" is not valid as a type  [valid-type]
(ytanay)thinglang/thinglang/parser/definitions/method_definition.py:119:63: error: Variable "method_definition.MethodDefinition.METHOD_NAME_TYPES" is not valid as a type  [valid-type]
(ytanay)thinglang/thinglang/parser/statements/assignment_operation.py:92:39: error: Variable "assignment_operation.AssignmentOperation.ASSIGNMENT_TARGET" is not valid as a type  [valid-type]
(ytanay)thinglang/thinglang/parser/statements/assignment_operation.py:97:33: error: Variable "assignment_operation.AssignmentOperation.ASSIGNMENT_TARGET" is not valid as a type  [valid-type]
(joliveros)bitmex-websocket/bitmex_websocket/_instrument.py:22:28: error: Invalid type comment or annotation  [valid-type]
(igemsoftware2016)USTC-Software-2016/plugins/dbupload/dbprofile.py:12:21: error: Variable "plugins.dbupload.dbprofile.TableBase" is not valid as a type  [valid-type]
(igemsoftware2016)USTC-Software-2016/plugins/dbupload/dbprofile.py:22:12: error: Variable "plugins.dbupload.dbprofile.TableBase" is not valid as a type  [valid-type]
(igemsoftware2016)USTC-Software-2016/plugins/dbupload/dbprofile.py:104:14: error: Variable "plugins.dbupload.dbprofile.TableBase" is not valid as a type  [valid-type]
(wylee)runcommands/runcommands/completion/__init__.py:16:21: error: Invalid type comment or annotation  [valid-type]
(DLR-SC)prov2bigchaindb/prov2bigchaindb/core/clients.py:108:39: error: Invalid type comment or annotation  [valid-type]
(DLR-SC)prov2bigchaindb/prov2bigchaindb/core/clients.py:188:39: error: Invalid type comment or annotation  [valid-type]
(DLR-SC)prov2bigchaindb/prov2bigchaindb/core/clients.py:322:39: error: Invalid type comment or annotation  [valid-type]
(DLR-SC)prov2bigchaindb/prov2bigchaindb/core/utils.py:18:31: error: Invalid type comment or annotation  [valid-type]
(BookOwl)nustack/nustack/stdlib/Hash.py:8:24: error: Invalid type comment or annotation  [valid-type]
(BookOwl)nustack/nustack/stdlib/Hash.py:13:23: error: Invalid type comment or annotation  [valid-type]
(BookOwl)nustack/nustack/stdlib/Hash.py:19:17: error: Invalid type comment or annotation  [valid-type]
(BookOwl)nustack/nustack/stdlib/Hash.py:25:17: error: Invalid type comment or annotation  [valid-type]
(BookOwl)nustack/nustack/stdlib/Hash.py:32:20: error: Invalid type comment or annotation  [valid-type]
(BookOwl)nustack/nustack/stdlib/Hash.py:39:19: error: Invalid type comment or annotation  [valid-type]
(BookOwl)nustack/nustack/stdlib/IO.py:9:19: error: Invalid type comment or annotation  [valid-type]
(BookOwl)nustack/nustack/stdlib/IO.py:19:21: error: Invalid type comment or annotation  [valid-type]
(BookOwl)nustack/nustack/stdlib/IO.py:26:19: error: Invalid type comment or annotation  [valid-type]
(BookOwl)nustack/nustack/stdlib/IO.py:33:19: error: Invalid type comment or annotation  [valid-type]
(BookOwl)nustack/nustack/stdlib/IO.py:39:19: error: Invalid type comment or annotation  [valid-type]
(BookOwl)nustack/nustack/stdlib/Seq.py:8:17: error: Invalid type comment or annotation  [valid-type]
(BookOwl)nustack/nustack/stdlib/Seq.py:18:19: error: Invalid type comment or annotation  [valid-type]
(BookOwl)nustack/nustack/stdlib/Seq.py:27:19: error: Invalid type comment or annotation  [valid-type]
(BookOwl)nustack/nustack/stdlib/Seq.py:36:20: error: Invalid type comment or annotation  [valid-type]
(BookOwl)nustack/nustack/stdlib/Seq.py:43:21: error: Invalid type comment or annotation  [valid-type]
(BookOwl)nustack/nustack/stdlib/Seq.py:54:20: error: Invalid type comment or annotation  [valid-type]
(BookOwl)nustack/nustack/stdlib/Seq.py:61:17: error: Invalid type comment or annotation  [valid-type]
(BookOwl)nustack/nustack/stdlib/Seq.py:67:22: error: Invalid type comment or annotation  [valid-type]
(BookOwl)nustack/nustack/stdlib/Seq.py:74:20: error: Invalid type comment or annotation  [valid-type]
(BookOwl)nustack/nustack/stdlib/Seq.py:81:24: error: Invalid type comment or annotation  [valid-type]
(BookOwl)nustack/nustack/stdlib/Seq.py:87:20: error: Invalid type comment or annotation  [valid-type]
(BookOwl)nustack/nustack/stdlib/Seq.py:93:22: error: Invalid type comment or annotation  [valid-type]
(BookOwl)nustack/nustack/stdlib/Seq.py:100:20: error: Invalid type comment or annotation  [valid-type]
(BookOwl)nustack/nustack/stdlib/Seq.py:107:19: error: Invalid type comment or annotation  [valid-type]
(BookOwl)nustack/nustack/stdlib/Seq.py:112:19: error: Invalid type comment or annotation  [valid-type]
(BookOwl)nustack/nustack/stdlib/Seq.py:117:19: error: Invalid type comment or annotation  [valid-type]
(BookOwl)nustack/nustack/stdlib/Seq.py:123:20: error: Invalid type comment or annotation  [valid-type]
(BookOwl)nustack/nustack/stdlib/String.py:22:19: error: Invalid type comment or annotation  [valid-type]
(BookOwl)nustack/nustack/stdlib/String.py:29:18: error: Invalid type comment or annotation  [valid-type]
(BookOwl)nustack/nustack/stdlib/String.py:36:22: error: Invalid type comment or annotation  [valid-type]
(BookOwl)nustack/nustack/stdlib/String.py:43:21: error: Invalid type comment or annotation  [valid-type]
(BookOwl)nustack/nustack/stdlib/String.py:50:22: error: Invalid type comment or annotation  [valid-type]
(BookOwl)nustack/nustack/stdlib/String.py:56:22: error: Invalid type comment or annotation  [valid-type]
(BookOwl)nustack/nustack/stdlib/Path.py:13:24: error: Invalid type comment or annotation  [valid-type]
(BookOwl)nustack/nustack/stdlib/Path.py:18:21: error: Invalid type comment or annotation  [valid-type]
(BookOwl)nustack/nustack/stdlib/Path.py:23:22: error: Invalid type comment or annotation  [valid-type]
(BookOwl)nustack/nustack/stdlib/Path.py:30:22: error: Invalid type comment or annotation  [valid-type]
(BookOwl)nustack/nustack/stdlib/Path.py:35:23: error: Invalid type comment or annotation  [valid-type]
(BookOwl)nustack/nustack/stdlib/Path.py:40:24: error: Invalid type comment or annotation  [valid-type]
(BookOwl)nustack/nustack/stdlib/Path.py:45:20: error: Invalid type comment or annotation  [valid-type]
(BookOwl)nustack/nustack/stdlib/Path.py:50:18: error: Invalid type comment or annotation  [valid-type]
(BookOwl)nustack/nustack/stdlib/Path.py:56:21: error: Invalid type comment or annotation  [valid-type]
(BookOwl)nustack/nustack/stdlib/Path.py:61:22: error: Invalid type comment or annotation  [valid-type]
(BookOwl)nustack/nustack/stdlib/Path.py:66:21: error: Invalid type comment or annotation  [valid-type]
(BookOwl)nustack/nustack/stdlib/Path.py:71:20: error: Invalid type comment or annotation  [valid-type]
(BookOwl)nustack/nustack/stdlib/Path.py:76:18: error: Invalid type comment or annotation  [valid-type]
(BookOwl)nustack/nustack/stdlib/Path.py:81:20: error: Invalid type comment or annotation  [valid-type]
(BookOwl)nustack/nustack/stdlib/Path.py:86:21: error: Invalid type comment or annotation  [valid-type]
(BookOwl)nustack/nustack/stdlib/Path.py:91:21: error: Invalid type comment or annotation  [valid-type]
(BookOwl)nustack/nustack/stdlib/Path.py:96:19: error: Invalid type comment or annotation  [valid-type]
(BookOwl)nustack/nustack/stdlib/Shell.py:17:22: error: Invalid type comment or annotation  [valid-type]
(BookOwl)nustack/nustack/stdlib/Shell.py:22:17: error: Invalid type comment or annotation  [valid-type]
(BookOwl)nustack/nustack/stdlib/Shell.py:41:23: error: Invalid type comment or annotation  [valid-type]
(BookOwl)nustack/nustack/stdlib/Time.py:9:19: error: Invalid type comment or annotation  [valid-type]
(BookOwl)nustack/nustack/stdlib/Time.py:14:19: error: Invalid type comment or annotation  [valid-type]
(BookOwl)nustack/nustack/stdlib/Time.py:20:19: error: Invalid type comment or annotation  [valid-type]
(BookOwl)nustack/nustack/stdlib/Time.py:26:21: error: Invalid type comment or annotation  [valid-type]
(BookOwl)nustack/nustack/stdlib/Math.py:10:18: error: Invalid type comment or annotation  [valid-type]
(BookOwl)nustack/nustack/stdlib/Math.py:16:20: error: Invalid type comment or annotation  [valid-type]
(BookOwl)nustack/nustack/stdlib/Math.py:22:18: error: Invalid type comment or annotation  [valid-type]
(BookOwl)nustack/nustack/stdlib/Math.py:28:18: error: Invalid type comment or annotation  [valid-type]
(BookOwl)nustack/nustack/stdlib/Math.py:34:18: error: Invalid type comment or annotation  [valid-type]
(BookOwl)nustack/nustack/stdlib/Math.py:41:17: error: Invalid type comment or annotation  [valid-type]
(BookOwl)nustack/nustack/stdlib/Math.py:47:16: error: Invalid type comment or annotation  [valid-type]
(BookOwl)nustack/nustack/stdlib/Math.py:53:17: error: Invalid type comment or annotation  [valid-type]
(BookOwl)nustack/nustack/stdlib/Math.py:59:18: error: Invalid type comment or annotation  [valid-type]
(BookOwl)nustack/nustack/stdlib/Math.py:65:17: error: Invalid type comment or annotation  [valid-type]
(BookOwl)nustack/nustack/stdlib/Math.py:71:17: error: Invalid type comment or annotation  [valid-type]
(BookOwl)nustack/nustack/stdlib/Math.py:77:17: error: Invalid type comment or annotation  [valid-type]
(BookOwl)nustack/nustack/stdlib/Math.py:83:17: error: Invalid type comment or annotation  [valid-type]
(BookOwl)nustack/nustack/stdlib/Math.py:89:17: error: Invalid type comment or annotation  [valid-type]
(BookOwl)nustack/nustack/stdlib/Math.py:95:17: error: Invalid type comment or annotation  [valid-type]
(BookOwl)nustack/nustack/stdlib/Math.py:101:19: error: Invalid type comment or annotation  [valid-type]
(BookOwl)nustack/nustack/stdlib/Math.py:107:19: error: Invalid type comment or annotation  [valid-type]
(BookOwl)nustack/nustack/stdlib/Math.py:113:17: error: Invalid type comment or annotation  [valid-type]
(BookOwl)nustack/nustack/stdlib/Math.py:119:17: error: Invalid type comment or annotation  [valid-type]
(BookOwl)nustack/nustack/stdlib/Math.py:125:17: error: Invalid type comment or annotation  [valid-type]
(BookOwl)nustack/nustack/stdlib/Turtle.py:14:20: error: Invalid type comment or annotation  [valid-type]
(BookOwl)nustack/nustack/stdlib/Turtle.py:21:20: error: Invalid type comment or annotation  [valid-type]
(BookOwl)nustack/nustack/stdlib/Turtle.py:29:27: error: Invalid type comment or annotation  [valid-type]
(BookOwl)nustack/nustack/stdlib/Turtle.py:39:16: error: Invalid type comment or annotation  [valid-type]
(BookOwl)nustack/nustack/stdlib/Turtle.py:46:16: error: Invalid type comment or annotation  [valid-type]
(BookOwl)nustack/nustack/stdlib/Turtle.py:53:16: error: Invalid type comment or annotation  [valid-type]
(BookOwl)nustack/nustack/stdlib/Turtle.py:60:16: error: Invalid type comment or annotation  [valid-type]
(BookOwl)nustack/nustack/stdlib/Turtle.py:67:16: error: Invalid type comment or annotation  [valid-type]
(BookOwl)nustack/nustack/stdlib/Turtle.py:74:21: error: Invalid type comment or annotation  [valid-type]
(BookOwl)nustack/nustack/stdlib/Turtle.py:81:22: error: Invalid type comment or annotation  [valid-type]
(BookOwl)nustack/nustack/stdlib/Turtle.py:91:21: error: Invalid type comment or annotation  [valid-type]
(BookOwl)nustack/nustack/stdlib/Turtle.py:98:21: error: Invalid type comment or annotation  [valid-type]
(BookOwl)nustack/nustack/stdlib/Turtle.py:105:21: error: Invalid type comment or annotation  [valid-type]
(BookOwl)nustack/nustack/stdlib/Turtle.py:112:21: error: Invalid type comment or annotation  [valid-type]
(BookOwl)nustack/nustack/stdlib/Turtle.py:119:17: error: Invalid type comment or annotation  [valid-type]
(BookOwl)nustack/nustack/stdlib/Turtle.py:126:19: error: Invalid type comment or annotation  [valid-type]
(BookOwl)nustack/nustack/stdlib/Turtle.py:133:19: error: Invalid type comment or annotation  [valid-type]
(BookOwl)nustack/nustack/stdlib/Turtle.py:140:18: error: Invalid type comment or annotation  [valid-type]
(BookOwl)nustack/nustack/stdlib/Turtle.py:147:18: error: Invalid type comment or annotation  [valid-type]
(BookOwl)nustack/nustack/stdlib/Turtle.py:154:19: error: Invalid type comment or annotation  [valid-type]
(BookOwl)nustack/nustack/stdlib/Turtle.py:161:23: error: Invalid type comment or annotation  [valid-type]
(BookOwl)nustack/nustack/stdlib/Turtle.py:168:25: error: Invalid type comment or annotation  [valid-type]
(BookOwl)nustack/nustack/stdlib/Turtle.py:175:22: error: Invalid type comment or annotation  [valid-type]
(BookOwl)nustack/nustack/stdlib/Turtle.py:184:29: error: Invalid type comment or annotation  [valid-type]
(BookOwl)nustack/nustack/stdlib/Turtle.py:193:24: error: Invalid type comment or annotation  [valid-type]
(BookOwl)nustack/nustack/stdlib/Turtle.py:200:26: error: Invalid type comment or annotation  [valid-type]
(BookOwl)nustack/nustack/stdlib/Turtle.py:207:18: error: Invalid type comment or annotation  [valid-type]
(BookOwl)nustack/nustack/stdlib/Turtle.py:212:17: error: Invalid type comment or annotation  [valid-type]
(BookOwl)nustack/nustack/stdlib/Requests.py:25:17: error: Invalid type comment or annotation  [valid-type]
(BookOwl)nustack/nustack/stdlib/Requests.py:32:17: error: Invalid type comment or annotation  [valid-type]
(BookOwl)nustack/nustack/stdlib/Requests.py:39:17: error: Invalid type comment or annotation  [valid-type]
(BookOwl)nustack/nustack/stdlib/Requests.py:46:17: error: Invalid type comment or annotation  [valid-type]
(BookOwl)nustack/nustack/stdlib/Requests.py:53:17: error: Invalid type comment or annotation  [valid-type]
(BookOwl)nustack/nustack/stdlib/Requests.py:60:17: error: Invalid type comment or annotation  [valid-type]
(BookOwl)nustack/nustack/stdlib/Requests.py:69:17: error: Invalid type comment or annotation  [valid-type]
(BookOwl)nustack/nustack/stdlib/Requests.py:78:24: error: Invalid type comment or annotation  [valid-type]
(biosustain)venom/venom/rpc/resolver.py:9:18: error: Variable "rpc.resolver.T" is not valid as a type  [valid-type]
(biosustain)venom/venom/rpc/resolver.py:13:61: error: Variable "rpc.resolver.T" is not valid as a type  [valid-type]
(biosustain)venom/venom/rpc/resolver.py:19:60: error: Variable "rpc.resolver.T" is not valid as a type  [valid-type]
(biosustain)venom/venom/converter.py:14:16: error: Variable "converter.T" is not valid as a type  [valid-type]
(biosustain)venom/venom/converter.py:18:30: error: Variable "converter.T" is not valid as a type  [valid-type]
(biosustain)venom/venom/converter.py:22:35: error: Variable "converter.T" is not valid as a type  [valid-type]
(biosustain)venom/venom/converter.py:33:34: error: Variable "converter._M" is not valid as a type  [valid-type]
(biosustain)venom/venom/converter.py:33:38: error: Variable "converter._P" is not valid as a type  [valid-type]
(biosustain)venom/venom/converter.py:34:42: error: Variable "converter._M" is not valid as a type  [valid-type]
(biosustain)venom/venom/converter.py:34:72: error: Variable "converter._P" is not valid as a type  [valid-type]
(biosustain)venom/venom/converter.py:39:28: error: Variable "converter._M" is not valid as a type  [valid-type]
(biosustain)venom/venom/converter.py:39:37: error: Variable "converter._P" is not valid as a type  [valid-type]
(biosustain)venom/venom/converter.py:51:27: error: Variable "converter._P" is not valid as a type  [valid-type]
(biosustain)venom/venom/converter.py:51:34: error: Variable "converter._M" is not valid as a type  [valid-type]
(biosustain)venom/venom/message.py:138:25: error: Variable "message._M" is not valid as a type  [valid-type]
(biosustain)venom/venom/message.py:149:31: error: Variable "message._M" is not valid as a type  [valid-type]
(biosustain)venom/venom/message.py:192:91: error: Variable "message._M" is not valid as a type  [valid-type]
(biosustain)venom/venom/message.py:193:22: error: Variable "message._M" is not valid as a type  [valid-type]
(biosustain)venom/venom/fields.py:67:39: error: Function "fields.FieldDescriptor.type" is not valid as a type  [valid-type]
(biosustain)venom/venom/fields.py:162:57: error: Variable "fields._PT" is not valid as a type  [valid-type]
(biosustain)venom/venom/fields.py:166:49: error: Variable "fields._PT" is not valid as a type  [valid-type]
(biosustain)venom/venom/fields.py:170:60: error: Variable "fields._PT" is not valid as a type  [valid-type]
(biosustain)venom/venom/common/converters.py:15:38: error: Variable "converters.T" is not valid as a type  [valid-type]
(biosustain)venom/venom/common/converters.py:18:38: error: Variable "converters.T" is not valid as a type  [valid-type]
(jaantollander)CrowdDynamics/crowddynamics/core/steering/quickest_path.py:144:25: error: Variable "crowddynamics.core.steering.quickest_path.DistanceMap" is not valid as a type  [valid-type]
(corradio)electricitymap/parsers/lib/utils.py:4:46: error: Invalid type comment or annotation  [valid-type]
(5j9)yadkard/lib/commons.py:215:36: error: Invalid type comment or annotation  [valid-type]
(zsims)dic/samples/cherrypy-songs-tutorial/songs.py:18:38: error: Invalid type comment or annotation  [valid-type]
(zsims)dic/dic/test/test_rel.py:20:30: error: Invalid type comment or annotation  [valid-type]
(zsims)dic/dic/test/test_rel.py:28:38: error: Invalid type comment or annotation  [valid-type]
(zsims)dic/dic/test/test_rel.py:45:37: error: Invalid type comment or annotation  [valid-type]
(chengsoonong)acton/acton/proto/io.py:133:6: error: Invalid type comment or annotation  [valid-type]
(chengsoonong)acton/acton/proto/io.py:171:6: error: Invalid type comment or annotation  [valid-type]
(Aluriak)PowerGrASP/test/definitions.py:24:59: error: Function "builtins.callable" is not valid as a type  [valid-type]
(Aluriak)PowerGrASP/powergrasp/asp.py:13:67: error: Function "builtins.iter" is not valid as a type  [valid-type]
(Aluriak)PowerGrASP/powergrasp/asp.py:25:74: error: Function "builtins.iter" is not valid as a type  [valid-type]
(Aluriak)PowerGrASP/powergrasp/asp.py:35:76: error: Function "builtins.iter" is not valid as a type  [valid-type]
(Aluriak)PowerGrASP/powergrasp/motif.py:62:28: error: Function "builtins.iter" is not valid as a type  [valid-type]
(Aluriak)PowerGrASP/powergrasp/motif.py:66:33: error: Function "builtins.iter" is not valid as a type  [valid-type]
(Aluriak)PowerGrASP/powergrasp/motif.py:69:29: error: Function "builtins.iter" is not valid as a type  [valid-type]
(Aluriak)PowerGrASP/powergrasp/motif.py:75:24: error: Function "builtins.iter" is not valid as a type  [valid-type]
(Aluriak)PowerGrASP/powergrasp/motif.py:78:32: error: Function "builtins.iter" is not valid as a type  [valid-type]
(Aluriak)PowerGrASP/powergrasp/motif.py:88:33: error: Function "builtins.iter" is not valid as a type  [valid-type]
(Aluriak)PowerGrASP/powergrasp/motif.py:95:35: error: Function "builtins.iter" is not valid as a type  [valid-type]
(Aluriak)PowerGrASP/powergrasp/motif.py:103:55: error: Function "builtins.iter" is not valid as a type  [valid-type]
(Aluriak)PowerGrASP/powergrasp/recipe.py:17:30: error: Function "builtins.iter" is not valid as a type  [valid-type]
(Aluriak)PowerGrASP/powergrasp/recipe.py:60:42: error: Invalid type comment or annotation  [valid-type]
(Aluriak)PowerGrASP/powergrasp/recipe.py:108:32: error: Invalid type comment or annotation  [valid-type]
(Aluriak)PowerGrASP/powergrasp/cli.py:9:38: error: Function "builtins.iter" is not valid as a type  [valid-type]
(Aluriak)PowerGrASP/powergrasp/motif_batch.py:17:31: error: Function "builtins.iter" is not valid as a type  [valid-type]
(Aluriak)PowerGrASP/powergrasp/motif_batch.py:38:41: error: Function "builtins.iter" is not valid as a type  [valid-type]
