[RRepo](sics-sse)moped
(sics-sse)moped/server/misc/testmoped.py:13: error: Missing parentheses in call to 'print'. Did you mean print(t['installationState'])?  [syntax]
Found 1 error in 1 file (checked 17 source files)

[RRepo](JuliusKunze)thalnet
(JuliusKunze)thalnet/model.py:133: error: Unsupported operand types for + ("None" and "int")  [operator]
(JuliusKunze)thalnet/model.py:133: note: Left operand is of type "Optional[int]"
(JuliusKunze)thalnet/main.py:46: error: Cannot determine type of 'data'  [has-type]
(JuliusKunze)thalnet/main.py:46: error: Cannot determine type of 'target'  [has-type]
(JuliusKunze)thalnet/main.py:46: error: Cannot determine type of 'dropout'  [has-type]
(JuliusKunze)thalnet/main.py:47: error: Cannot determine type of 'data'  [has-type]
(JuliusKunze)thalnet/main.py:47: error: Cannot determine type of 'target'  [has-type]
(JuliusKunze)thalnet/main.py:47: error: Cannot determine type of 'dropout'  [has-type]
(JuliusKunze)thalnet/main.py:48: error: Cannot determine type of 'data'  [has-type]
(JuliusKunze)thalnet/main.py:48: error: Cannot determine type of 'target'  [has-type]
(JuliusKunze)thalnet/main.py:48: error: Cannot determine type of 'dropout'  [has-type]
(JuliusKunze)thalnet/main.py:59: error: Incompatible types in assignment (expression has type "Classifier", variable has type "Callable[[], Classifier]")  [assignment]
(JuliusKunze)thalnet/main.py:61: error: "Callable[[], Classifier]" has no attribute "num_parameters"  [attr-defined]
(JuliusKunze)thalnet/main.py:62: error: "Callable[[], Classifier]" has no attribute "num_parameters"  [attr-defined]
(JuliusKunze)thalnet/main.py:72: error: "Callable[[], Classifier]" has no attribute "optimize"  [attr-defined]
(JuliusKunze)thalnet/main.py:72: error: "Callable[[], Classifier]" has no attribute "cross_entropy"  [attr-defined]
(JuliusKunze)thalnet/main.py:72: error: "Callable[[], Classifier]" has no attribute "accuracy"  [attr-defined]
(JuliusKunze)thalnet/main.py:72: error: "Callable[[], Classifier]" has no attribute "train_summary"  [attr-defined]
(JuliusKunze)thalnet/main.py:79: error: "Callable[[], Classifier]" has no attribute "cross_entropy"  [attr-defined]
(JuliusKunze)thalnet/main.py:79: error: "Callable[[], Classifier]" has no attribute "accuracy"  [attr-defined]
(JuliusKunze)thalnet/main.py:79: error: "Callable[[], Classifier]" has no attribute "test_summary"  [attr-defined]
(JuliusKunze)thalnet/main.py:82: error: "Callable[[], Classifier]" has no attribute "weights_summary"  [attr-defined]
Found 21 errors in 2 files (checked 4 source files)

[RRepo](scipag)btle-sniffer
(scipag)btle-sniffer/src/btlesniffer/main.py:100: error: Incompatible types in assignment (expression has type "None", variable has type "Path")  [assignment]
(scipag)btle-sniffer/src/btlesniffer/device.py:114: error: Cannot determine type of 'uuids'  [has-type]
(scipag)btle-sniffer/src/btlesniffer/device.py:116: error: Cannot determine type of 'rssis'  [has-type]
(scipag)btle-sniffer/src/btlesniffer/device.py:121: error: Cannot determine type of 'manufacturer_data'  [has-type]
(scipag)btle-sniffer/src/btlesniffer/device.py:122: error: Cannot determine type of 'manufacturer_data'  [has-type]
(scipag)btle-sniffer/src/btlesniffer/device.py:124: error: Cannot determine type of 'manufacturer_data'  [has-type]
(scipag)btle-sniffer/src/btlesniffer/device.py:128: error: Cannot determine type of 'service_data'  [has-type]
(scipag)btle-sniffer/src/btlesniffer/device.py:129: error: Cannot determine type of 'service_data'  [has-type]
(scipag)btle-sniffer/src/btlesniffer/device.py:131: error: Cannot determine type of 'service_data'  [has-type]
(scipag)btle-sniffer/src/btlesniffer/device.py:147: error: Cannot determine type of 'service_data'  [has-type]
(scipag)btle-sniffer/src/btlesniffer/device.py:148: error: Cannot determine type of 'rssis'  [has-type]
(scipag)btle-sniffer/src/btlesniffer/device.py:152: error: Cannot determine type of 'manufacturer_data'  [has-type]
(scipag)btle-sniffer/src/btlesniffer/device.py:153: error: Cannot determine type of 'manufacturer_data'  [has-type]
(scipag)btle-sniffer/src/btlesniffer/device.py:154: error: Cannot determine type of 'manufacturer_data'  [has-type]
(scipag)btle-sniffer/src/btlesniffer/device.py:156: error: Cannot determine type of 'manufacturer_data'  [has-type]
(scipag)btle-sniffer/src/btlesniffer/device.py:158: error: Cannot determine type of 'service_data'  [has-type]
(scipag)btle-sniffer/src/btlesniffer/device.py:159: error: Cannot determine type of 'service_data'  [has-type]
(scipag)btle-sniffer/src/btlesniffer/device.py:160: error: Cannot determine type of 'service_data'  [has-type]
(scipag)btle-sniffer/src/btlesniffer/device.py:162: error: Cannot determine type of 'service_data'  [has-type]
(scipag)btle-sniffer/src/btlesniffer/device.py:196: error: Incompatible types in assignment (expression has type "str", variable has type "int")  [assignment]
Found 20 errors in 2 files (checked 4 source files)

[RRepo](SunDwarf)Kyoukai
(SunDwarf)Kyoukai/kyoukai/util.py:69: error: Argument "cls" to "dumps" has incompatible type "Optional[JSONEncoder]"; expected "Optional[Type[JSONEncoder]]"  [arg-type]
(SunDwarf)Kyoukai/kyoukai/util.py:74: error: Incompatible default for argument "response_class" (default has type "Type[Response]", argument has type "Response")  [assignment]
(SunDwarf)Kyoukai/kyoukai/util.py:84: error: Unexpected keyword argument "status" for "__call__"  [call-arg]
(SunDwarf)Kyoukai/kyoukai/util.py:90: error: Unexpected keyword argument "status" for "__call__"  [call-arg]
(SunDwarf)Kyoukai/kyoukai/util.py:94: error: Unexpected keyword argument "status" for "__call__"  [call-arg]
(SunDwarf)Kyoukai/kyoukai/util.py:98: error: Unexpected keyword argument "status" for "__call__"  [call-arg]
(SunDwarf)Kyoukai/kyoukai/util.py:98: error: Unexpected keyword argument "headers" for "__call__"  [call-arg]
(SunDwarf)Kyoukai/kyoukai/util.py:102: error: Argument 2 to "isinstance" has incompatible type "Response"; expected "Union[type, Tuple[Union[type, Tuple[Any, ...]], ...]]"  [arg-type]
(SunDwarf)Kyoukai/kyoukai/util.py:107: error: Too few arguments for "__call__"  [call-arg]
(SunDwarf)Kyoukai/kyoukai/wsgi.py:91: error: Need type annotation for 'environ'  [var-annotated]
(SunDwarf)Kyoukai/kyoukai/testing.py:117: error: Incompatible types in assignment (expression has type "BytesIO", variable has type "Optional[str]")  [assignment]
(SunDwarf)Kyoukai/kyoukai/testing.py:119: error: Argument 1 to "to_wsgi_environment" has incompatible type "Dict[Any, Any]"; expected "List[Any]"  [arg-type]
(SunDwarf)Kyoukai/kyoukai/testing.py:119: error: Argument "body" to "to_wsgi_environment" has incompatible type "Optional[str]"; expected "Optional[BytesIO]"  [arg-type]
(SunDwarf)Kyoukai/kyoukai/route.py:50: error: Name 'Blueprint' is not defined  [name-defined]
(SunDwarf)Kyoukai/kyoukai/route.py:53: error: Need type annotation for 'routes' (hint: "routes: List[<type>] = ...")  [var-annotated]
(SunDwarf)Kyoukai/kyoukai/route.py:63: error: Need type annotation for 'hooks' (hint: "hooks: Dict[<type>, <type>] = ...")  [var-annotated]
(SunDwarf)Kyoukai/kyoukai/route.py:184: error: Argument 1 to "len" has incompatible type "Optional[Dict[Any, Any]]"; expected "Sized"  [arg-type]
(SunDwarf)Kyoukai/kyoukai/route.py:186: error: Argument 1 to "len" has incompatible type "Optional[Dict[Any, Any]]"; expected "Sized"  [arg-type]
(SunDwarf)Kyoukai/kyoukai/route.py:201: error: Unsupported right operand type for in ("Optional[Dict[Any, Any]]")  [operator]
(SunDwarf)Kyoukai/kyoukai/route.py:206: error: Value of type "Optional[Dict[Any, Any]]" is not indexable  [index]
(SunDwarf)Kyoukai/kyoukai/route.py:273: error: Argument 1 to "check_route_args" of "Route" has incompatible type "Container[Any]"; expected "Optional[Dict[Any, Any]]"  [arg-type]
(SunDwarf)Kyoukai/kyoukai/route.py:275: error: "Container[Any]" has no attribute "values"  [attr-defined]
(SunDwarf)Kyoukai/kyoukai/asphalt.py:140: error: Module has no attribute "PROTOCOL_CLASS"  [attr-defined]
(SunDwarf)Kyoukai/kyoukai/asphalt.py:245: error: Incompatible types in assignment (expression has type "None", variable has type "Dict[Any, Any]")  [assignment]
(SunDwarf)Kyoukai/kyoukai/asphalt.py:248: error: Incompatible types in assignment (expression has type "None", variable has type "Route")  [assignment]
(SunDwarf)Kyoukai/kyoukai/asphalt.py:254: error: Incompatible types in assignment (expression has type "None", variable has type "Rule")  [assignment]
(SunDwarf)Kyoukai/kyoukai/asphalt.py:268: error: "None" has no attribute "url_for"  [attr-defined]
(SunDwarf)Kyoukai/kyoukai/backends/uwsgi.py:148: error: Function "builtins.callable" is not valid as a type  [valid-type]
(SunDwarf)Kyoukai/kyoukai/backends/uwsgi.py:148: note: Perhaps you need "Callable[...]" or a callback protocol?
(SunDwarf)Kyoukai/kyoukai/backends/uwsgi.py:158: error: Incompatible types in assignment (expression has type "AbstractEventLoop", variable has type "None")  [assignment]
(SunDwarf)Kyoukai/kyoukai/backends/uwsgi.py:165: error: Need type annotation for 'fut'  [var-annotated]
(SunDwarf)Kyoukai/kyoukai/backends/uwsgi.py:171: error: "None" has no attribute "create_task"  [attr-defined]
(SunDwarf)Kyoukai/kyoukai/__init__.py:36: error: Incompatible types in assignment (expression has type "Callable[[FormDataParser, Any, Any, Any, Any], Any]", target has type "Callable[[IO[bytes], str, Optional[int], Mapping[str, str]], Tuple[IO[bytes], Any, Any]]")  [assignment]
Found 32 errors in 7 files (checked 11 source files)

[RRepo](gokudomatic)cobiv
(gokudomatic)cobiv/cobiv/modules/core/gestures/gesture_manager.py:7: error: Need type annotation for '__touches' (hint: "__touches: List[<type>] = ...")  [var-annotated]
(gokudomatic)cobiv/cobiv/modules/core/gestures/gesture_manager.py:9: error: Need type annotation for 'strategies' (hint: "strategies: Dict[<type>, <type>] = ...")  [var-annotated]
(gokudomatic)cobiv/cobiv/modules/core/gestures/gesture_manager.py:11: error: Need type annotation for 'strategy_candidates' (hint: "strategy_candidates: List[<type>] = ...")  [var-annotated]
(gokudomatic)cobiv/cobiv/modules/core/gestures/gesture_manager.py:12: error: Need type annotation for 'stroke_list' (hint: "stroke_list: Dict[<type>, <type>] = ...")  [var-annotated]
(gokudomatic)cobiv/cobiv/modules/core/gestures/gesture_manager.py:20: error: Need type annotation for 'last_touches' (hint: "last_touches: Dict[<type>, <type>] = ...")  [var-annotated]
(gokudomatic)cobiv/cobiv/modules/core/view.py:5: error: Need type annotation for 'hud_available_profiles' (hint: "hud_available_profiles: List[<type>] = ...")  [var-annotated]
(gokudomatic)cobiv/cobiv/modules/core/view.py:6: error: Need type annotation for 'hud_active_profiles' (hint: "hud_active_profiles: List[<type>] = ...")  [var-annotated]
(gokudomatic)cobiv/cobiv/modules/views/help/helpview.py:11: error: Name 'View' is not defined  [name-defined]
(gokudomatic)cobiv/cobiv/modules/core/session/session.py:89: error: Need type annotation for 'fields' (hint: "fields: Dict[<type>, <type>] = ...")  [var-annotated]
(gokudomatic)cobiv/cobiv/modules/core/session/session.py:90: error: Need type annotation for 'active_fs' (hint: "active_fs: Dict[<type>, <type>] = ...")  [var-annotated]
(gokudomatic)cobiv/cobiv/modules/core/session/session.py:91: error: Need type annotation for 'cmd_actions' (hint: "cmd_actions: Dict[<type>, <type>] = ...")  [var-annotated]
(gokudomatic)cobiv/cobiv/modules/core/session/session.py:92: error: Need type annotation for 'cmd_hotkeys' (hint: "cmd_hotkeys: Dict[<type>, <type>] = ...")  [var-annotated]
(gokudomatic)cobiv/cobiv/modules/core/session/session.py:93: error: Need type annotation for 'mimetype_actions' (hint: "mimetype_actions: Dict[<type>, <type>] = ...")  [var-annotated]
(gokudomatic)cobiv/cobiv/modules/core/session/session.py:95: error: Need type annotation for 'view_context' (hint: "view_context: Dict[<type>, <type>] = ...")  [var-annotated]
(gokudomatic)cobiv/cobiv/modules/core/session/session.py:97: error: Need type annotation for 'view_category_history'  [var-annotated]
(gokudomatic)cobiv/cobiv/modules/core/session/session.py:98: error: Need type annotation for 'view_history'  [var-annotated]
(gokudomatic)cobiv/cobiv/MainContainer.py:23: error: Need type annotation for 'aliases' (hint: "aliases: Dict[<type>, <type>] = ...")  [var-annotated]
(gokudomatic)cobiv/cobiv/MainContainer.py:29: error: Need type annotation for 'available_views' (hint: "available_views: Dict[<type>, <type>] = ...")  [var-annotated]
(gokudomatic)cobiv/cobiv/modules/database/sqlitedb/search/sqlitefunctions.py:6: error: Need type annotation for 'fields' (hint: "fields: Dict[<type>, <type>] = ...")  [var-annotated]
(gokudomatic)cobiv/cobiv/MainApp.py:32: error: Need type annotation for 'observers' (hint: "observers: Dict[<type>, <type>] = ...")  [var-annotated]
Found 20 errors in 7 files (checked 54 source files)

[RRepo](OParl)validator
(OParl)validator/oparl_validator/core/check.py:33: error: Name 'context' is not defined  [name-defined]
(OParl)validator/oparl_validator/core/check.py:56: error: Bracketed expression "[...]" is not valid as a type  [misc]
(OParl)validator/oparl_validator/core/check.py:56: note: Did you mean "List[...]"?
(OParl)validator/oparl_validator/core/check.py:66: error: Bracketed expression "[...]" is not valid as a type  [misc]
(OParl)validator/oparl_validator/core/check.py:66: note: Did you mean "List[...]"?
(OParl)validator/oparl_validator/core/output.py:35: error: Need type annotation for 'progress_bars' (hint: "progress_bars: Dict[<type>, <type>] = ...")  [var-annotated]
Found 4 errors in 2 files (checked 13 source files)

[RRepo](aaronst)macholibre
Success: no issues found in 1 source file

[RRepo](google)tink
(google)tink/examples/file_mac/python/file_mac_cleartext.py:29: error: Module '__future__' has no attribute 'google_type_annotations'  [attr-defined]
(google)tink/tools/testing/python/aead_cli.py:28: error: Module '__future__' has no attribute 'google_type_annotations'  [attr-defined]
(google)tink/python/core/keyset_handle_test.py:19: error: Module '__future__' has no attribute 'google_type_annotations'  [attr-defined]
(google)tink/python/core/key_manager.py:18: error: Module '__future__' has no attribute 'google_type_annotations'  [attr-defined]
(google)tink/python/core/key_manager.py:121: error: Too many arguments for "object"  [call-arg]
(google)tink/python/core/key_manager.py:148: error: Too many arguments for "object"  [call-arg]
(google)tink/python/core/primitive_wrapper.py:19: error: Module '__future__' has no attribute 'google_type_annotations'  [attr-defined]
(google)tink/python/core/primitive_set.py:19: error: Module '__future__' has no attribute 'google_type_annotations'  [attr-defined]
(google)tink/python/core/primitive_set.py:53: error: Need type annotation for '_primitives' (hint: "_primitives: Dict[<type>, <type>] = ...")  [var-annotated]
(google)tink/python/core/primitive_set.py:89: error: Incompatible types in assignment (expression has type "Entry", variable has type "None")  [assignment]
(google)tink/python/core/primitive_set.py:92: error: Incompatible return value type (got "None", expected "Entry")  [return-value]
(google)tink/python/core/keyset_writer_test.py:19: error: Module '__future__' has no attribute 'google_type_annotations'  [attr-defined]
(google)tink/python/core/registry.py:19: error: Module '__future__' has no attribute 'google_type_annotations'  [attr-defined]
(google)tink/python/core/registry.py:48: error: "dict" is not subscriptable, use "typing.Dict" instead  [misc]
(google)tink/python/core/registry.py:49: error: "dict" is not subscriptable, use "typing.Dict" instead  [misc]
(google)tink/python/daead/deterministic_aead_key_templates.py:25: error: Module '__future__' has no attribute 'google_type_annotations'  [attr-defined]
(google)tink/python/daead/deterministic_aead_wrapper.py:19: error: Module '__future__' has no attribute 'google_type_annotations'  [attr-defined]
(google)tink/python/daead/deterministic_aead.py:19: error: Module '__future__' has no attribute 'google_type_annotations'  [attr-defined]
(google)tink/python/daead/deterministic_aead_key_manager.py:19: error: Module '__future__' has no attribute 'google_type_annotations'  [attr-defined]
(google)tink/python/signature/public_key_verify_key_manager.py:19: error: Module '__future__' has no attribute 'google_type_annotations'  [attr-defined]
(google)tink/python/signature/public_key_sign_wrapper.py:19: error: Module '__future__' has no attribute 'google_type_annotations'  [attr-defined]
(google)tink/python/signature/public_key_sign_key_manager.py:19: error: Module '__future__' has no attribute 'google_type_annotations'  [attr-defined]
(google)tink/python/signature/public_key_sign.py:19: error: Module '__future__' has no attribute 'google_type_annotations'  [attr-defined]
(google)tink/python/signature/signature_key_templates.py:26: error: Module '__future__' has no attribute 'google_type_annotations'  [attr-defined]
(google)tink/python/signature/public_key_verify.py:19: error: Module '__future__' has no attribute 'google_type_annotations'  [attr-defined]
(google)tink/python/testing/helper.py:19: error: Module '__future__' has no attribute 'google_type_annotations'  [attr-defined]
(google)tink/python/aead/aead_key_templates.py:25: error: Module '__future__' has no attribute 'google_type_annotations'  [attr-defined]
(google)tink/python/aead/aead.py:19: error: Module '__future__' has no attribute 'google_type_annotations'  [attr-defined]
(google)tink/python/aead/aead_wrapper.py:19: error: Module '__future__' has no attribute 'google_type_annotations'  [attr-defined]
(google)tink/python/aead/aead_key_manager.py:19: error: Module '__future__' has no attribute 'google_type_annotations'  [attr-defined]
(google)tink/python/hybrid/hybrid_decrypt.py:19: error: Module '__future__' has no attribute 'google_type_annotations'  [attr-defined]
(google)tink/python/hybrid/hybrid_decrypt_wrapper.py:19: error: Module '__future__' has no attribute 'google_type_annotations'  [attr-defined]
(google)tink/python/hybrid/hybrid_decrypt_key_manager.py:19: error: Module '__future__' has no attribute 'google_type_annotations'  [attr-defined]
(google)tink/python/hybrid/hybrid_key_templates.py:25: error: Module '__future__' has no attribute 'google_type_annotations'  [attr-defined]
(google)tink/python/hybrid/hybrid_encrypt_key_manager.py:19: error: Module '__future__' has no attribute 'google_type_annotations'  [attr-defined]
(google)tink/python/hybrid/hybrid_encrypt.py:19: error: Module '__future__' has no attribute 'google_type_annotations'  [attr-defined]
(google)tink/python/hybrid/hybrid_encrypt_wrapper.py:19: error: Module '__future__' has no attribute 'google_type_annotations'  [attr-defined]
(google)tink/python/core/crypto_format.py:19: error: Module '__future__' has no attribute 'google_type_annotations'  [attr-defined]
(google)tink/python/core/keyset_handle.py:19: error: Module '__future__' has no attribute 'google_type_annotations'  [attr-defined]
(google)tink/python/signature/public_key_verify_wrapper.py:19: error: Module '__future__' has no attribute 'google_type_annotations'  [attr-defined]
(google)tink/python/core/keyset_writer.py:19: error: Module '__future__' has no attribute 'google_type_annotations'  [attr-defined]
(google)tink/python/core/keyset_reader.py:19: error: Module '__future__' has no attribute 'google_type_annotations'  [attr-defined]
Found 42 errors in 35 files (checked 57 source files)

[RRepo](claws)dump1090-exporter
Success: no issues found in 3 source files

[RRepo](nint8835)SchoolTracker
(nint8835)SchoolTracker/SchoolTracker/Dispatcher/NotificationDispatcher.py:1: error: Relative import climbs too many namespaces  [misc]

[RRepo](alecthomas)flask_injector

[RRepo](nmdp-bioinformatics)service-act
(nmdp-bioinformatics)service-act/swagger_server/models/typing.py:6: error: Module 'typing' has no attribute 'List'  [attr-defined]
(nmdp-bioinformatics)service-act/swagger_server/models/typing.py:6: error: Module 'typing' has no attribute 'Dict'  [attr-defined]

[RRepo](bukson)steampy
(bukson)steampy/examples/storehouse.py:39: error: Incompatible return value type (got "Union[Any, None, bool]", expected "bool")  [return-value]
(bukson)steampy/steampy/chat.py:79: error: Need type annotation for 'message_list'  [var-annotated]
(bukson)steampy/steampy/utils.py:18: error: Incompatible types in assignment (expression has type "int", variable has type "str")  [assignment]
(bukson)steampy/steampy/utils.py:19: error: Slice index must be an integer or None  [misc]
(bukson)steampy/steampy/utils.py:46: error: Item "None" of "Optional[Match[str]]" has no attribute "group"  [union-attr]
(bukson)steampy/steampy/utils.py:79: error: Item "None" of "Optional[Any]" has no attribute "items"  [union-attr]
(bukson)steampy/steampy/market.py:30: error: Incompatible types in assignment (expression has type "Dict[Any, Any]", variable has type "None")  [assignment]
(bukson)steampy/steampy/market.py:31: error: Incompatible types in assignment (expression has type "str", variable has type "None")  [assignment]
(bukson)steampy/steampy/market.py:105: error: Value of type "None" is not indexable  [index]
(bukson)steampy/steampy/market.py:152: error: Value of type "None" is not indexable  [index]
(bukson)steampy/steampy/login.py:67: error: Incompatible return value type (got "bytes", expected "str")  [return-value]
(bukson)steampy/steampy/confirmation.py:56: error: Need type annotation for 'confirmations' (hint: "confirmations: List[<type>] = ...")  [var-annotated]
Found 12 errors in 6 files (checked 13 source files)

[RRepo](alephobjects)Cura2

[RRepo](Cmoen11)BuffBot
(Cmoen11)BuffBot/BuffBot/playlist.py:19: error: Missing return statement  [return]
(Cmoen11)BuffBot/BuffBot/playlist.py:20: error: "object" has no attribute "next"  [attr-defined]
(Cmoen11)BuffBot/BuffBot/playlist.py:21: error: "object" has no attribute "get_next"  [attr-defined]
(Cmoen11)BuffBot/BuffBot/playlist.py:22: error: "object" has no attribute "queue_next"  [attr-defined]
(Cmoen11)BuffBot/BuffBot/playlist.py:23: error: "object" has no attribute "next"  [attr-defined]
(Cmoen11)BuffBot/BuffBot/playlist.py:24: error: "object" has no attribute "next"  [attr-defined]
(Cmoen11)BuffBot/BuffBot/playlist.py:28: error: Missing return statement  [return]
(Cmoen11)BuffBot/BuffBot/playlist.py:70: error: Argument 1 to "make_playlist" of "Queue" has incompatible type "object"; expected "Node"  [arg-type]
Found 8 errors in 1 file (checked 15 source files)

[RRepo](nohupped)ADtoLDAP
Success: no issues found in 1 source file

[RRepo](Solcast)howto-pandas
(Solcast)howto-pandas/tests/test_howto.py:5: error: Name 'datetime' already defined (by an import)  [no-redef]
Found 1 error in 1 file (checked 4 source files)

[RRepo](marekjm)issue
(marekjm)issue/issue/objects/tags.py:69: error: Name 'timestamp' is not defined  [name-defined]
(marekjm)issue/issue/util/paths.py:30: error: Incompatible return value type (got "Optional[str]", expected "str")  [return-value]
(marekjm)issue/issue/shortlog.py:39: error: Name 'colorise' is not defined  [name-defined]
(marekjm)issue/issue/shortlog.py:39: error: Name 'COLOR_ERROR' is not defined  [name-defined]
Found 4 errors in 3 files (checked 7 source files)

[RRepo](GoVanguard)check-user-pwned-dradis
(GoVanguard)check-user-pwned-dradis/haveIBeenPwndDradis.py:61: error: Argument 2 to "createNode" of "HaveIBeenPwndDradis" has incompatible type "str"; expected "int"  [arg-type]
Found 1 error in 1 file (checked 1 source file)

[RRepo](gabll)some-like-it-hoax
(gabll)some-like-it-hoax/dataset/post_getter.py:26: error: The return type of a generator function should be "Generator" or one of its supertypes  [misc]
(gabll)some-like-it-hoax/dataset/post_getter.py:42: error: Item "None" of "Optional[Any]" has no attribute "get_object"  [union-attr]
(gabll)some-like-it-hoax/dataset/post_getter.py:51: error: "object" not callable  [operator]
Found 3 errors in 1 file (checked 5 source files)

[RRepo](will7200)Yugioh-bot
(will7200)Yugioh-bot/bot/utils/common.py:13: error: Incompatible types in assignment (expression has type "Callable[[Dict[_KT, _VT], _KT, _VT], None]", base class "object" defined the type as "Callable[[object, str, Any], None]")  [assignment]
(will7200)Yugioh-bot/bot/utils/common.py:14: error: Incompatible types in assignment (expression has type "Callable[[Dict[_KT, _VT], _KT], None]", base class "object" defined the type as "Callable[[object, str], None]")  [assignment]
(will7200)Yugioh-bot/bot/modes/Battle.py:127: error: Cannot instantiate abstract class 'AbstractBattle' with abstract attributes 'battle' and 'check_battle'  [abstract]
(will7200)Yugioh-bot/bot/modes/Battle.py:127: error: Too few arguments for "AbstractBattle"  [call-arg]
(will7200)Yugioh-bot/tests/debug_helpers/test_helpers.py:3: error: Module 'bot.debug_helpers' has no attribute 'calling_function'  [attr-defined]
(will7200)Yugioh-bot/tests/debug_helpers/test_helpers.py:3: error: Module 'bot.debug_helpers' has no attribute 'last_record'  [attr-defined]

[RRepo](SunDwarf)ConfigMaster
(SunDwarf)ConfigMaster/configmaster/ConfigKey.py:3: error: Module 'configmaster' has no attribute 'exc'  [attr-defined]

[RRepo](BlendingJake)JARCH-Vis

[RRepo](adamtheturtle)vws-python
Success: no issues found in 10 source files

[RRepo](OpenDataScienceLab)skdata
(OpenDataScienceLab)skdata/skdata/cleaning.py:81: error: Incompatible default for argument "max_na_values" (default has type "float", argument has type "int")  [assignment]
(OpenDataScienceLab)skdata/skdata/cleaning.py:111: error: Incompatible default for argument "max_unique_values" (default has type "float", argument has type "int")  [assignment]

[RRepo](CZ-NIC)knot-resolver
(CZ-NIC)knot-resolver/tests/pytests/proxy.py:99: error: Incompatible types in assignment (expression has type "None", variable has type "str")  [assignment]
(CZ-NIC)knot-resolver/tests/pytests/proxy.py:100: error: Incompatible types in assignment (expression has type "None", variable has type "str")  [assignment]
(CZ-NIC)knot-resolver/tests/pytests/proxy.py:123: error: The return type of a generator function should be "Generator" or one of its supertypes  [misc]
(CZ-NIC)knot-resolver/tests/pytests/proxy.py:123: error: Argument 1 to "contextmanager" has incompatible type "Callable[[str, TLSProxy, Optional[Dict[Any, Any]], Optional[Dict[Any, Any]]], Kresd]"; expected "Callable[..., Iterator[<nothing>]]"  [arg-type]
(CZ-NIC)knot-resolver/ci/travis.py:46: error: Cannot find replacement for named format specifier "code"  [str-format]
(CZ-NIC)knot-resolver/ci/travis.py:46: error: Not all arguments converted during string formatting  [str-format]
Found 6 errors in 2 files (checked 12 source files)

[RRepo](squeaky-pl)japronto
(squeaky-pl)japronto/integration_tests/generators.py:1: error: Module 'integration_tests' has no attribute 'strategies'  [attr-defined]

[RRepo](arienchen)pytibrv
(arienchen)pytibrv/examples/python/timer.py:12: error: Name 'TibrvTimerCallback' is not defined  [name-defined]
(arienchen)pytibrv/examples/python/timer.py:14: error: Name 'TibrvQueue' is not defined  [name-defined]
(arienchen)pytibrv/examples/python/timer.py:15: error: Name 'TibrvTimer' is not defined  [name-defined]
(arienchen)pytibrv/examples/python/timer.py:19: error: Name 'TIBRV_OK' is not defined  [name-defined]
(arienchen)pytibrv/examples/python/timer.py:19: error: Name 'TibrvStatus' is not defined  [name-defined]
(arienchen)pytibrv/examples/python/tibrvcmsend.py:92: error: Name 'TibrvTimer' is not defined  [name-defined]
(arienchen)pytibrv/examples/python/tibrvcmsend.py:92: error: Name 'TibrvMsg' is not defined  [name-defined]
(arienchen)pytibrv/examples/python/tibrvcmsend.py:100: error: Name 'TIBRV_OK' is not defined  [name-defined]
(arienchen)pytibrv/examples/python/tibrvcmsend.py:102: error: Name 'TibrvStatus' is not defined  [name-defined]
(arienchen)pytibrv/examples/python/tibrvcmsend.py:104: error: Name 'TibrvStatus' is not defined  [name-defined]
(arienchen)pytibrv/examples/python/tibrvcmsend.py:115: error: Name 'TibrvListener' is not defined  [name-defined]
(arienchen)pytibrv/examples/python/tibrvcmsend.py:115: error: Name 'TibrvMsg' is not defined  [name-defined]
(arienchen)pytibrv/examples/python/tibrvcmsend.py:162: error: Not all arguments converted during string formatting  [str-format]
(arienchen)pytibrv/examples/python/tibrvcmlisten.py:82: error: Name 'TibrvCmListener' is not defined  [name-defined]
(arienchen)pytibrv/examples/python/tibrvcmlisten.py:82: error: Name 'TibrvCmMsg' is not defined  [name-defined]
(arienchen)pytibrv/examples/python/tibrvcmlisten.py:108: error: Not all arguments converted during string formatting  [str-format]
(arienchen)pytibrv/pytibrv/types.py:206: error: Incompatible return value type (got "Optional[str]", expected "str")  [return-value]
(arienchen)pytibrv/pytibrv/types.py:247: error: Incompatible types in assignment (expression has type "int", variable has type "None")  [assignment]
(arienchen)pytibrv/pytibrv/types.py:250: error: Incompatible types in assignment (expression has type "c_int8", variable has type "int")  [assignment]
(arienchen)pytibrv/pytibrv/types.py:251: error: "int" has no attribute "value"  [attr-defined]
(arienchen)pytibrv/pytibrv/types.py:270: error: Incompatible types in assignment (expression has type "int", variable has type "None")  [assignment]
(arienchen)pytibrv/pytibrv/types.py:273: error: Incompatible types in assignment (expression has type "c_uint8", variable has type "int")  [assignment]
(arienchen)pytibrv/pytibrv/types.py:274: error: "int" has no attribute "value"  [attr-defined]
(arienchen)pytibrv/pytibrv/types.py:293: error: Incompatible types in assignment (expression has type "int", variable has type "None")  [assignment]
(arienchen)pytibrv/pytibrv/types.py:296: error: Incompatible types in assignment (expression has type "c_int16", variable has type "int")  [assignment]
(arienchen)pytibrv/pytibrv/types.py:297: error: "int" has no attribute "value"  [attr-defined]
(arienchen)pytibrv/pytibrv/types.py:317: error: Incompatible types in assignment (expression has type "int", variable has type "None")  [assignment]
(arienchen)pytibrv/pytibrv/types.py:320: error: Incompatible types in assignment (expression has type "c_uint16", variable has type "int")  [assignment]
(arienchen)pytibrv/pytibrv/types.py:321: error: "int" has no attribute "value"  [attr-defined]
(arienchen)pytibrv/pytibrv/types.py:340: error: Incompatible types in assignment (expression has type "int", variable has type "None")  [assignment]
(arienchen)pytibrv/pytibrv/types.py:343: error: Incompatible types in assignment (expression has type "c_int32", variable has type "int")  [assignment]
(arienchen)pytibrv/pytibrv/types.py:344: error: "int" has no attribute "value"  [attr-defined]
(arienchen)pytibrv/pytibrv/types.py:363: error: Incompatible types in assignment (expression has type "int", variable has type "None")  [assignment]
(arienchen)pytibrv/pytibrv/types.py:366: error: Incompatible types in assignment (expression has type "c_uint32", variable has type "int")  [assignment]
(arienchen)pytibrv/pytibrv/types.py:367: error: "int" has no attribute "value"  [attr-defined]
(arienchen)pytibrv/pytibrv/types.py:386: error: Incompatible types in assignment (expression has type "int", variable has type "None")  [assignment]
(arienchen)pytibrv/pytibrv/types.py:389: error: Incompatible types in assignment (expression has type "c_int64", variable has type "int")  [assignment]
(arienchen)pytibrv/pytibrv/types.py:390: error: "int" has no attribute "value"  [attr-defined]
(arienchen)pytibrv/pytibrv/types.py:409: error: Incompatible types in assignment (expression has type "int", variable has type "None")  [assignment]
(arienchen)pytibrv/pytibrv/types.py:412: error: Incompatible types in assignment (expression has type "c_uint64", variable has type "int")  [assignment]
(arienchen)pytibrv/pytibrv/types.py:413: error: "int" has no attribute "value"  [attr-defined]
(arienchen)pytibrv/pytibrv/types.py:435: error: Incompatible types in assignment (expression has type "int", variable has type "None")  [assignment]
(arienchen)pytibrv/pytibrv/types.py:438: error: Module has no attribute "c_f32"  [attr-defined]
(arienchen)pytibrv/pytibrv/types.py:439: error: "float" has no attribute "value"  [attr-defined]
(arienchen)pytibrv/pytibrv/types.py:462: error: Incompatible types in assignment (expression has type "int", variable has type "None")  [assignment]
(arienchen)pytibrv/pytibrv/types.py:465: error: Module has no attribute "c_f64"  [attr-defined]
(arienchen)pytibrv/pytibrv/types.py:466: error: "float" has no attribute "value"  [attr-defined]
(arienchen)pytibrv/pytibrv/types.py:478: error: Function "pytibrv.types.tibrvMsgField.str" is not valid as a type  [valid-type]
(arienchen)pytibrv/pytibrv/types.py:478: note: Perhaps you need "Callable[...]" or a callback protocol?
(arienchen)pytibrv/pytibrv/types.py:482: error: Incompatible types in assignment (expression has type "str", variable has type "None")  [assignment]
(arienchen)pytibrv/pytibrv/types.py:499: error: Incompatible types in assignment (expression has type "Optional[int]", variable has type "None")  [assignment]
(arienchen)pytibrv/pytibrv/__init__.py:86: error: Module has no attribute "WINFUNCTYPE"; maybe "CFUNCTYPE" or "PYFUNCTYPE"?  [attr-defined]
(arienchen)pytibrv/pytibrv/__init__.py:102: error: Argument 1 to "LoadLibrary" of "LibraryLoader" has incompatible type "Optional[str]"; expected "str"  [arg-type]
(arienchen)pytibrv/pytibrv/__init__.py:106: error: Module has no attribute "windll"  [attr-defined]
(arienchen)pytibrv/pytibrv/api.py:182: error: "None" not callable  [misc]
(arienchen)pytibrv/pytibrv/api.py:184: error: "None" not callable  [misc]
(arienchen)pytibrv/pytibrv/api.py:186: error: "None" not callable  [misc]
(arienchen)pytibrv/pytibrv/api.py:188: error: "None" not callable  [misc]
(arienchen)pytibrv/pytibrv/api.py:190: error: "None" not callable  [misc]
(arienchen)pytibrv/pytibrv/api.py:204: error: Incompatible return value type (got "c_char_p", expected "str")  [return-value]
(arienchen)pytibrv/pytibrv/api.py:206: error: Incompatible return value type (got "c_char_p", expected "str")  [return-value]
(arienchen)pytibrv/pytibrv/api.py:223: error: Argument 1 to "len" has incompatible type "object"; expected "Sized"  [arg-type]
(arienchen)pytibrv/pytibrv/api.py:224: error: Value of type "object" is not indexable  [index]
(arienchen)pytibrv/pytibrv/api.py:238: error: Incompatible return value type (got "None", expected "str")  [return-value]
(arienchen)pytibrv/pytibrv/api.py:240: error: Incompatible types in assignment (expression has type "bytes", variable has type "c_char_p")  [assignment]
(arienchen)pytibrv/pytibrv/api.py:243: error: "c_char_p" has no attribute "decode"  [attr-defined]
(arienchen)pytibrv/pytibrv/api.py:245: error: "c_char_p" has no attribute "decode"  [attr-defined]
(arienchen)pytibrv/tests/python/test-events.py:6: error: Name 'TibrvMsgCallback' is not defined  [name-defined]
(arienchen)pytibrv/tests/python/test-events.py:18: error: Name 'TibrvEvent' is not defined  [name-defined]
(arienchen)pytibrv/tests/python/test-events.py:18: error: Name 'TibrvMsg' is not defined  [name-defined]
(arienchen)pytibrv/tests/python/test-events.py:24: error: Name 'TIBRV_OK' is not defined  [name-defined]
(arienchen)pytibrv/tests/python/test-events.py:24: error: Name 'TibrvStatus' is not defined  [name-defined]
(arienchen)pytibrv/tests/python/test-timer.py:6: error: Name 'TibrvTimerCallback' is not defined  [name-defined]
(arienchen)pytibrv/tests/python/test-timer.py:18: error: Name 'TibrvTimer' is not defined  [name-defined]
(arienchen)pytibrv/pytibrv/ft.py:108: error: "None" not callable  [misc]
(arienchen)pytibrv/pytibrv/ft.py:111: error: "None" not callable  [misc]
(arienchen)pytibrv/pytibrv/ft.py:113: error: "None" not callable  [misc]
(arienchen)pytibrv/pytibrv/ft.py:116: error: "None" not callable  [misc]
(arienchen)pytibrv/pytibrv/ft.py:150: error: Syntax error in type annotation  [syntax]
(arienchen)pytibrv/pytibrv/ft.py:150: note: Suggestion: Use Tuple[T1, ..., Tn] instead of (T1, ..., Tn)
(arienchen)pytibrv/pytibrv/ft.py:212: error: Incompatible return value type (got "int", expected "tibrv_status")  [return-value]
(arienchen)pytibrv/pytibrv/ft.py:216: error: Incompatible return value type (got "int", expected "tibrv_status")  [return-value]
(arienchen)pytibrv/pytibrv/ft.py:224: error: Incompatible return value type (got "int", expected "tibrv_status")  [return-value]
(arienchen)pytibrv/pytibrv/ft.py:233: error: Too few arguments for "__reg"  [call-arg]
(arienchen)pytibrv/pytibrv/ft.py:242: error: Syntax error in type annotation  [syntax]
(arienchen)pytibrv/pytibrv/ft.py:242: note: Suggestion: Use Tuple[T1, ..., Tn] instead of (T1, ..., Tn)
(arienchen)pytibrv/pytibrv/ft.py:262: error: Syntax error in type annotation  [syntax]
(arienchen)pytibrv/pytibrv/ft.py:262: note: Suggestion: Use Tuple[T1, ..., Tn] instead of (T1, ..., Tn)
(arienchen)pytibrv/pytibrv/ft.py:281: error: Syntax error in type annotation  [syntax]
(arienchen)pytibrv/pytibrv/ft.py:281: note: Suggestion: Use Tuple[T1, ..., Tn] instead of (T1, ..., Tn)
(arienchen)pytibrv/pytibrv/ft.py:301: error: Syntax error in type annotation  [syntax]
(arienchen)pytibrv/pytibrv/ft.py:301: note: Suggestion: Use Tuple[T1, ..., Tn] instead of (T1, ..., Tn)
(arienchen)pytibrv/pytibrv/ft.py:324: error: Incompatible return value type (got "int", expected "tibrv_status")  [return-value]
(arienchen)pytibrv/pytibrv/ft.py:333: error: Incompatible return value type (got "int", expected "tibrv_status")  [return-value]
(arienchen)pytibrv/pytibrv/ft.py:352: error: Syntax error in type annotation  [syntax]
(arienchen)pytibrv/pytibrv/ft.py:352: note: Suggestion: Use Tuple[T1, ..., Tn] instead of (T1, ..., Tn)
(arienchen)pytibrv/pytibrv/ft.py:411: error: Incompatible return value type (got "int", expected "tibrv_status")  [return-value]
(arienchen)pytibrv/pytibrv/ft.py:416: error: Incompatible return value type (got "int", expected "tibrv_status")  [return-value]
(arienchen)pytibrv/pytibrv/ft.py:424: error: Incompatible return value type (got "int", expected "tibrv_status")  [return-value]
(arienchen)pytibrv/pytibrv/ft.py:433: error: Too few arguments for "__reg"  [call-arg]
(arienchen)pytibrv/pytibrv/ft.py:442: error: Syntax error in type annotation  [syntax]
(arienchen)pytibrv/pytibrv/ft.py:442: note: Suggestion: Use Tuple[T1, ..., Tn] instead of (T1, ..., Tn)
(arienchen)pytibrv/pytibrv/ft.py:462: error: Syntax error in type annotation  [syntax]
(arienchen)pytibrv/pytibrv/ft.py:462: note: Suggestion: Use Tuple[T1, ..., Tn] instead of (T1, ..., Tn)
(arienchen)pytibrv/pytibrv/ft.py:482: error: Syntax error in type annotation  [syntax]
(arienchen)pytibrv/pytibrv/ft.py:482: note: Suggestion: Use Tuple[T1, ..., Tn] instead of (T1, ..., Tn)
(arienchen)pytibrv/pytibrv/dq.py:84: error: Syntax error in type annotation  [syntax]
(arienchen)pytibrv/pytibrv/dq.py:84: note: Suggestion: Use Tuple[T1, ..., Tn] instead of (T1, ..., Tn)
(arienchen)pytibrv/pytibrv/dq.py:97: error: Incompatible types in assignment (expression has type "c_uint32", variable has type "tibrvTransport")  [assignment]
(arienchen)pytibrv/pytibrv/dq.py:119: error: Syntax error in type annotation  [syntax]
(arienchen)pytibrv/pytibrv/dq.py:119: note: Suggestion: Use Tuple[T1, ..., Tn] instead of (T1, ..., Tn)
(arienchen)pytibrv/pytibrv/dq.py:137: error: Incompatible return value type (got "int", expected "tibrv_status")  [return-value]
(arienchen)pytibrv/pytibrv/dq.py:145: error: Incompatible return value type (got "int", expected "tibrv_status")  [return-value]
(arienchen)pytibrv/pytibrv/dq.py:150: error: Incompatible return value type (got "int", expected "tibrv_status")  [return-value]
(arienchen)pytibrv/pytibrv/dq.py:161: error: Syntax error in type annotation  [syntax]
(arienchen)pytibrv/pytibrv/dq.py:161: note: Suggestion: Use Tuple[T1, ..., Tn] instead of (T1, ..., Tn)
(arienchen)pytibrv/pytibrv/dq.py:185: error: Incompatible return value type (got "int", expected "tibrv_status")  [return-value]
(arienchen)pytibrv/pytibrv/dq.py:193: error: Incompatible return value type (got "int", expected "tibrv_status")  [return-value]
(arienchen)pytibrv/pytibrv/dq.py:198: error: Incompatible return value type (got "int", expected "tibrv_status")  [return-value]
(arienchen)pytibrv/pytibrv/dq.py:209: error: Syntax error in type annotation  [syntax]
(arienchen)pytibrv/pytibrv/dq.py:209: note: Suggestion: Use Tuple[T1, ..., Tn] instead of (T1, ..., Tn)
(arienchen)pytibrv/pytibrv/dq.py:234: error: Incompatible return value type (got "int", expected "tibrv_status")  [return-value]
(arienchen)pytibrv/pytibrv/dq.py:242: error: Incompatible return value type (got "int", expected "tibrv_status")  [return-value]
(arienchen)pytibrv/pytibrv/dq.py:247: error: Incompatible return value type (got "int", expected "tibrv_status")  [return-value]
(arienchen)pytibrv/pytibrv/dq.py:258: error: Syntax error in type annotation  [syntax]
(arienchen)pytibrv/pytibrv/dq.py:258: note: Suggestion: Use Tuple[T1, ..., Tn] instead of (T1, ..., Tn)
(arienchen)pytibrv/pytibrv/dq.py:283: error: Incompatible return value type (got "int", expected "tibrv_status")  [return-value]
(arienchen)pytibrv/pytibrv/dq.py:291: error: Incompatible return value type (got "int", expected "tibrv_status")  [return-value]
(arienchen)pytibrv/pytibrv/dq.py:297: error: Incompatible return value type (got "int", expected "tibrv_status")  [return-value]
(arienchen)pytibrv/pytibrv/dq.py:320: error: Syntax error in type annotation  [syntax]
(arienchen)pytibrv/pytibrv/dq.py:320: note: Suggestion: Use Tuple[T1, ..., Tn] instead of (T1, ..., Tn)
(arienchen)pytibrv/pytibrv/disp.py:47: error: Syntax error in type annotation  [syntax]
(arienchen)pytibrv/pytibrv/disp.py:47: note: Suggestion: Use Tuple[T1, ..., Tn] instead of (T1, ..., Tn)
(arienchen)pytibrv/pytibrv/disp.py:78: error: Incompatible return value type (got "int", expected "tibrv_status")  [return-value]
(arienchen)pytibrv/pytibrv/disp.py:83: error: Incompatible return value type (got "int", expected "tibrv_status")  [return-value]
(arienchen)pytibrv/pytibrv/disp.py:96: error: Incompatible return value type (got "int", expected "tibrv_status")  [return-value]
(arienchen)pytibrv/pytibrv/disp.py:101: error: Incompatible return value type (got "int", expected "tibrv_status")  [return-value]
(arienchen)pytibrv/pytibrv/disp.py:115: error: Incompatible return value type (got "int", expected "tibrv_status")  [return-value]
(arienchen)pytibrv/pytibrv/disp.py:120: error: Incompatible return value type (got "int", expected "tibrv_status")  [return-value]
(arienchen)pytibrv/pytibrv/disp.py:125: error: Incompatible return value type (got "int", expected "tibrv_status")  [return-value]
(arienchen)pytibrv/pytibrv/disp.py:135: error: Syntax error in type annotation  [syntax]
(arienchen)pytibrv/pytibrv/disp.py:135: note: Suggestion: Use Tuple[T1, ..., Tn] instead of (T1, ..., Tn)
(arienchen)pytibrv/pytibrv/tport.py:68: error: Syntax error in type annotation  [syntax]
(arienchen)pytibrv/pytibrv/tport.py:68: note: Suggestion: Use Tuple[T1, ..., Tn] instead of (T1, ..., Tn)
(arienchen)pytibrv/pytibrv/tport.py:84: error: Incompatible return value type (got "int", expected "tibrv_status")  [return-value]
(arienchen)pytibrv/pytibrv/tport.py:87: error: Incompatible return value type (got "int", expected "tibrv_status")  [return-value]
(arienchen)pytibrv/pytibrv/tport.py:92: error: Incompatible return value type (got "int", expected "tibrv_status")  [return-value]
(arienchen)pytibrv/pytibrv/tport.py:97: error: Incompatible return value type (got "int", expected "tibrv_status")  [return-value]
(arienchen)pytibrv/pytibrv/tport.py:112: error: Syntax error in type annotation  [syntax]
(arienchen)pytibrv/pytibrv/tport.py:112: note: Suggestion: Use Tuple[T1, ..., Tn] instead of (T1, ..., Tn)
(arienchen)pytibrv/pytibrv/tport.py:153: error: Incompatible return value type (got "int", expected "tibrv_status")  [return-value]
(arienchen)pytibrv/pytibrv/tport.py:156: error: Incompatible return value type (got "int", expected "tibrv_status")  [return-value]
(arienchen)pytibrv/pytibrv/tport.py:159: error: Incompatible return value type (got "int", expected "tibrv_status")  [return-value]
(arienchen)pytibrv/pytibrv/tport.py:164: error: Incompatible return value type (got "int", expected "tibrv_status")  [return-value]
(arienchen)pytibrv/pytibrv/tport.py:170: error: Incompatible return value type (got "int", expected "tibrv_status")  [return-value]
(arienchen)pytibrv/pytibrv/tport.py:184: error: Incompatible return value type (got "int", expected "tibrv_status")  [return-value]
(arienchen)pytibrv/pytibrv/tport.py:189: error: Incompatible return value type (got "int", expected "tibrv_status")  [return-value]
(arienchen)pytibrv/pytibrv/tport.py:199: error: Syntax error in type annotation  [syntax]
(arienchen)pytibrv/pytibrv/tport.py:199: note: Suggestion: Use Tuple[T1, ..., Tn] instead of (T1, ..., Tn)
(arienchen)pytibrv/pytibrv/tport.py:213: error: Argument 1 to "_pystr" has incompatible type "Array[c_char]"; expected "c_char_p"  [arg-type]
(arienchen)pytibrv/pytibrv/tport.py:220: error: Syntax error in type annotation  [syntax]
(arienchen)pytibrv/pytibrv/tport.py:220: note: Suggestion: Use Tuple[T1, ..., Tn] instead of (T1, ..., Tn)
(arienchen)pytibrv/pytibrv/tport.py:240: error: Syntax error in type annotation  [syntax]
(arienchen)pytibrv/pytibrv/tport.py:240: note: Suggestion: Use Tuple[T1, ..., Tn] instead of (T1, ..., Tn)
(arienchen)pytibrv/pytibrv/tport.py:261: error: Syntax error in type annotation  [syntax]
(arienchen)pytibrv/pytibrv/tport.py:261: note: Suggestion: Use Tuple[T1, ..., Tn] instead of (T1, ..., Tn)
(arienchen)pytibrv/pytibrv/tport.py:287: error: Incompatible return value type (got "int", expected "tibrv_status")  [return-value]
(arienchen)pytibrv/pytibrv/tport.py:295: error: Incompatible return value type (got "int", expected "tibrv_status")  [return-value]
(arienchen)pytibrv/pytibrv/tport.py:300: error: Incompatible return value type (got "int", expected "tibrv_status")  [return-value]
(arienchen)pytibrv/pytibrv/tport.py:311: error: Syntax error in type annotation  [syntax]
(arienchen)pytibrv/pytibrv/tport.py:311: note: Suggestion: Use Tuple[T1, ..., Tn] instead of (T1, ..., Tn)
(arienchen)pytibrv/pytibrv/tport.py:333: error: Incompatible return value type (got "int", expected "tibrv_status")  [return-value]
(arienchen)pytibrv/pytibrv/tport.py:341: error: Incompatible return value type (got "int", expected "tibrv_status")  [return-value]
(arienchen)pytibrv/pytibrv/tport.py:346: error: Incompatible return value type (got "int", expected "tibrv_status")  [return-value]
(arienchen)pytibrv/pytibrv/events.py:153: error: Value of type variable "_PT" of "cast" cannot be "py_object[Any]"  [type-var]
(arienchen)pytibrv/pytibrv/events.py:170: error: Syntax error in type annotation  [syntax]
(arienchen)pytibrv/pytibrv/events.py:170: note: Suggestion: Use Tuple[T1, ..., Tn] instead of (T1, ..., Tn)
(arienchen)pytibrv/pytibrv/events.py:226: error: Syntax error in type annotation  [syntax]
(arienchen)pytibrv/pytibrv/events.py:226: note: Suggestion: Use Tuple[T1, ..., Tn] instead of (T1, ..., Tn)
(arienchen)pytibrv/pytibrv/events.py:281: error: Syntax error in type annotation  [syntax]
(arienchen)pytibrv/pytibrv/events.py:281: note: Suggestion: Use Tuple[T1, ..., Tn] instead of (T1, ..., Tn)
(arienchen)pytibrv/pytibrv/events.py:324: error: Incompatible return value type (got "int", expected "tibrv_status")  [return-value]
(arienchen)pytibrv/pytibrv/events.py:329: error: Incompatible return value type (got "int", expected "tibrv_status")  [return-value]
(arienchen)pytibrv/pytibrv/events.py:337: error: Incompatible return value type (got "int", expected "tibrv_status")  [return-value]
(arienchen)pytibrv/pytibrv/events.py:346: error: Too few arguments for "__reg"  [call-arg]
(arienchen)pytibrv/pytibrv/events.py:355: error: Syntax error in type annotation  [syntax]
(arienchen)pytibrv/pytibrv/events.py:355: note: Suggestion: Use Tuple[T1, ..., Tn] instead of (T1, ..., Tn)
(arienchen)pytibrv/pytibrv/events.py:376: error: Syntax error in type annotation  [syntax]
(arienchen)pytibrv/pytibrv/events.py:376: note: Suggestion: Use Tuple[T1, ..., Tn] instead of (T1, ..., Tn)
(arienchen)pytibrv/pytibrv/events.py:397: error: Syntax error in type annotation  [syntax]
(arienchen)pytibrv/pytibrv/events.py:397: note: Suggestion: Use Tuple[T1, ..., Tn] instead of (T1, ..., Tn)
(arienchen)pytibrv/pytibrv/events.py:418: error: Syntax error in type annotation  [syntax]
(arienchen)pytibrv/pytibrv/events.py:418: note: Suggestion: Use Tuple[T1, ..., Tn] instead of (T1, ..., Tn)
(arienchen)pytibrv/pytibrv/events.py:439: error: Syntax error in type annotation  [syntax]
(arienchen)pytibrv/pytibrv/events.py:439: note: Suggestion: Use Tuple[T1, ..., Tn] instead of (T1, ..., Tn)
(arienchen)pytibrv/pytibrv/events.py:463: error: Incompatible return value type (got "int", expected "tibrv_status")  [return-value]
(arienchen)pytibrv/pytibrv/events.py:471: error: Incompatible return value type (got "int", expected "tibrv_status")  [return-value]
(arienchen)pytibrv/pytibrv/events.py:476: error: Incompatible return value type (got "int", expected "tibrv_status")  [return-value]
(arienchen)pytibrv/pytibrv/queue.py:83: error: Syntax error in type annotation  [syntax]
(arienchen)pytibrv/pytibrv/queue.py:83: note: Suggestion: Use Tuple[T1, ..., Tn] instead of (T1, ..., Tn)
(arienchen)pytibrv/pytibrv/queue.py:98: error: Incompatible return value type (got "int", expected "tibrv_status")  [return-value]
(arienchen)pytibrv/pytibrv/queue.py:106: error: Incompatible return value type (got "int", expected "tibrv_status")  [return-value]
(arienchen)pytibrv/pytibrv/queue.py:111: error: Incompatible return value type (got "int", expected "tibrv_status")  [return-value]
(arienchen)pytibrv/pytibrv/queue.py:132: error: Incompatible return value type (got "int", expected "tibrv_status")  [return-value]
(arienchen)pytibrv/pytibrv/queue.py:140: error: Incompatible return value type (got "int", expected "tibrv_status")  [return-value]
(arienchen)pytibrv/pytibrv/queue.py:145: error: Incompatible return value type (got "int", expected "tibrv_status")  [return-value]
(arienchen)pytibrv/pytibrv/queue.py:160: error: Incompatible return value type (got "int", expected "tibrv_status")  [return-value]
(arienchen)pytibrv/pytibrv/queue.py:165: error: Incompatible return value type (got "int", expected "tibrv_status")  [return-value]
(arienchen)pytibrv/pytibrv/queue.py:174: error: Incompatible return value type (got "int", expected "tibrv_status")  [return-value]
(arienchen)pytibrv/pytibrv/queue.py:190: error: Syntax error in type annotation  [syntax]
(arienchen)pytibrv/pytibrv/queue.py:190: note: Suggestion: Use Tuple[T1, ..., Tn] instead of (T1, ..., Tn)
(arienchen)pytibrv/pytibrv/queue.py:211: error: Syntax error in type annotation  [syntax]
(arienchen)pytibrv/pytibrv/queue.py:211: note: Suggestion: Use Tuple[T1, ..., Tn] instead of (T1, ..., Tn)
(arienchen)pytibrv/pytibrv/queue.py:235: error: Incompatible return value type (got "int", expected "tibrv_status")  [return-value]
(arienchen)pytibrv/pytibrv/queue.py:243: error: Incompatible return value type (got "int", expected "tibrv_status")  [return-value]
(arienchen)pytibrv/pytibrv/queue.py:248: error: Incompatible return value type (got "int", expected "tibrv_status")  [return-value]
(arienchen)pytibrv/pytibrv/queue.py:262: error: Syntax error in type annotation  [syntax]
(arienchen)pytibrv/pytibrv/queue.py:262: note: Suggestion: Use Tuple[T1, ..., Tn] instead of (T1, ..., Tn)
(arienchen)pytibrv/pytibrv/queue.py:292: error: Incompatible return value type (got "int", expected "tibrv_status")  [return-value]
(arienchen)pytibrv/pytibrv/queue.py:295: error: Incompatible return value type (got "int", expected "tibrv_status")  [return-value]
(arienchen)pytibrv/pytibrv/queue.py:303: error: Incompatible return value type (got "int", expected "tibrv_status")  [return-value]
(arienchen)pytibrv/pytibrv/queue.py:310: error: Incompatible return value type (got "int", expected "tibrv_status")  [return-value]
(arienchen)pytibrv/pytibrv/queue.py:324: error: Incompatible return value type (got "int", expected "tibrv_status")  [return-value]
(arienchen)pytibrv/pytibrv/queue.py:327: error: Incompatible return value type (got "int", expected "tibrv_status")  [return-value]
(arienchen)pytibrv/pytibrv/queue.py:335: error: Incompatible return value type (got "int", expected "tibrv_status")  [return-value]
(arienchen)pytibrv/pytibrv/queue.py:340: error: Incompatible return value type (got "int", expected "tibrv_status")  [return-value]
(arienchen)pytibrv/pytibrv/queue.py:350: error: Syntax error in type annotation  [syntax]
(arienchen)pytibrv/pytibrv/queue.py:350: note: Suggestion: Use Tuple[T1, ..., Tn] instead of (T1, ..., Tn)
(arienchen)pytibrv/examples/api/tibrvdqlisten.py:83: error: Name 'tibrvcmEvent' is not defined  [name-defined]
(arienchen)pytibrv/examples/api/tibrvdqlisten.py:85: error: Name 'tibrvMsg_GetSendSubject' is not defined  [name-defined]
(arienchen)pytibrv/examples/api/tibrvdqlisten.py:86: error: Name 'tibrvMsg_GetReplySubject' is not defined  [name-defined]
(arienchen)pytibrv/examples/api/tibrvdqlisten.py:87: error: Name 'tibrvMsg_GetCMSender' is not defined  [name-defined]
(arienchen)pytibrv/examples/api/tibrvdqlisten.py:88: error: Name 'tibrvMsg_GetCMSequence' is not defined  [name-defined]
(arienchen)pytibrv/examples/api/tibrvdqlisten.py:89: error: Name 'tibrvMsg_ConvertToString' is not defined  [name-defined]
(arienchen)pytibrv/examples/api/tibrvdqlisten.py:110: error: Not all arguments converted during string formatting  [str-format]
(arienchen)pytibrv/examples/python/tibrvsend.py:58: error: Not all arguments converted during string formatting  [str-format]
(arienchen)pytibrv/examples/python/tibrvsend.py:64: error: Not all arguments converted during string formatting  [str-format]
(arienchen)pytibrv/examples/python/tibrvsend.py:72: error: Not all arguments converted during string formatting  [str-format]
(arienchen)pytibrv/examples/python/tibrvlisten.py:68: error: Not all arguments converted during string formatting  [str-format]
(arienchen)pytibrv/examples/python/tibrvlisten.py:75: error: Not all arguments converted during string formatting  [str-format]
(arienchen)pytibrv/examples/python/tibrvlisten.py:87: error: Not all arguments converted during string formatting  [str-format]
(arienchen)pytibrv/pytibrv/TibrvFt.py:62: error: Incompatible default for argument "member" (default has type "int", argument has type "tibrvftMember")  [assignment]
(arienchen)pytibrv/pytibrv/TibrvFt.py:76: error: Incompatible return value type (got "int", expected "tibrv_status")  [return-value]
(arienchen)pytibrv/pytibrv/TibrvFt.py:81: error: Incompatible return value type (got "int", expected "tibrv_status")  [return-value]
(arienchen)pytibrv/pytibrv/TibrvFt.py:98: error: Incompatible return value type (got "int", expected "tibrv_status")  [return-value]
(arienchen)pytibrv/pytibrv/TibrvFt.py:103: error: Incompatible types in assignment (expression has type "int", variable has type "tibrvftMember")  [assignment]
(arienchen)pytibrv/pytibrv/TibrvFt.py:176: error: Incompatible default for argument "monitor" (default has type "int", argument has type "tibrvftMonitor")  [assignment]
(arienchen)pytibrv/pytibrv/TibrvFt.py:189: error: Incompatible return value type (got "int", expected "tibrv_status")  [return-value]
(arienchen)pytibrv/pytibrv/TibrvFt.py:194: error: Incompatible return value type (got "int", expected "tibrv_status")  [return-value]
(arienchen)pytibrv/pytibrv/TibrvFt.py:215: error: Argument 1 to "tibrvftMonitor_Destroy" has incompatible type "tibrvftMonitor"; expected "tibrvftMember"  [arg-type]
(arienchen)pytibrv/pytibrv/TibrvFt.py:216: error: Incompatible types in assignment (expression has type "int", variable has type "tibrvftMonitor")  [assignment]
(arienchen)pytibrv/pytibrv/TibrvDQ.py:134: error: 'pytibrv.types.tibrv_status' object is not iterable  [misc]
(arienchen)pytibrv/pytibrv/TibrvDQ.py:135: error: Cannot determine type of 'status'  [has-type]
(arienchen)pytibrv/pytibrv/TibrvDQ.py:137: error: Cannot determine type of 'ret'  [has-type]
(arienchen)pytibrv/pytibrv/TibrvDQ.py:141: error: 'pytibrv.types.tibrv_status' object is not iterable  [misc]
(arienchen)pytibrv/pytibrv/TibrvDQ.py:142: error: Cannot determine type of 'status'  [has-type]
(arienchen)pytibrv/pytibrv/TibrvDQ.py:144: error: Cannot determine type of 'ret'  [has-type]
(arienchen)pytibrv/tests/python/test-ftmon.py:34: error: "None" has no attribute "create"  [attr-defined]
(arienchen)pytibrv/tests/python/test-ftmon.py:38: error: "None" has no attribute "create"  [attr-defined]
(arienchen)pytibrv/tests/python/test-ftmon.py:41: error: Incompatible types in assignment (expression has type "TibrvFtMember", variable has type "None")  [assignment]
(arienchen)pytibrv/tests/python/test-ftmon.py:42: error: "None" has no attribute "create"  [attr-defined]
(arienchen)pytibrv/tests/python/test-ftmon.py:46: error: Name 'TibrvDispatcher' is not defined  [name-defined]
(arienchen)pytibrv/tests/python/test-ftmon.py:47: error: "None" has no attribute "create"  [attr-defined]
(arienchen)pytibrv/tests/python/test-ftmem.py:28: error: "None" has no attribute "create"  [attr-defined]
(arienchen)pytibrv/tests/python/test-ftmem.py:32: error: "None" has no attribute "create"  [attr-defined]
(arienchen)pytibrv/tests/python/test-ftmem.py:35: error: Incompatible types in assignment (expression has type "TibrvFtMember", variable has type "None")  [assignment]
(arienchen)pytibrv/tests/python/test-ftmem.py:36: error: "None" has no attribute "create"  [attr-defined]
(arienchen)pytibrv/tests/python/test-ftmem.py:40: error: Name 'TibrvDispatcher' is not defined  [name-defined]
(arienchen)pytibrv/tests/python/test-ftmem.py:41: error: "None" has no attribute "create"  [attr-defined]
(arienchen)pytibrv/examples/python/tibrvfttime.py:93: error: Name 'TibrvEvent' is not defined  [name-defined]
(arienchen)pytibrv/examples/python/tibrvfttime.py:93: error: Name 'TibrvMsg' is not defined  [name-defined]
(arienchen)pytibrv/examples/python/tibrvfttime.py:100: error: Name 'TibrvEvent' is not defined  [name-defined]
(arienchen)pytibrv/examples/python/tibrvfttime.py:100: error: Name 'TibrvMsg' is not defined  [name-defined]
(arienchen)pytibrv/examples/python/tibrvfttime.py:108: error: Name 'TibrvMsgDateTime' is not defined  [name-defined]
(arienchen)pytibrv/examples/python/tibrvfttime.py:110: error: Name 'TibrvMsg' is not defined  [name-defined]
(arienchen)pytibrv/examples/python/tibrvfttime.py:115: error: Name 'tibrvMsg_Destroy' is not defined  [name-defined]
(arienchen)pytibrv/examples/python/tibrvfttime.py:164: error: Not all arguments converted during string formatting  [str-format]
(arienchen)pytibrv/examples/python/tibrvfttime.py:170: error: Not all arguments converted during string formatting  [str-format]
(arienchen)pytibrv/examples/python/tibrvftmon.py:94: error: Not all arguments converted during string formatting  [str-format]
Found 241 errors in 23 files (checked 25 source files)

[RRepo](krassowski)Anki-Night-Mode
(krassowski)Anki-Night-Mode/night_mode/selector.py:30: error: Need type annotation for 'stylers_checkboxes' (hint: "stylers_checkboxes: List[<type>] = ...")  [var-annotated]
(krassowski)Anki-Night-Mode/night_mode/icons.py:19: error: Need type annotation for 'paths' (hint: "paths: Dict[<type>, <type>] = ...")  [var-annotated]
(krassowski)Anki-Night-Mode/night_mode/menu.py:28: error: Need type annotation for 'actions' (hint: "actions: Dict[<type>, <type>] = ...")  [var-annotated]
(krassowski)Anki-Night-Mode/night_mode/menu.py:32: error: Need type annotation for 'connections' (hint: "connections: Dict[<type>, <type>] = ...")  [var-annotated]
(krassowski)Anki-Night-Mode/night_mode/night_mode.py:102: error: Name 'EnableNightMode' is not defined  [name-defined]
(krassowski)Anki-Night-Mode/night_mode/night_mode.py:103: error: Name 'EnableInDialogs' is not defined  [name-defined]
(krassowski)Anki-Night-Mode/night_mode/night_mode.py:105: error: Name 'InvertImage' is not defined  [name-defined]
(krassowski)Anki-Night-Mode/night_mode/night_mode.py:106: error: Name 'InvertLatex' is not defined  [name-defined]
(krassowski)Anki-Night-Mode/night_mode/night_mode.py:107: error: Name 'TransparentLatex' is not defined  [name-defined]
(krassowski)Anki-Night-Mode/night_mode/night_mode.py:109: error: Name 'BackgroundColor' is not defined  [name-defined]
(krassowski)Anki-Night-Mode/night_mode/night_mode.py:110: error: Name 'TextColor' is not defined  [name-defined]
(krassowski)Anki-Night-Mode/night_mode/night_mode.py:111: error: Name 'ResetColors' is not defined  [name-defined]
(krassowski)Anki-Night-Mode/night_mode/night_mode.py:113: error: Name 'ModeSettings' is not defined  [name-defined]
(krassowski)Anki-Night-Mode/night_mode/night_mode.py:114: error: Name 'UserColorMap' is not defined  [name-defined]
(krassowski)Anki-Night-Mode/night_mode/night_mode.py:115: error: Name 'DisabledStylers' is not defined  [name-defined]
(krassowski)Anki-Night-Mode/night_mode/night_mode.py:116: error: Name 'StyleScrollBars' is not defined  [name-defined]
(krassowski)Anki-Night-Mode/night_mode/night_mode.py:118: error: Name 'About' is not defined  [name-defined]
(krassowski)Anki-Night-Mode/night_mode/internals.py:132: error: Need type annotation for 'require' (hint: "require: Set[<type>] = ...")  [var-annotated]
(krassowski)Anki-Night-Mode/night_mode/internals.py:133: error: Need type annotation for 'dependencies' (hint: "dependencies: Dict[<type>, <type>] = ...")  [var-annotated]
(krassowski)Anki-Night-Mode/night_mode/actions_and_settings.py:337: error: Need type annotation for 'value' (hint: "value: Set[<type>] = ...")  [var-annotated]
Found 20 errors in 6 files (checked 15 source files)

[RRepo](charmander)nosepass
(charmander)nosepass/reference.py:19: error: Argument "mode" to "Cipher" has incompatible type "None"; expected "Mode"  [arg-type]
Found 1 error in 1 file (checked 1 source file)

[RRepo](arnomoonens)DeepRL
(arnomoonens)DeepRL/yarll/agents/actorcritic/actor_critic.py:26: error: Argument 1 to "list" has incompatible type "Sequence[int]"; expected "Iterable[None]"  [arg-type]
(arnomoonens)DeepRL/yarll/agents/actorcritic/actor_critic.py:65: error: Unsupported operand types for + ("List[None]" and "Sequence[int]")  [operator]
(arnomoonens)DeepRL/yarll/agents/actorcritic/actor_critic.py:112: error: Unsupported operand types for + ("List[None]" and "Sequence[int]")  [operator]
(arnomoonens)DeepRL/yarll/agents/actorcritic/actor_critic.py:182: error: Argument 1 to "list" has incompatible type "Sequence[int]"; expected "Iterable[None]"  [arg-type]
(arnomoonens)DeepRL/yarll/functionapproximation/function_approximator.py:8: error: Need type annotation for 'thetas' (hint: "thetas: List[<type>] = ...")  [var-annotated]
(arnomoonens)DeepRL/yarll/agents/actorcritic/a2c.py:55: error: "None" has no attribute "action"  [attr-defined]
(arnomoonens)DeepRL/yarll/agents/actorcritic/a2c.py:56: error: "None" has no attribute "states"  [attr-defined]
(arnomoonens)DeepRL/yarll/agents/actorcritic/a2c.py:57: error: "None" has no attribute "actions_taken"  [attr-defined]
(arnomoonens)DeepRL/yarll/agents/actorcritic/a2c.py:122: error: "None" has no attribute "action"  [attr-defined]
(arnomoonens)DeepRL/yarll/agents/actorcritic/a2c.py:122: error: "None" has no attribute "value"  [attr-defined]
(arnomoonens)DeepRL/yarll/agents/actorcritic/a2c.py:210: error: "None" has no attribute "states"  [attr-defined]
(arnomoonens)DeepRL/yarll/agents/actorcritic/a2c.py:211: error: "None" has no attribute "rnn_state_in"  [attr-defined]
(arnomoonens)DeepRL/yarll/agents/actorcritic/a2c.py:215: error: "None" has no attribute "action"  [attr-defined]
(arnomoonens)DeepRL/yarll/agents/actorcritic/a2c.py:215: error: "None" has no attribute "rnn_state_out"  [attr-defined]
(arnomoonens)DeepRL/yarll/agents/actorcritic/a2c.py:215: error: "None" has no attribute "value"  [attr-defined]
(arnomoonens)DeepRL/yarll/misc/utils.py:88: error: Name 'filtered_config' is not defined  [name-defined]
Found 16 errors in 4 files (checked 47 source files)

[RRepo](pschmitt)hass-config
(pschmitt)hass-config/bin/travis_gen_secrets.py:47: error: Incompatible types in assignment (expression has type "str", variable has type "float")  [assignment]
(pschmitt)hass-config/bin/travis_gen_secrets.py:49: error: Incompatible types in assignment (expression has type "str", variable has type "float")  [assignment]
(pschmitt)hass-config/bin/travis_gen_secrets.py:51: error: Incompatible types in assignment (expression has type "str", variable has type "float")  [assignment]
(pschmitt)hass-config/bin/travis_gen_secrets.py:53: error: Incompatible types in assignment (expression has type "str", variable has type "float")  [assignment]
(pschmitt)hass-config/bin/travis_gen_secrets.py:57: error: Incompatible types in assignment (expression has type "str", variable has type "float")  [assignment]
Found 5 errors in 1 file (checked 9 source files)

[RRepo](quasoft)adblockradio
(quasoft)adblockradio/adblockradio/adblockradio.py:87: error: Syntax error in type annotation  [syntax]
(quasoft)adblockradio/adblockradio/adblockradio.py:87: note: Suggestion: Use Tuple[T1, ..., Tn] instead of (T1, ..., Tn)
(quasoft)adblockradio/adblockradio/adblockradio.py:87: error: Name 'option' is not defined  [name-defined]
(quasoft)adblockradio/adblockradio/adblockradio.py:87: error: Name 's' is not defined  [name-defined]
(quasoft)adblockradio/adblockradio/adblockradio.py:88: error: Syntax error in type annotation  [syntax]
(quasoft)adblockradio/adblockradio/adblockradio.py:88: note: Suggestion: Use Tuple[T1, ..., Tn] instead of (T1, ..., Tn)
(quasoft)adblockradio/adblockradio/adblockradio.py:88: error: Name 'flag' is not defined  [name-defined]
(quasoft)adblockradio/adblockradio/adblockradio.py:88: error: Name 'c' is not defined  [name-defined]

[RRepo](alextremblay)snmp-cmds
(alextremblay)snmp-cmds/snmp_cmds/helpers.py:44: error: On Python 3 '{}'.format(b'abc') produces "b'abc'"; use !r if this is a desired behavior  [str-bytes-safe]
Found 1 error in 1 file (checked 6 source files)

[RRepo](manu0466)BookingBot
(manu0466)BookingBot/src/bot/handler/filter/HandlerFilter.py:8: error: Module "bot.Message" is not valid as a type  [valid-type]

[RRepo](danaugrs)morphine
(danaugrs)morphine/polynomial.py:68: error: No overload variant of "__getitem__" of "list" matches argument type "Polynomial"  [call-overload]
(danaugrs)morphine/polynomial.py:68: note: Possible overload variants:
(danaugrs)morphine/polynomial.py:68: note:     def __getitem__(self, int) -> Any
(danaugrs)morphine/polynomial.py:68: note:     def __getitem__(self, slice) -> List[Any]
(danaugrs)morphine/polynomial.py:93: error: Need type annotation for 'new_elements' (hint: "new_elements: List[<type>] = ...")  [var-annotated]
(danaugrs)morphine/symmetric.py:29: error: Name 'N' is not defined  [name-defined]
(danaugrs)morphine/symmetric.py:41: error: Name 'N' is not defined  [name-defined]
(danaugrs)morphine/bootstrappable.py:10: error: Name 'Q' is not defined  [name-defined]
Found 5 errors in 3 files (checked 5 source files)

[RRepo](tutorcruncher)pydf
(tutorcruncher)pydf/tests/test_sync.py:3: error: Module 'pydf' has no attribute 'generate_pdf'  [attr-defined]
(tutorcruncher)pydf/tests/test_sync.py:3: error: Module 'pydf' has no attribute 'get_extended_help'  [attr-defined]
(tutorcruncher)pydf/tests/test_sync.py:3: error: Module 'pydf' has no attribute 'get_help'  [attr-defined]
(tutorcruncher)pydf/tests/test_sync.py:3: error: Module 'pydf' has no attribute 'get_version'  [attr-defined]
(tutorcruncher)pydf/tests/test_async.py:5: error: Module 'pydf' has no attribute 'AsyncPydf'  [attr-defined]
(tutorcruncher)pydf/benchmark/run.py:5: error: Module 'pydf' has no attribute 'AsyncPydf'  [attr-defined]
(tutorcruncher)pydf/benchmark/run.py:5: error: Module 'pydf' has no attribute 'generate_pdf'  [attr-defined]
(tutorcruncher)pydf/docker-entrypoint.py:23: error: Module 'pydf' has no attribute 'AsyncPydf'  [attr-defined]
Found 8 errors in 4 files (checked 7 source files)

[RRepo](bede)tictax
(bede)tictax/tictax/tictax.py:20: error: Module 'tictax' has no attribute 'tictax'  [attr-defined]
(bede)tictax/tictax/tictax.py:134: error: Invalid type comment or annotation  [valid-type]
(bede)tictax/tictax/tictax.py:135: error: Invalid type comment or annotation  [valid-type]
(bede)tictax/tictax/tictax.py:136: error: Invalid type comment or annotation  [valid-type]
(bede)tictax/tictax/tests/test_tictax.py:4: error: Module 'tictax' has no attribute 'cli'  [attr-defined]
(bede)tictax/tictax/cli.py:20: error: Invalid type comment or annotation  [valid-type]
(bede)tictax/tictax/cli.py:21: error: Invalid type comment or annotation  [valid-type]
(bede)tictax/tictax/cli.py:22: error: Invalid type comment or annotation  [valid-type]
(bede)tictax/tictax/cli.py:38: error: Invalid type comment or annotation  [valid-type]
(bede)tictax/tictax/cli.py:39: error: Invalid type comment or annotation  [valid-type]
(bede)tictax/tictax/cli.py:49: error: Invalid type comment or annotation  [valid-type]
(bede)tictax/tictax/cli.py:50: error: Invalid type comment or annotation  [valid-type]
(bede)tictax/tictax/cli.py:51: error: Invalid type comment or annotation  [valid-type]
(bede)tictax/tictax/cli.py:52: error: Invalid type comment or annotation  [valid-type]
(bede)tictax/tictax/cli.py:53: error: Invalid type comment or annotation  [valid-type]
(bede)tictax/tictax/cli.py:66: error: Invalid type comment or annotation  [valid-type]
(bede)tictax/tictax/cli.py:67: error: Invalid type comment or annotation  [valid-type]
Found 17 errors in 3 files (checked 3 source files)

[RRepo](kytos)kytos
(kytos)kytos/kytos/core/helpers.py:5: error: Module 'kytos.core.napps' has no attribute 'rest'  [attr-defined]
(kytos)kytos/kytos/core/napps/manager.py:8: error: Module 'kytos.core.napps' has no attribute 'NApp'  [attr-defined]

[RRepo](strahe)sanic-redis
Success: no issues found in 1 source file

[RRepo](PUTvision)decision_tree
(PUTvision)decision_tree/decision_trees/datasets/terrain.py:63: error: Need type annotation for 'output_data' (hint: "output_data: List[<type>] = ...")  [var-annotated]
(PUTvision)decision_tree/decision_trees/vhdl_generators/random_forest.py:38: error: Need type annotation for 'results' (hint: "results: Dict[<type>, <type>] = ...")  [var-annotated]
(PUTvision)decision_tree/decision_trees/vhdl_generators/tree.py:30: error: Need type annotation for 'following_split_IDs' (hint: "following_split_IDs: List[<type>] = ...")  [var-annotated]
(PUTvision)decision_tree/decision_trees/vhdl_generators/tree.py:31: error: Need type annotation for 'following_split_compare_values' (hint: "following_split_compare_values: List[<type>] = ...")  [var-annotated]
(PUTvision)decision_tree/decision_trees/vhdl_generators/tree.py:66: error: Need type annotation for 'splits' (hint: "splits: List[<type>] = ...")  [var-annotated]
(PUTvision)decision_tree/decision_trees/vhdl_generators/tree.py:67: error: Need type annotation for 'leaves' (hint: "leaves: List[<type>] = ...")  [var-annotated]
(PUTvision)decision_tree/decision_trees/vhdl_generators/VHDLCreator.py:51: error: Return value expected  [return-value]
(PUTvision)decision_tree/decision_trees/vhdl_generators/VHDLCreator.py:66: error: Return value expected  [return-value]
(PUTvision)decision_tree/decision_trees/vhdl_generators/VHDLCreator.py:128: error: Return value expected  [return-value]
(PUTvision)decision_tree/decision_trees/vhdl_generators/VHDLCreator.py:132: error: Return value expected  [return-value]
(PUTvision)decision_tree/decision_trees/vhdl_generators/VHDLCreator.py:136: error: Return value expected  [return-value]
(PUTvision)decision_tree/decision_trees/dataset_tester.py:131: error: Bracketed expression "[...]" is not valid as a type  [misc]
(PUTvision)decision_tree/decision_trees/dataset_tester.py:131: note: Did you mean "List[...]"?
(PUTvision)decision_tree/decision_trees/datasets/emg_raw.py:60: error: Name 'file' already defined on line 59  [no-redef]
Found 13 errors in 6 files (checked 29 source files)

[RRepo](erp12)pyshgp
(erp12)pyshgp/pyshgp/validation.py:14: error: Unsupported target for indexed assignment  [index]
(erp12)pyshgp/pyshgp/validation.py:19: error: Unsupported target for indexed assignment  [index]
(erp12)pyshgp/pyshgp/validation.py:21: error: Unsupported target for indexed assignment  [index]
(erp12)pyshgp/pyshgp/validation.py:30: error: Unsupported target for indexed assignment  [index]
(erp12)pyshgp/pyshgp/validation.py:48: error: Incompatible return value type (got "Optional[List[Type[Any]]]", expected "Sequence[type]")  [return-value]
(erp12)pyshgp/pyshgp/validation.py:61: error: Incompatible return value type (got "Optional[int]", expected "int")  [return-value]
(erp12)pyshgp/pyshgp/push/types.py:54: error: Incompatible types in assignment (expression has type "Callable[[Any], Any]", variable has type "type")  [assignment]
(erp12)pyshgp/pyshgp/push/types.py:111: error: Argument 2 to "PushType" has incompatible type "Tuple[Type[int], Any, Any, Any, Any]"; expected "Tuple[type]"  [arg-type]
(erp12)pyshgp/pyshgp/push/types.py:112: error: Argument 2 to "PushType" has incompatible type "Tuple[Type[float], Any, Any, Any]"; expected "Tuple[type]"  [arg-type]
(erp12)pyshgp/pyshgp/push/types.py:113: error: Argument 2 to "PushType" has incompatible type "Tuple[Type[str], Any]"; expected "Tuple[type]"  [arg-type]
(erp12)pyshgp/pyshgp/push/types.py:114: error: Argument 2 to "PushType" has incompatible type "Tuple[Type[bool], Any]"; expected "Tuple[type]"  [arg-type]

[RRepo](aio-libs)multidict
(aio-libs)multidict/benchmarks/becnhmark.py:115: error: "object" has no attribute "__iter__"; maybe "__str__" or "__dir__"? (not iterable)  [attr-defined]
(aio-libs)multidict/benchmarks/becnhmark.py:119: error: Argument 1 to "len" has incompatible type "object"; expected "Sized"  [arg-type]
(aio-libs)multidict/benchmarks/istr.py:59: error: "object" has no attribute "__iter__"; maybe "__str__" or "__dir__"? (not iterable)  [attr-defined]
(aio-libs)multidict/benchmarks/istr.py:63: error: Argument 1 to "len" has incompatible type "object"; expected "Sized"  [arg-type]
(aio-libs)multidict/setup.py:11: error: Module 'distutils.command.build_ext' has no attribute 'build_ext'  [attr-defined]
(aio-libs)multidict/setup.py:38: error: Unsupported left operand type for + ("object")  [operator]
Found 6 errors in 3 files (checked 19 source files)

[RRepo](serathius)sanic-sentry
Success: no issues found in 3 source files

[RRepo](PaulSonOfLars)tgbot
(PaulSonOfLars)tgbot/tg_bot/modules/helper_funcs/extraction.py:25: error: Syntax error in type annotation  [syntax]
(PaulSonOfLars)tgbot/tg_bot/modules/helper_funcs/extraction.py:25: note: Suggestion: Use Tuple[T1, ..., Tn] instead of (T1, ..., Tn)
(PaulSonOfLars)tgbot/tg_bot/modules/rules.py:59: error: Item "None" of "Optional[Any]" has no attribute "text"  [union-attr]
(PaulSonOfLars)tgbot/tg_bot/modules/rules.py:64: error: Item "None" of "Optional[Any]" has no attribute "parse_entities"  [union-attr]
(PaulSonOfLars)tgbot/tg_bot/modules/afk.py:43: error: Item "None" of "Optional[Any]" has no attribute "parse_entities"  [union-attr]
(PaulSonOfLars)tgbot/tg_bot/modules/afk.py:44: error: Item "None" of "Optional[Any]" has no attribute "entities"  [union-attr]
(PaulSonOfLars)tgbot/tg_bot/modules/afk.py:51: error: Item "None" of "Optional[Any]" has no attribute "text"  [union-attr]
(PaulSonOfLars)tgbot/tg_bot/modules/afk.py:68: error: Item "None" of "Optional[Any]" has no attribute "reply_text"  [union-attr]
(PaulSonOfLars)tgbot/tg_bot/modules/disable.py:77: error: Item "None" of "Optional[Any]" has no attribute "id"  [union-attr]
(PaulSonOfLars)tgbot/tg_bot/modules/disable.py:96: error: Item "None" of "Optional[Any]" has no attribute "id"  [union-attr]
(PaulSonOfLars)tgbot/tg_bot/modules/disable.py:171: error: Cannot assign to a type  [misc]
(PaulSonOfLars)tgbot/tg_bot/modules/disable.py:172: error: Cannot assign to a type  [misc]
(PaulSonOfLars)tgbot/tg_bot/modules/helper_funcs/misc.py:57: error: Argument 1 to "append" of "list" has incompatible type "Tuple[EqInlineKeyboardButton]"; expected "Tuple[EqInlineKeyboardButton, EqInlineKeyboardButton]"  [arg-type]
(PaulSonOfLars)tgbot/tg_bot/modules/sql/disable_sql.py:24: error: Need type annotation for 'DISABLED' (hint: "DISABLED: Dict[<type>, <type>] = ...")  [var-annotated]
(PaulSonOfLars)tgbot/tg_bot/modules/sql/cust_filters_sql.py:69: error: Need type annotation for 'CHAT_FILTERS' (hint: "CHAT_FILTERS: Dict[<type>, <type>] = ...")  [var-annotated]
(PaulSonOfLars)tgbot/tg_bot/modules/sql/warns_sql.py:70: error: Need type annotation for 'WARN_FILTERS' (hint: "WARN_FILTERS: Dict[<type>, <type>] = ...")  [var-annotated]
(PaulSonOfLars)tgbot/tg_bot/modules/sql/global_bans_sql.py:46: error: Need type annotation for 'GBANNED_LIST' (hint: "GBANNED_LIST: Set[<type>] = ...")  [var-annotated]
(PaulSonOfLars)tgbot/tg_bot/modules/sql/global_bans_sql.py:47: error: Need type annotation for 'GBANSTAT_LIST' (hint: "GBANSTAT_LIST: Set[<type>] = ...")  [var-annotated]
(PaulSonOfLars)tgbot/tg_bot/modules/sql/antiflood_sql.py:48: error: Missing return statement  [return]
(PaulSonOfLars)tgbot/tg_bot/modules/sql/afk_sql.py:27: error: Need type annotation for 'AFK_USERS' (hint: "AFK_USERS: Dict[<type>, <type>] = ...")  [var-annotated]
(PaulSonOfLars)tgbot/tg_bot/modules/sql/blacklist_sql.py:30: error: Need type annotation for 'CHAT_BLACKLISTS' (hint: "CHAT_BLACKLISTS: Dict[<type>, <type>] = ...")  [var-annotated]
(PaulSonOfLars)tgbot/tg_bot/modules/antiflood.py:29: error: Item "None" of "Optional[Any]" has no attribute "id"  [union-attr]
(PaulSonOfLars)tgbot/tg_bot/modules/antiflood.py:32: error: Item "None" of "Optional[Any]" has no attribute "id"  [union-attr]
(PaulSonOfLars)tgbot/tg_bot/modules/antiflood.py:37: error: Item "None" of "Optional[Any]" has no attribute "kick_member"  [union-attr]
(PaulSonOfLars)tgbot/tg_bot/modules/antiflood.py:38: error: Item "None" of "Optional[Any]" has no attribute "reply_text"  [union-attr]
(PaulSonOfLars)tgbot/tg_bot/modules/antiflood.py:44: error: Item "None" of "Optional[Any]" has no attribute "title"  [union-attr]
(PaulSonOfLars)tgbot/tg_bot/modules/antiflood.py:48: error: Item "None" of "Optional[Any]" has no attribute "reply_text"  [union-attr]
(PaulSonOfLars)tgbot/tg_bot/modules/antiflood.py:49: error: Item "None" of "Optional[Any]" has no attribute "id"  [union-attr]
(PaulSonOfLars)tgbot/tg_bot/modules/antiflood.py:52: error: Item "None" of "Optional[Any]" has no attribute "title"  [union-attr]
(PaulSonOfLars)tgbot/tg_bot/modules/antiflood.py:67: error: Item "None" of "Optional[Any]" has no attribute "id"  [union-attr]
(PaulSonOfLars)tgbot/tg_bot/modules/antiflood.py:68: error: Item "None" of "Optional[Any]" has no attribute "reply_text"  [union-attr]
(PaulSonOfLars)tgbot/tg_bot/modules/antiflood.py:73: error: Item "None" of "Optional[Any]" has no attribute "id"  [union-attr]
(PaulSonOfLars)tgbot/tg_bot/modules/antiflood.py:74: error: Item "None" of "Optional[Any]" has no attribute "reply_text"  [union-attr]
(PaulSonOfLars)tgbot/tg_bot/modules/antiflood.py:78: error: Item "None" of "Optional[Any]" has no attribute "title"  [union-attr]
(PaulSonOfLars)tgbot/tg_bot/modules/antiflood.py:78: error: Item "None" of "Optional[Any]" has no attribute "id"  [union-attr]
(PaulSonOfLars)tgbot/tg_bot/modules/antiflood.py:78: error: Item "None" of "Optional[Any]" has no attribute "first_name"  [union-attr]
(PaulSonOfLars)tgbot/tg_bot/modules/antiflood.py:81: error: Item "None" of "Optional[Any]" has no attribute "reply_text"  [union-attr]
(PaulSonOfLars)tgbot/tg_bot/modules/antiflood.py:85: error: Item "None" of "Optional[Any]" has no attribute "id"  [union-attr]
(PaulSonOfLars)tgbot/tg_bot/modules/antiflood.py:86: error: Item "None" of "Optional[Any]" has no attribute "reply_text"  [union-attr]
(PaulSonOfLars)tgbot/tg_bot/modules/antiflood.py:90: error: Item "None" of "Optional[Any]" has no attribute "title"  [union-attr]
(PaulSonOfLars)tgbot/tg_bot/modules/antiflood.py:91: error: Item "None" of "Optional[Any]" has no attribute "id"  [union-attr]
(PaulSonOfLars)tgbot/tg_bot/modules/antiflood.py:91: error: Item "None" of "Optional[Any]" has no attribute "first_name"  [union-attr]
(PaulSonOfLars)tgbot/tg_bot/modules/antiflood.py:94: error: Item "None" of "Optional[Any]" has no attribute "reply_text"  [union-attr]
(PaulSonOfLars)tgbot/tg_bot/modules/antiflood.py:103: error: Item "None" of "Optional[Any]" has no attribute "id"  [union-attr]
(PaulSonOfLars)tgbot/tg_bot/modules/users.py:73: error: Item "None" of "Optional[Any]" has no attribute "from_user"  [union-attr]
(PaulSonOfLars)tgbot/tg_bot/modules/users.py:74: error: Item "None" of "Optional[Any]" has no attribute "from_user"  [union-attr]
(PaulSonOfLars)tgbot/tg_bot/modules/users.py:75: error: Item "None" of "Optional[Any]" has no attribute "id"  [union-attr]
(PaulSonOfLars)tgbot/tg_bot/modules/users.py:76: error: Item "None" of "Optional[Any]" has no attribute "title"  [union-attr]
(PaulSonOfLars)tgbot/tg_bot/modules/users.py:78: error: Item "None" of "Optional[Any]" has no attribute "reply_to_message"  [union-attr]
(PaulSonOfLars)tgbot/tg_bot/modules/users.py:79: error: Item "None" of "Optional[Any]" has no attribute "reply_to_message"  [union-attr]
(PaulSonOfLars)tgbot/tg_bot/modules/users.py:80: error: Item "None" of "Optional[Any]" has no attribute "reply_to_message"  [union-attr]
(PaulSonOfLars)tgbot/tg_bot/modules/users.py:81: error: Item "None" of "Optional[Any]" has no attribute "id"  [union-attr]
(PaulSonOfLars)tgbot/tg_bot/modules/users.py:82: error: Item "None" of "Optional[Any]" has no attribute "title"  [union-attr]
(PaulSonOfLars)tgbot/tg_bot/modules/users.py:84: error: Item "None" of "Optional[Any]" has no attribute "forward_from"  [union-attr]
(PaulSonOfLars)tgbot/tg_bot/modules/users.py:85: error: Item "None" of "Optional[Any]" has no attribute "forward_from"  [union-attr]
(PaulSonOfLars)tgbot/tg_bot/modules/users.py:86: error: Item "None" of "Optional[Any]" has no attribute "forward_from"  [union-attr]
(PaulSonOfLars)tgbot/tg_bot/modules/bans.py:31: error: Item "None" of "Optional[Any]" has no attribute "reply_text"  [union-attr]
(PaulSonOfLars)tgbot/tg_bot/modules/bans.py:35: error: Item "None" of "Optional[Any]" has no attribute "get_member"  [union-attr]
(PaulSonOfLars)tgbot/tg_bot/modules/bans.py:38: error: Item "None" of "Optional[Any]" has no attribute "reply_text"  [union-attr]
(PaulSonOfLars)tgbot/tg_bot/modules/bans.py:44: error: Item "None" of "Optional[Any]" has no attribute "reply_text"  [union-attr]
(PaulSonOfLars)tgbot/tg_bot/modules/bans.py:48: error: Item "None" of "Optional[Any]" has no attribute "reply_text"  [union-attr]
(PaulSonOfLars)tgbot/tg_bot/modules/bans.py:54: error: Item "None" of "Optional[Any]" has no attribute "title"  [union-attr]
(PaulSonOfLars)tgbot/tg_bot/modules/bans.py:55: error: Item "None" of "Optional[Any]" has no attribute "id"  [union-attr]
(PaulSonOfLars)tgbot/tg_bot/modules/bans.py:55: error: Item "None" of "Optional[Any]" has no attribute "first_name"  [union-attr]
(PaulSonOfLars)tgbot/tg_bot/modules/bans.py:62: error: Item "None" of "Optional[Any]" has no attribute "kick_member"  [union-attr]
(PaulSonOfLars)tgbot/tg_bot/modules/bans.py:63: error: Item "None" of "Optional[Any]" has no attribute "id"  [union-attr]
(PaulSonOfLars)tgbot/tg_bot/modules/bans.py:64: error: Item "None" of "Optional[Any]" has no attribute "reply_text"  [union-attr]
(PaulSonOfLars)tgbot/tg_bot/modules/bans.py:70: error: Item "None" of "Optional[Any]" has no attribute "reply_text"  [union-attr]
(PaulSonOfLars)tgbot/tg_bot/modules/bans.py:74: error: Item "None" of "Optional[Any]" has no attribute "title"  [union-attr]
(PaulSonOfLars)tgbot/tg_bot/modules/bans.py:74: error: Item "None" of "Optional[Any]" has no attribute "id"  [union-attr]
(PaulSonOfLars)tgbot/tg_bot/modules/bans.py:76: error: Item "None" of "Optional[Any]" has no attribute "reply_text"  [union-attr]
(PaulSonOfLars)tgbot/tg_bot/modules/bans.py:94: error: Item "None" of "Optional[Any]" has no attribute "reply_text"  [union-attr]
(PaulSonOfLars)tgbot/tg_bot/modules/bans.py:98: error: Item "None" of "Optional[Any]" has no attribute "get_member"  [union-attr]
(PaulSonOfLars)tgbot/tg_bot/modules/bans.py:101: error: Item "None" of "Optional[Any]" has no attribute "reply_text"  [union-attr]
(PaulSonOfLars)tgbot/tg_bot/modules/bans.py:107: error: Item "None" of "Optional[Any]" has no attribute "reply_text"  [union-attr]
(PaulSonOfLars)tgbot/tg_bot/modules/bans.py:111: error: Item "None" of "Optional[Any]" has no attribute "reply_text"  [union-attr]
(PaulSonOfLars)tgbot/tg_bot/modules/bans.py:115: error: Item "None" of "Optional[Any]" has no attribute "reply_text"  [union-attr]
(PaulSonOfLars)tgbot/tg_bot/modules/bans.py:135: error: Item "None" of "Optional[Any]" has no attribute "title"  [union-attr]
(PaulSonOfLars)tgbot/tg_bot/modules/bans.py:136: error: Item "None" of "Optional[Any]" has no attribute "id"  [union-attr]
(PaulSonOfLars)tgbot/tg_bot/modules/bans.py:136: error: Item "None" of "Optional[Any]" has no attribute "first_name"  [union-attr]
(PaulSonOfLars)tgbot/tg_bot/modules/bans.py:144: error: Item "None" of "Optional[Any]" has no attribute "kick_member"  [union-attr]
(PaulSonOfLars)tgbot/tg_bot/modules/bans.py:145: error: Item "None" of "Optional[Any]" has no attribute "id"  [union-attr]
(PaulSonOfLars)tgbot/tg_bot/modules/bans.py:146: error: Item "None" of "Optional[Any]" has no attribute "reply_text"  [union-attr]
(PaulSonOfLars)tgbot/tg_bot/modules/bans.py:152: error: Item "None" of "Optional[Any]" has no attribute "reply_text"  [union-attr]
(PaulSonOfLars)tgbot/tg_bot/modules/bans.py:156: error: Item "None" of "Optional[Any]" has no attribute "title"  [union-attr]
(PaulSonOfLars)tgbot/tg_bot/modules/bans.py:156: error: Item "None" of "Optional[Any]" has no attribute "id"  [union-attr]
(PaulSonOfLars)tgbot/tg_bot/modules/bans.py:158: error: Item "None" of "Optional[Any]" has no attribute "reply_text"  [union-attr]
(PaulSonOfLars)tgbot/tg_bot/modules/bans.py:179: error: Item "None" of "Optional[Any]" has no attribute "get_member"  [union-attr]
(PaulSonOfLars)tgbot/tg_bot/modules/bans.py:182: error: Item "None" of "Optional[Any]" has no attribute "reply_text"  [union-attr]
(PaulSonOfLars)tgbot/tg_bot/modules/bans.py:188: error: Item "None" of "Optional[Any]" has no attribute "reply_text"  [union-attr]
(PaulSonOfLars)tgbot/tg_bot/modules/bans.py:192: error: Item "None" of "Optional[Any]" has no attribute "reply_text"  [union-attr]
(PaulSonOfLars)tgbot/tg_bot/modules/bans.py:195: error: Item "None" of "Optional[Any]" has no attribute "unban_member"  [union-attr]
(PaulSonOfLars)tgbot/tg_bot/modules/bans.py:197: error: Item "None" of "Optional[Any]" has no attribute "id"  [union-attr]
(PaulSonOfLars)tgbot/tg_bot/modules/bans.py:198: error: Item "None" of "Optional[Any]" has no attribute "reply_text"  [union-attr]
(PaulSonOfLars)tgbot/tg_bot/modules/bans.py:202: error: Item "None" of "Optional[Any]" has no attribute "title"  [union-attr]
(PaulSonOfLars)tgbot/tg_bot/modules/bans.py:203: error: Item "None" of "Optional[Any]" has no attribute "id"  [union-attr]
(PaulSonOfLars)tgbot/tg_bot/modules/bans.py:203: error: Item "None" of "Optional[Any]" has no attribute "first_name"  [union-attr]
(PaulSonOfLars)tgbot/tg_bot/modules/bans.py:212: error: Item "None" of "Optional[Any]" has no attribute "reply_text"  [union-attr]
(PaulSonOfLars)tgbot/tg_bot/modules/bans.py:249: error: Item "None" of "Optional[Any]" has no attribute "get_member"  [union-attr]
(PaulSonOfLars)tgbot/tg_bot/modules/bans.py:252: error: Item "None" of "Optional[Any]" has no attribute "reply_text"  [union-attr]
(PaulSonOfLars)tgbot/tg_bot/modules/bans.py:258: error: Item "None" of "Optional[Any]" has no attribute "reply_text"  [union-attr]
(PaulSonOfLars)tgbot/tg_bot/modules/bans.py:262: error: Item "None" of "Optional[Any]" has no attribute "reply_text"  [union-attr]
(PaulSonOfLars)tgbot/tg_bot/modules/bans.py:265: error: Item "None" of "Optional[Any]" has no attribute "unban_member"  [union-attr]
(PaulSonOfLars)tgbot/tg_bot/modules/bans.py:266: error: Item "None" of "Optional[Any]" has no attribute "reply_text"  [union-attr]
(PaulSonOfLars)tgbot/tg_bot/modules/bans.py:271: error: Item "None" of "Optional[Any]" has no attribute "title"  [union-attr]
(PaulSonOfLars)tgbot/tg_bot/modules/bans.py:272: error: Item "None" of "Optional[Any]" has no attribute "id"  [union-attr]
(PaulSonOfLars)tgbot/tg_bot/modules/bans.py:272: error: Item "None" of "Optional[Any]" has no attribute "first_name"  [union-attr]
(PaulSonOfLars)tgbot/tg_bot/modules/global_bans.py:54: error: Item "None" of "Optional[Any]" has no attribute "reply_text"  [union-attr]
(PaulSonOfLars)tgbot/tg_bot/modules/global_bans.py:58: error: Item "None" of "Optional[Any]" has no attribute "reply_text"  [union-attr]
(PaulSonOfLars)tgbot/tg_bot/modules/global_bans.py:62: error: Item "None" of "Optional[Any]" has no attribute "reply_text"  [union-attr]
(PaulSonOfLars)tgbot/tg_bot/modules/global_bans.py:66: error: Item "None" of "Optional[Any]" has no attribute "reply_text"  [union-attr]
(PaulSonOfLars)tgbot/tg_bot/modules/global_bans.py:72: error: Item "None" of "Optional[Any]" has no attribute "reply_text"  [union-attr]
(PaulSonOfLars)tgbot/tg_bot/modules/global_bans.py:76: error: Item "None" of "Optional[Any]" has no attribute "reply_text"  [union-attr]
(PaulSonOfLars)tgbot/tg_bot/modules/global_bans.py:81: error: Item "None" of "Optional[Any]" has no attribute "reply_text"  [union-attr]
(PaulSonOfLars)tgbot/tg_bot/modules/global_bans.py:86: error: Item "None" of "Optional[Any]" has no attribute "reply_text"  [union-attr]
(PaulSonOfLars)tgbot/tg_bot/modules/global_bans.py:91: error: Item "None" of "Optional[Any]" has no attribute "reply_text"  [union-attr]
(PaulSonOfLars)tgbot/tg_bot/modules/global_bans.py:95: error: Item "None" of "Optional[Any]" has no attribute "reply_text"  [union-attr]
(PaulSonOfLars)tgbot/tg_bot/modules/global_bans.py:100: error: Item "None" of "Optional[Any]" has no attribute "id"  [union-attr]
(PaulSonOfLars)tgbot/tg_bot/modules/global_bans.py:100: error: Item "None" of "Optional[Any]" has no attribute "first_name"  [union-attr]
(PaulSonOfLars)tgbot/tg_bot/modules/global_bans.py:120: error: Item "None" of "Optional[Any]" has no attribute "reply_text"  [union-attr]
(PaulSonOfLars)tgbot/tg_bot/modules/global_bans.py:128: error: Item "None" of "Optional[Any]" has no attribute "reply_text"  [union-attr]
(PaulSonOfLars)tgbot/tg_bot/modules/global_bans.py:137: error: Item "None" of "Optional[Any]" has no attribute "reply_text"  [union-attr]
(PaulSonOfLars)tgbot/tg_bot/modules/global_bans.py:142: error: Item "None" of "Optional[Any]" has no attribute "reply_text"  [union-attr]
(PaulSonOfLars)tgbot/tg_bot/modules/global_bans.py:146: error: Item "None" of "Optional[Any]" has no attribute "reply_text"  [union-attr]
(PaulSonOfLars)tgbot/tg_bot/modules/global_bans.py:151: error: Item "None" of "Optional[Any]" has no attribute "reply_text"  [union-attr]
(PaulSonOfLars)tgbot/tg_bot/modules/global_bans.py:154: error: Item "None" of "Optional[Any]" has no attribute "id"  [union-attr]
(PaulSonOfLars)tgbot/tg_bot/modules/global_bans.py:154: error: Item "None" of "Optional[Any]" has no attribute "first_name"  [union-attr]
(PaulSonOfLars)tgbot/tg_bot/modules/global_bans.py:175: error: Item "None" of "Optional[Any]" has no attribute "reply_text"  [union-attr]
(PaulSonOfLars)tgbot/tg_bot/modules/global_bans.py:185: error: Item "None" of "Optional[Any]" has no attribute "reply_text"  [union-attr]
(PaulSonOfLars)tgbot/tg_bot/modules/global_bans.py:226: error: Item "None" of "Optional[Any]" has no attribute "new_chat_members"  [union-attr]
(PaulSonOfLars)tgbot/tg_bot/modules/global_bans.py:231: error: Item "None" of "Optional[Any]" has no attribute "reply_to_message"  [union-attr]
(PaulSonOfLars)tgbot/tg_bot/modules/global_bans.py:232: error: Name 'user' already defined on line 219  [no-redef]
(PaulSonOfLars)tgbot/tg_bot/modules/global_bans.py:232: error: Item "None" of "Optional[Any]" has no attribute "reply_to_message"  [union-attr]
(PaulSonOfLars)tgbot/tg_bot/modules/msg_deleting.py:20: error: Item "None" of "Optional[Any]" has no attribute "reply_to_message"  [union-attr]
(PaulSonOfLars)tgbot/tg_bot/modules/msg_deleting.py:24: error: Item "None" of "Optional[Any]" has no attribute "reply_to_message"  [union-attr]
(PaulSonOfLars)tgbot/tg_bot/modules/msg_deleting.py:25: error: Item "None" of "Optional[Any]" has no attribute "message_id"  [union-attr]
(PaulSonOfLars)tgbot/tg_bot/modules/msg_deleting.py:34: error: Item "None" of "Optional[Any]" has no attribute "id"  [union-attr]
(PaulSonOfLars)tgbot/tg_bot/modules/msg_deleting.py:37: error: Item "None" of "Optional[Any]" has no attribute "id"  [union-attr]
(PaulSonOfLars)tgbot/tg_bot/modules/msg_deleting.py:44: error: Item "None" of "Optional[Any]" has no attribute "delete"  [union-attr]
(PaulSonOfLars)tgbot/tg_bot/modules/msg_deleting.py:47: error: Item "None" of "Optional[Any]" has no attribute "id"  [union-attr]
(PaulSonOfLars)tgbot/tg_bot/modules/msg_deleting.py:53: error: Item "None" of "Optional[Any]" has no attribute "id"  [union-attr]
(PaulSonOfLars)tgbot/tg_bot/modules/msg_deleting.py:57: error: Item "None" of "Optional[Any]" has no attribute "title"  [union-attr]
(PaulSonOfLars)tgbot/tg_bot/modules/msg_deleting.py:58: error: Item "None" of "Optional[Any]" has no attribute "id"  [union-attr]
(PaulSonOfLars)tgbot/tg_bot/modules/msg_deleting.py:58: error: Item "None" of "Optional[Any]" has no attribute "first_name"  [union-attr]
(PaulSonOfLars)tgbot/tg_bot/modules/msg_deleting.py:62: error: Item "None" of "Optional[Any]" has no attribute "reply_text"  [union-attr]
(PaulSonOfLars)tgbot/tg_bot/modules/msg_deleting.py:80: error: Item "None" of "Optional[Any]" has no attribute "title"  [union-attr]
(PaulSonOfLars)tgbot/tg_bot/modules/msg_deleting.py:81: error: Item "None" of "Optional[Any]" has no attribute "id"  [union-attr]
(PaulSonOfLars)tgbot/tg_bot/modules/msg_deleting.py:81: error: Item "None" of "Optional[Any]" has no attribute "first_name"  [union-attr]
(PaulSonOfLars)tgbot/tg_bot/modules/muting.py:28: error: Item "None" of "Optional[Any]" has no attribute "reply_text"  [union-attr]
(PaulSonOfLars)tgbot/tg_bot/modules/muting.py:32: error: Item "None" of "Optional[Any]" has no attribute "reply_text"  [union-attr]
(PaulSonOfLars)tgbot/tg_bot/modules/muting.py:35: error: Item "None" of "Optional[Any]" has no attribute "get_member"  [union-attr]
(PaulSonOfLars)tgbot/tg_bot/modules/muting.py:39: error: Item "None" of "Optional[Any]" has no attribute "reply_text"  [union-attr]
(PaulSonOfLars)tgbot/tg_bot/modules/muting.py:42: error: Item "None" of "Optional[Any]" has no attribute "id"  [union-attr]
(PaulSonOfLars)tgbot/tg_bot/modules/muting.py:43: error: Item "None" of "Optional[Any]" has no attribute "reply_text"  [union-attr]
(PaulSonOfLars)tgbot/tg_bot/modules/muting.py:47: error: Item "None" of "Optional[Any]" has no attribute "title"  [union-attr]
(PaulSonOfLars)tgbot/tg_bot/modules/muting.py:48: error: Item "None" of "Optional[Any]" has no attribute "id"  [union-attr]
(PaulSonOfLars)tgbot/tg_bot/modules/muting.py:48: error: Item "None" of "Optional[Any]" has no attribute "first_name"  [union-attr]
(PaulSonOfLars)tgbot/tg_bot/modules/muting.py:52: error: Item "None" of "Optional[Any]" has no attribute "reply_text"  [union-attr]
(PaulSonOfLars)tgbot/tg_bot/modules/muting.py:54: error: Item "None" of "Optional[Any]" has no attribute "reply_text"  [union-attr]
(PaulSonOfLars)tgbot/tg_bot/modules/muting.py:70: error: Item "None" of "Optional[Any]" has no attribute "reply_text"  [union-attr]
(PaulSonOfLars)tgbot/tg_bot/modules/muting.py:73: error: Item "None" of "Optional[Any]" has no attribute "get_member"  [union-attr]
(PaulSonOfLars)tgbot/tg_bot/modules/muting.py:77: error: Item "None" of "Optional[Any]" has no attribute "reply_text"  [union-attr]
(PaulSonOfLars)tgbot/tg_bot/modules/muting.py:83: error: Item "None" of "Optional[Any]" has no attribute "reply_text"  [union-attr]
(PaulSonOfLars)tgbot/tg_bot/modules/muting.py:86: error: Item "None" of "Optional[Any]" has no attribute "id"  [union-attr]
(PaulSonOfLars)tgbot/tg_bot/modules/muting.py:91: error: Item "None" of "Optional[Any]" has no attribute "reply_text"  [union-attr]
(PaulSonOfLars)tgbot/tg_bot/modules/muting.py:95: error: Item "None" of "Optional[Any]" has no attribute "title"  [union-attr]
(PaulSonOfLars)tgbot/tg_bot/modules/muting.py:96: error: Item "None" of "Optional[Any]" has no attribute "id"  [union-attr]
(PaulSonOfLars)tgbot/tg_bot/modules/muting.py:96: error: Item "None" of "Optional[Any]" has no attribute "first_name"  [union-attr]
(PaulSonOfLars)tgbot/tg_bot/modules/muting.py:99: error: Item "None" of "Optional[Any]" has no attribute "reply_text"  [union-attr]
(PaulSonOfLars)tgbot/tg_bot/modules/muting.py:118: error: Item "None" of "Optional[Any]" has no attribute "reply_text"  [union-attr]
(PaulSonOfLars)tgbot/tg_bot/modules/muting.py:122: error: Item "None" of "Optional[Any]" has no attribute "get_member"  [union-attr]
(PaulSonOfLars)tgbot/tg_bot/modules/muting.py:125: error: Item "None" of "Optional[Any]" has no attribute "reply_text"  [union-attr]
(PaulSonOfLars)tgbot/tg_bot/modules/muting.py:131: error: Item "None" of "Optional[Any]" has no attribute "reply_text"  [union-attr]
(PaulSonOfLars)tgbot/tg_bot/modules/muting.py:135: error: Item "None" of "Optional[Any]" has no attribute "reply_text"  [union-attr]
(PaulSonOfLars)tgbot/tg_bot/modules/muting.py:139: error: Item "None" of "Optional[Any]" has no attribute "reply_text"  [union-attr]
(PaulSonOfLars)tgbot/tg_bot/modules/muting.py:159: error: Item "None" of "Optional[Any]" has no attribute "title"  [union-attr]
(PaulSonOfLars)tgbot/tg_bot/modules/muting.py:159: error: Item "None" of "Optional[Any]" has no attribute "id"  [union-attr]
(PaulSonOfLars)tgbot/tg_bot/modules/muting.py:159: error: Item "None" of "Optional[Any]" has no attribute "first_name"  [union-attr]
(PaulSonOfLars)tgbot/tg_bot/modules/muting.py:166: error: Item "None" of "Optional[Any]" has no attribute "id"  [union-attr]
(PaulSonOfLars)tgbot/tg_bot/modules/muting.py:167: error: Item "None" of "Optional[Any]" has no attribute "reply_text"  [union-attr]
(PaulSonOfLars)tgbot/tg_bot/modules/muting.py:170: error: Item "None" of "Optional[Any]" has no attribute "reply_text"  [union-attr]
(PaulSonOfLars)tgbot/tg_bot/modules/muting.py:175: error: Item "None" of "Optional[Any]" has no attribute "reply_text"  [union-attr]
(PaulSonOfLars)tgbot/tg_bot/modules/muting.py:179: error: Item "None" of "Optional[Any]" has no attribute "title"  [union-attr]
(PaulSonOfLars)tgbot/tg_bot/modules/muting.py:179: error: Item "None" of "Optional[Any]" has no attribute "id"  [union-attr]
(PaulSonOfLars)tgbot/tg_bot/modules/muting.py:181: error: Item "None" of "Optional[Any]" has no attribute "reply_text"  [union-attr]
(PaulSonOfLars)tgbot/tg_bot/modules/locks.py:108: error: Item "None" of "Optional[Any]" has no attribute "id"  [union-attr]
(PaulSonOfLars)tgbot/tg_bot/modules/locks.py:109: error: Item "None" of "Optional[Any]" has no attribute "reply_text"  [union-attr]
(PaulSonOfLars)tgbot/tg_bot/modules/locks.py:114: error: Item "None" of "Optional[Any]" has no attribute "title"  [union-attr]
(PaulSonOfLars)tgbot/tg_bot/modules/locks.py:115: error: Item "None" of "Optional[Any]" has no attribute "id"  [union-attr]
(PaulSonOfLars)tgbot/tg_bot/modules/locks.py:115: error: Item "None" of "Optional[Any]" has no attribute "first_name"  [union-attr]
(PaulSonOfLars)tgbot/tg_bot/modules/locks.py:118: error: Item "None" of "Optional[Any]" has no attribute "id"  [union-attr]
(PaulSonOfLars)tgbot/tg_bot/modules/locks.py:120: error: Item "None" of "Optional[Any]" has no attribute "id"  [union-attr]
(PaulSonOfLars)tgbot/tg_bot/modules/locks.py:121: error: Item "None" of "Optional[Any]" has no attribute "id"  [union-attr]
(PaulSonOfLars)tgbot/tg_bot/modules/locks.py:123: error: Item "None" of "Optional[Any]" has no attribute "reply_text"  [union-attr]
(PaulSonOfLars)tgbot/tg_bot/modules/locks.py:127: error: Item "None" of "Optional[Any]" has no attribute "title"  [union-attr]
(PaulSonOfLars)tgbot/tg_bot/modules/locks.py:128: error: Item "None" of "Optional[Any]" has no attribute "id"  [union-attr]
(PaulSonOfLars)tgbot/tg_bot/modules/locks.py:128: error: Item "None" of "Optional[Any]" has no attribute "first_name"  [union-attr]
(PaulSonOfLars)tgbot/tg_bot/modules/locks.py:131: error: Item "None" of "Optional[Any]" has no attribute "reply_text"  [union-attr]
(PaulSonOfLars)tgbot/tg_bot/modules/locks.py:134: error: Item "None" of "Optional[Any]" has no attribute "reply_text"  [union-attr]
(PaulSonOfLars)tgbot/tg_bot/modules/locks.py:146: error: Item "None" of "Optional[Any]" has no attribute "from_user"  [union-attr]
(PaulSonOfLars)tgbot/tg_bot/modules/locks.py:149: error: Item "None" of "Optional[Any]" has no attribute "id"  [union-attr]
(PaulSonOfLars)tgbot/tg_bot/modules/locks.py:150: error: Item "None" of "Optional[Any]" has no attribute "reply_text"  [union-attr]
(PaulSonOfLars)tgbot/tg_bot/modules/locks.py:154: error: Item "None" of "Optional[Any]" has no attribute "title"  [union-attr]
(PaulSonOfLars)tgbot/tg_bot/modules/locks.py:155: error: Item "None" of "Optional[Any]" has no attribute "id"  [union-attr]
(PaulSonOfLars)tgbot/tg_bot/modules/locks.py:155: error: Item "None" of "Optional[Any]" has no attribute "first_name"  [union-attr]
(PaulSonOfLars)tgbot/tg_bot/modules/locks.py:158: error: Item "None" of "Optional[Any]" has no attribute "id"  [union-attr]
(PaulSonOfLars)tgbot/tg_bot/modules/locks.py:176: error: Item "None" of "Optional[Any]" has no attribute "reply_text"  [union-attr]
(PaulSonOfLars)tgbot/tg_bot/modules/locks.py:181: error: Item "None" of "Optional[Any]" has no attribute "title"  [union-attr]
(PaulSonOfLars)tgbot/tg_bot/modules/locks.py:182: error: Item "None" of "Optional[Any]" has no attribute "id"  [union-attr]
(PaulSonOfLars)tgbot/tg_bot/modules/locks.py:182: error: Item "None" of "Optional[Any]" has no attribute "first_name"  [union-attr]
(PaulSonOfLars)tgbot/tg_bot/modules/locks.py:184: error: Item "None" of "Optional[Any]" has no attribute "reply_text"  [union-attr]
(PaulSonOfLars)tgbot/tg_bot/modules/locks.py:187: error: Item "None" of "Optional[Any]" has no attribute "id"  [union-attr]
(PaulSonOfLars)tgbot/tg_bot/modules/locks.py:199: error: Item "None" of "Optional[Any]" has no attribute "id"  [union-attr]
(PaulSonOfLars)tgbot/tg_bot/modules/locks.py:205: error: Item "None" of "Optional[Any]" has no attribute "reply_text"  [union-attr]
(PaulSonOfLars)tgbot/tg_bot/modules/locks.py:209: error: Item "None" of "Optional[Any]" has no attribute "kick_member"  [union-attr]
(PaulSonOfLars)tgbot/tg_bot/modules/locks.py:210: error: Item "None" of "Optional[Any]" has no attribute "reply_text"  [union-attr]
(PaulSonOfLars)tgbot/tg_bot/modules/locks.py:213: error: Item "None" of "Optional[Any]" has no attribute "delete"  [union-attr]
(PaulSonOfLars)tgbot/tg_bot/modules/locks.py:229: error: Item "None" of "Optional[Any]" has no attribute "id"  [union-attr]
(PaulSonOfLars)tgbot/tg_bot/modules/locks.py:231: error: Item "None" of "Optional[Any]" has no attribute "delete"  [union-attr]
(PaulSonOfLars)tgbot/tg_bot/modules/locks.py:279: error: Item "None" of "Optional[Any]" has no attribute "id"  [union-attr]
(PaulSonOfLars)tgbot/tg_bot/modules/log_channel.py:26: error: Item "None" of "Optional[Any]" has no attribute "type"  [union-attr]
(PaulSonOfLars)tgbot/tg_bot/modules/log_channel.py:26: error: Item "None" of "Optional[Any]" has no attribute "SUPERGROUP"  [union-attr]
(PaulSonOfLars)tgbot/tg_bot/modules/log_channel.py:26: error: Item "None" of "Optional[Any]" has no attribute "username"  [union-attr]
(PaulSonOfLars)tgbot/tg_bot/modules/log_channel.py:28: error: Item "None" of "Optional[Any]" has no attribute "username"  [union-attr]
(PaulSonOfLars)tgbot/tg_bot/modules/log_channel.py:29: error: Item "None" of "Optional[Any]" has no attribute "message_id"  [union-attr]
(PaulSonOfLars)tgbot/tg_bot/modules/log_channel.py:30: error: Item "None" of "Optional[Any]" has no attribute "id"  [union-attr]
(PaulSonOfLars)tgbot/tg_bot/modules/log_channel.py:32: error: Item "None" of "Optional[Any]" has no attribute "id"  [union-attr]
(PaulSonOfLars)tgbot/tg_bot/modules/log_channel.py:64: error: Item "None" of "Optional[Any]" has no attribute "id"  [union-attr]
(PaulSonOfLars)tgbot/tg_bot/modules/log_channel.py:67: error: Item "None" of "Optional[Any]" has no attribute "reply_text"  [union-attr]
(PaulSonOfLars)tgbot/tg_bot/modules/log_channel.py:73: error: Item "None" of "Optional[Any]" has no attribute "reply_text"  [union-attr]
(PaulSonOfLars)tgbot/tg_bot/modules/log_channel.py:81: error: Item "None" of "Optional[Any]" has no attribute "type"  [union-attr]
(PaulSonOfLars)tgbot/tg_bot/modules/log_channel.py:81: error: Item "None" of "Optional[Any]" has no attribute "CHANNEL"  [union-attr]
(PaulSonOfLars)tgbot/tg_bot/modules/log_channel.py:82: error: Item "None" of "Optional[Any]" has no attribute "reply_text"  [union-attr]
(PaulSonOfLars)tgbot/tg_bot/modules/log_channel.py:84: error: Item "None" of "Optional[Any]" has no attribute "forward_from_chat"  [union-attr]
(PaulSonOfLars)tgbot/tg_bot/modules/log_channel.py:85: error: Item "None" of "Optional[Any]" has no attribute "id"  [union-attr]
(PaulSonOfLars)tgbot/tg_bot/modules/log_channel.py:85: error: Item "None" of "Optional[Any]" has no attribute "forward_from_chat"  [union-attr]
(PaulSonOfLars)tgbot/tg_bot/modules/log_channel.py:87: error: Item "None" of "Optional[Any]" has no attribute "delete"  [union-attr]
(PaulSonOfLars)tgbot/tg_bot/modules/log_channel.py:95: error: Item "None" of "Optional[Any]" has no attribute "forward_from_chat"  [union-attr]
(PaulSonOfLars)tgbot/tg_bot/modules/log_channel.py:97: error: Item "None" of "Optional[Any]" has no attribute "title"  [union-attr]
(PaulSonOfLars)tgbot/tg_bot/modules/log_channel.py:97: error: Item "None" of "Optional[Any]" has no attribute "first_name"  [union-attr]
(PaulSonOfLars)tgbot/tg_bot/modules/log_channel.py:100: error: Item "None" of "Optional[Any]" has no attribute "id"  [union-attr]
(PaulSonOfLars)tgbot/tg_bot/modules/log_channel.py:104: error: Item "None" of "Optional[Any]" has no attribute "id"  [union-attr]
(PaulSonOfLars)tgbot/tg_bot/modules/log_channel.py:107: error: Item "None" of "Optional[Any]" has no attribute "reply_text"  [union-attr]
(PaulSonOfLars)tgbot/tg_bot/modules/log_channel.py:119: error: Item "None" of "Optional[Any]" has no attribute "id"  [union-attr]
(PaulSonOfLars)tgbot/tg_bot/modules/log_channel.py:121: error: Item "None" of "Optional[Any]" has no attribute "title"  [union-attr]
(PaulSonOfLars)tgbot/tg_bot/modules/log_channel.py:122: error: Item "None" of "Optional[Any]" has no attribute "reply_text"  [union-attr]
(PaulSonOfLars)tgbot/tg_bot/modules/log_channel.py:125: error: Item "None" of "Optional[Any]" has no attribute "reply_text"  [union-attr]
(PaulSonOfLars)tgbot/tg_bot/modules/reporting.py:23: error: Item "None" of "Optional[Any]" has no attribute "type"  [union-attr]
(PaulSonOfLars)tgbot/tg_bot/modules/reporting.py:23: error: Item "None" of "Optional[Any]" has no attribute "PRIVATE"  [union-attr]
(PaulSonOfLars)tgbot/tg_bot/modules/reporting.py:26: error: Item "None" of "Optional[Any]" has no attribute "id"  [union-attr]
(PaulSonOfLars)tgbot/tg_bot/modules/reporting.py:27: error: Item "None" of "Optional[Any]" has no attribute "reply_text"  [union-attr]
(PaulSonOfLars)tgbot/tg_bot/modules/reporting.py:30: error: Item "None" of "Optional[Any]" has no attribute "id"  [union-attr]
(PaulSonOfLars)tgbot/tg_bot/modules/reporting.py:31: error: Item "None" of "Optional[Any]" has no attribute "reply_text"  [union-attr]
(PaulSonOfLars)tgbot/tg_bot/modules/reporting.py:33: error: Item "None" of "Optional[Any]" has no attribute "reply_text"  [union-attr]
(PaulSonOfLars)tgbot/tg_bot/modules/reporting.py:33: error: Item "None" of "Optional[Any]" has no attribute "id"  [union-attr]
(PaulSonOfLars)tgbot/tg_bot/modules/reporting.py:39: error: Item "None" of "Optional[Any]" has no attribute "id"  [union-attr]
(PaulSonOfLars)tgbot/tg_bot/modules/reporting.py:40: error: Item "None" of "Optional[Any]" has no attribute "reply_text"  [union-attr]
(PaulSonOfLars)tgbot/tg_bot/modules/reporting.py:44: error: Item "None" of "Optional[Any]" has no attribute "id"  [union-attr]
(PaulSonOfLars)tgbot/tg_bot/modules/reporting.py:45: error: Item "None" of "Optional[Any]" has no attribute "reply_text"  [union-attr]
(PaulSonOfLars)tgbot/tg_bot/modules/reporting.py:47: error: Item "None" of "Optional[Any]" has no attribute "reply_text"  [union-attr]
(PaulSonOfLars)tgbot/tg_bot/modules/reporting.py:47: error: Item "None" of "Optional[Any]" has no attribute "id"  [union-attr]
(PaulSonOfLars)tgbot/tg_bot/modules/reporting.py:59: error: Item "None" of "Optional[Any]" has no attribute "reply_to_message"  [union-attr]
(PaulSonOfLars)tgbot/tg_bot/modules/reporting.py:60: error: Item "None" of "Optional[Any]" has no attribute "reply_to_message"  [union-attr]
(PaulSonOfLars)tgbot/tg_bot/modules/reporting.py:69: error: Item "None" of "Optional[Any]" has no attribute "id"  [union-attr]
(PaulSonOfLars)tgbot/tg_bot/modules/reporting.py:70: error: Item "None" of "Optional[Any]" has no attribute "first_name"  [union-attr]
(PaulSonOfLars)tgbot/tg_bot/modules/reporting.py:71: error: Item "None" of "Optional[Any]" has no attribute "id"  [union-attr]
(PaulSonOfLars)tgbot/tg_bot/modules/reporting.py:72: error: Item "None" of "Optional[Any]" has no attribute "id"  [union-attr]
(PaulSonOfLars)tgbot/tg_bot/modules/reporting.py:73: error: Item "None" of "Optional[Any]" has no attribute "first_name"  [union-attr]
(PaulSonOfLars)tgbot/tg_bot/modules/reporting.py:74: error: Item "None" of "Optional[Any]" has no attribute "id"  [union-attr]
(PaulSonOfLars)tgbot/tg_bot/modules/reporting.py:76: error: Item "None" of "Optional[Any]" has no attribute "message_id"  [union-attr]
(PaulSonOfLars)tgbot/tg_bot/modules/reporting.py:81: error: Item "None" of "Optional[Any]" has no attribute "id"  [union-attr]
(PaulSonOfLars)tgbot/tg_bot/modules/reporting.py:81: error: Item "None" of "Optional[Any]" has no attribute "first_name"  [union-attr]
(PaulSonOfLars)tgbot/tg_bot/modules/reporting.py:95: error: Item "None" of "Optional[Any]" has no attribute "reply_to_message"  [union-attr]
(PaulSonOfLars)tgbot/tg_bot/modules/reporting.py:97: error: Item "None" of "Optional[Any]" has no attribute "text"  [union-attr]
(PaulSonOfLars)tgbot/tg_bot/modules/reporting.py:98: error: Item "None" of "Optional[Any]" has no attribute "forward"  [union-attr]
(PaulSonOfLars)tgbot/tg_bot/modules/userinfo.py:23: error: Item "None" of "Optional[Any]" has no attribute "from_user"  [union-attr]
(PaulSonOfLars)tgbot/tg_bot/modules/userinfo.py:30: error: Item "None" of "Optional[Any]" has no attribute "reply_to_message"  [union-attr]
(PaulSonOfLars)tgbot/tg_bot/modules/userinfo.py:31: error: Item "None" of "Optional[Any]" has no attribute "reply_to_message"  [union-attr]
(PaulSonOfLars)tgbot/tg_bot/modules/userinfo.py:40: error: Item "None" of "Optional[Any]" has no attribute "from_user"  [union-attr]
(PaulSonOfLars)tgbot/tg_bot/modules/userinfo.py:41: error: Item "None" of "Optional[Any]" has no attribute "text"  [union-attr]
(PaulSonOfLars)tgbot/tg_bot/modules/userinfo.py:46: error: Item "None" of "Optional[Any]" has no attribute "reply_text"  [union-attr]
(PaulSonOfLars)tgbot/tg_bot/modules/userinfo.py:48: error: Item "None" of "Optional[Any]" has no attribute "reply_text"  [union-attr]
(PaulSonOfLars)tgbot/tg_bot/modules/userinfo.py:60: error: Item "None" of "Optional[Any]" has no attribute "from_user"  [union-attr]
(PaulSonOfLars)tgbot/tg_bot/modules/userinfo.py:67: error: Item "None" of "Optional[Any]" has no attribute "reply_to_message"  [union-attr]
(PaulSonOfLars)tgbot/tg_bot/modules/userinfo.py:78: error: Item "None" of "Optional[Any]" has no attribute "reply_to_message"  [union-attr]
(PaulSonOfLars)tgbot/tg_bot/modules/userinfo.py:79: error: Item "None" of "Optional[Any]" has no attribute "reply_to_message"  [union-attr]
(PaulSonOfLars)tgbot/tg_bot/modules/userinfo.py:81: error: Item "None" of "Optional[Any]" has no attribute "from_user"  [union-attr]
(PaulSonOfLars)tgbot/tg_bot/modules/userinfo.py:82: error: Item "None" of "Optional[Any]" has no attribute "reply_text"  [union-attr]
(PaulSonOfLars)tgbot/tg_bot/modules/userinfo.py:84: error: Item "None" of "Optional[Any]" has no attribute "id"  [union-attr]
(PaulSonOfLars)tgbot/tg_bot/modules/userinfo.py:85: error: Item "None" of "Optional[Any]" has no attribute "reply_text"  [union-attr]
(PaulSonOfLars)tgbot/tg_bot/modules/userinfo.py:88: error: Item "None" of "Optional[Any]" has no attribute "text"  [union-attr]
(PaulSonOfLars)tgbot/tg_bot/modules/userinfo.py:93: error: Item "None" of "Optional[Any]" has no attribute "reply_text"  [union-attr]
(PaulSonOfLars)tgbot/tg_bot/modules/userinfo.py:95: error: Item "None" of "Optional[Any]" has no attribute "reply_text"  [union-attr]
(PaulSonOfLars)tgbot/tg_bot/modules/userinfo.py:99: error: Item "None" of "Optional[Any]" has no attribute "reply_text"  [union-attr]
(PaulSonOfLars)tgbot/tg_bot/modules/userinfo.py:108: error: Not all arguments converted during string formatting  [str-format]
(PaulSonOfLars)tgbot/tg_bot/modules/userinfo.py:110: error: Not all arguments converted during string formatting  [str-format]
(PaulSonOfLars)tgbot/tg_bot/modules/admin.py:31: error: Item "None" of "Optional[Any]" has no attribute "reply_text"  [union-attr]
(PaulSonOfLars)tgbot/tg_bot/modules/admin.py:34: error: Item "None" of "Optional[Any]" has no attribute "get_member"  [union-attr]
(PaulSonOfLars)tgbot/tg_bot/modules/admin.py:36: error: Item "None" of "Optional[Any]" has no attribute "reply_text"  [union-attr]
(PaulSonOfLars)tgbot/tg_bot/modules/admin.py:40: error: Item "None" of "Optional[Any]" has no attribute "reply_text"  [union-attr]
(PaulSonOfLars)tgbot/tg_bot/modules/admin.py:44: error: Item "None" of "Optional[Any]" has no attribute "get_member"  [union-attr]
(PaulSonOfLars)tgbot/tg_bot/modules/admin.py:56: error: Item "None" of "Optional[Any]" has no attribute "reply_text"  [union-attr]
(PaulSonOfLars)tgbot/tg_bot/modules/admin.py:60: error: Item "None" of "Optional[Any]" has no attribute "title"  [union-attr]
(PaulSonOfLars)tgbot/tg_bot/modules/admin.py:61: error: Item "None" of "Optional[Any]" has no attribute "id"  [union-attr]
(PaulSonOfLars)tgbot/tg_bot/modules/admin.py:61: error: Item "None" of "Optional[Any]" has no attribute "first_name"  [union-attr]
(PaulSonOfLars)tgbot/tg_bot/modules/admin.py:77: error: Item "None" of "Optional[Any]" has no attribute "reply_text"  [union-attr]
(PaulSonOfLars)tgbot/tg_bot/modules/admin.py:80: error: Item "None" of "Optional[Any]" has no attribute "get_member"  [union-attr]
(PaulSonOfLars)tgbot/tg_bot/modules/admin.py:82: error: Item "None" of "Optional[Any]" has no attribute "reply_text"  [union-attr]
(PaulSonOfLars)tgbot/tg_bot/modules/admin.py:86: error: Item "None" of "Optional[Any]" has no attribute "reply_text"  [union-attr]
(PaulSonOfLars)tgbot/tg_bot/modules/admin.py:90: error: Item "None" of "Optional[Any]" has no attribute "reply_text"  [union-attr]
(PaulSonOfLars)tgbot/tg_bot/modules/admin.py:94: error: Item "None" of "Optional[Any]" has no attribute "id"  [union-attr]
(PaulSonOfLars)tgbot/tg_bot/modules/admin.py:103: error: Item "None" of "Optional[Any]" has no attribute "reply_text"  [union-attr]
(PaulSonOfLars)tgbot/tg_bot/modules/admin.py:107: error: Item "None" of "Optional[Any]" has no attribute "title"  [union-attr]
(PaulSonOfLars)tgbot/tg_bot/modules/admin.py:108: error: Item "None" of "Optional[Any]" has no attribute "id"  [union-attr]
(PaulSonOfLars)tgbot/tg_bot/modules/admin.py:108: error: Item "None" of "Optional[Any]" has no attribute "first_name"  [union-attr]
(PaulSonOfLars)tgbot/tg_bot/modules/admin.py:112: error: Item "None" of "Optional[Any]" has no attribute "reply_text"  [union-attr]
(PaulSonOfLars)tgbot/tg_bot/modules/admin.py:126: error: Item "None" of "Optional[Any]" has no attribute "type"  [union-attr]
(PaulSonOfLars)tgbot/tg_bot/modules/admin.py:136: error: Item "None" of "Optional[Any]" has no attribute "id"  [union-attr]
(PaulSonOfLars)tgbot/tg_bot/modules/admin.py:144: error: Item "None" of "Optional[Any]" has no attribute "title"  [union-attr]
(PaulSonOfLars)tgbot/tg_bot/modules/admin.py:144: error: Item "None" of "Optional[Any]" has no attribute "id"  [union-attr]
(PaulSonOfLars)tgbot/tg_bot/modules/admin.py:144: error: Item "None" of "Optional[Any]" has no attribute "first_name"  [union-attr]
(PaulSonOfLars)tgbot/tg_bot/modules/admin.py:169: error: Item "None" of "Optional[Any]" has no attribute "id"  [union-attr]
(PaulSonOfLars)tgbot/tg_bot/modules/admin.py:169: error: Item "None" of "Optional[Any]" has no attribute "first_name"  [union-attr]
(PaulSonOfLars)tgbot/tg_bot/modules/admin.py:177: error: Item "None" of "Optional[Any]" has no attribute "username"  [union-attr]
(PaulSonOfLars)tgbot/tg_bot/modules/admin.py:178: error: Item "None" of "Optional[Any]" has no attribute "username"  [union-attr]
(PaulSonOfLars)tgbot/tg_bot/modules/admin.py:179: error: Item "None" of "Optional[Any]" has no attribute "type"  [union-attr]
(PaulSonOfLars)tgbot/tg_bot/modules/admin.py:179: error: Item "None" of "Optional[Any]" has no attribute "SUPERGROUP"  [union-attr]
(PaulSonOfLars)tgbot/tg_bot/modules/admin.py:179: error: Item "None" of "Optional[Any]" has no attribute "CHANNEL"  [union-attr]
(PaulSonOfLars)tgbot/tg_bot/modules/admin.py:180: error: Item "None" of "Optional[Any]" has no attribute "get_member"  [union-attr]
(PaulSonOfLars)tgbot/tg_bot/modules/admin.py:182: error: Item "None" of "Optional[Any]" has no attribute "id"  [union-attr]
(PaulSonOfLars)tgbot/tg_bot/modules/helper_funcs/string_handling.py:118: error: Syntax error in type annotation  [syntax]
(PaulSonOfLars)tgbot/tg_bot/modules/helper_funcs/string_handling.py:118: note: Suggestion: Use Tuple[T1, ..., Tn] instead of (T1, ..., Tn)
(PaulSonOfLars)tgbot/tg_bot/modules/cust_filters.py:27: error: Item "None" of "Optional[Any]" has no attribute "id"  [union-attr]
(PaulSonOfLars)tgbot/tg_bot/modules/cust_filters.py:51: error: Item "None" of "Optional[Any]" has no attribute "text"  [union-attr]
(PaulSonOfLars)tgbot/tg_bot/modules/cust_filters.py:72: error: Item "None" of "Optional[Any]" has no attribute "text"  [union-attr]
(PaulSonOfLars)tgbot/tg_bot/modules/cust_filters.py:73: error: Item "None" of "Optional[Any]" has no attribute "parse_entities"  [union-attr]
(PaulSonOfLars)tgbot/tg_bot/modules/cust_filters.py:76: error: Item "None" of "Optional[Any]" has no attribute "reply_text"  [union-attr]
(PaulSonOfLars)tgbot/tg_bot/modules/cust_filters.py:79: error: Item "None" of "Optional[Any]" has no attribute "reply_to_message"  [union-attr]
(PaulSonOfLars)tgbot/tg_bot/modules/cust_filters.py:80: error: Item "None" of "Optional[Any]" has no attribute "reply_to_message"  [union-attr]
(PaulSonOfLars)tgbot/tg_bot/modules/cust_filters.py:83: error: Item "None" of "Optional[Any]" has no attribute "reply_to_message"  [union-attr]
(PaulSonOfLars)tgbot/tg_bot/modules/cust_filters.py:84: error: Item "None" of "Optional[Any]" has no attribute "reply_to_message"  [union-attr]
(PaulSonOfLars)tgbot/tg_bot/modules/cust_filters.py:87: error: Item "None" of "Optional[Any]" has no attribute "reply_to_message"  [union-attr]
(PaulSonOfLars)tgbot/tg_bot/modules/cust_filters.py:88: error: Item "None" of "Optional[Any]" has no attribute "reply_to_message"  [union-attr]
(PaulSonOfLars)tgbot/tg_bot/modules/cust_filters.py:91: error: Item "None" of "Optional[Any]" has no attribute "reply_to_message"  [union-attr]
(PaulSonOfLars)tgbot/tg_bot/modules/cust_filters.py:92: error: Item "None" of "Optional[Any]" has no attribute "reply_to_message"  [union-attr]
(PaulSonOfLars)tgbot/tg_bot/modules/cust_filters.py:95: error: Item "None" of "Optional[Any]" has no attribute "reply_to_message"  [union-attr]
(PaulSonOfLars)tgbot/tg_bot/modules/cust_filters.py:96: error: Item "None" of "Optional[Any]" has no attribute "reply_to_message"  [union-attr]
(PaulSonOfLars)tgbot/tg_bot/modules/cust_filters.py:99: error: Item "None" of "Optional[Any]" has no attribute "reply_to_message"  [union-attr]
(PaulSonOfLars)tgbot/tg_bot/modules/cust_filters.py:100: error: Item "None" of "Optional[Any]" has no attribute "reply_to_message"  [union-attr]
(PaulSonOfLars)tgbot/tg_bot/modules/cust_filters.py:104: error: Item "None" of "Optional[Any]" has no attribute "reply_text"  [union-attr]
(PaulSonOfLars)tgbot/tg_bot/modules/cust_filters.py:110: error: Item "None" of "Optional[Any]" has no attribute "id"  [union-attr]
(PaulSonOfLars)tgbot/tg_bot/modules/cust_filters.py:113: error: Item "None" of "Optional[Any]" has no attribute "id"  [union-attr]
(PaulSonOfLars)tgbot/tg_bot/modules/cust_filters.py:116: error: Item "None" of "Optional[Any]" has no attribute "reply_text"  [union-attr]
(PaulSonOfLars)tgbot/tg_bot/modules/cust_filters.py:129: error: Item "None" of "Optional[Any]" has no attribute "id"  [union-attr]
(PaulSonOfLars)tgbot/tg_bot/modules/cust_filters.py:137: error: Item "None" of "Optional[Any]" has no attribute "id"  [union-attr]
(PaulSonOfLars)tgbot/tg_bot/modules/cust_filters.py:152: error: Item "None" of "Optional[Any]" has no attribute "id"  [union-attr]
(PaulSonOfLars)tgbot/tg_bot/modules/cust_filters.py:156: error: Item "None" of "Optional[Any]" has no attribute "id"  [union-attr]
(PaulSonOfLars)tgbot/tg_bot/modules/cust_filters.py:158: error: Item "None" of "Optional[Any]" has no attribute "reply_sticker"  [union-attr]
(PaulSonOfLars)tgbot/tg_bot/modules/cust_filters.py:160: error: Item "None" of "Optional[Any]" has no attribute "reply_document"  [union-attr]
(PaulSonOfLars)tgbot/tg_bot/modules/cust_filters.py:162: error: Item "None" of "Optional[Any]" has no attribute "reply_photo"  [union-attr]
(PaulSonOfLars)tgbot/tg_bot/modules/cust_filters.py:164: error: Item "None" of "Optional[Any]" has no attribute "reply_audio"  [union-attr]
(PaulSonOfLars)tgbot/tg_bot/modules/cust_filters.py:166: error: Item "None" of "Optional[Any]" has no attribute "reply_voice"  [union-attr]
(PaulSonOfLars)tgbot/tg_bot/modules/cust_filters.py:168: error: Item "None" of "Optional[Any]" has no attribute "reply_video"  [union-attr]
(PaulSonOfLars)tgbot/tg_bot/modules/cust_filters.py:170: error: Item "None" of "Optional[Any]" has no attribute "id"  [union-attr]
(PaulSonOfLars)tgbot/tg_bot/modules/cust_filters.py:175: error: Item "None" of "Optional[Any]" has no attribute "reply_text"  [union-attr]
(PaulSonOfLars)tgbot/tg_bot/modules/cust_filters.py:180: error: Item "None" of "Optional[Any]" has no attribute "reply_text"  [union-attr]
(PaulSonOfLars)tgbot/tg_bot/modules/cust_filters.py:184: error: Item "None" of "Optional[Any]" has no attribute "id"  [union-attr]
(PaulSonOfLars)tgbot/tg_bot/modules/cust_filters.py:188: error: Item "None" of "Optional[Any]" has no attribute "reply_text"  [union-attr]
(PaulSonOfLars)tgbot/tg_bot/modules/cust_filters.py:191: error: Item "None" of "Optional[Any]" has no attribute "id"  [union-attr]
(PaulSonOfLars)tgbot/tg_bot/modules/cust_filters.py:195: error: Item "None" of "Optional[Any]" has no attribute "reply_text"  [union-attr]
(PaulSonOfLars)tgbot/tg_bot/modules/notes.py:139: error: Item "None" of "Optional[Any]" has no attribute "reply_text"  [union-attr]
(PaulSonOfLars)tgbot/tg_bot/modules/notes.py:147: error: Item "None" of "Optional[Any]" has no attribute "reply_text"  [union-attr]
(PaulSonOfLars)tgbot/tg_bot/modules/notes.py:150: error: Item "None" of "Optional[Any]" has no attribute "reply_to_message"  [union-attr]
(PaulSonOfLars)tgbot/tg_bot/modules/notes.py:152: error: Item "None" of "Optional[Any]" has no attribute "reply_text"  [union-attr]
(PaulSonOfLars)tgbot/tg_bot/modules/notes.py:157: error: Item "None" of "Optional[Any]" has no attribute "reply_text"  [union-attr]
(PaulSonOfLars)tgbot/tg_bot/modules/blacklist.py:26: error: Item "None" of "Optional[Any]" has no attribute "id"  [union-attr]
(PaulSonOfLars)tgbot/tg_bot/modules/blacklist.py:40: error: Item "None" of "Optional[Any]" has no attribute "reply_text"  [union-attr]
(PaulSonOfLars)tgbot/tg_bot/modules/blacklist.py:42: error: Item "None" of "Optional[Any]" has no attribute "reply_text"  [union-attr]
(PaulSonOfLars)tgbot/tg_bot/modules/blacklist.py:50: error: Item "None" of "Optional[Any]" has no attribute "text"  [union-attr]
(PaulSonOfLars)tgbot/tg_bot/modules/blacklist.py:55: error: Item "None" of "Optional[Any]" has no attribute "id"  [union-attr]
(PaulSonOfLars)tgbot/tg_bot/modules/blacklist.py:58: error: Item "None" of "Optional[Any]" has no attribute "reply_text"  [union-attr]
(PaulSonOfLars)tgbot/tg_bot/modules/blacklist.py:62: error: Item "None" of "Optional[Any]" has no attribute "reply_text"  [union-attr]
(PaulSonOfLars)tgbot/tg_bot/modules/blacklist.py:66: error: Item "None" of "Optional[Any]" has no attribute "reply_text"  [union-attr]
(PaulSonOfLars)tgbot/tg_bot/modules/blacklist.py:74: error: Item "None" of "Optional[Any]" has no attribute "text"  [union-attr]
(PaulSonOfLars)tgbot/tg_bot/modules/blacklist.py:80: error: Item "None" of "Optional[Any]" has no attribute "id"  [union-attr]
(PaulSonOfLars)tgbot/tg_bot/modules/blacklist.py:86: error: Item "None" of "Optional[Any]" has no attribute "reply_text"  [union-attr]
(PaulSonOfLars)tgbot/tg_bot/modules/blacklist.py:89: error: Item "None" of "Optional[Any]" has no attribute "reply_text"  [union-attr]
(PaulSonOfLars)tgbot/tg_bot/modules/blacklist.py:92: error: Item "None" of "Optional[Any]" has no attribute "reply_text"  [union-attr]
(PaulSonOfLars)tgbot/tg_bot/modules/blacklist.py:97: error: Item "None" of "Optional[Any]" has no attribute "reply_text"  [union-attr]
(PaulSonOfLars)tgbot/tg_bot/modules/blacklist.py:98: error: Not all arguments converted during string formatting  [str-format]
(PaulSonOfLars)tgbot/tg_bot/modules/blacklist.py:102: error: Item "None" of "Optional[Any]" has no attribute "reply_text"  [union-attr]
(PaulSonOfLars)tgbot/tg_bot/modules/blacklist.py:107: error: Item "None" of "Optional[Any]" has no attribute "reply_text"  [union-attr]
(PaulSonOfLars)tgbot/tg_bot/modules/blacklist.py:119: error: Item "None" of "Optional[Any]" has no attribute "id"  [union-attr]
(PaulSonOfLars)tgbot/tg_bot/modules/blacklist.py:124: error: Item "None" of "Optional[Any]" has no attribute "delete"  [union-attr]
(PaulSonOfLars)tgbot/tg_bot/modules/backups.py:21: error: Item "None" of "Optional[Any]" has no attribute "reply_to_message"  [union-attr]
(PaulSonOfLars)tgbot/tg_bot/modules/backups.py:23: error: Item "None" of "Optional[Any]" has no attribute "reply_to_message"  [union-attr]
(PaulSonOfLars)tgbot/tg_bot/modules/backups.py:25: error: Item "None" of "Optional[Any]" has no attribute "reply_text"  [union-attr]
(PaulSonOfLars)tgbot/tg_bot/modules/backups.py:35: error: Item "None" of "Optional[Any]" has no attribute "id"  [union-attr]
(PaulSonOfLars)tgbot/tg_bot/modules/backups.py:36: error: Item "None" of "Optional[Any]" has no attribute "reply_text"  [union-attr]
(PaulSonOfLars)tgbot/tg_bot/modules/backups.py:41: error: Item "None" of "Optional[Any]" has no attribute "id"  [union-attr]
(PaulSonOfLars)tgbot/tg_bot/modules/backups.py:42: error: Item "None" of "Optional[Any]" has no attribute "id"  [union-attr]
(PaulSonOfLars)tgbot/tg_bot/modules/backups.py:48: error: Item "None" of "Optional[Any]" has no attribute "id"  [union-attr]
(PaulSonOfLars)tgbot/tg_bot/modules/backups.py:50: error: Item "None" of "Optional[Any]" has no attribute "reply_text"  [union-attr]
(PaulSonOfLars)tgbot/tg_bot/modules/backups.py:54: error: Item "None" of "Optional[Any]" has no attribute "id"  [union-attr]
(PaulSonOfLars)tgbot/tg_bot/modules/backups.py:54: error: Item "None" of "Optional[Any]" has no attribute "title"  [union-attr]
(PaulSonOfLars)tgbot/tg_bot/modules/backups.py:59: error: Item "None" of "Optional[Any]" has no attribute "reply_text"  [union-attr]
(PaulSonOfLars)tgbot/tg_bot/modules/backups.py:66: error: Item "None" of "Optional[Any]" has no attribute "reply_text"  [union-attr]
Found 405 errors in 28 files (checked 45 source files)

[RRepo](QubesOS)qubes-core-admin
(QubesOS)qubes-core-admin/qubes/tests/api.py: error: Duplicate module named 'api' (also at '/home/bew/archive/typed_project/(QubesOS)qubes-core-admin/qubes/api/__init__.py')  [misc]
Found 1 error in 1 file (checked 51 source files)

[RRepo](tensorflow)model-analysis
(tensorflow)model-analysis/tensorflow_model_analysis/notebook/jupyter/tfma_widget/widget.py:35: error: Need type annotation for 'event_handlers' (hint: "event_handlers: Dict[<type>, <type>] = ...")  [var-annotated]
(tensorflow)model-analysis/tensorflow_model_analysis/view/util.py:141: error: Incompatible return value type (got "List[Dict[str, Union[Dict[str, Any], str]]]", expected "List[Dict[str, Union[Dict[Union[float, str], Any], str]]]")  [return-value]
(tensorflow)model-analysis/tensorflow_model_analysis/view/util.py:194: error: Invalid index type "str" for "Union[Dict[str, Any], str]"; expected type "Union[int, slice]"  [index]
(tensorflow)model-analysis/tensorflow_model_analysis/view/util.py:195: error: Invalid index type "str" for "Union[Dict[str, Any], str]"; expected type "Union[int, slice]"  [index]
(tensorflow)model-analysis/tensorflow_model_analysis/view/util.py:195: error: Invalid index type "str" for "Union[Any, str]"; expected type "Union[int, slice]"  [index]
(tensorflow)model-analysis/tensorflow_model_analysis/view/util.py:200: error: Invalid index type "Union[Any, str]" for "Union[Any, str]"; expected type "Union[int, slice]"  [index]
(tensorflow)model-analysis/tensorflow_model_analysis/view/util.py:253: error: Item "str" of "Union[Dict[str, Any], str]" has no attribute "items"  [union-attr]
(tensorflow)model-analysis/tensorflow_model_analysis/eval_saved_model/example_trainers/util.py:23: error: Module 'tensorflow_model_analysis.eval_saved_model' has no attribute 'export'  [attr-defined]
(tensorflow)model-analysis/tensorflow_model_analysis/eval_saved_model/example_trainers/util.py:24: error: Module 'tensorflow_model_analysis.eval_saved_model' has no attribute 'util'  [attr-defined]
(tensorflow)model-analysis/tensorflow_model_analysis/evaluators/query_metrics/query_statistics.py:22: error: Module 'tensorflow_model_analysis.evaluators.query_metrics' has no attribute 'query_types'  [attr-defined]
(tensorflow)model-analysis/tensorflow_model_analysis/evaluators/query_metrics/ndcg.py:33: error: Module 'tensorflow_model_analysis.evaluators.query_metrics' has no attribute 'query_types'  [attr-defined]
(tensorflow)model-analysis/tensorflow_model_analysis/evaluators/query_metrics/min_label_position.py:28: error: Module 'tensorflow_model_analysis.eval_saved_model' has no attribute 'constants'  [attr-defined]
(tensorflow)model-analysis/tensorflow_model_analysis/evaluators/query_metrics/min_label_position.py:29: error: Module 'tensorflow_model_analysis.eval_saved_model' has no attribute 'util'  [attr-defined]
(tensorflow)model-analysis/tensorflow_model_analysis/evaluators/query_metrics/min_label_position.py:30: error: Module 'tensorflow_model_analysis.evaluators.query_metrics' has no attribute 'query_types'  [attr-defined]
(tensorflow)model-analysis/tensorflow_model_analysis/eval_saved_model/example_trainers/fake_sequence_to_prediction.py:82: error: Module 'tensorflow_model_analysis.eval_saved_model' has no attribute 'export'  [attr-defined]
(tensorflow)model-analysis/tensorflow_model_analysis/eval_saved_model/example_trainers/fake_sequence_to_prediction.py:83: error: Module 'tensorflow_model_analysis.eval_saved_model' has no attribute 'util'  [attr-defined]

[RRepo](Pelagicore)qface
(Pelagicore)qface/qface/idl/listener.py:88: error: misplaced type annotation  [syntax]
Found 1 error in 1 file (checked 27 source files)

[RRepo](LonamiWebs)Telethon
(LonamiWebs)Telethon/telethon/events/common.py:6: error: No parent module -- cannot perform relative import  [misc]
Found 1 error in 1 file (checked 50 source files)

[RRepo](mdovgialo)steam-vr-wheel
(mdovgialo)steam-vr-wheel/steam_vr_wheel/pyvjoy/_wrapper.py:98: error: Name 'SetBtn' already defined on line 68  [no-redef]
(mdovgialo)steam-vr-wheel/steam_vr_wheel/pyvjoy/_sdk.py:117: error: Name 'SetBtn' already defined on line 70  [no-redef]

[RRepo](anokata)pythonPetProjects
(anokata)pythonPetProjects/patterns/strategy.py:4: error: Missing parentheses in call to 'print'. Did you mean print("swimimg")?  [syntax]
Found 1 error in 1 file (checked 175 source files)

[RRepo](MTB90)CUDA_Blocked_Floyd-Warshall
(MTB90)CUDA_Blocked_Floyd-Warshall/test/test_apsp/helpers.py:22: error: List item 2 has incompatible type "APSP"; expected "Union[bytes, str, _PathLike[Any]]"  [list-item]
(MTB90)CUDA_Blocked_Floyd-Warshall/test/test_apsp/helpers.py:128: error: No overload variant of "__setitem__" of "list" matches argument types "int", "List[int]"  [call-overload]
(MTB90)CUDA_Blocked_Floyd-Warshall/test/test_apsp/helpers.py:128: note: Possible overload variants:
(MTB90)CUDA_Blocked_Floyd-Warshall/test/test_apsp/helpers.py:128: note:     def __setitem__(self, int, None) -> None
(MTB90)CUDA_Blocked_Floyd-Warshall/test/test_apsp/helpers.py:128: note:     def __setitem__(self, slice, Iterable[None]) -> None
(MTB90)CUDA_Blocked_Floyd-Warshall/test/test_apsp/helpers.py:131: error: "None" has no attribute "append"  [attr-defined]
(MTB90)CUDA_Blocked_Floyd-Warshall/test/test_apsp/helpers.py:142: error: No overload variant of "__setitem__" of "list" matches argument types "int", "List[int]"  [call-overload]
(MTB90)CUDA_Blocked_Floyd-Warshall/test/test_apsp/helpers.py:142: note: Possible overload variants:
(MTB90)CUDA_Blocked_Floyd-Warshall/test/test_apsp/helpers.py:142: note:     def __setitem__(self, int, None) -> None
(MTB90)CUDA_Blocked_Floyd-Warshall/test/test_apsp/helpers.py:142: note:     def __setitem__(self, slice, Iterable[None]) -> None
(MTB90)CUDA_Blocked_Floyd-Warshall/test/test_apsp/helpers.py:143: error: "None" has no attribute "insert"  [attr-defined]
(MTB90)CUDA_Blocked_Floyd-Warshall/test/test_apsp/helpers.py:145: error: Unsupported target for indexed assignment  [index]
Found 6 errors in 1 file (checked 2 source files)

[RRepo](zynthian)zynthian-ui
(zynthian)zynthian-ui/zyngine/zynthian_midi_filter.py:53: error: Argument 1 to "append" of "list" has incompatible type "Optional[str]"; expected "str"  [arg-type]
(zynthian)zynthian-ui/zyngine/zynthian_midi_filter.py:330: error: Name 'zyncoder' is not defined  [name-defined]
Found 2 errors in 1 file (checked 6 source files)

[RRepo](janvanrijn)openml-pimp
(janvanrijn)openml-pimp/examples/plot/run_pimp_across_datasets.py:17: error: Argument 1 to "getfile" has incompatible type "Optional[FrameType]"; expected "Union[Module, Type[Any], MethodType, FunctionType, TracebackType, FrameType, CodeType, Callable[..., Any]]"  [arg-type]
(janvanrijn)openml-pimp/examples/plot/run_pimp_across_datasets.py:68: error: Incompatible types in assignment (expression has type "str", variable has type "float")  [assignment]
(janvanrijn)openml-pimp/examples/plot/random_search_verification.py:46: error: Need type annotation for 'task_missing'  [var-annotated]
(janvanrijn)openml-pimp/examples/plot/random_search_verification.py:96: error: Incompatible types in string interpolation (expression has type "None", placeholder has type "Union[int, float, SupportsInt]")  [str-format]
(janvanrijn)openml-pimp/examples/plot/plot_fanova_marginals.py:121: error: Tuple index out of range  [misc]
(janvanrijn)openml-pimp/examples/plot/priors_vs_uniform_violin.py:174: error: Need type annotation for 'priors_results_test'  [var-annotated]
(janvanrijn)openml-pimp/examples/plot/priors_vs_uniform_violin.py:175: error: Need type annotation for 'priors_results_valid'  [var-annotated]
(janvanrijn)openml-pimp/examples/plot/priors_vs_uniform_violin.py:176: error: Need type annotation for 'defaults_results'  [var-annotated]
(janvanrijn)openml-pimp/examples/plot/priors_vs_uniform_violin.py:219: error: Incompatible types in assignment (expression has type "int", variable has type "str")  [assignment]
Found 9 errors in 4 files (checked 32 source files)

[RRepo](Abjad)ide
(Abjad)ide/ide/test/test_AbjadIDE_interpret_preface_tex.py:3: error: Module has no attribute "AbjadIDE"  [attr-defined]
(Abjad)ide/ide/test/test_AbjadIDE_color_persistent_indicators.py:5: error: Module has no attribute "AbjadIDE"  [attr-defined]
(Abjad)ide/ide/test/test_AbjadIDE_get.py:4: error: Module has no attribute "AbjadIDE"  [attr-defined]
(Abjad)ide/ide/test/test_AbjadIDE_make_illustration_pdf.py:4: error: Module has no attribute "AbjadIDE"  [attr-defined]
(Abjad)ide/ide/test/test_AbjadIDE_edit_all.py:4: error: Module has no attribute "AbjadIDE"  [attr-defined]
(Abjad)ide/ide/test/test_AbjadIDE_go_to_materials_directory.py:3: error: Module has no attribute "AbjadIDE"  [attr-defined]
(Abjad)ide/ide/test/test_AbjadIDE_color_dynamics.py:5: error: Module has no attribute "AbjadIDE"  [attr-defined]
(Abjad)ide/ide/test/test_AbjadIDE_edit_layout_py.py:3: error: Module has no attribute "AbjadIDE"  [attr-defined]
(Abjad)ide/ide/test/test_AbjadIDE_interpret_illustration_ly.py:3: error: Module has no attribute "AbjadIDE"  [attr-defined]
(Abjad)ide/ide/test/test_AbjadIDE_interpret_music_ly.py:3: error: Module has no attribute "AbjadIDE"  [attr-defined]
(Abjad)ide/ide/test/test_AbjadIDE_hop_to_next_score.py:3: error: Module has no attribute "AbjadIDE"  [attr-defined]
(Abjad)ide/ide/test/test_AbjadIDE_go_to_directory.py:3: error: Module has no attribute "AbjadIDE"  [attr-defined]
(Abjad)ide/ide/test/test_AbjadIDE_git_push.py:3: error: Module has no attribute "AbjadIDE"  [attr-defined]
(Abjad)ide/ide/test/test_AbjadIDE_interpret_back_cover_tex.py:5: error: Module has no attribute "AbjadIDE"  [attr-defined]
(Abjad)ide/ide/test/test_AbjadIDE_collect_segments.py:3: error: Module has no attribute "AbjadIDE"  [attr-defined]
(Abjad)ide/ide/test/test_AbjadIDE_edit_external_file.py:3: error: Module has no attribute "AbjadIDE"  [attr-defined]
(Abjad)ide/ide/test/test_AbjadIDE_open_all_pdfs.py:3: error: Module has no attribute "AbjadIDE"  [attr-defined]
(Abjad)ide/ide/test/test_AbjadIDE_show_figure_names.py:4: error: Module has no attribute "AbjadIDE"  [attr-defined]
(Abjad)ide/ide/test/test_AbjadIDE_go_to_segments_directory.py:3: error: Module has no attribute "AbjadIDE"  [attr-defined]
(Abjad)ide/ide/test/test_AbjadIDE_check_definition_py.py:3: error: Module has no attribute "AbjadIDE"  [attr-defined]
(Abjad)ide/ide/test/test_AbjadIDE_edit_illustration_ly.py:3: error: Module has no attribute "AbjadIDE"  [attr-defined]
(Abjad)ide/ide/test/test_AbjadIDE_go_to_contents_directory.py:3: error: Module has no attribute "AbjadIDE"  [attr-defined]
(Abjad)ide/ide/test/test_AbjadIDE_edit_definition_py.py:3: error: Module has no attribute "AbjadIDE"  [attr-defined]
(Abjad)ide/ide/test/test_AbjadIDE_generate_stylesheet_ily.py:3: error: Module has no attribute "AbjadIDE"  [attr-defined]
(Abjad)ide/ide/test/test_AbjadIDE_edit_score_tex.py:3: error: Module has no attribute "AbjadIDE"  [attr-defined]
(Abjad)ide/ide/test/test_AbjadIDE_edit_preface_tex.py:3: error: Module has no attribute "AbjadIDE"  [attr-defined]
(Abjad)ide/ide/test/test_AbjadIDE_trash_preface_pdf.py:3: error: Module has no attribute "AbjadIDE"  [attr-defined]
(Abjad)ide/ide/test/test_AbjadIDE_paste_from_clipboard.py:3: error: Module has no attribute "AbjadIDE"  [attr-defined]
(Abjad)ide/ide/test/test_AbjadIDE_git_diff.py:4: error: Module has no attribute "AbjadIDE"  [attr-defined]
(Abjad)ide/ide/test/test_AbjadIDE_smart_pdf.py:3: error: Module has no attribute "AbjadIDE"  [attr-defined]
(Abjad)ide/ide/test/test_AbjadIDE_generate_score_tex.py:4: error: Module has no attribute "AbjadIDE"  [attr-defined]
(Abjad)ide/ide/test/test_AbjadIDE_show_clipboard.py:3: error: Module has no attribute "AbjadIDE"  [attr-defined]
(Abjad)ide/ide/test/test_AbjadIDE_rename.py:4: error: Module has no attribute "AbjadIDE"  [attr-defined]
(Abjad)ide/ide/test/test_Menu_junk_input.py:3: error: Module has no attribute "AbjadIDE"  [attr-defined]
(Abjad)ide/ide/test/test_AbjadIDE_make_illustration_ly.py:4: error: Module has no attribute "AbjadIDE"  [attr-defined]
(Abjad)ide/ide/test/test_AbjadIDE_smart_edit.py:4: error: Module has no attribute "AbjadIDE"  [attr-defined]
(Abjad)ide/ide/test/test_AbjadIDE_make_segment_midi.py:4: error: Module has no attribute "AbjadIDE"  [attr-defined]
(Abjad)ide/ide/test/test_AbjadIDE_show_spacing.py:4: error: Module has no attribute "AbjadIDE"  [attr-defined]
(Abjad)ide/ide/test/test_AbjadIDE_trash_back_cover_tex.py:3: error: Module has no attribute "AbjadIDE"  [attr-defined]
(Abjad)ide/ide/test/test_AbjadIDE_show_measure_numbers.py:4: error: Module has no attribute "AbjadIDE"  [attr-defined]
(Abjad)ide/ide/test/test_AbjadIDE_interpret_front_cover_tex.py:5: error: Module has no attribute "AbjadIDE"  [attr-defined]
(Abjad)ide/ide/test/test_AbjadIDE_trash_music_pdf.py:3: error: Module has no attribute "AbjadIDE"  [attr-defined]
(Abjad)ide/ide/test/test_AbjadIDE_open_part_pdf.py:3: error: Module has no attribute "AbjadIDE"  [attr-defined]
(Abjad)ide/ide/test/test_AbjadIDE_edit_text.py:3: error: Module has no attribute "AbjadIDE"  [attr-defined]
(Abjad)ide/ide/test/test_AbjadIDE_go_to_etc_directory.py:3: error: Module has no attribute "AbjadIDE"  [attr-defined]
(Abjad)ide/ide/test/test_AbjadIDE_edit_music_ly.py:3: error: Module has no attribute "AbjadIDE"  [attr-defined]
(Abjad)ide/ide/test/test_AbjadIDE_edit_latex_log.py:5: error: Module has no attribute "AbjadIDE"  [attr-defined]
(Abjad)ide/ide/test/test_AbjadIDE_color_clefs.py:5: error: Module has no attribute "AbjadIDE"  [attr-defined]
(Abjad)ide/ide/test/test_AbjadIDE_edit_layout_ly.py:3: error: Module has no attribute "AbjadIDE"  [attr-defined]
(Abjad)ide/ide/test/test_AbjadIDE_smart_pytest.py:4: error: Module has no attribute "AbjadIDE"  [attr-defined]
(Abjad)ide/ide/test/test_AbjadIDE_trash_music_ly.py:3: error: Module has no attribute "AbjadIDE"  [attr-defined]
(Abjad)ide/ide/test/test_AbjadIDE_go_to_builds_directory.py:3: error: Module has no attribute "AbjadIDE"  [attr-defined]
(Abjad)ide/ide/test/test_AbjadIDE_color_staff_lines.py:5: error: Module has no attribute "AbjadIDE"  [attr-defined]
(Abjad)ide/ide/test/test_AbjadIDE_show_stage_numbers.py:4: error: Module has no attribute "AbjadIDE"  [attr-defined]
(Abjad)ide/ide/test/test_AbjadIDE_color_instruments.py:5: error: Module has no attribute "AbjadIDE"  [attr-defined]
(Abjad)ide/ide/test/test_AbjadIDE_nake_illustration_pdf.py:4: error: Module has no attribute "AbjadIDE"  [attr-defined]
(Abjad)ide/ide/test/test_AbjadIDE_open_score_pdf.py:3: error: Module has no attribute "AbjadIDE"  [attr-defined]
(Abjad)ide/ide/test/test_AbjadIDE_generate_back_cover_tex.py:3: error: Module has no attribute "AbjadIDE"  [attr-defined]
(Abjad)ide/ide/test/test_AbjadIDE_hop_to_next_package.py:3: error: Module has no attribute "AbjadIDE"  [attr-defined]
(Abjad)ide/ide/test/test_AbjadIDE_generate_part_tex.py:3: error: Module has no attribute "AbjadIDE"  [attr-defined]
(Abjad)ide/ide/test/test_AbjadIDE_go_to_build_directory.py:3: error: Module has no attribute "AbjadIDE"  [attr-defined]
(Abjad)ide/ide/test/test_AbjadIDE_remove.py:4: error: Module has no attribute "AbjadIDE"  [attr-defined]
(Abjad)ide/ide/test/test_AbjadIDE_generate_preface_tex.py:3: error: Module has no attribute "AbjadIDE"  [attr-defined]
(Abjad)ide/ide/test/test_AbjadIDE_color_time_signatures.py:5: error: Module has no attribute "AbjadIDE"  [attr-defined]
(Abjad)ide/ide/test/test_AbjadIDE_make_layout_ly.py:3: error: Module has no attribute "AbjadIDE"  [attr-defined]
(Abjad)ide/ide/test/test_AbjadIDE_go_to_tools_directory.py:3: error: Module has no attribute "AbjadIDE"  [attr-defined]
(Abjad)ide/ide/test/test_AbjadIDE_trash_illustration_ily.py:3: error: Module has no attribute "AbjadIDE"  [attr-defined]
(Abjad)ide/ide/test/test_AbjadIDE_trash_back_cover_pdf.py:3: error: Module has no attribute "AbjadIDE"  [attr-defined]
(Abjad)ide/ide/test/test_AbjadIDE_trash_preface_tex.py:3: error: Module has no attribute "AbjadIDE"  [attr-defined]
(Abjad)ide/ide/test/test_AbjadIDE_trash_stylesheet_ily.py:3: error: Module has no attribute "AbjadIDE"  [attr-defined]
(Abjad)ide/ide/test/test_AbjadIDE_quit.py:3: error: Module has no attribute "AbjadIDE"  [attr-defined]
(Abjad)ide/ide/test/test_AbjadIDE_hop_to_previous_score.py:3: error: Module has no attribute "AbjadIDE"  [attr-defined]
(Abjad)ide/ide/test/test_AbjadIDE_duplicate.py:4: error: Module has no attribute "AbjadIDE"  [attr-defined]
(Abjad)ide/ide/test/test_AbjadIDE_pytest_all.py:4: error: Module has no attribute "AbjadIDE"  [attr-defined]
(Abjad)ide/ide/test/test_AbjadIDE_empty_clipboard.py:3: error: Module has no attribute "AbjadIDE"  [attr-defined]
(Abjad)ide/ide/test/test_AbjadIDE_smart_doctest.py:4: error: Module has no attribute "AbjadIDE"  [attr-defined]
(Abjad)ide/ide/test/test_AbjadIDE_trash_score_pdf.py:3: error: Module has no attribute "AbjadIDE"  [attr-defined]
(Abjad)ide/ide/test/test_AbjadIDE_trash_definition_py.py:3: error: Module has no attribute "AbjadIDE"  [attr-defined]
(Abjad)ide/ide/test/test_AbjadIDE_open_illustration_pdf.py:3: error: Module has no attribute "AbjadIDE"  [attr-defined]
(Abjad)ide/ide/test/test_AbjadIDE_go_to_test_directory.py:4: error: Module has no attribute "AbjadIDE"  [attr-defined]
(Abjad)ide/ide/test/test_AbjadIDE_edit_lilypond_log.py:6: error: Module has no attribute "AbjadIDE"  [attr-defined]
(Abjad)ide/ide/test/test_AbjadIDE_search.py:3: error: Module has no attribute "AbjadIDE"  [attr-defined]
(Abjad)ide/ide/test/test_AbjadIDE_trash_part_pdf.py:3: error: Module has no attribute "AbjadIDE"  [attr-defined]
(Abjad)ide/ide/test/test_AbjadIDE_color_metronome_marks.py:5: error: Module has no attribute "AbjadIDE"  [attr-defined]
(Abjad)ide/ide/test/test_AbjadIDE_edit_stylesheet_ily.py:3: error: Module has no attribute "AbjadIDE"  [attr-defined]
(Abjad)ide/ide/test/test_AbjadIDE_replace.py:4: error: Module has no attribute "AbjadIDE"  [attr-defined]
(Abjad)ide/ide/test/test_AbjadIDE_go_to_scores_directory.py:3: error: Module has no attribute "AbjadIDE"  [attr-defined]
(Abjad)ide/ide/test/test_AbjadIDE_git_pull.py:3: error: Module has no attribute "AbjadIDE"  [attr-defined]
(Abjad)ide/ide/test/test_AbjadIDE_open_front_cover_pdf.py:3: error: Module has no attribute "AbjadIDE"  [attr-defined]
(Abjad)ide/ide/test/test_AbjadIDE_trash_score_tex.py:3: error: Module has no attribute "AbjadIDE"  [attr-defined]
(Abjad)ide/ide/test/test_AbjadIDE_go_up.py:3: error: Module has no attribute "AbjadIDE"  [attr-defined]
(Abjad)ide/ide/test/test_AbjadIDE_edit_front_cover_tex.py:3: error: Module has no attribute "AbjadIDE"  [attr-defined]
(Abjad)ide/ide/test/test_AbjadIDE_open_music_pdf.py:3: error: Module has no attribute "AbjadIDE"  [attr-defined]
(Abjad)ide/ide/test/test_AbjadIDE_trash_front_cover_tex.py:3: error: Module has no attribute "AbjadIDE"  [attr-defined]
(Abjad)ide/ide/test/test_AbjadIDE_go_back.py:3: error: Module has no attribute "AbjadIDE"  [attr-defined]
(Abjad)ide/ide/test/test_AbjadIDE_copy_to_clipboard.py:3: error: Module has no attribute "AbjadIDE"  [attr-defined]
(Abjad)ide/ide/test/test_AbjadIDE_edit_back_cover_tex.py:3: error: Module has no attribute "AbjadIDE"  [attr-defined]
(Abjad)ide/ide/test/test_AbjadIDE_trash_part_tex.py:3: error: Module has no attribute "AbjadIDE"  [attr-defined]
(Abjad)ide/ide/test/test_AbjadIDE_go_to_stylesheets_directory.py:3: error: Module has no attribute "AbjadIDE"  [attr-defined]
(Abjad)ide/ide/test/test_AbjadIDE_generate_front_cover_tex.py:3: error: Module has no attribute "AbjadIDE"  [attr-defined]
(Abjad)ide/ide/test/test_AbjadIDE_generate_layout_py.py:3: error: Module has no attribute "AbjadIDE"  [attr-defined]
(Abjad)ide/ide/test/test_AbjadIDE_interpret_part_tex.py:3: error: Module has no attribute "AbjadIDE"  [attr-defined]
(Abjad)ide/ide/test/test_AbjadIDE_go_to_wrapper_directory.py:3: error: Module has no attribute "AbjadIDE"  [attr-defined]
(Abjad)ide/ide/test/test_AbjadIDE_color_margin_markup.py:5: error: Module has no attribute "AbjadIDE"  [attr-defined]
(Abjad)ide/ide/test/test_AbjadIDE_open_back_cover_pdf.py:3: error: Module has no attribute "AbjadIDE"  [attr-defined]
(Abjad)ide/ide/test/test_AbjadIDE_edit_aliases.py:5: error: Module has no attribute "AbjadIDE"  [attr-defined]
(Abjad)ide/ide/test/test_AbjadIDE_trash_front_cover_pdf.py:3: error: Module has no attribute "AbjadIDE"  [attr-defined]
(Abjad)ide/ide/test/test_AbjadIDE_go_to_segment_directory.py:3: error: Module has no attribute "AbjadIDE"  [attr-defined]
(Abjad)ide/ide/test/test_AbjadIDE_git_commit.py:3: error: Module has no attribute "AbjadIDE"  [attr-defined]
(Abjad)ide/ide/test/test_AbjadIDE_generate_music_ly.py:3: error: Module has no attribute "AbjadIDE"  [attr-defined]
(Abjad)ide/ide/test/test_AbjadIDE_hop_to_previous_package.py:3: error: Module has no attribute "AbjadIDE"  [attr-defined]
(Abjad)ide/ide/test/test_AbjadIDE_build_score_pdf.py:5: error: Module has no attribute "AbjadIDE"  [attr-defined]
(Abjad)ide/ide/test/test_AbjadIDE_xinterpret_music_ly.py:3: error: Module has no attribute "AbjadIDE"  [attr-defined]
(Abjad)ide/ide/test/test_AbjadIDE_go_to_distribution_directory.py:3: error: Module has no attribute "AbjadIDE"  [attr-defined]
(Abjad)ide/ide/test/test_AbjadIDE_build_part_pdf.py:5: error: Module has no attribute "AbjadIDE"  [attr-defined]
(Abjad)ide/ide/test/test_AbjadIDE_trash_layout_py.py:3: error: Module has no attribute "AbjadIDE"  [attr-defined]
(Abjad)ide/ide/test/test_AbjadIDE_open_preface_pdf.py:3: error: Module has no attribute "AbjadIDE"  [attr-defined]
(Abjad)ide/ide/test/test_AbjadIDE_column.py:3: error: Module has no attribute "AbjadIDE"  [attr-defined]
(Abjad)ide/ide/test/test_AbjadIDE_doctest_all.py:4: error: Module has no attribute "AbjadIDE"  [attr-defined]
(Abjad)ide/ide/test/test_AbjadIDE_git_status.py:3: error: Module has no attribute "AbjadIDE"  [attr-defined]
(Abjad)ide/ide/test/test_AbjadIDE_call_shell.py:4: error: Module has no attribute "AbjadIDE"  [attr-defined]
(Abjad)ide/ide/test/test_AbjadIDE_interpret_score_tex.py:6: error: Module has no attribute "AbjadIDE"  [attr-defined]
(Abjad)ide/ide/test/test_AbjadIDE_show_clock_time.py:4: error: Module has no attribute "AbjadIDE"  [attr-defined]
(Abjad)ide/ide/test/test_AbjadIDE_trash_layout_ly.py:3: error: Module has no attribute "AbjadIDE"  [attr-defined]
(Abjad)ide/ide/test/test_AbjadIDE_edit_part_tex.py:3: error: Module has no attribute "AbjadIDE"  [attr-defined]
(Abjad)ide/ide/test/test_AbjadIDE_trash_illustration_ly.py:3: error: Module has no attribute "AbjadIDE"  [attr-defined]
(Abjad)ide/ide/test/test_AbjadIDE_trash_illustration_pdf.py:3: error: Module has no attribute "AbjadIDE"  [attr-defined]
(Abjad)ide/ide/test/test_AbjadIDE_edit_illustration_ily.py:3: error: Module has no attribute "AbjadIDE"  [attr-defined]
(Abjad)ide/ide/scores/red_score/red_score/test/test_segments.py:8: error: Module has no attribute "AbjadIDE"  [attr-defined]
(Abjad)ide/ide/scores/red_score/red_score/test/test_segments.py:10: error: Module has no attribute "Path"  [attr-defined]
(Abjad)ide/ide/scores/red_score/red_score/test/test_materials.py:7: error: Module has no attribute "AbjadIDE"  [attr-defined]
(Abjad)ide/ide/scores/red_score/red_score/test/test_materials.py:9: error: Module has no attribute "Path"  [attr-defined]
(Abjad)ide/docs/source/conf.py:20: error: Need type annotation for 'exclude_patterns' (hint: "exclude_patterns: List[<type>] = ...")  [var-annotated]
(Abjad)ide/docs/source/conf.py:57: error: Need type annotation for 'html_theme_options' (hint: "html_theme_options: Dict[<type>, <type>] = ...")  [var-annotated]
Found 134 errors in 131 files (checked 152 source files)

[RRepo](PLUS-POSTECH)study.plus.or.kr
(PLUS-POSTECH)study.plus.or.kr/src/problem/helpers/problem_info.py:12: error: Variable "problem_info.User" is not valid as a type  [valid-type]
(PLUS-POSTECH)study.plus.or.kr/src/problem/helpers/problem_info.py:15: error: Variable "problem_info.User" is not valid as a type  [valid-type]
(PLUS-POSTECH)study.plus.or.kr/src/problem/helpers/score.py:23: error: Variable "score.User" is not valid as a type  [valid-type]
(PLUS-POSTECH)study.plus.or.kr/src/problem/helpers/score.py:33: error: Variable "score.User" is not valid as a type  [valid-type]
Found 4 errors in 2 files (checked 6 source files)

[RRepo](howie6879)owllook
(howie6879)owllook/owllook/spiders/heiyan_novel_info.py:58: error: Need type annotation for 'start_urls' (hint: "start_urls: List[<type>] = ...")  [var-annotated]
(howie6879)owllook/owllook/fetcher/decorators.py:17: error: Incompatible import of "json_loads" (imported name has type "Callable[[Union[str, bytes, bytearray], Any, Optional[Type[JSONDecoder]], Optional[Callable[[Dict[Any, Any]], Any]], Optional[Callable[[str], Any]], Optional[Callable[[str], Any]], Optional[Callable[[str], Any]], Optional[Callable[[List[Tuple[Any, Any]]], Any]], KwArg(Any)], Any]", local name has type "Callable[[AnyStr, bool], Any]")  [misc]
(howie6879)owllook/owllook/fetcher/decorators.py:18: error: Incompatible import of "json_dumps" (imported name has type "Callable[[Any, bool, bool, bool, bool, Optional[Type[JSONEncoder]], Union[None, int, str], Optional[Tuple[str, str]], Optional[Callable[[Any], Any]], bool, KwArg(Any)], str]", local name has type "Callable[[Any, bool, int, bool, bool, bool, int], str]")  [misc]
(howie6879)owllook/owllook/utils/verification/verification.py:28: error: Incompatible return value type (got "None", expected "Tuple[Any, ...]")  [return-value]
(howie6879)owllook/owllook/views/md_blueprint.py:222: error: Not all arguments converted during string formatting  [str-format]
(howie6879)owllook/owllook/views/md_blueprint.py:228: error: Not all arguments converted during string formatting  [str-format]
(howie6879)owllook/owllook/database/mongodb/motorbase.py:17: error: Need type annotation for '_db' (hint: "_db: Dict[<type>, <type>] = ...")  [var-annotated]
(howie6879)owllook/owllook/database/mongodb/motorbase.py:18: error: Need type annotation for '_collection' (hint: "_collection: Dict[<type>, <type>] = ...")  [var-annotated]
(howie6879)owllook/owllook/fetcher/novels_factory/bing_novels.py:86: error: Need type annotation for 'REDIS_DICT' (hint: "REDIS_DICT: Dict[<type>, <type>] = ...")  [var-annotated]
(howie6879)owllook/owllook/fetcher/novels_factory/so_novels.py:96: error: Need type annotation for 'REDIS_DICT' (hint: "REDIS_DICT: Dict[<type>, <type>] = ...")  [var-annotated]
(howie6879)owllook/owllook/fetcher/novels_tools.py:21: error: Need type annotation for 'REDIS_DICT' (hint: "REDIS_DICT: Dict[<type>, <type>] = ...")  [var-annotated]
(howie6879)owllook/owllook/spiders/zongheng_novel_info.py:67: error: Need type annotation for 'start_urls' (hint: "start_urls: List[<type>] = ...")  [var-annotated]
(howie6879)owllook/owllook/fetcher/novels_factory/baidu_novels.py:108: error: Need type annotation for 'REDIS_DICT' (hint: "REDIS_DICT: Dict[<type>, <type>] = ...")  [var-annotated]
Found 13 errors in 10 files (checked 40 source files)

[RRepo](lycantropos)alcor
(lycantropos)alcor/tests/utils.py:30: error: Cannot access "__init__" directly  [misc]
(lycantropos)alcor/alcor/services/data_access/service.py:6: error: Module 'alcor.models' has no attribute 'Group'  [attr-defined]
(lycantropos)alcor/alcor/services/common.py:3: error: Module 'alcor.models' has no attribute 'Group'  [attr-defined]
(lycantropos)alcor/tests/fixtures/processing.py:9: error: Module has no attribute "filtration_methods"  [attr-defined]
(lycantropos)alcor/tests/strategies/stars.py:11: error: Module 'alcor.models' has no attribute 'Star'  [attr-defined]

[RRepo](incnone)necrobot
(incnone)necrobot/necrobot/user/userprefs.py:2: error: Invalid type comment or annotation  [valid-type]

[RRepo](dmsul)econtools
(dmsul)econtools/econtools/metrics/locallinear.py:7: error: Module 'econtools.metrics' has no attribute 'reg'  [attr-defined]

[RRepo](materialsproject)pymatgen
(materialsproject)pymatgen/dev_scripts/profile_structure.py:16: error: invalid syntax  [syntax]
Found 1 error in 1 file (checked 238 source files)

[RRepo](KanColleTool)kcsrv
(KanColleTool)kcsrv/offline/kccheat.py:2: error: Module 'db' has no attribute 'db'  [attr-defined]
(KanColleTool)kcsrv/offline/kccheat.py:2: error: Module 'db' has no attribute 'Admiral'  [attr-defined]
(KanColleTool)kcsrv/offline/kccheat.py:2: error: Module 'db' has no attribute 'AdmiralQuest'  [attr-defined]
(KanColleTool)kcsrv/offline/kccheat.py:2: error: Module 'db' has no attribute 'Quest'  [attr-defined]
(KanColleTool)kcsrv/offline/kccheat.py:2: error: Module 'db' has no attribute 'Ship'  [attr-defined]
(KanColleTool)kcsrv/offline/kccheat.py:2: error: Module 'db' has no attribute 'AdmiralEquipment'  [attr-defined]

[RRepo](anthok)overwatch-api
(anthok)overwatch-api/overwatch_api/core.py:19: error: Name 'PC' is not defined  [name-defined]
(anthok)overwatch-api/overwatch_api/core.py:77: error: Argument 1 to "_add_request_parameters" has incompatible type "Callable[[AsyncOWAPI, str, Any, Any, Any, Any, Any, Any], Coroutine[Any, Any, Any]]"; expected "AsyncOWAPI"  [arg-type]
(anthok)overwatch-api/overwatch_api/core.py:79: error: Name 'EUROPE' is not defined  [name-defined]
(anthok)overwatch-api/overwatch_api/core.py:79: error: Name 'KOREA' is not defined  [name-defined]
(anthok)overwatch-api/overwatch_api/core.py:79: error: Name 'AMERICAS' is not defined  [name-defined]
(anthok)overwatch-api/overwatch_api/core.py:79: error: Name 'CHINA' is not defined  [name-defined]
(anthok)overwatch-api/overwatch_api/core.py:79: error: Name 'JAPAN' is not defined  [name-defined]
(anthok)overwatch-api/overwatch_api/core.py:79: error: Name 'ANY' is not defined  [name-defined]
(anthok)overwatch-api/overwatch_api/core.py:79: note: Did you forget to import it from "typing"? (Suggestion: "from typing import Any")
(anthok)overwatch-api/overwatch_api/core.py:90: error: Name 'ProfileNotFoundError' is not defined  [name-defined]
(anthok)overwatch-api/overwatch_api/core.py:96: error: Argument 1 to "_add_request_parameters" has incompatible type "Callable[[AsyncOWAPI, str, Any, Any, Any, Any, Any, Any], Coroutine[Any, Any, Any]]"; expected "AsyncOWAPI"  [arg-type]
(anthok)overwatch-api/overwatch_api/core.py:98: error: Name 'EUROPE' is not defined  [name-defined]
(anthok)overwatch-api/overwatch_api/core.py:98: error: Name 'KOREA' is not defined  [name-defined]
(anthok)overwatch-api/overwatch_api/core.py:98: error: Name 'AMERICAS' is not defined  [name-defined]
(anthok)overwatch-api/overwatch_api/core.py:98: error: Name 'CHINA' is not defined  [name-defined]
(anthok)overwatch-api/overwatch_api/core.py:98: error: Name 'JAPAN' is not defined  [name-defined]
(anthok)overwatch-api/overwatch_api/core.py:98: error: Name 'ANY' is not defined  [name-defined]
(anthok)overwatch-api/overwatch_api/core.py:98: note: Did you forget to import it from "typing"? (Suggestion: "from typing import Any")
(anthok)overwatch-api/overwatch_api/core.py:109: error: Name 'ProfileNotFoundError' is not defined  [name-defined]
(anthok)overwatch-api/overwatch_api/core.py:116: error: Argument 1 to "_add_request_parameters" has incompatible type "Callable[[AsyncOWAPI, str, Any, Any, Any, Any, Any, Any], Coroutine[Any, Any, Any]]"; expected "AsyncOWAPI"  [arg-type]
(anthok)overwatch-api/overwatch_api/core.py:118: error: Name 'EUROPE' is not defined  [name-defined]
(anthok)overwatch-api/overwatch_api/core.py:118: error: Name 'KOREA' is not defined  [name-defined]
(anthok)overwatch-api/overwatch_api/core.py:118: error: Name 'AMERICAS' is not defined  [name-defined]
(anthok)overwatch-api/overwatch_api/core.py:118: error: Name 'CHINA' is not defined  [name-defined]
(anthok)overwatch-api/overwatch_api/core.py:118: error: Name 'JAPAN' is not defined  [name-defined]
(anthok)overwatch-api/overwatch_api/core.py:118: error: Name 'ANY' is not defined  [name-defined]
(anthok)overwatch-api/overwatch_api/core.py:118: note: Did you forget to import it from "typing"? (Suggestion: "from typing import Any")
(anthok)overwatch-api/overwatch_api/core.py:130: error: Name 'ProfileNotFoundError' is not defined  [name-defined]
(anthok)overwatch-api/overwatch_api/core.py:137: error: Argument 1 to "_add_request_parameters" has incompatible type "Callable[[AsyncOWAPI, str, Any, Any, Any, Any, Any, Any], Coroutine[Any, Any, Any]]"; expected "AsyncOWAPI"  [arg-type]
(anthok)overwatch-api/overwatch_api/core.py:139: error: Name 'EUROPE' is not defined  [name-defined]
(anthok)overwatch-api/overwatch_api/core.py:139: error: Name 'KOREA' is not defined  [name-defined]
(anthok)overwatch-api/overwatch_api/core.py:139: error: Name 'AMERICAS' is not defined  [name-defined]
(anthok)overwatch-api/overwatch_api/core.py:139: error: Name 'CHINA' is not defined  [name-defined]
(anthok)overwatch-api/overwatch_api/core.py:139: error: Name 'JAPAN' is not defined  [name-defined]
(anthok)overwatch-api/overwatch_api/core.py:139: error: Name 'ANY' is not defined  [name-defined]
(anthok)overwatch-api/overwatch_api/core.py:139: note: Did you forget to import it from "typing"? (Suggestion: "from typing import Any")
(anthok)overwatch-api/overwatch_api/core.py:150: error: Name 'ProfileNotFoundError' is not defined  [name-defined]
(anthok)overwatch-api/overwatch_api/core.py:197: error: Name 'RatelimitError' is not defined  [name-defined]
(anthok)overwatch-api/overwatch_api/core.py:198: error: Name 'RatelimitError' is not defined  [name-defined]
(anthok)overwatch-api/overwatch_api/core.py:213: error: Name 'RatelimitError' is not defined  [name-defined]
(anthok)overwatch-api/overwatch_api/core.py:218: error: Name 'ProfileNotFoundError' is not defined  [name-defined]
(anthok)overwatch-api/overwatch_api/core.py:221: error: Name 'RatelimitError' is not defined  [name-defined]
Found 38 errors in 1 file (checked 2 source files)

[RRepo](codingchili)flashcards-webapp
(codingchili)flashcards-webapp/contract.v.py:7: error: Invalid type comment or annotation  [valid-type]
(codingchili)flashcards-webapp/contract.v.py:14: error: Invalid type comment or annotation  [valid-type]
(codingchili)flashcards-webapp/contract.v.py:14: note: Suggestion: use public[...] instead of public(...)
(codingchili)flashcards-webapp/contract.v.py:17: error: Invalid type comment or annotation  [valid-type]
(codingchili)flashcards-webapp/contract.v.py:17: note: Suggestion: use public[...] instead of public(...)
(codingchili)flashcards-webapp/contract.v.py:18: error: Invalid type comment or annotation  [valid-type]
(codingchili)flashcards-webapp/contract.v.py:18: note: Suggestion: use public[...] instead of public(...)
(codingchili)flashcards-webapp/contract.v.py:21: error: Invalid type comment or annotation  [valid-type]
(codingchili)flashcards-webapp/contract.v.py:21: note: Suggestion: use public[...] instead of public(...)
(codingchili)flashcards-webapp/contract.v.py:23: error: Invalid type comment or annotation  [valid-type]
(codingchili)flashcards-webapp/contract.v.py:23: note: Suggestion: use public[...] instead of public(...)
(codingchili)flashcards-webapp/contract.v.py:25: error: Name 'public' is not defined  [name-defined]
(codingchili)flashcards-webapp/contract.v.py:31: error: Name 'public' is not defined  [name-defined]
(codingchili)flashcards-webapp/contract.v.py:32: error: Name 'bytes32' is not defined  [name-defined]
(codingchili)flashcards-webapp/contract.v.py:32: error: Name 'wei_value' is not defined  [name-defined]
(codingchili)flashcards-webapp/contract.v.py:34: error: Name 'self' is not defined  [name-defined]
(codingchili)flashcards-webapp/contract.v.py:35: error: Name 'self' is not defined  [name-defined]
(codingchili)flashcards-webapp/contract.v.py:35: error: Name 'msg' is not defined  [name-defined]
(codingchili)flashcards-webapp/contract.v.py:36: error: Name 'self' is not defined  [name-defined]
(codingchili)flashcards-webapp/contract.v.py:36: error: Name 'author' is not defined  [name-defined]
(codingchili)flashcards-webapp/contract.v.py:36: error: Name 'msg' is not defined  [name-defined]
(codingchili)flashcards-webapp/contract.v.py:36: error: Name 'category' is not defined  [name-defined]
(codingchili)flashcards-webapp/contract.v.py:42: error: Name 'public' is not defined  [name-defined]
(codingchili)flashcards-webapp/contract.v.py:43: error: Name 'bytes32' is not defined  [name-defined]
(codingchili)flashcards-webapp/contract.v.py:44: error: Name 'self' is not defined  [name-defined]
(codingchili)flashcards-webapp/contract.v.py:44: error: Name 'msg' is not defined  [name-defined]
(codingchili)flashcards-webapp/contract.v.py:45: error: Name 'self' is not defined  [name-defined]
(codingchili)flashcards-webapp/contract.v.py:45: error: Name 'msg' is not defined  [name-defined]
(codingchili)flashcards-webapp/contract.v.py:46: error: Name 'self' is not defined  [name-defined]
(codingchili)flashcards-webapp/contract.v.py:46: error: Name 'msg' is not defined  [name-defined]
(codingchili)flashcards-webapp/contract.v.py:49: error: Name 'public' is not defined  [name-defined]
(codingchili)flashcards-webapp/contract.v.py:50: error: Name 'bytes32' is not defined  [name-defined]
(codingchili)flashcards-webapp/contract.v.py:50: error: Name 'wei_value' is not defined  [name-defined]
(codingchili)flashcards-webapp/contract.v.py:52: error: Name 'self' is not defined  [name-defined]
(codingchili)flashcards-webapp/contract.v.py:52: error: Name 'msg' is not defined  [name-defined]
(codingchili)flashcards-webapp/contract.v.py:53: error: Name 'self' is not defined  [name-defined]
(codingchili)flashcards-webapp/contract.v.py:56: error: Name 'public' is not defined  [name-defined]
(codingchili)flashcards-webapp/contract.v.py:57: error: Name 'payable' is not defined  [name-defined]
(codingchili)flashcards-webapp/contract.v.py:58: error: Name 'bytes32' is not defined  [name-defined]
(codingchili)flashcards-webapp/contract.v.py:60: error: Name 'self' is not defined  [name-defined]
(codingchili)flashcards-webapp/contract.v.py:62: error: Name 'msg' is not defined  [name-defined]
(codingchili)flashcards-webapp/contract.v.py:62: error: Name 'self' is not defined  [name-defined]
(codingchili)flashcards-webapp/contract.v.py:64: error: Name 'self' is not defined  [name-defined]
(codingchili)flashcards-webapp/contract.v.py:64: error: Name 'msg' is not defined  [name-defined]
(codingchili)flashcards-webapp/contract.v.py:67: error: Name 'self' is not defined  [name-defined]
(codingchili)flashcards-webapp/contract.v.py:70: error: Name 'send' is not defined  [name-defined]
(codingchili)flashcards-webapp/contract.v.py:70: error: Name 'self' is not defined  [name-defined]
(codingchili)flashcards-webapp/contract.v.py:70: error: Name 'as_wei_value' is not defined  [name-defined]
(codingchili)flashcards-webapp/contract.v.py:70: error: Name 'msg' is not defined  [name-defined]
(codingchili)flashcards-webapp/contract.v.py:70: error: Name 'wei' is not defined  [name-defined]
(codingchili)flashcards-webapp/contract.v.py:71: error: Name 'send' is not defined  [name-defined]
(codingchili)flashcards-webapp/contract.v.py:71: error: Name 'self' is not defined  [name-defined]
(codingchili)flashcards-webapp/contract.v.py:71: error: Name 'as_wei_value' is not defined  [name-defined]
(codingchili)flashcards-webapp/contract.v.py:71: error: Name 'msg' is not defined  [name-defined]
(codingchili)flashcards-webapp/contract.v.py:71: error: Name 'wei' is not defined  [name-defined]
(codingchili)flashcards-webapp/contract.v.py:74: error: Name 'self' is not defined  [name-defined]
(codingchili)flashcards-webapp/contract.v.py:77: error: Name 'public' is not defined  [name-defined]
(codingchili)flashcards-webapp/contract.v.py:78: error: Name 'constant' is not defined  [name-defined]
(codingchili)flashcards-webapp/contract.v.py:79: error: Name 'bytes32' is not defined  [name-defined]
(codingchili)flashcards-webapp/contract.v.py:79: error: Name 'wei_value' is not defined  [name-defined]
(codingchili)flashcards-webapp/contract.v.py:80: error: Name 'self' is not defined  [name-defined]
(codingchili)flashcards-webapp/contract.v.py:83: error: Name 'public' is not defined  [name-defined]
(codingchili)flashcards-webapp/contract.v.py:84: error: Name 'constant' is not defined  [name-defined]
(codingchili)flashcards-webapp/contract.v.py:85: error: Name 'bytes32' is not defined  [name-defined]
(codingchili)flashcards-webapp/contract.v.py:86: error: Name 'self' is not defined  [name-defined]
(codingchili)flashcards-webapp/contract.v.py:87: error: Name 'self' is not defined  [name-defined]
(codingchili)flashcards-webapp/contract.v.py:93: error: Name 'public' is not defined  [name-defined]
(codingchili)flashcards-webapp/contract.v.py:94: error: Name 'constant' is not defined  [name-defined]
(codingchili)flashcards-webapp/contract.v.py:95: error: Name 'bytes32' is not defined  [name-defined]
(codingchili)flashcards-webapp/contract.v.py:95: error: Function "contract.v.address" is not valid as a type  [valid-type]
(codingchili)flashcards-webapp/contract.v.py:95: note: Perhaps you need "Callable[...]" or a callback protocol?
(codingchili)flashcards-webapp/contract.v.py:96: error: Name 'self' is not defined  [name-defined]
(codingchili)flashcards-webapp/contract.v.py:97: error: Name 'self' is not defined  [name-defined]
Found 67 errors in 1 file (checked 1 source file)

[RRepo](AndreiBarsan)visualqa
(AndreiBarsan)visualqa/fabfile.py:38: error: Name 'env' is not defined  [name-defined]
(AndreiBarsan)visualqa/fabfile.py:58: error: Name 'task' is not defined  [name-defined]
(AndreiBarsan)visualqa/fabfile.py:59: error: Name 'hosts' is not defined  [name-defined]
(AndreiBarsan)visualqa/fabfile.py:63: error: Name 'cd' is not defined  [name-defined]
(AndreiBarsan)visualqa/fabfile.py:64: error: Name 'run' is not defined  [name-defined]
(AndreiBarsan)visualqa/fabfile.py:64: error: "_in_screen" does not return a value  [func-returns-value]
(AndreiBarsan)visualqa/fabfile.py:69: error: Name 'task' is not defined  [name-defined]
(AndreiBarsan)visualqa/fabfile.py:70: error: Name 'hosts' is not defined  [name-defined]
(AndreiBarsan)visualqa/fabfile.py:80: error: Name 'cd' is not defined  [name-defined]
(AndreiBarsan)visualqa/fabfile.py:82: error: Name 'run' is not defined  [name-defined]
(AndreiBarsan)visualqa/fabfile.py:84: error: Name 'run' is not defined  [name-defined]
(AndreiBarsan)visualqa/fabfile.py:85: error: Argument 1 to "args_to_flags" has incompatible type "Tuple[Any, ...]"; expected "List[Any]"  [arg-type]
(AndreiBarsan)visualqa/fabfile.py:88: error: Name 'task' is not defined  [name-defined]
(AndreiBarsan)visualqa/fabfile.py:89: error: Name 'hosts' is not defined  [name-defined]
(AndreiBarsan)visualqa/fabfile.py:99: error: Incompatible types in assignment (expression has type "bool", variable has type "str")  [assignment]
(AndreiBarsan)visualqa/fabfile.py:106: error: Name 'cd' is not defined  [name-defined]
(AndreiBarsan)visualqa/fabfile.py:115: error: Name 'run' is not defined  [name-defined]
(AndreiBarsan)visualqa/fabfile.py:118: error: Name 'task' is not defined  [name-defined]
(AndreiBarsan)visualqa/fabfile.py:119: error: Name 'hosts' is not defined  [name-defined]
(AndreiBarsan)visualqa/fabfile.py:123: error: Name 'run' is not defined  [name-defined]
(AndreiBarsan)visualqa/fabfile.py:125: error: Name 'run' is not defined  [name-defined]
(AndreiBarsan)visualqa/fabfile.py:128: error: Name 'run' is not defined  [name-defined]
(AndreiBarsan)visualqa/fabfile.py:135: error: Name 'task' is not defined  [name-defined]
(AndreiBarsan)visualqa/fabfile.py:136: error: Name 'hosts' is not defined  [name-defined]
(AndreiBarsan)visualqa/fabfile.py:144: error: Name 'run' is not defined  [name-defined]
(AndreiBarsan)visualqa/fabfile.py:154: error: Name 'task' is not defined  [name-defined]
(AndreiBarsan)visualqa/fabfile.py:155: error: Name 'hosts' is not defined  [name-defined]
(AndreiBarsan)visualqa/fabfile.py:165: error: Incompatible types in assignment (expression has type "int", variable has type "str")  [assignment]
(AndreiBarsan)visualqa/fabfile.py:189: error: Name 'run' is not defined  [name-defined]
(AndreiBarsan)visualqa/fabfile.py:209: error: Unsupported operand types for - ("int" and "str")  [operator]
(AndreiBarsan)visualqa/fabfile.py:229: error: Name 'cd' is not defined  [name-defined]
(AndreiBarsan)visualqa/fabfile.py:232: error: Name 'run' is not defined  [name-defined]
(AndreiBarsan)visualqa/fabfile.py:239: error: Name 'cd' is not defined  [name-defined]
(AndreiBarsan)visualqa/fabfile.py:242: error: Argument 1 to "args_to_flags" has incompatible type "Tuple[Any, ...]"; expected "List[Any]"  [arg-type]
(AndreiBarsan)visualqa/fabfile.py:243: error: Name 'run' is not defined  [name-defined]
(AndreiBarsan)visualqa/fabfile.py:257: error: Argument 1 to "args_to_flags" has incompatible type "Tuple[Any, ...]"; expected "List[Any]"  [arg-type]
(AndreiBarsan)visualqa/fabfile.py:266: error: Name 'run' is not defined  [name-defined]
(AndreiBarsan)visualqa/fabfile.py:292: error: Name 'run' is not defined  [name-defined]
Found 38 errors in 1 file (checked 11 source files)

[RRepo](pythonprobr)pythonpro-website
(pythonprobr)pythonpro-website/pythonpro/payments/tests/test_pagarme_boleto.py:15: error: Need type annotation for 'transaction_response'  [var-annotated]
(pythonprobr)pythonpro-website/pythonpro/payments/tests/test_pagarme_credit_card.py:13: error: Need type annotation for 'transaction_response'  [var-annotated]
Found 2 errors in 2 files (checked 60 source files)

[RRepo](5nizza)party-elli
(5nizza)party-elli/interfaces/solver_interface.py:7: error: Invalid type comment or annotation  [valid-type]
(5nizza)party-elli/interfaces/solver_interface.py:12: error: Invalid type comment or annotation  [valid-type]

[RRepo](lafranceinsoumise)api-django
(lafranceinsoumise)api-django/agir/donations/admin/__init__.py: error: Duplicate module named 'admin' (also at '/home/bew/archive/typed_project/(lafranceinsoumise)api-django/agir/polls/admin.py')  [misc]
(lafranceinsoumise)api-django/agir/donations/admin/__init__.py: error: Are you missing an __init__.py?  [misc]
Found 2 errors in 1 file (checked 112 source files)

[RRepo](thomaspatzke)EQUEL
(thomaspatzke)EQUEL/antout/equelParserVisitor.py:10: error: Name 'ParseTreeVisitor' is not defined  [name-defined]
(thomaspatzke)EQUEL/antout/equelParserListener.py:9: error: Name 'ParseTreeListener' is not defined  [name-defined]
(thomaspatzke)EQUEL/equel/engine.py:3: error: Module 'equel.plugins' has no attribute 'output'  [attr-defined]

[RRepo](epruesse)ymp
(epruesse)ymp/src/ymp/gff.py:25: error: List or tuple literal expected as the second argument to namedtuple()  [misc]
(epruesse)ymp/src/ymp/gff.py:51: error: List or tuple literal expected as the second argument to namedtuple()  [misc]
(epruesse)ymp/src/ymp/blast.py:9: error: Missing return statement  [return]
(epruesse)ymp/src/ymp/blast.py:136: error: List or tuple literal expected as the second argument to namedtuple()  [misc]
(epruesse)ymp/src/ymp/string.py:77: error: Argument 2 to "convert_field" of "Formatter" has incompatible type "Optional[str]"; expected "str"  [arg-type]
(epruesse)ymp/src/ymp/string.py:80: error: Incompatible types in assignment (expression has type "Union[List[str], str]", variable has type "Optional[str]")  [assignment]
(epruesse)ymp/src/ymp/string.py:81: error: Argument 1 to "_vformat" of "OverrideJoinFormatter" has incompatible type "Optional[str]"; expected "str"  [arg-type]
(epruesse)ymp/src/ymp/string.py:85: error: Argument 2 to "format_field" of "Formatter" has incompatible type "Optional[str]"; expected "str"  [arg-type]
(epruesse)ymp/fastentrypoints.py:52: error: 'classmethod' used with a non-method  [misc]
(epruesse)ymp/src/ymp/exceptions.py:60: error: Signature of "show" incompatible with supertype "ClickException"  [override]
(epruesse)ymp/src/ymp/exceptions.py:61: error: "object" has no attribute "lineno"  [attr-defined]
(epruesse)ymp/src/ymp/exceptions.py:62: error: "object" has no attribute "filename"  [attr-defined]
(epruesse)ymp/src/ymp/exceptions.py:93: error: Signature of "show" incompatible with supertype "ClickException"  [override]
(epruesse)ymp/src/ymp/references.py:43: error: Name 'Rule' is not defined  [name-defined]
(epruesse)ymp/src/ymp/references.py:56: error: "None" has no attribute "__iter__" (not iterable)  [attr-defined]
(epruesse)ymp/src/ymp/references.py:133: error: Name 'Rule' is not defined  [name-defined]
(epruesse)ymp/src/ymp/__init__.py:28: error: Name '__path__' is not defined  [name-defined]
(epruesse)ymp/src/ymp/__init__.py:53: error: Name 'config' is not defined  [name-defined]
(epruesse)ymp/src/ymp/env.py:111: error: Value of type variable "AnyStr" of "splitext" cannot be "Optional[str]"  [type-var]
(epruesse)ymp/src/ymp/env.py:111: error: Value of type variable "AnyStr" of "basename" cannot be "Optional[str]"  [type-var]
(epruesse)ymp/src/ymp/env.py:111: error: Argument 1 to "splitext" has incompatible type "Optional[str]"; expected "str"  [arg-type]
(epruesse)ymp/src/ymp/download.py:240: error: List item 0 has incompatible type "None"; expected "str"  [list-item]
(epruesse)ymp/src/ymp/download.py:270: error: Incompatible types in assignment (expression has type "List[Any]", variable has type "bool")  [assignment]
(epruesse)ymp/src/ymp/download.py:272: error: Incompatible return value type (got "bool", expected "List[bool]")  [return-value]
(epruesse)ymp/src/ymp/download.py:286: error: No return value expected  [return-value]
(epruesse)ymp/src/ymp/download.py:292: error: Argument 1 to "_run" of "FileDownloader" has incompatible type "Union[str, List[str]]"; expected "List[str]"  [arg-type]
(epruesse)ymp/src/ymp/download.py:303: error: No return value expected  [return-value]
(epruesse)ymp/tests/test_string.py:32: error: Incompatible types in assignment (expression has type "List[str]", base class "FormatterTest" defined the type as "str")  [assignment]
Found 28 errors in 10 files (checked 36 source files)

[RRepo](Pinafore)qb-api
(Pinafore)qb-api/web/es_guesser/guesser.py:75: error: Need type annotation for 'guess_set' (hint: "guess_set: Set[<type>] = ...")  [var-annotated]
(Pinafore)qb-api/web/es_guesser/datasets.py:187: error: Need type annotation for 'page_map' (hint: "page_map: Dict[<type>, <type>] = ...")  [var-annotated]
(Pinafore)qb-api/web/database.py:15: error: Name 'db.Model' is not defined  [name-defined]
(Pinafore)qb-api/web/database.py:24: error: Name 'db.Model' is not defined  [name-defined]
(Pinafore)qb-api/web/database.py:33: error: Name 'db.Model' is not defined  [name-defined]
(Pinafore)qb-api/web/database.py:45: error: Name 'db.Model' is not defined  [name-defined]
(Pinafore)qb-api/web/database.py:56: error: Name 'db.Model' is not defined  [name-defined]
(Pinafore)qb-api/web/database.py:74: error: Name 'db.Model' is not defined  [name-defined]
Found 8 errors in 3 files (checked 11 source files)

[RRepo](mostm)pyqiwi
(mostm)pyqiwi/pyqiwi/util.py:59: error: Incompatible types in assignment (expression has type "float", target has type "str")  [assignment]
Found 1 error in 1 file (checked 3 source files)

[RRepo](andrewschenck)flask-restful-proxy
(andrewschenck)flask-restful-proxy/proxy.py:152: error: "None" has no attribute "headers"  [attr-defined]
(andrewschenck)flask-restful-proxy/proxy.py:152: error: Incompatible return value type (got "None", expected "Dict[Any, Any]")  [return-value]
(andrewschenck)flask-restful-proxy/proxy.py:179: error: "None" has no attribute "method"  [attr-defined]
(andrewschenck)flask-restful-proxy/proxy.py:179: error: Incompatible return value type (got "None", expected "str")  [return-value]
(andrewschenck)flask-restful-proxy/proxy.py:205: error: "None" has no attribute "url"  [attr-defined]
(andrewschenck)flask-restful-proxy/proxy.py:205: error: Incompatible return value type (got "None", expected "str")  [return-value]
(andrewschenck)flask-restful-proxy/proxy.py:233: error: "None" has no attribute "payload"  [attr-defined]
(andrewschenck)flask-restful-proxy/proxy.py:233: error: Incompatible return value type (got "None", expected "Dict[Any, Any]")  [return-value]
(andrewschenck)flask-restful-proxy/proxy.py:247: error: "None" has no attribute "payload"  [attr-defined]
(andrewschenck)flask-restful-proxy/proxy.py:361: error: "None" has no attribute "make_request"  [attr-defined]
(andrewschenck)flask-restful-proxy/proxy.py:380: error: Value of type "None" is not indexable  [index]
(andrewschenck)flask-restful-proxy/proxy.py:381: error: Value of type "None" is not indexable  [index]
(andrewschenck)flask-restful-proxy/proxy.py:388: error: Value of type "None" is not indexable  [index]
(andrewschenck)flask-restful-proxy/proxy.py:414: error: "None" has no attribute "make_request"  [attr-defined]
Found 14 errors in 1 file (checked 1 source file)

[RRepo](5j9)num2fawords
(5j9)num2fawords/num2fawords/__init__.py:10: error: Incompatible import of "_singledispatch" (imported name has type "Callable[[Callable[..., _T]], singledispatch._SingleDispatchCallable[_T]]", local name has type "Callable[[Callable[..., _T]], functools._SingleDispatchCallable[_T]]")  [misc]
(5j9)num2fawords/num2fawords/__init__.py:174: error: Name '_' already defined on line 128  [no-redef]
(5j9)num2fawords/num2fawords/__init__.py:207: error: Name '_' already defined on line 128  [no-redef]
(5j9)num2fawords/num2fawords/__init__.py:226: error: Name '_' already defined on line 128  [no-redef]
(5j9)num2fawords/num2fawords/__init__.py:348: error: "Callable[[str, str, str, str, bool, str], Any]" has no attribute "__defaults__"  [attr-defined]
(5j9)num2fawords/num2fawords/__init__.py:350: error: "Callable[..., str]" has no attribute "__defaults__"  [attr-defined]
(5j9)num2fawords/num2fawords/__init__.py:351: error: "Callable[[Union[int, str], str, str], str]" has no attribute "__defaults__"  [attr-defined]
Found 7 errors in 1 file (checked 2 source files)

[RRepo](ischurov)pythonvjs
(ischurov)pythonvjs/pythonvjs.py:136: error: Need type annotation for 'loc' (hint: "loc: Dict[<type>, <type>] = ...")  [var-annotated]
(ischurov)pythonvjs/pythonvjs.py:137: error: Need type annotation for 'glob' (hint: "glob: Dict[<type>, <type>] = ...")  [var-annotated]
(ischurov)pythonvjs/pythonvjs.py:150: error: "append" of "list" does not return a value  [func-returns-value]
Found 3 errors in 1 file (checked 1 source file)

[RRepo](c-w)gutenberg-http
Success: no issues found in 7 source files

[RRepo](ikosenn)sms-log-handler
(ikosenn)sms-log-handler/sms_log_handler/sms_handler.py:21: error: Argument 1 to "__init__" of "Handler" has incompatible type "SMSHandler"; expected "Union[int, str]"  [arg-type]
(ikosenn)sms-log-handler/sms_log_handler/sms_handler.py:55: error: Incompatible types in assignment (expression has type "str", variable has type "datetime")  [assignment]
Found 2 errors in 1 file (checked 4 source files)

[RRepo](rr-)dotfiles
(rr-)dotfiles/lib/dotfiles/logging.py:4: error: Module 'logging' has no attribute 'ERROR'  [attr-defined]
(rr-)dotfiles/lib/dotfiles/logging.py:4: error: Module 'logging' has no attribute 'INFO'  [attr-defined]
(rr-)dotfiles/lib/dotfiles/logging.py:4: error: Module 'logging' has no attribute 'WARNING'  [attr-defined]
(rr-)dotfiles/lib/dotfiles/logging.py:4: error: Module 'logging' has no attribute 'error'  [attr-defined]
(rr-)dotfiles/lib/dotfiles/logging.py:4: error: Module 'logging' has no attribute 'getLogger'  [attr-defined]
(rr-)dotfiles/lib/dotfiles/logging.py:4: error: Module 'logging' has no attribute 'info'  [attr-defined]
(rr-)dotfiles/lib/dotfiles/logging.py:4: error: Module 'logging' has no attribute 'warning'  [attr-defined]
(rr-)dotfiles/cfg/bubblesub/scripts/quality_check/check_actors.py:8: error: Need type annotation for 'actors'  [var-annotated]
(rr-)dotfiles/cfg/bubblesub/scripts/quality_check/check_spelling.py:25: error: Need type annotation for 'misspelling_map'  [var-annotated]
(rr-)dotfiles/cfg/bubblesub/scripts/quality_check/check_punctuation_stats.py:12: error: Need type annotation for 'stats'  [var-annotated]
(rr-)dotfiles/cfg/bubblesub/scripts/quality_check/check_styles.py:8: error: Need type annotation for 'styles'  [var-annotated]
(rr-)dotfiles/opt/booru-toolkit/booru_toolkit/upload/ui/vim_list_box.py:22: error: Incompatible types in assignment (expression has type "int", variable has type "None")  [assignment]
(rr-)dotfiles/cfg/bubblesub/scripts/quality_check/check_fonts.py:44: error: Need type annotation for 'results'  [var-annotated]
(rr-)dotfiles/cfg/bubblesub/scripts/quality_check/check_fonts.py:117: error: Incompatible return value type (got "Tuple[Any, Path, FontInfo]", expected "Optional[Path]")  [return-value]
(rr-)dotfiles/cfg/bubblesub/scripts/quality_check/check_fonts.py:136: error: 'pathlib.Path' object is not iterable  [misc]
(rr-)dotfiles/cfg/bubblesub/scripts/quality_check/check_fonts.py:139: error: Cannot determine type of 'font'  [has-type]
(rr-)dotfiles/cfg/bubblesub/scripts/actors.py:120: error: Incompatible types in assignment (expression has type "None", variable has type "ActorsTagger")  [assignment]
(rr-)dotfiles/opt/pw/pw/cmd/copy.py:24: error: Module has no attribute "sleep"  [attr-defined]
(rr-)dotfiles/opt/panel/panel/widgets/mpvmd.py:76: error: Module has no attribute "time"  [attr-defined]
(rr-)dotfiles/opt/panel/panel/widgets/mpvmd.py:111: error: Module has no attribute "time"  [attr-defined]
(rr-)dotfiles/opt/yume-tagger/yume_tagger/commands/edit_tags.py:58: error: Incompatible types in assignment (expression has type "None", variable has type "int")  [assignment]
(rr-)dotfiles/cfg/bubblesub/scripts/quality_check/test_command.py:277: error: Need type annotation for 'results' (hint: "results: List[<type>] = ...")  [var-annotated]
(rr-)dotfiles/cfg/bubblesub/scripts/quality_check/check_unnecessary_breaks.py:3: error: Module 'copy' has no attribute 'copy'  [attr-defined]
(rr-)dotfiles/opt/edict/edict/db.py:141: error: "str" has no attribute "op"  [attr-defined]
(rr-)dotfiles/opt/edict/edict/db.py:150: error: "str" has no attribute "op"  [attr-defined]
(rr-)dotfiles/opt/edict/edict/db.py:159: error: "str" has no attribute "op"  [attr-defined]
(rr-)dotfiles/cfg/bubblesub/scripts/google_translate.py:75: error: No overload variant of "run" matches argument types "List[str]", "bool", "bool", "bool"  [call-overload]
(rr-)dotfiles/cfg/bubblesub/scripts/google_translate.py:75: note: Possible overload variants:
(rr-)dotfiles/cfg/bubblesub/scripts/google_translate.py:75: note:     def run(args: Union[Union[bytes, str], Sequence[Union[bytes, str, _PathLike[Any]]]], bufsize: int = ..., executable: Union[bytes, str, _PathLike[Any]] = ..., stdin: Union[None, int, IO[Any]] = ..., stdout: Union[None, int, IO[Any]] = ..., stderr: Union[None, int, IO[Any]] = ..., preexec_fn: Callable[[], Any] = ..., close_fds: bool = ..., shell: bool = ..., cwd: Union[bytes, str, _PathLike[Any], None] = ..., env: Union[Mapping[bytes, Union[bytes, str]], Mapping[str, Union[bytes, str]], None] = ..., universal_newlines: bool = ..., startupinfo: Any = ..., creationflags: int = ..., restore_signals: bool = ..., start_new_session: bool = ..., pass_fds: Any = ..., *, check: bool = ..., encoding: str, errors: Optional[str] = ..., input: Optional[str] = ..., timeout: Optional[float] = ...) -> CompletedProcess[str]
(rr-)dotfiles/cfg/bubblesub/scripts/google_translate.py:75: note:     def run(args: Union[Union[bytes, str], Sequence[Union[bytes, str, _PathLike[Any]]]], bufsize: int = ..., executable: Union[bytes, str, _PathLike[Any]] = ..., stdin: Union[None, int, IO[Any]] = ..., stdout: Union[None, int, IO[Any]] = ..., stderr: Union[None, int, IO[Any]] = ..., preexec_fn: Callable[[], Any] = ..., close_fds: bool = ..., shell: bool = ..., cwd: Union[bytes, str, _PathLike[Any], None] = ..., env: Union[Mapping[bytes, Union[bytes, str]], Mapping[str, Union[bytes, str]], None] = ..., universal_newlines: bool = ..., startupinfo: Any = ..., creationflags: int = ..., restore_signals: bool = ..., start_new_session: bool = ..., pass_fds: Any = ..., *, check: bool = ..., encoding: Optional[str] = ..., errors: str, input: Optional[str] = ..., timeout: Optional[float] = ...) -> CompletedProcess[str]
(rr-)dotfiles/cfg/bubblesub/scripts/google_translate.py:75: note:     <3 more similar overloads not shown, out of 5 total overloads>
(rr-)dotfiles/opt/booru-toolkit/booru_toolkit/plugin/tag_cache.py:63: error: "str" has no attribute "ilike"  [attr-defined]
(rr-)dotfiles/opt/booru-toolkit/booru_toolkit/plugin/tag_cache.py:64: error: "int" has no attribute "desc"  [attr-defined]
(rr-)dotfiles/opt/panel/panel/updaters/network.py:33: error: Item "None" of "Optional[Path]" has no attribute "read_text"  [union-attr]
(rr-)dotfiles/opt/panel/panel/updaters/network.py:34: error: Item "None" of "Optional[Path]" has no attribute "read_text"  [union-attr]
(rr-)dotfiles/opt/panel/panel/updaters/network.py:47: error: Item "None" of "Optional[Path]" has no attribute "read_text"  [union-attr]
(rr-)dotfiles/opt/panel/panel/updaters/network.py:48: error: Item "None" of "Optional[Path]" has no attribute "read_text"  [union-attr]
(rr-)dotfiles/opt/yume-tagger/yume_tagger/commands/autotag.py:50: error: Module has no attribute "Session"  [attr-defined]
(rr-)dotfiles/opt/yume-tagger/yume_tagger/commands/autotag.py:68: error: Module has no attribute "Session"  [attr-defined]
(rr-)dotfiles/opt/yume-tagger/yume_tagger/api.py:22: error: Name 'requests.Response' is not defined  [name-defined]
(rr-)dotfiles/opt/yume-tagger/yume_tagger/api.py:30: error: Module has no attribute "Session"  [attr-defined]
(rr-)dotfiles/opt/yume-tagger/yume_tagger/api.py:59: error: Incompatible types in assignment (expression has type "None", variable has type "Dict[Any, Any]")  [assignment]
(rr-)dotfiles/opt/crawl/crawl/cmd/download.py:11: error: Module 'requests' has no attribute 'Response'  [attr-defined]
(rr-)dotfiles/opt/crawl/crawl/cmd/download.py:241: error: Argument "type" to "add_argument" of "_ActionsContainer" has incompatible type overloaded function; expected "Union[Callable[[str], Pattern[AnyStr]], FileType]"  [arg-type]
(rr-)dotfiles/opt/crawl/crawl/cmd/download.py:244: error: Argument "type" to "add_argument" of "_ActionsContainer" has incompatible type overloaded function; expected "Union[Callable[[str], Pattern[AnyStr]], FileType]"  [arg-type]
(rr-)dotfiles/opt/crawl/crawl/cmd/download.py:249: error: Argument "type" to "add_argument" of "_ActionsContainer" has incompatible type overloaded function; expected "Union[Callable[[str], Pattern[AnyStr]], FileType]"  [arg-type]
(rr-)dotfiles/opt/booru-toolkit/booru_toolkit/plugin/pixiv.py:13: error: Name 'requests.Response' is not defined  [name-defined]
(rr-)dotfiles/opt/booru-toolkit/booru_toolkit/plugin/pixiv.py:26: error: Module has no attribute "Session"  [attr-defined]
(rr-)dotfiles/opt/booru-toolkit/booru_toolkit/plugin/gelbooru.py:15: error: Name 'requests.Response' is not defined  [name-defined]
(rr-)dotfiles/opt/booru-toolkit/booru_toolkit/plugin/gelbooru.py:25: error: Module has no attribute "Session"  [attr-defined]
(rr-)dotfiles/opt/booru-toolkit/booru_toolkit/plugin/yume.py:43: error: Name 'requests.Response' is not defined  [name-defined]
(rr-)dotfiles/opt/booru-toolkit/booru_toolkit/plugin/yume.py:57: error: Module has no attribute "Session"  [attr-defined]
(rr-)dotfiles/opt/edict/edict/__main__.py:35: error: Module has no attribute "get"  [attr-defined]
Found 49 errors in 24 files (checked 85 source files)

[RRepo](telminov)ansible-manager
(telminov)ansible-manager/core/generic/mixins.py:45: error: Incompatible types in assignment (expression has type "str", base class "FormMixin" defined the type as "None")  [assignment]
(telminov)ansible-manager/core/datatools/ansible.py:38: error: Incompatible types in assignment (expression has type "str", variable has type "List[Any]")  [assignment]
(telminov)ansible-manager/core/datatools/ansible.py:39: error: Incompatible return value type (got "List[Any]", expected "str")  [return-value]
(telminov)ansible-manager/core/datatools/ansible.py:63: error: Incompatible types in assignment (expression has type "List[Any]", target has type "Dict[Any, Any]")  [assignment]
(telminov)ansible-manager/core/models.py:65: error: "TaskOperationsMixin" has no attribute "hosts"  [attr-defined]
(telminov)ansible-manager/core/models.py:66: error: "TaskOperationsMixin" has no attribute "host_groups"  [attr-defined]
(telminov)ansible-manager/core/models.py:73: error: "TaskOperationsMixin" has no attribute "playbook"  [attr-defined]
(telminov)ansible-manager/core/models.py:76: error: "TaskOperationsMixin" has no attribute "host_groups"  [attr-defined]
(telminov)ansible-manager/core/models.py:245: error: Incompatible return value type (got "Optional[Any]", expected "timedelta")  [return-value]
Found 9 errors in 3 files (checked 29 source files)

[RRepo](Rastii)seproxer
(Rastii)seproxer/seproxer/selenium_extensions/states/base.py:57: error: Module has no attribute "StateNotReached"  [attr-defined]

[RRepo](Mirantis)disk_perf_test_tool
(Mirantis)disk_perf_test_tool/scripts/data.py:52: error: Missing parentheses in call to 'print'. Did you mean print(block)?  [syntax]
Found 1 error in 1 file (checked 40 source files)

[RRepo](horazont)xmpp-crowd
(horazont)xmpp-crowd/lcdencode/HD44780A00.py:303: error: Module has no attribute "charmap_build"  [attr-defined]
(horazont)xmpp-crowd/foomodules/Poll.py:12: error: Need type annotation for 'active_polls' (hint: "active_polls: Dict[<type>, <type>] = ...")  [var-annotated]
(horazont)xmpp-crowd/foomodules/CountDown.py:227: error: Not all arguments converted during string formatting  [str-format]
(horazont)xmpp-crowd/aiofoomodules/handlers.py:39: error: Return value expected  [return-value]
(horazont)xmpp-crowd/aiofoomodules/handlers.py:67: error: Return value expected  [return-value]
(horazont)xmpp-crowd/aiofoomodules/handlers.py:70: error: Return value expected  [return-value]
Found 6 errors in 4 files (checked 35 source files)

[RRepo](CanopyTax)toggle-meister
(CanopyTax)toggle-meister/tmeister/dataaccess/employeeda.py:2: error: Module 'tmeister.dataaccess' has no attribute 'db'  [attr-defined]
(CanopyTax)toggle-meister/tmeister/dataaccess/releasesda.py:4: error: Module 'tmeister.dataaccess' has no attribute 'db'  [attr-defined]
(CanopyTax)toggle-meister/tmeister/dataaccess/featureda.py:4: error: Module 'tmeister.dataaccess' has no attribute 'db'  [attr-defined]
(CanopyTax)toggle-meister/tmeister/dataaccess/environmentda.py:3: error: Module 'tmeister.dataaccess' has no attribute 'db'  [attr-defined]
(CanopyTax)toggle-meister/tmeister/dataaccess/metricsda.py:7: error: Module 'tmeister.dataaccess' has no attribute 'db'  [attr-defined]
(CanopyTax)toggle-meister/tmeister/dataaccess/auditda.py:5: error: Module 'tmeister.dataaccess' has no attribute 'db'  [attr-defined]
(CanopyTax)toggle-meister/tmeister/dataaccess/toggleda.py:7: error: Module 'tmeister.dataaccess' has no attribute 'db'  [attr-defined]
(CanopyTax)toggle-meister/migrations/env.py:17: error: Module 'tmeister.dataaccess' has no attribute 'db'  [attr-defined]
(CanopyTax)toggle-meister/tmeister/releases.py:20: error: Need type annotation for 'release_notes' (hint: "release_notes: Dict[<type>, <type>] = ...")  [var-annotated]
(CanopyTax)toggle-meister/tmeister/releases.py:55: error: Item "None" of "Optional[List[Any]]" has no attribute "__iter__" (not iterable)  [union-attr]
(CanopyTax)toggle-meister/tmeister/releases.py:60: error: Item "None" of "Optional[List[Any]]" has no attribute "__iter__" (not iterable)  [union-attr]
(CanopyTax)toggle-meister/tmeister/security.py:94: error: Item "None" of "Optional[Any]" has no attribute "split"  [union-attr]
(CanopyTax)toggle-meister/tmeister/security.py:98: error: Argument 1 to "check_employee" has incompatible type "Optional[Any]"; expected "str"  [arg-type]
Found 13 errors in 10 files (checked 17 source files)

[RRepo](dmerejkowsky)twittback
(dmerejkowsky)twittback/twittback/repository.py:23: error: Variable "repository.Base" is not valid as a type  [valid-type]
(dmerejkowsky)twittback/twittback/repository.py:23: error: Invalid base class "Base"  [misc]
(dmerejkowsky)twittback/twittback/repository.py:66: error: Variable "repository.Base" is not valid as a type  [valid-type]
(dmerejkowsky)twittback/twittback/repository.py:66: error: Invalid base class "Base"  [misc]
(dmerejkowsky)twittback/twittback/repository.py:70: error: Variable "repository.Base" is not valid as a type  [valid-type]
(dmerejkowsky)twittback/twittback/repository.py:70: error: Invalid base class "Base"  [misc]
(dmerejkowsky)twittback/twittback/repository.py:74: error: Variable "repository.Base" is not valid as a type  [valid-type]
(dmerejkowsky)twittback/twittback/repository.py:74: error: Invalid base class "Base"  [misc]
(dmerejkowsky)twittback/twittback/server.py:33: error: Name 'repository' already defined on line 21  [no-redef]
(dmerejkowsky)twittback/twittback/server.py:33: error: "Callable[[Server], Any]" has no attribute "setter"  [attr-defined]
Found 10 errors in 2 files (checked 22 source files)

[RRepo](CloverHealth)temporal-sqlalchemy
(CloverHealth)temporal-sqlalchemy/docs/conf.py:68: error: Module has no attribute "__version__"  [attr-defined]
(CloverHealth)temporal-sqlalchemy/docs/conf.py:119: error: Need type annotation for 'latex_elements' (hint: "latex_elements: Dict[<type>, <type>] = ...")  [var-annotated]
(CloverHealth)temporal-sqlalchemy/temporal_sqlalchemy/bases.py:16: error: Module 'temporal_sqlalchemy' has no attribute 'nine'  [attr-defined]
(CloverHealth)temporal-sqlalchemy/temporal_sqlalchemy/bases.py:21: error: String argument 1 'T_PROP' to TypeVar(...) does not match variable name 'T_PROPS'  [misc]
(CloverHealth)temporal-sqlalchemy/temporal_sqlalchemy/bases.py:21: error: "object" not callable  [operator]
(CloverHealth)temporal-sqlalchemy/temporal_sqlalchemy/bases.py:54: error: Variable "temporal_sqlalchemy.bases.T_PROPS" is not valid as a type  [valid-type]
(CloverHealth)temporal-sqlalchemy/temporal_sqlalchemy/bases.py:55: error: Variable "temporal_sqlalchemy.bases.T_PROPS" is not valid as a type  [valid-type]
(CloverHealth)temporal-sqlalchemy/temporal_sqlalchemy/bases.py:124: error: T_PROPS? has no attribute "key"  [attr-defined]
(CloverHealth)temporal-sqlalchemy/temporal_sqlalchemy/bases.py:152: error: T_PROPS? has no attribute "key"  [attr-defined]
(CloverHealth)temporal-sqlalchemy/temporal_sqlalchemy/tests/models.py:35: error: Module has no attribute "add_clock"  [attr-defined]
(CloverHealth)temporal-sqlalchemy/temporal_sqlalchemy/tests/models.py:38: error: Name 'temporal_sqlalchemy.Clocked' is not defined  [name-defined]
(CloverHealth)temporal-sqlalchemy/temporal_sqlalchemy/tests/models.py:38: error: Variable "models.Base" is not valid as a type  [valid-type]
(CloverHealth)temporal-sqlalchemy/temporal_sqlalchemy/tests/models.py:38: error: Invalid base class "Base"  [misc]
(CloverHealth)temporal-sqlalchemy/temporal_sqlalchemy/tests/models.py:55: error: Variable "models.AbstractConcreteBase" is not valid as a type  [valid-type]
(CloverHealth)temporal-sqlalchemy/temporal_sqlalchemy/tests/models.py:55: error: Invalid base class "AbstractConcreteBase"  [misc]
(CloverHealth)temporal-sqlalchemy/temporal_sqlalchemy/tests/models.py:60: error: Module has no attribute "add_clock"  [attr-defined]
(CloverHealth)temporal-sqlalchemy/temporal_sqlalchemy/tests/models.py:64: error: Name 'temporal_sqlalchemy.Clocked' is not defined  [name-defined]
(CloverHealth)temporal-sqlalchemy/temporal_sqlalchemy/tests/models.py:64: error: Variable "models.Base" is not valid as a type  [valid-type]
(CloverHealth)temporal-sqlalchemy/temporal_sqlalchemy/tests/models.py:64: error: Invalid base class "Base"  [misc]
(CloverHealth)temporal-sqlalchemy/temporal_sqlalchemy/tests/models.py:77: error: Module has no attribute "add_clock"  [attr-defined]
(CloverHealth)temporal-sqlalchemy/temporal_sqlalchemy/tests/models.py:80: error: Name 'temporal_sqlalchemy.Clocked' is not defined  [name-defined]
(CloverHealth)temporal-sqlalchemy/temporal_sqlalchemy/tests/models.py:80: error: Variable "models.Base" is not valid as a type  [valid-type]
(CloverHealth)temporal-sqlalchemy/temporal_sqlalchemy/tests/models.py:80: error: Invalid base class "Base"  [misc]
(CloverHealth)temporal-sqlalchemy/temporal_sqlalchemy/tests/models.py:92: error: Variable "models.Base" is not valid as a type  [valid-type]
(CloverHealth)temporal-sqlalchemy/temporal_sqlalchemy/tests/models.py:92: error: Invalid base class "Base"  [misc]
(CloverHealth)temporal-sqlalchemy/temporal_sqlalchemy/tests/models.py:100: error: Module has no attribute "add_clock"  [attr-defined]
(CloverHealth)temporal-sqlalchemy/temporal_sqlalchemy/tests/models.py:102: error: Name 'temporal_sqlalchemy.Clocked' is not defined  [name-defined]
(CloverHealth)temporal-sqlalchemy/temporal_sqlalchemy/tests/models.py:102: error: Variable "models.Base" is not valid as a type  [valid-type]
(CloverHealth)temporal-sqlalchemy/temporal_sqlalchemy/tests/models.py:102: error: Invalid base class "Base"  [misc]
(CloverHealth)temporal-sqlalchemy/temporal_sqlalchemy/tests/models.py:113: error: Name 'temporal_sqlalchemy.TemporalActivityMixin' is not defined  [name-defined]
(CloverHealth)temporal-sqlalchemy/temporal_sqlalchemy/tests/models.py:113: error: Variable "models.Base" is not valid as a type  [valid-type]
(CloverHealth)temporal-sqlalchemy/temporal_sqlalchemy/tests/models.py:113: error: Invalid base class "Base"  [misc]
(CloverHealth)temporal-sqlalchemy/temporal_sqlalchemy/tests/models.py:124: error: Module has no attribute "add_clock"  [attr-defined]
(CloverHealth)temporal-sqlalchemy/temporal_sqlalchemy/tests/models.py:126: error: Name 'temporal_sqlalchemy.Clocked' is not defined  [name-defined]
(CloverHealth)temporal-sqlalchemy/temporal_sqlalchemy/tests/models.py:126: error: Variable "models.Base" is not valid as a type  [valid-type]
(CloverHealth)temporal-sqlalchemy/temporal_sqlalchemy/tests/models.py:126: error: Invalid base class "Base"  [misc]
(CloverHealth)temporal-sqlalchemy/temporal_sqlalchemy/tests/models.py:134: error: Module has no attribute "add_clock"  [attr-defined]
(CloverHealth)temporal-sqlalchemy/temporal_sqlalchemy/tests/models.py:136: error: Name 'temporal_sqlalchemy.Clocked' is not defined  [name-defined]
(CloverHealth)temporal-sqlalchemy/temporal_sqlalchemy/tests/models.py:136: error: Variable "models.Base" is not valid as a type  [valid-type]
(CloverHealth)temporal-sqlalchemy/temporal_sqlalchemy/tests/models.py:136: error: Invalid base class "Base"  [misc]
(CloverHealth)temporal-sqlalchemy/temporal_sqlalchemy/tests/models.py:144: error: Variable "models.Base" is not valid as a type  [valid-type]
(CloverHealth)temporal-sqlalchemy/temporal_sqlalchemy/tests/models.py:144: error: Invalid base class "Base"  [misc]
(CloverHealth)temporal-sqlalchemy/temporal_sqlalchemy/tests/models.py:158: error: Module has no attribute "add_clock"  [attr-defined]
(CloverHealth)temporal-sqlalchemy/temporal_sqlalchemy/tests/models.py:159: error: Name 'temporal_sqlalchemy.Clocked' is not defined  [name-defined]
(CloverHealth)temporal-sqlalchemy/temporal_sqlalchemy/tests/models.py:159: error: Variable "models.EdgeCaseBase" is not valid as a type  [valid-type]
(CloverHealth)temporal-sqlalchemy/temporal_sqlalchemy/tests/models.py:159: error: Invalid base class "EdgeCaseBase"  [misc]
(CloverHealth)temporal-sqlalchemy/temporal_sqlalchemy/tests/models.py:167: error: Variable "models.Base" is not valid as a type  [valid-type]
(CloverHealth)temporal-sqlalchemy/temporal_sqlalchemy/tests/models.py:167: error: Invalid base class "Base"  [misc]
(CloverHealth)temporal-sqlalchemy/temporal_sqlalchemy/tests/models.py:182: error: Module has no attribute "add_clock"  [attr-defined]
(CloverHealth)temporal-sqlalchemy/temporal_sqlalchemy/tests/models.py:186: error: Name 'temporal_sqlalchemy.Clocked' is not defined  [name-defined]
(CloverHealth)temporal-sqlalchemy/temporal_sqlalchemy/tests/models.py:195: error: Module has no attribute "add_clock"  [attr-defined]
(CloverHealth)temporal-sqlalchemy/temporal_sqlalchemy/tests/models.py:198: error: Name 'temporal_sqlalchemy.Clocked' is not defined  [name-defined]
(CloverHealth)temporal-sqlalchemy/temporal_sqlalchemy/tests/models.py:207: error: Variable "models.Base" is not valid as a type  [valid-type]
(CloverHealth)temporal-sqlalchemy/temporal_sqlalchemy/tests/models.py:207: error: Invalid base class "Base"  [misc]
(CloverHealth)temporal-sqlalchemy/temporal_sqlalchemy/tests/models.py:207: error: Name 'temporal_sqlalchemy.TemporalModel' is not defined  [name-defined]
(CloverHealth)temporal-sqlalchemy/temporal_sqlalchemy/tests/models.py:224: error: Variable "models.Base" is not valid as a type  [valid-type]
(CloverHealth)temporal-sqlalchemy/temporal_sqlalchemy/tests/models.py:224: error: Invalid base class "Base"  [misc]
(CloverHealth)temporal-sqlalchemy/temporal_sqlalchemy/tests/models.py:224: error: Name 'temporal_sqlalchemy.TemporalModel' is not defined  [name-defined]
(CloverHealth)temporal-sqlalchemy/temporal_sqlalchemy/tests/models.py:250: error: Name 'temporal_sqlalchemy.Clocked' is not defined  [name-defined]
(CloverHealth)temporal-sqlalchemy/temporal_sqlalchemy/tests/models.py:250: error: Variable "models.Base" is not valid as a type  [valid-type]
(CloverHealth)temporal-sqlalchemy/temporal_sqlalchemy/tests/models.py:250: error: Invalid base class "Base"  [misc]
(CloverHealth)temporal-sqlalchemy/temporal_sqlalchemy/tests/models.py:262: error: Module has no attribute "add_clock"  [attr-defined]
(CloverHealth)temporal-sqlalchemy/temporal_sqlalchemy/tests/models.py:271: error: Module has no attribute "add_clock"  [attr-defined]
(CloverHealth)temporal-sqlalchemy/temporal_sqlalchemy/tests/models.py:281: error: Variable "models.Base" is not valid as a type  [valid-type]
(CloverHealth)temporal-sqlalchemy/temporal_sqlalchemy/tests/models.py:281: error: Invalid base class "Base"  [misc]

[RRepo](gadelat)Bulk-Bing-Image-downloader
(gadelat)Bulk-Bing-Image-downloader/bbid.py:9: error: Need type annotation for 'in_progress' (hint: "in_progress: List[<type>] = ...")  [var-annotated]
(gadelat)Bulk-Bing-Image-downloader/bbid.py:9: error: Need type annotation for 'tried_urls' (hint: "tried_urls: List[<type>] = ...")  [var-annotated]
(gadelat)Bulk-Bing-Image-downloader/bbid.py:10: error: Need type annotation for 'image_md5s' (hint: "image_md5s: Dict[<type>, <type>] = ...")  [var-annotated]
(gadelat)Bulk-Bing-Image-downloader/bbid.py:123: error: Argument 1 to "fetch_images_from_keyword" has incompatible type "BoundedSemaphore"; expected "Semaphore"  [arg-type]
(gadelat)Bulk-Bing-Image-downloader/bbid.py:134: error: Argument 1 to "fetch_images_from_keyword" has incompatible type "BoundedSemaphore"; expected "Semaphore"  [arg-type]
Found 5 errors in 1 file (checked 1 source file)

[RRepo](rocky)python-uncompyle6
(rocky)python-uncompyle6/test/simple_source/bug26/08_distbug.py:11: error: invalid syntax  [syntax]
Found 1 error in 1 file (checked 251 source files)

[RRepo](theY4Kman)infusionsoft-client
(theY4Kman)infusionsoft-client/setup.py:38: error: Need type annotation for 'context' (hint: "context: Dict[<type>, <type>] = ...")  [var-annotated]
(theY4Kman)infusionsoft-client/infusionsoft/vendor/werkzeug/local.py:116: error: "object" has no attribute "_get_current_object"  [attr-defined]
(theY4Kman)infusionsoft-client/infusionsoft/vendor/werkzeug/local.py:117: error: "object" has no attribute "_get_current_object"  [attr-defined]
(theY4Kman)infusionsoft-client/infusionsoft/vendor/werkzeug/local.py:118: error: "object" has no attribute "_get_current_object"  [attr-defined]
(theY4Kman)infusionsoft-client/infusionsoft/vendor/werkzeug/local.py:121: error: "object" has no attribute "_get_current_object"  [attr-defined]
(theY4Kman)infusionsoft-client/infusionsoft/vendor/werkzeug/local.py:122: error: "object" has no attribute "_get_current_object"  [attr-defined]
(theY4Kman)infusionsoft-client/infusionsoft/vendor/werkzeug/local.py:125: error: Name 'cmp' is not defined  [name-defined]
(theY4Kman)infusionsoft-client/infusionsoft/vendor/werkzeug/local.py:126: error: "object" has no attribute "_get_current_object"  [attr-defined]
(theY4Kman)infusionsoft-client/infusionsoft/vendor/werkzeug/local.py:152: error: Name 'long' is not defined  [name-defined]

[RRepo](rhettinger)modernpython
Success: no issues found in 8 source files

[RRepo](dougli1sqrd)yamldown
(dougli1sqrd)yamldown/tests/test_yamldown.py:76: error: Name 'test_yaml_not_started' already defined on line 60  [no-redef]
Found 1 error in 1 file (checked 3 source files)

[RRepo](taigaio)taiga-ncurses
Success: no issues found in 14 source files

[RRepo](ahitrin)SiebenApp

[RRepo](tim-mitchell)pure_interface
(tim-mitchell)pure_interface/tests/test_py3/test_adapt_args3.py:8: error: Name 'mock' already defined (by an import)  [no-redef]
(tim-mitchell)pure_interface/tests/test_py3/test_adapt_args3.py:54: error: Name 'I1' already defined on line 15  [no-redef]
(tim-mitchell)pure_interface/tests/test_py3/test_adapt_args3.py:61: error: Name 'I2' already defined on line 22  [no-redef]
(tim-mitchell)pure_interface/tests/test_py3/test_adapt_args3.py:68: error: Name 'Thing1' already defined on line 29  [no-redef]
(tim-mitchell)pure_interface/tests/test_py3/test_adapt_args3.py:76: error: Name 'Thing2' already defined on line 37  [no-redef]
(tim-mitchell)pure_interface/tests/test_py3/test_adapt_args3.py:84: error: Name 'some_func' already defined on line 45  [no-redef]
(tim-mitchell)pure_interface/tests/test_py3/test_adapt_args3.py:89: error: Name 'other_func' already defined on line 49  [no-redef]
(tim-mitchell)pure_interface/tests/test_py3/test_dataclass_support.py:8: error: Name 'PureInterface' is not defined  [name-defined]
(tim-mitchell)pure_interface/tests/test_py3/test_dataclass_support.py:17: error: Name 'dataclass' is not defined  [name-defined]
(tim-mitchell)pure_interface/tests/test_py3/test_dataclass_support.py:18: error: Name 'Concrete' is not defined  [name-defined]
(tim-mitchell)pure_interface/tests/test_weakref.py:28: error: Name 'foo' already defined on line 23  [no-redef]
(tim-mitchell)pure_interface/tests/test_inheritance.py:74: error: Definition of "get_height" in base class "BadGrowingMixin" is incompatible with definition in base class "IGrowingThing"  [misc]
(tim-mitchell)pure_interface/tests/test_isinstance.py:11: error: Name 'mock' already defined (by an import)  [no-redef]
(tim-mitchell)pure_interface/tests/test_adapt_args2.py:8: error: Name 'mock' already defined (by an import)  [no-redef]
(tim-mitchell)pure_interface/tests/test_adaption.py:10: error: Name 'mock' already defined (by an import)  [no-redef]
(tim-mitchell)pure_interface/tests/test_no_content_checks.py:43: error: Not all arguments converted during string formatting  [str-format]
(tim-mitchell)pure_interface/tests/test_module_funcs.py:10: error: Name 'PureInterface' is not defined  [name-defined]
(tim-mitchell)pure_interface/tests/test_module_funcs.py:30: error: Name 'Concrete' is not defined  [name-defined]
(tim-mitchell)pure_interface/tests/test_module_funcs.py:35: error: Name 'Concrete' is not defined  [name-defined]
(tim-mitchell)pure_interface/tests/test_tracker.py:9: error: Name 'PureInterface' is not defined  [name-defined]
(tim-mitchell)pure_interface/tests/test_tracker.py:14: error: Name 'PureInterface' is not defined  [name-defined]
(tim-mitchell)pure_interface/tests/test_tracker.py:26: error: Name 'Concrete' is not defined  [name-defined]
(tim-mitchell)pure_interface/tests/test_tracker.py:31: error: Name 'adapts' is not defined  [name-defined]
(tim-mitchell)pure_interface/tests/test_tracker.py:36: error: Name 'adapts' is not defined  [name-defined]
(tim-mitchell)pure_interface/tests/test_tracker.py:37: error: Name 'Concrete' is not defined  [name-defined]
(tim-mitchell)pure_interface/tests/test_implementation_checks.py:12: error: Name 'mock' already defined (by an import)  [no-redef]
(tim-mitchell)pure_interface/tests/test_implementation_checks.py:15: error: Name 'PureInterface' is not defined  [name-defined]
(tim-mitchell)pure_interface/tests/test_implementation_checks.py:16: error: Name 'abstractproperty' is not defined  [name-defined]
(tim-mitchell)pure_interface/tests/test_implementation_checks.py:21: error: Name 'PureInterface' is not defined  [name-defined]
(tim-mitchell)pure_interface/tests/test_implementation_checks.py:23: error: Decorated property not supported  [misc]
(tim-mitchell)pure_interface/tests/test_implementation_checks.py:24: error: Name 'abstractmethod' is not defined  [name-defined]
(tim-mitchell)pure_interface/tests/test_implementation_checks.py:28: error: Decorated property not supported  [misc]
(tim-mitchell)pure_interface/tests/test_implementation_checks.py:34: error: Name 'PureInterface' is not defined  [name-defined]
(tim-mitchell)pure_interface/tests/test_implementation_checks.py:44: error: Name 'PureInterface' is not defined  [name-defined]
(tim-mitchell)pure_interface/tests/test_implementation_checks.py:50: error: Name 'PureInterface' is not defined  [name-defined]
(tim-mitchell)pure_interface/tests/test_implementation_checks.py:60: error: Name 'PureInterface' is not defined  [name-defined]
(tim-mitchell)pure_interface/tests/test_implementation_checks.py:61: error: Name 'abstractclassmethod' is not defined  [name-defined]
(tim-mitchell)pure_interface/tests/test_implementation_checks.py:69: error: Name 'abstractstaticmethod' is not defined  [name-defined]
(tim-mitchell)pure_interface/tests/test_implementation_checks.py:70: error: Method must have at least one argument  [misc]
(tim-mitchell)pure_interface/tests/test_implementation_checks.py:78: error: Name 'PureInterface' is not defined  [name-defined]
(tim-mitchell)pure_interface/tests/test_implementation_checks.py:83: error: Name 'PureInterface' is not defined  [name-defined]
(tim-mitchell)pure_interface/tests/test_implementation_checks.py:434: error: Name 'PureInterface' is not defined  [name-defined]
(tim-mitchell)pure_interface/tests/test_implementation_checks.py:438: error: Cannot determine consistent method resolution order (MRO) for "RaisingProperty"  [misc]
Found 43 errors in 11 files (checked 17 source files)

[RRepo](google)kasane
(google)kasane/kasane/cmd.py:45: error: Unsupported target for indexed assignment  [index]
(google)kasane/kasane/cmd.py:47: error: Module has no attribute "Jsonnet"  [attr-defined]
(google)kasane/kasane/cmd.py:48: error: Module has no attribute "RuntimeConfig"  [attr-defined]
(google)kasane/kasane/cmd.py:64: error: Module has no attribute "common"  [attr-defined]
(google)kasane/kasane/cmd.py:68: error: Module has no attribute "show"  [attr-defined]
(google)kasane/kasane/cmd.py:78: error: Module has no attribute "apply"  [attr-defined]
(google)kasane/kasane/cmd.py:79: error: Module has no attribute "jsonnet"  [attr-defined]
(google)kasane/kasane/cmd.py:92: error: Module has no attribute "update"  [attr-defined]

[RRepo](ArchiveTeam)ArchiveBot
(ArchiveTeam)ArchiveBot/pipeline/archivebot/wpull/ignoracle.py:57: error: Need type annotation for 'patterns' (hint: "patterns: List[<type>] = ...")  [var-annotated]

[RRepo](Python-Tools)aioorm
(Python-Tools)aioorm/aioorm/utils/factory_utils.py:1: error: Relative import climbs too many namespaces  [misc]
(Python-Tools)aioorm/aioorm/utils/factory_utils.py:2: error: Relative import climbs too many namespaces  [misc]
(Python-Tools)aioorm/aioorm/utils/factory_utils.py:3: error: Relative import climbs too many namespaces  [misc]
(Python-Tools)aioorm/aioorm/utils/factory_utils.py:17: error: "None" not callable  [misc]
(Python-Tools)aioorm/aioorm/context.py:7: error: Name 'wraps' is not defined  [name-defined]
(Python-Tools)aioorm/aioorm/uri_parser.py:38: error: Name 'InvalidURI' is not defined  [name-defined]
(Python-Tools)aioorm/aioorm/uri_parser.py:40: error: Name 'InvalidURI' is not defined  [name-defined]
(Python-Tools)aioorm/aioorm/uri_parser.py:45: error: Item "None" of "Optional[Default]" has no attribute "user"  [union-attr]
(Python-Tools)aioorm/aioorm/uri_parser.py:46: error: Item "None" of "Optional[Default]" has no attribute "password"  [union-attr]
(Python-Tools)aioorm/aioorm/uri_parser.py:47: error: Item "None" of "Optional[Default]" has no attribute "host"  [union-attr]
(Python-Tools)aioorm/aioorm/uri_parser.py:51: error: Item "None" of "Optional[Default]" has no attribute "port"  [union-attr]
(Python-Tools)aioorm/aioorm/uri_parser.py:58: error: Name 'InvalidURI' is not defined  [name-defined]
(Python-Tools)aioorm/aioorm/uri_parser.py:79: error: Argument 1 to "int" has incompatible type "Optional[str]"; expected "Union[str, bytes, SupportsInt, _SupportsIndex]"  [arg-type]
(Python-Tools)aioorm/aioorm/uri_parser.py:84: error: Incompatible return value type (got "Dict[str, Union[int, str, None]]", expected "Dict[str, str]")  [return-value]
(Python-Tools)aioorm/document/conf.py:48: error: Need type annotation for 'latex_elements' (hint: "latex_elements: Dict[<type>, <type>] = ...")  [var-annotated]
(Python-Tools)aioorm/aioorm/fields/many_to_many_fields.py:6: error: Relative import climbs too many namespaces  [misc]
(Python-Tools)aioorm/aioorm/fields/many_to_many_fields.py:7: error: Relative import climbs too many namespaces  [misc]
(Python-Tools)aioorm/aioorm/utils/csv_utils/csv_loader.py:98: error: Name 'IntegerField' is not defined  [name-defined]
(Python-Tools)aioorm/aioorm/utils/csv_utils/csv_loader.py:102: error: Name 'FloatField' is not defined  [name-defined]
(Python-Tools)aioorm/aioorm/utils/csv_utils/csv_loader.py:111: error: Name 'DateTimeField' is not defined  [name-defined]
(Python-Tools)aioorm/aioorm/utils/csv_utils/csv_loader.py:115: error: Name 'DateField' is not defined  [name-defined]
(Python-Tools)aioorm/aioorm/utils/csv_utils/csv_loader.py:119: error: Name 'BareField' is not defined  [name-defined]
Found 22 errors in 6 files (checked 20 source files)

[RRepo](WheatonCS)Lexos
(WheatonCS)Lexos/lexos/receivers/tokenizer_receiver.py:46: error: Incompatible types in assignment (expression has type "None", variable has type "int")  [assignment]
(WheatonCS)Lexos/lexos/receivers/tokenizer_receiver.py:48: error: Incompatible types in assignment (expression has type "None", variable has type "int")  [assignment]
(WheatonCS)Lexos/lexos/receivers/tokenizer_receiver.py:49: error: Incompatible types in assignment (expression has type "None", variable has type "bool")  [assignment]
(WheatonCS)Lexos/lexos/receivers/tokenizer_receiver.py:50: error: Incompatible types in assignment (expression has type "None", variable has type "int")  [assignment]
(WheatonCS)Lexos/lexos/receivers/tokenizer_receiver.py:51: error: Incompatible types in assignment (expression has type "None", variable has type "bool")  [assignment]
(WheatonCS)Lexos/lexos/receivers/content_analysis_receiver.py:10: error: Bracketed expression "[...]" is not valid as a type  [misc]
(WheatonCS)Lexos/lexos/receivers/content_analysis_receiver.py:10: note: Did you mean "List[...]"?
(WheatonCS)Lexos/lexos/models/statistics_model.py:64: error: Incompatible types in assignment (expression has type "None", variable has type "str")  [assignment]
(WheatonCS)Lexos/lexos/models/statistics_model.py:185: error: Incompatible types in assignment (expression has type "float", variable has type "int")  [assignment]
(WheatonCS)Lexos/lexos/models/statistics_model.py:186: error: Incompatible types in assignment (expression has type "float", variable has type "int")  [assignment]
(WheatonCS)Lexos/lexos/models/tokenizer_model.py:43: error: Incompatible types in assignment (expression has type "None", variable has type "str")  [assignment]
(WheatonCS)Lexos/lexos/models/matrix_model.py:38: error: Incompatible types in assignment (expression has type "None", variable has type "Dict[int, str]")  [assignment]
(WheatonCS)Lexos/test/unit_test/test_kmeans_model.py:182: error: Need type annotation for 'id_temp_label_map_empty' (hint: "id_temp_label_map_empty: Dict[<type>, <type>] = ...")  [var-annotated]
(WheatonCS)Lexos/test/unit_test/test_stats_model.py:144: error: Need type annotation for 'test_id_temp_table_empty' (hint: "test_id_temp_table_empty: Dict[<type>, <type>] = ...")  [var-annotated]
(WheatonCS)Lexos/lexos/receivers/rolling_window_receiver.py:202: error: Argument "milestone" to "RWAFrontEndOptions" has incompatible type "Optional[List[str]]"; expected "Optional[str]"  [arg-type]
(WheatonCS)Lexos/lexos/receivers/rolling_window_receiver.py:212: error: Argument "milestone" to "RWAFrontEndOptions" has incompatible type "Optional[List[str]]"; expected "Optional[str]"  [arg-type]
(WheatonCS)Lexos/lexos/helpers/general_functions.py:58: error: "Sequence[str]" has no attribute "append"  [attr-defined]
(WheatonCS)Lexos/lexos/helpers/general_functions.py:98: error: Need type annotation for 'merged_list' (hint: "merged_list: Dict[<type>, <type>] = ...")  [var-annotated]
(WheatonCS)Lexos/lexos/helpers/general_functions.py:120: error: Need type annotation for 'word_list' (hint: "word_list: Dict[<type>, <type>] = ...")  [var-annotated]
(WheatonCS)Lexos/lexos/helpers/general_functions.py:164: error: Argument 1 to "append" of "list" has incompatible type "List[int]"; expected "List[str]"  [arg-type]
(WheatonCS)Lexos/lexos/processors/prepare/cutter.py:108: error: Incompatible types in assignment (expression has type "List[str]", variable has type "List[List[Any]]")  [assignment]
(WheatonCS)Lexos/lexos/processors/prepare/cutter.py:110: error: Incompatible return value type (got "List[List[Any]]", expected "List[str]")  [return-value]
(WheatonCS)Lexos/lexos/processors/prepare/cutter.py:142: error: Incompatible types in assignment (expression has type "List[str]", variable has type "List[List[Any]]")  [assignment]
(WheatonCS)Lexos/lexos/processors/prepare/cutter.py:144: error: Incompatible return value type (got "List[List[Any]]", expected "List[str]")  [return-value]
(WheatonCS)Lexos/lexos/processors/prepare/cutter.py:176: error: Incompatible types in assignment (expression has type "List[str]", variable has type "List[List[Any]]")  [assignment]
(WheatonCS)Lexos/lexos/processors/prepare/cutter.py:178: error: Incompatible return value type (got "List[List[Any]]", expected "List[str]")  [return-value]
(WheatonCS)Lexos/lexos/processors/prepare/cutter.py:276: error: Incompatible types in assignment (expression has type "int", variable has type "str")  [assignment]
(WheatonCS)Lexos/lexos/processors/prepare/cutter.py:277: error: Incompatible types in assignment (expression has type "float", variable has type "str")  [assignment]
(WheatonCS)Lexos/lexos/processors/prepare/cutter.py:281: error: Incompatible types in assignment (expression has type "int", variable has type "str")  [assignment]
(WheatonCS)Lexos/lexos/processors/prepare/cutter.py:284: error: Argument "seg_size" to "cut_by_characters" has incompatible type "str"; expected "int"  [arg-type]
(WheatonCS)Lexos/lexos/processors/prepare/cutter.py:285: error: Argument "overlap" to "cut_by_characters" has incompatible type "str"; expected "int"  [arg-type]
(WheatonCS)Lexos/lexos/processors/prepare/cutter.py:286: error: Argument "last_prop" to "cut_by_characters" has incompatible type "str"; expected "float"  [arg-type]
(WheatonCS)Lexos/lexos/processors/prepare/cutter.py:288: error: Argument "seg_size" to "cut_by_words" has incompatible type "str"; expected "int"  [arg-type]
(WheatonCS)Lexos/lexos/processors/prepare/cutter.py:289: error: Argument "overlap" to "cut_by_words" has incompatible type "str"; expected "int"  [arg-type]
(WheatonCS)Lexos/lexos/processors/prepare/cutter.py:290: error: Argument "last_prop" to "cut_by_words" has incompatible type "str"; expected "float"  [arg-type]
(WheatonCS)Lexos/lexos/processors/prepare/cutter.py:292: error: Argument "seg_size" to "cut_by_lines" has incompatible type "str"; expected "int"  [arg-type]
(WheatonCS)Lexos/lexos/processors/prepare/cutter.py:293: error: Argument "overlap" to "cut_by_lines" has incompatible type "str"; expected "int"  [arg-type]
(WheatonCS)Lexos/lexos/processors/prepare/cutter.py:294: error: Argument "last_prop" to "cut_by_lines" has incompatible type "str"; expected "float"  [arg-type]
(WheatonCS)Lexos/lexos/processors/prepare/cutter.py:298: error: Argument "num_segment" to "cut_by_number" has incompatible type "str"; expected "int"  [arg-type]
(WheatonCS)Lexos/lexos/receivers/matrix_receiver.py:112: error: Incompatible types in assignment (expression has type "None", variable has type "int")  [assignment]
(WheatonCS)Lexos/lexos/receivers/matrix_receiver.py:117: error: Incompatible types in assignment (expression has type "None", variable has type "int")  [assignment]
(WheatonCS)Lexos/lexos/managers/utility.py:39: error: Need type annotation for 'master_word_counts' (hint: "master_word_counts: Dict[<type>, <type>] = ...")  [var-annotated]
(WheatonCS)Lexos/lexos/managers/utility.py:118: error: Incompatible types in assignment (expression has type "Optional[Match[str]]", variable has type "str")  [assignment]
(WheatonCS)Lexos/lexos/managers/utility.py:119: error: "str" has no attribute "group"  [attr-defined]
(WheatonCS)Lexos/lexos/managers/utility.py:129: error: "str" has no attribute "decode"; maybe "encode"?  [attr-defined]
(WheatonCS)Lexos/lexos/managers/utility.py:162: error: Need type annotation for 'topic_count'  [var-annotated]
(WheatonCS)Lexos/lexos/managers/utility.py:167: error: Need type annotation for 'words' (hint: "words: List[<type>] = ...")  [var-annotated]
(WheatonCS)Lexos/lexos/managers/utility.py:168: error: Need type annotation for 'topic_counts' (hint: "topic_counts: Dict[<type>, <type>] = ...")  [var-annotated]
(WheatonCS)Lexos/lexos/managers/utility.py:266: error: "append" of "list" does not return a value  [func-returns-value]
(WheatonCS)Lexos/lexos/views/base.py:19: error: Incompatible return value type (got "Response", expected "str")  [return-value]
(WheatonCS)Lexos/lexos/views/base.py:87: error: Incompatible return value type (got "Response", expected "str")  [return-value]
(WheatonCS)Lexos/lexos/processors/visualize/multicloud_topic.py:19: error: Need type annotation for 'topics' (hint: "topics: List[<type>] = ...")  [var-annotated]
(WheatonCS)Lexos/lexos/processors/visualize/multicloud_topic.py:83: error: Need type annotation for 'topics_full' (hint: "topics_full: List[<type>] = ...")  [var-annotated]
(WheatonCS)Lexos/lexos/processors/visualize/multicloud_topic.py:99: error: Incompatible types in assignment (expression has type "int", variable has type "str")  [assignment]
(WheatonCS)Lexos/lexos/processors/visualize/multicloud_topic.py:101: error: No overload variant of "range" matches argument type "str"  [call-overload]
(WheatonCS)Lexos/lexos/processors/visualize/multicloud_topic.py:101: note: Possible overload variant:
(WheatonCS)Lexos/lexos/processors/visualize/multicloud_topic.py:101: note:     def range(self, stop: int) -> range
(WheatonCS)Lexos/lexos/processors/visualize/multicloud_topic.py:101: note:     <1 more non-matching overload not shown>
(WheatonCS)Lexos/lexos/application.py:41: error: Argument 1 to "join" has incompatible type "Optional[str]"; expected "Union[str, _PathLike[str]]"  [arg-type]
Found 55 errors in 15 files (checked 55 source files)

[RRepo](MeeseeksBox)MeeseeksDev
(MeeseeksBox)MeeseeksDev/meeseeksdev/tests/test_misc.py:1: error: Relative import climbs too many namespaces  [misc]
(MeeseeksBox)MeeseeksDev/meeseeksdev/commands.py:77: error: Not all arguments converted during string formatting  [str-format]
(MeeseeksBox)MeeseeksDev/meeseeksdev/__init__.py:20: error: Need type annotation for 'usr_blacklist' (hint: "usr_blacklist: List[<type>] = ...")  [var-annotated]
Found 3 errors in 3 files (checked 5 source files)

[RRepo](urnote)urnote
(urnote)urnote/note/utils/pattern/singleton.py:5: error: Need type annotation for '_instances' (hint: "_instances: Dict[<type>, <type>] = ...")  [var-annotated]
(urnote)urnote/note/infrastructure/logging.py:49: error: Name 'logging.LogRecord' is not defined  [name-defined]
(urnote)urnote/note/module/reviewer.py:29: error: Syntax error in type annotation  [syntax]
(urnote)urnote/note/module/reviewer.py:29: note: Suggestion: Use Tuple[T1, ..., Tn] instead of (T1, ..., Tn)
(urnote)urnote/note/infrastructure/db.py:22: error: Variable "db._Base" is not valid as a type  [valid-type]
(urnote)urnote/note/infrastructure/db.py:22: error: Invalid base class "_Base"  [misc]
(urnote)urnote/note/infrastructure/db.py:58: error: Syntax error in type annotation  [syntax]
(urnote)urnote/note/infrastructure/db.py:58: note: Suggestion: Use Tuple[T1, ..., Tn] instead of (T1, ..., Tn)
(urnote)urnote/note/utils/os/fs.py:234: error: Incompatible types in assignment (expression has type "Iterator[str]", variable has type "List[str]")  [assignment]
(urnote)urnote/note/utils/os/fs.py:235: error: Incompatible types in assignment (expression has type "Iterator[str]", variable has type "List[str]")  [assignment]
(urnote)urnote/note/utils/os/fs.py:236: error: Incompatible types in assignment (expression has type "Iterator[str]", variable has type "List[str]")  [assignment]
Found 9 errors in 5 files (checked 40 source files)

[RRepo](nbro)ands
(nbro)ands/ands/algorithms/dp/change_making.py:123: error: Need type annotation for 'm'  [var-annotated]
(nbro)ands/ands/algorithms/ode/forward_euler.py:108: error: Function "builtins.callable" is not valid as a type  [valid-type]
(nbro)ands/ands/algorithms/ode/forward_euler.py:108: note: Perhaps you need "Callable[...]" or a callback protocol?
(nbro)ands/ands/algorithms/ode/forward_euler.py:133: error: callable? not callable  [misc]
(nbro)ands/ands/algorithms/ode/forward_euler.py:142: error: Function "builtins.callable" is not valid as a type  [valid-type]
(nbro)ands/ands/algorithms/ode/forward_euler.py:142: note: Perhaps you need "Callable[...]" or a callback protocol?
(nbro)ands/ands/algorithms/ode/forward_euler.py:163: error: callable? not callable  [misc]
(nbro)ands/ands/algorithms/matching/gale_shapley.py:244: error: No overload variant of "__setitem__" of "list" matches argument types "Any", "int"  [call-overload]
(nbro)ands/ands/algorithms/matching/gale_shapley.py:244: note: Possible overload variants:
(nbro)ands/ands/algorithms/matching/gale_shapley.py:244: note:     def __setitem__(self, int, None) -> None
(nbro)ands/ands/algorithms/matching/gale_shapley.py:244: note:     def __setitem__(self, slice, Iterable[None]) -> None
(nbro)ands/ands/algorithms/matching/gale_shapley.py:271: error: Missing return statement  [return]
(nbro)ands/ands/algorithms/matching/gale_shapley.py:280: error: No overload variant of "__setitem__" of "list" matches argument types "int", "int"  [call-overload]
(nbro)ands/ands/algorithms/matching/gale_shapley.py:280: note: Possible overload variants:
(nbro)ands/ands/algorithms/matching/gale_shapley.py:280: note:     def __setitem__(self, int, None) -> None
(nbro)ands/ands/algorithms/matching/gale_shapley.py:280: note:     def __setitem__(self, slice, Iterable[None]) -> None
(nbro)ands/ands/algorithms/matching/gale_shapley.py:283: error: No overload variant of "__setitem__" of "list" matches argument types "int", "int"  [call-overload]
(nbro)ands/ands/algorithms/matching/gale_shapley.py:283: note: Possible overload variants:
(nbro)ands/ands/algorithms/matching/gale_shapley.py:283: note:     def __setitem__(self, int, None) -> None
(nbro)ands/ands/algorithms/matching/gale_shapley.py:283: note:     def __setitem__(self, slice, Iterable[None]) -> None
(nbro)ands/ands/algorithms/dac/find_extrema.py:31: error: Return value expected  [return-value]
(nbro)ands/ands/algorithms/dac/find_extrema.py:46: error: Unsupported left operand type for > ("object")  [operator]
(nbro)ands/ands/algorithms/dac/find_extrema.py:48: error: Unsupported left operand type for < ("object")  [operator]
(nbro)ands/ands/algorithms/dac/find_extrema.py:56: error: Return value expected  [return-value]
(nbro)ands/ands/algorithms/dac/find_extrema.py:73: error: Unsupported left operand type for > ("object")  [operator]
(nbro)ands/ands/algorithms/dac/find_extrema.py:75: error: Unsupported left operand type for < ("object")  [operator]
(nbro)ands/ands/algorithms/dac/find_peak.py:51: error: Missing return statement  [return]
(nbro)ands/ands/algorithms/numerical/newton.py:76: error: Function "builtins.callable" is not valid as a type  [valid-type]
(nbro)ands/ands/algorithms/numerical/newton.py:76: note: Perhaps you need "Callable[...]" or a callback protocol?
(nbro)ands/ands/algorithms/numerical/newton.py:77: error: Function "builtins.callable" is not valid as a type  [valid-type]
(nbro)ands/ands/algorithms/numerical/newton.py:77: note: Perhaps you need "Callable[...]" or a callback protocol?
(nbro)ands/ands/algorithms/numerical/newton.py:94: error: callable? not callable  [misc]
(nbro)ands/ands/algorithms/numerical/newton.py:98: error: callable? not callable  [misc]
(nbro)ands/ands/algorithms/numerical/gradient_descent.py:28: error: Function "builtins.callable" is not valid as a type  [valid-type]
(nbro)ands/ands/algorithms/numerical/gradient_descent.py:28: note: Perhaps you need "Callable[...]" or a callback protocol?
(nbro)ands/ands/algorithms/numerical/gradient_descent.py:40: error: callable? not callable  [misc]
(nbro)ands/ands/algorithms/dp/fibonacci.py:58: error: Need type annotation for 'memo' (hint: "memo: Dict[<type>, <type>] = ...")  [var-annotated]

